#
# A fatal error has been detected by the Java Runtime Environment:
#
#  EXCEPTION_ACCESS_VIOLATION (0xc0000005) at pc=0x000000006e1482b8, pid=2912, tid=1884
#
# JRE version: Java(TM) SE Runtime Environment (8.0_51-b16) (build 1.8.0_51-b16)
# Java VM: Java HotSpot(TM) 64-Bit Server VM (25.51-b03 mixed mode windows-amd64 compressed oops)
# Problematic frame:
# C  [sqlite-3.7.151-amd64-sqlitejdbc.dll+0x82b8]
#
# Failed to write core dump. Minidumps are not enabled by default on client versions of Windows
#
# If you would like to submit a bug report, please visit:
#   http://bugreport.java.com/bugreport/crash.jsp
# The crash happened outside the Java Virtual Machine in native code.
# See problematic frame for where to report the bug.
#

---------------  T H R E A D  ---------------

Current thread (0x000000001886e800):  JavaThread "AWT-EventQueue-0" [_thread_in_native, id=1884, stack(0x000000001a790000,0x000000001a990000)]

siginfo: ExceptionCode=0xc0000005, reading address 0x0000000000000000

Registers:
RAX=0x000000006e142480, RBX=0x0000000000000000, RCX=0x0000000000000000, RDX=0x0000000000000000
RSP=0x000000001a98c730, RBP=0x000000001a98c840, RSI=0x0000000000000158, RDI=0x0000000000000487
R8 =0x000000006e16fd30, R9 =0x0000000000000000, R10=0x00000000032fb7e2, R11=0x0000000062fc7bb0
R12=0x0000000000000000, R13=0x0000000024d87858, R14=0x000000001a98c878, R15=0x000000001886e800
RIP=0x000000006e1482b8, EFLAGS=0x0000000000010246

Top of Stack: (sp=0x000000001a98c730)
0x000000001a98c730:   000000001a98db28 0000000062e56c52
0x000000001a98c740:   0000000024d87858 000000001886e800
0x000000001a98c750:   000000001a98c7f0 00000000032fb393
0x000000001a98c760:   000000001886e9f8 0000000000000158
0x000000001a98c770:   0000000000000487 000000006e142493
0x000000001a98c780:   000000001a98c7f0 00000000032fb393
0x000000001a98c790:   00000000032e5410 0000000000000000
0x000000001a98c7a0:   0000000024d87858 00000000032fb80e
0x000000001a98c7b0:   000000001a98c840 00000000032fb3cb
0x000000001a98c7c0:   000000001886e800 0000000024d87858
0x000000001a98c7d0:   0000000000000487 000000001a98c808
0x000000001a98c7e0:   0000000000000487 00000000032fb393
0x000000001a98c7f0:   000000001a98c8d8 00000000eee42040
0x000000001a98c800:   000000001a98c7f0 0000000024d87858
0x000000001a98c810:   000000001a98c878 0000000024d8a3c8
0x000000001a98c820:   0000000000000000 0000000024d87858 

Instructions: (pc=0x000000006e1482b8)
0x000000006e148298:   c4 08 c3 0f 1f 44 00 00 48 83 ec 48 85 d2 48 89
0x000000006e1482a8:   5c 24 30 48 89 74 24 38 48 89 cb 48 89 7c 24 40
0x000000006e1482b8:   48 8b 31 0f b7 41 48 78 7f 39 c2 7d 7b 44 89 cf
0x000000006e1482c8:   48 8b 4e 18 0f af f8 01 d7 48 85 c9 74 10 4c 89 


Register to memory mapping:

RAX=0x000000006e142480 is an unknown value
RBX=0x0000000000000000 is an unknown value
RCX=0x0000000000000000 is an unknown value
RDX=0x0000000000000000 is an unknown value
RSP=0x000000001a98c730 is pointing into the stack for thread: 0x000000001886e800
RBP=0x000000001a98c840 is pointing into the stack for thread: 0x000000001886e800
RSI=0x0000000000000158 is an unknown value
RDI=0x0000000000000487 is an unknown value
R8 =0x000000006e16fd30 is an unknown value
R9 =0x0000000000000000 is an unknown value
R10=0x00000000032fb7e2 is at code_begin+2178 in an Interpreter codelet
method entry point (kind = native_synchronized)  [0x00000000032faf60, 0x00000000032fc1a0]  4672 bytes
R11=0x0000000062fc7bb0 is an unknown value
R12=0x0000000000000000 is an unknown value
R13={method} {0x0000000024d87860} 'column_name' '(JI)Ljava/lang/String;' in 'org/sqlite/NativeDB'
R14=0x000000001a98c878 is pointing into the stack for thread: 0x000000001886e800
R15=0x000000001886e800 is a thread


Stack: [0x000000001a790000,0x000000001a990000],  sp=0x000000001a98c730,  free space=2033k
Native frames: (J=compiled Java code, j=interpreted, Vv=VM code, C=native code)
C  [sqlite-3.7.151-amd64-sqlitejdbc.dll+0x82b8]

Java frames: (J=compiled Java code, j=interpreted, Vv=VM code)
j  org.sqlite.NativeDB.column_name(JI)Ljava/lang/String;+0
j  org.sqlite.RS.getColumnName(I)Ljava/lang/String;+16
j  SqlGrab.FillTable.setRS(Ljava/sql/ResultSet;)V+65
j  SqlGrab.FillTable.<init>(Ljava/sql/ResultSet;)V+28
j  SqlGrab.FullSQLParse.GetSqlDataInTable(Ljava/lang/String;)LSqlGrab/FillTable;+10
j  SqlGrab.GrabPanel.CreateDBTab(Ljava/lang/String;)V+40
j  SqlGrab.GrabPanel.FullParse(Ljava/lang/String;)V+32
j  SqlGrab.GrabPanel.setNode(Lorg/openide/nodes/Node;)V+82
j  org.sleuthkit.autopsy.corecomponents.DataContentPanel$UpdateWrapper.setNode(Lorg/openide/nodes/Node;)V+5
j  org.sleuthkit.autopsy.corecomponents.DataContentPanel.stateChanged(Ljavax/swing/event/ChangeEvent;)V+55
j  javax.swing.JTabbedPane.fireStateChanged()V+185
j  javax.swing.JTabbedPane$ModelListener.stateChanged(Ljavax/swing/event/ChangeEvent;)V+4
j  javax.swing.DefaultSingleSelectionModel.fireStateChanged()V+56
j  javax.swing.DefaultSingleSelectionModel.setSelectedIndex(I)V+14
j  javax.swing.JTabbedPane.setSelectedIndexImpl(IZ)V+97
j  javax.swing.JTabbedPane.setSelectedIndex(I)V+13
j  javax.swing.plaf.basic.BasicTabbedPaneUI$Handler.mousePressed(Ljava/awt/event/MouseEvent;)V+77
j  java.awt.AWTEventMulticaster.mousePressed(Ljava/awt/event/MouseEvent;)V+8
j  java.awt.Component.processMouseEvent(Ljava/awt/event/MouseEvent;)V+54
j  javax.swing.JComponent.processMouseEvent(Ljava/awt/event/MouseEvent;)V+23
J 5685 C1 java.awt.Component.processEvent(Ljava/awt/AWTEvent;)V (220 bytes) @ 0x00000000042e5dfc [0x00000000042e58c0+0x53c]
J 5334 C1 java.awt.Container.processEvent(Ljava/awt/AWTEvent;)V (22 bytes) @ 0x0000000003d8e22c [0x0000000003d8dee0+0x34c]
J 4286 C1 java.awt.Component.dispatchEventImpl(Ljava/awt/AWTEvent;)V (883 bytes) @ 0x0000000003f446bc [0x0000000003f3f160+0x555c]
J 4083 C1 java.awt.Container.dispatchEventImpl(Ljava/awt/AWTEvent;)V (129 bytes) @ 0x0000000003e9aba4 [0x0000000003e9aa60+0x144]
J 5064 C1 java.awt.LightweightDispatcher.retargetMouseEvent(Ljava/awt/Component;ILjava/awt/event/MouseEvent;)V (350 bytes) @ 0x0000000004143b1c [0x00000000041415c0+0x255c]
J 5653 C1 java.awt.LightweightDispatcher.processMouseEvent(Ljava/awt/event/MouseEvent;)Z (301 bytes) @ 0x00000000042d4ff4 [0x00000000042d3c60+0x1394]
J 5048 C1 java.awt.LightweightDispatcher.dispatchEvent(Ljava/awt/AWTEvent;)Z (73 bytes) @ 0x0000000003be6eb4 [0x0000000003be6a80+0x434]
J 4083 C1 java.awt.Container.dispatchEventImpl(Ljava/awt/AWTEvent;)V (129 bytes) @ 0x0000000003e9ab44 [0x0000000003e9aa60+0xe4]
J 4981 C1 java.awt.Window.dispatchEventImpl(Ljava/awt/AWTEvent;)V (23 bytes) @ 0x0000000003f69cec [0x0000000003f69700+0x5ec]
J 4081 C1 java.awt.EventQueue.dispatchEventImpl(Ljava/awt/AWTEvent;Ljava/lang/Object;)V (149 bytes) @ 0x0000000003e98ef4 [0x0000000003e97680+0x1874]
J 4082 C1 java.awt.EventQueue$3.run()Ljava/lang/Void; (60 bytes) @ 0x0000000003e9a35c [0x0000000003e9a140+0x21c]
J 3797 C1 java.awt.EventQueue$3.run()Ljava/lang/Object; (5 bytes) @ 0x0000000003dbb36c [0x0000000003dbb300+0x6c]
v  ~StubRoutines::call_stub
J 1414  java.security.AccessController.doPrivileged(Ljava/security/PrivilegedAction;Ljava/security/AccessControlContext;)Ljava/lang/Object; (0 bytes) @ 0x000000000384b6e6 [0x000000000384b680+0x66]
J 3375 C1 java.security.ProtectionDomain$1.doIntersectionPrivilege(Ljava/security/PrivilegedAction;Ljava/security/AccessControlContext;Ljava/security/AccessControlContext;)Ljava/lang/Object; (32 bytes) @ 0x000000000358010c [0x000000000357fe00+0x30c]
J 5521 C1 java.awt.EventQueue$4.run()Ljava/lang/Object; (5 bytes) @ 0x00000000042747a4 [0x00000000042743a0+0x404]
v  ~StubRoutines::call_stub
J 1414  java.security.AccessController.doPrivileged(Ljava/security/PrivilegedAction;Ljava/security/AccessControlContext;)Ljava/lang/Object; (0 bytes) @ 0x000000000384b6e6 [0x000000000384b680+0x66]
J 3795 C1 java.awt.EventQueue.dispatchEvent(Ljava/awt/AWTEvent;)V (80 bytes) @ 0x0000000003db9edc [0x0000000003db9b00+0x3dc]
J 4063 C1 org.netbeans.core.TimableEventQueue.dispatchEvent(Ljava/awt/AWTEvent;)V (43 bytes) @ 0x0000000003e74384 [0x0000000003e74280+0x104]
J 3841 C1 java.awt.EventDispatchThread.pumpOneEventForFilters(I)V (295 bytes) @ 0x0000000003dcc1d4 [0x0000000003dcb840+0x994]
j  java.awt.EventDispatchThread.pumpEventsForFilter(ILjava/awt/Conditional;Ljava/awt/EventFilter;)V+35
j  java.awt.EventDispatchThread.pumpEventsForHierarchy(ILjava/awt/Conditional;Ljava/awt/Component;)V+11
j  java.awt.EventDispatchThread.pumpEvents(ILjava/awt/Conditional;)V+4
j  java.awt.EventDispatchThread.pumpEvents(Ljava/awt/Conditional;)V+3
j  java.awt.EventDispatchThread.run()V+9
v  ~StubRoutines::call_stub

---------------  P R O C E S S  ---------------

Java Threads: ( => current thread )
  0x000000001b80d000 JavaThread "SwingWorker-pool-7-thread-1" daemon [_thread_blocked, id=3076, stack(0x0000000023fa0000,0x00000000241a0000)]
  0x000000001b80f000 JavaThread "Inactive RequestProcessor thread [Was:TimedSoftReference/org.openide.util.TimedSoftReference]" daemon [_thread_blocked, id=2784, stack(0x0000000021460000,0x0000000021660000)]
  0x000000001b810000 JavaThread "Prism Font Disposer" daemon [_thread_blocked, id=3864, stack(0x00000000249a0000,0x0000000024ba0000)]
  0x000000001b80c000 JavaThread "TimerQueue" daemon [_thread_blocked, id=4420, stack(0x0000000021060000,0x0000000021260000)]
  0x000000001b80b800 JavaThread "Thread-7" daemon [_thread_blocked, id=4260, stack(0x0000000020e60000,0x0000000021060000)]
  0x000000001b80a800 JavaThread "Thread-6" [_thread_in_native, id=2924, stack(0x0000000020a60000,0x0000000020c60000)]
  0x000000001b80a000 JavaThread "IM-file-ingest-1" [_thread_blocked, id=4416, stack(0x000000001e6c0000,0x000000001e8c0000)]
  0x000000001b809000 JavaThread "IM-file-ingest-0" [_thread_blocked, id=2584, stack(0x000000001e4c0000,0x000000001e6c0000)]
  0x000000001b18b000 JavaThread "IM-data-source-ingest-0" [_thread_blocked, id=3572, stack(0x000000001e2c0000,0x000000001e4c0000)]
  0x000000001b18a800 JavaThread "Thread-5" daemon [_thread_in_native, id=4896, stack(0x000000001df50000,0x000000001e150000)]
  0x000000001b189800 JavaThread "File Watcher" daemon [_thread_blocked, id=3200, stack(0x000000001db50000,0x000000001dd50000)]
  0x000000001b189000 JavaThread "JavaFX Application Thread" [_thread_in_native, id=3260, stack(0x000000001d6f0000,0x000000001d8f0000)]
  0x000000001b188000 JavaThread "Thread-4" daemon [_thread_blocked, id=5028, stack(0x000000001d4f0000,0x000000001d6f0000)]
  0x000000001b187800 JavaThread "QuantumRenderer-0" daemon [_thread_blocked, id=4316, stack(0x000000001ca60000,0x000000001cc60000)]
  0x000000001b186800 JavaThread "Inactive RequestProcessor thread [Was:Explorer Views/org.openide.explorer.view.TreeView$6]" daemon [_thread_blocked, id=3844, stack(0x000000001c660000,0x000000001c860000)]
  0x000000001b186000 JavaThread "Inactive RequestProcessor thread [Was:Timeable Event Queue Watch Dog/org.netbeans.core.TimableEventQueue]" daemon [_thread_blocked, id=2632, stack(0x000000001c460000,0x000000001c660000)]
  0x000000001b185000 JavaThread "Inactive RequestProcessor thread [Was:Asynch children creator /null]" daemon [_thread_blocked, id=1096, stack(0x000000001c260000,0x000000001c460000)]
  0x000000001898b000 JavaThread "org.netbeans.modules.debugger.jpda.visual AWT Access Loop" daemon [_thread_blocked, id=2864, stack(0x000000001bb60000,0x000000001bd60000)]
=>0x000000001886e800 JavaThread "AWT-EventQueue-0" [_thread_in_native, id=1884, stack(0x000000001a790000,0x000000001a990000)]
  0x0000000018813000 JavaThread "AWT-Windows" daemon [_thread_in_native, id=4468, stack(0x000000001a2e0000,0x000000001a4e0000)]
  0x000000001880f000 JavaThread "AWT-Shutdown" [_thread_blocked, id=4432, stack(0x0000000019ee0000,0x000000001a0e0000)]
  0x000000001880d800 JavaThread "Java2D Disposer" daemon [_thread_blocked, id=3344, stack(0x0000000019ae0000,0x0000000019ce0000)]
  0x0000000018569800 JavaThread "RequestProcessor queue manager" daemon [_thread_blocked, id=1284, stack(0x00000000198e0000,0x0000000019ae0000)]
  0x0000000018593800 JavaThread "Inactive RequestProcessor thread [Was:Asynch children creator /org.openide.nodes.AsynchChildren]" daemon [_thread_blocked, id=304, stack(0x00000000190e0000,0x00000000192e0000)]
  0x0000000018586800 JavaThread "CLI Requests Server" daemon [_thread_in_native, id=4160, stack(0x0000000018ee0000,0x00000000190e0000)]
  0x0000000018547800 JavaThread "Active Reference Queue Daemon" daemon [_thread_blocked, id=4680, stack(0x0000000018c30000,0x0000000018e30000)]
  0x0000000016889800 JavaThread "Service Thread" daemon [_thread_blocked, id=2792, stack(0x0000000018030000,0x0000000018230000)]
  0x000000001682d800 JavaThread "C1 CompilerThread1" daemon [_thread_blocked, id=2748, stack(0x0000000017e30000,0x0000000018030000)]
  0x000000001682b800 JavaThread "C2 CompilerThread0" daemon [_thread_blocked, id=4612, stack(0x0000000017c30000,0x0000000017e30000)]
  0x0000000002cdf000 JavaThread "JDWP Command Reader" daemon [_thread_in_native, id=212, stack(0x0000000017530000,0x0000000017730000)]
  0x0000000002cd8000 JavaThread "JDWP Event Helper Thread" daemon [_thread_blocked, id=4764, stack(0x0000000017330000,0x0000000017530000)]
  0x0000000002ccc800 JavaThread "JDWP Transport Listener: dt_socket" daemon [_thread_blocked, id=4108, stack(0x0000000017130000,0x0000000017330000)]
  0x0000000002cc6800 JavaThread "Attach Listener" daemon [_thread_blocked, id=2396, stack(0x0000000016d50000,0x0000000016f50000)]
  0x0000000002cc5000 JavaThread "Signal Dispatcher" daemon [_thread_blocked, id=3916, stack(0x0000000016b50000,0x0000000016d50000)]
  0x0000000002ad7800 JavaThread "Finalizer" daemon [_thread_blocked, id=5064, stack(0x0000000016550000,0x0000000016750000)]
  0x0000000002ad4800 JavaThread "Reference Handler" daemon [_thread_blocked, id=272, stack(0x0000000016350000,0x0000000016550000)]
  0x00000000004ae800 JavaThread "main" [_thread_blocked, id=3992, stack(0x0000000000030000,0x0000000000230000)]

Other Threads:
  0x0000000002ace800 VMThread [stack: 0x0000000016150000,0x0000000016350000] [id=5068]
  0x000000001688f000 WatcherThread [stack: 0x0000000018230000,0x0000000018430000] [id=276]

VM state:not at safepoint (normal execution)

VM Mutex/Monitor currently owned by a thread: None

Heap:
 PSYoungGen      total 208384K, used 75914K [0x00000000ead80000, 0x00000000fcd00000, 0x0000000100000000)
  eden space 198144K, 34% used [0x00000000ead80000,0x00000000eef93fc8,0x00000000f6f00000)
  from space 10240K, 80% used [0x00000000f6f00000,0x00000000f770e980,0x00000000f7900000)
  to   space 11264K, 0% used [0x00000000fc200000,0x00000000fc200000,0x00000000fcd00000)
 ParOldGen       total 53760K, used 38651K [0x00000000c0800000, 0x00000000c3c80000, 0x00000000ead80000)
  object space 53760K, 71% used [0x00000000c0800000,0x00000000c2dbec00,0x00000000c3c80000)
 Metaspace       used 52336K, capacity 54458K, committed 54824K, reserved 1095680K
  class space    used 7089K, capacity 7707K, committed 7728K, reserved 1048576K

Card table byte_map: [0x00000000126a0000,0x00000000128a0000] byte_map_base: 0x000000001209c000

Marking Bits: (ParMarkBitMap*) 0x00000000635a4040
 Begin Bits: [0x0000000012e00000, 0x0000000013de0000)
 End Bits:   [0x0000000013de0000, 0x0000000014dc0000)

Polling page: 0x0000000000390000

CodeCache: size=245760Kb used=16447Kb max_used=16486Kb free=229312Kb
 bounds [0x00000000032e0000, 0x0000000004310000, 0x00000000122e0000]
 total_blobs=5734 nmethods=4913 adapters=740
 compilation: enabled

Compilation events (10 events):
Event: 55.048 Thread 0x000000001682d800 5731       1       sun.awt.AppContext::getThreadGroup (5 bytes)
Event: 55.048 Thread 0x000000001682d800 nmethod 5731 0x00000000034dbf50 code [0x00000000034dc0a0, 0x00000000034dc1b0]
Event: 55.271 Thread 0x000000001682d800 5732  s    3       java.lang.Thread::setName (25 bytes)
Event: 55.272 Thread 0x000000001682d800 nmethod 5732 0x000000000350c8d0 code [0x000000000350ca80, 0x000000000350d248]
Event: 55.330 Thread 0x000000001682d800 5734       3       java.security.BasicPermission::init (132 bytes)
Event: 55.331 Thread 0x000000001682d800 nmethod 5734 0x0000000003685410 code [0x0000000003685640, 0x0000000003686298]
Event: 55.395 Thread 0x000000001682d800 5735       3       java.security.BasicPermission::<init> (11 bytes)
Event: 55.396 Thread 0x000000001682d800 nmethod 5735 0x000000000350c050 code [0x000000000350c1c0, 0x000000000350c448]
Event: 55.806 Thread 0x000000001682d800 5736       3       java.lang.SecurityManager::checkAccess (32 bytes)
Event: 55.807 Thread 0x000000001682d800 nmethod 5736 0x00000000038e6e10 code [0x00000000038e6fa0, 0x00000000038e7398]

GC Heap History (10 events):
Event: 22.824 GC heap before
{Heap before GC invocations=11 (full 1):
 PSYoungGen      total 134144K, used 9169K [0x00000000ead80000, 0x00000000f4780000, 0x0000000100000000)
  eden space 128000K, 2% used [0x00000000ead80000,0x00000000eb07b7d8,0x00000000f2a80000)
  from space 6144K, 99% used [0x00000000f2a80000,0x00000000f3078f28,0x00000000f3080000)
  to   space 9216K, 0% used [0x00000000f3e80000,0x00000000f3e80000,0x00000000f4780000)
 ParOldGen       total 31232K, used 15408K [0x00000000c0800000, 0x00000000c2680000, 0x00000000ead80000)
  object space 31232K, 49% used [0x00000000c0800000,0x00000000c170c020,0x00000000c2680000)
 Metaspace       used 33675K, capacity 35294K, committed 35496K, reserved 1079296K
  class space    used 4244K, capacity 4708K, committed 4784K, reserved 1048576K
Event: 22.840 GC heap after
Heap after GC invocations=11 (full 1):
 PSYoungGen      total 148480K, used 1997K [0x00000000ead80000, 0x00000000f7680000, 0x0000000100000000)
  eden space 139264K, 0% used [0x00000000ead80000,0x00000000ead80000,0x00000000f3580000)
  from space 9216K, 21% used [0x00000000f3e80000,0x00000000f40737b0,0x00000000f4780000)
  to   space 9216K, 0% used [0x00000000f3580000,0x00000000f3580000,0x00000000f3e80000)
 ParOldGen       total 31232K, used 20019K [0x00000000c0800000, 0x00000000c2680000, 0x00000000ead80000)
  object space 31232K, 64% used [0x00000000c0800000,0x00000000c1b8cd68,0x00000000c2680000)
 Metaspace       used 33675K, capacity 35294K, committed 35496K, reserved 1079296K
  class space    used 4244K, capacity 4708K, committed 4784K, reserved 1048576K
}
Event: 22.840 GC heap before
{Heap before GC invocations=12 (full 2):
 PSYoungGen      total 148480K, used 1997K [0x00000000ead80000, 0x00000000f7680000, 0x0000000100000000)
  eden space 139264K, 0% used [0x00000000ead80000,0x00000000ead80000,0x00000000f3580000)
  from space 9216K, 21% used [0x00000000f3e80000,0x00000000f40737b0,0x00000000f4780000)
  to   space 9216K, 0% used [0x00000000f3580000,0x00000000f3580000,0x00000000f3e80000)
 ParOldGen       total 31232K, used 20019K [0x00000000c0800000, 0x00000000c2680000, 0x00000000ead80000)
  object space 31232K, 64% used [0x00000000c0800000,0x00000000c1b8cd68,0x00000000c2680000)
 Metaspace       used 33675K, capacity 35294K, committed 35496K, reserved 1079296K
  class space    used 4244K, capacity 4708K, committed 4784K, reserved 1048576K
Event: 23.083 GC heap after
Heap after GC invocations=12 (full 2):
 PSYoungGen      total 148480K, used 0K [0x00000000ead80000, 0x00000000f7680000, 0x0000000100000000)
  eden space 139264K, 0% used [0x00000000ead80000,0x00000000ead80000,0x00000000f3580000)
  from space 9216K, 0% used [0x00000000f3e80000,0x00000000f3e80000,0x00000000f4780000)
  to   space 9216K, 0% used [0x00000000f3580000,0x00000000f3580000,0x00000000f3e80000)
 ParOldGen       total 53760K, used 21065K [0x00000000c0800000, 0x00000000c3c80000, 0x00000000ead80000)
  object space 53760K, 39% used [0x00000000c0800000,0x00000000c1c92750,0x00000000c3c80000)
 Metaspace       used 33675K, capacity 35294K, committed 35496K, reserved 1079296K
  class space    used 4244K, capacity 4708K, committed 4784K, reserved 1048576K
}
Event: 25.947 GC heap before
{Heap before GC invocations=13 (full 2):
 PSYoungGen      total 148480K, used 139264K [0x00000000ead80000, 0x00000000f7680000, 0x0000000100000000)
  eden space 139264K, 100% used [0x00000000ead80000,0x00000000f3580000,0x00000000f3580000)
  from space 9216K, 0% used [0x00000000f3e80000,0x00000000f3e80000,0x00000000f4780000)
  to   space 9216K, 0% used [0x00000000f3580000,0x00000000f3580000,0x00000000f3e80000)
 ParOldGen       total 53760K, used 21065K [0x00000000c0800000, 0x00000000c3c80000, 0x00000000ead80000)
  object space 53760K, 39% used [0x00000000c0800000,0x00000000c1c92750,0x00000000c3c80000)
 Metaspace       used 37153K, capacity 39116K, committed 39464K, reserved 1083392K
  class space    used 4809K, capacity 5332K, committed 5424K, reserved 1048576K
Event: 25.956 GC heap after
Heap after GC invocations=13 (full 2):
 PSYoungGen      total 148480K, used 1952K [0x00000000ead80000, 0x00000000f8400000, 0x0000000100000000)
  eden space 139264K, 0% used [0x00000000ead80000,0x00000000ead80000,0x00000000f3580000)
  from space 9216K, 21% used [0x00000000f3580000,0x00000000f3768010,0x00000000f3e80000)
  to   space 9216K, 0% used [0x00000000f7b00000,0x00000000f7b00000,0x00000000f8400000)
 ParOldGen       total 53760K, used 21073K [0x00000000c0800000, 0x00000000c3c80000, 0x00000000ead80000)
  object space 53760K, 39% used [0x00000000c0800000,0x00000000c1c94750,0x00000000c3c80000)
 Metaspace       used 37153K, capacity 39116K, committed 39464K, reserved 1083392K
  class space    used 4809K, capacity 5332K, committed 5424K, reserved 1048576K
}
Event: 32.451 GC heap before
{Heap before GC invocations=14 (full 2):
 PSYoungGen      total 148480K, used 141216K [0x00000000ead80000, 0x00000000f8400000, 0x0000000100000000)
  eden space 139264K, 100% used [0x00000000ead80000,0x00000000f3580000,0x00000000f3580000)
  from space 9216K, 21% used [0x00000000f3580000,0x00000000f3768010,0x00000000f3e80000)
  to   space 9216K, 0% used [0x00000000f7b00000,0x00000000f7b00000,0x00000000f8400000)
 ParOldGen       total 53760K, used 21073K [0x00000000c0800000, 0x00000000c3c80000, 0x00000000ead80000)
  object space 53760K, 39% used [0x00000000c0800000,0x00000000c1c94750,0x00000000c3c80000)
 Metaspace       used 48877K, capacity 50928K, committed 51112K, reserved 1093632K
  class space    used 6696K, capacity 7267K, committed 7344K, reserved 1048576K
Event: 32.493 GC heap after
Heap after GC invocations=14 (full 2):
 PSYoungGen      total 205312K, used 8160K [0x00000000ead80000, 0x00000000f8300000, 0x0000000100000000)
  eden space 197120K, 0% used [0x00000000ead80000,0x00000000ead80000,0x00000000f6e00000)
  from space 8192K, 99% used [0x00000000f7b00000,0x00000000f82f8288,0x00000000f8300000)
  to   space 10240K, 0% used [0x00000000f6f00000,0x00000000f6f00000,0x00000000f7900000)
 ParOldGen       total 53760K, used 31044K [0x00000000c0800000, 0x00000000c3c80000, 0x00000000ead80000)
  object space 53760K, 57% used [0x00000000c0800000,0x00000000c2651360,0x00000000c3c80000)
 Metaspace       used 48877K, capacity 50928K, committed 51112K, reserved 1093632K
  class space    used 6696K, capacity 7267K, committed 7344K, reserved 1048576K
}
Event: 42.418 GC heap before
{Heap before GC invocations=15 (full 2):
 PSYoungGen      total 205312K, used 205280K [0x00000000ead80000, 0x00000000f8300000, 0x0000000100000000)
  eden space 197120K, 100% used [0x00000000ead80000,0x00000000f6e00000,0x00000000f6e00000)
  from space 8192K, 99% used [0x00000000f7b00000,0x00000000f82f8288,0x00000000f8300000)
  to   space 10240K, 0% used [0x00000000f6f00000,0x00000000f6f00000,0x00000000f7900000)
 ParOldGen       total 53760K, used 31044K [0x00000000c0800000, 0x00000000c3c80000, 0x00000000ead80000)
  object space 53760K, 57% used [0x00000000c0800000,0x00000000c2651360,0x00000000c3c80000)
 Metaspace       used 50656K, capacity 52724K, committed 53160K, reserved 1095680K
  class space    used 6936K, capacity 7540K, committed 7600K, reserved 1048576K
Event: 42.449 GC heap after
Heap after GC invocations=15 (full 2):
 PSYoungGen      total 208384K, used 8250K [0x00000000ead80000, 0x00000000fcd00000, 0x0000000100000000)
  eden space 198144K, 0% used [0x00000000ead80000,0x00000000ead80000,0x00000000f6f00000)
  from space 10240K, 80% used [0x00000000f6f00000,0x00000000f770e980,0x00000000f7900000)
  to   space 11264K, 0% used [0x00000000fc200000,0x00000000fc200000,0x00000000fcd00000)
 ParOldGen       total 53760K, used 38651K [0x00000000c0800000, 0x00000000c3c80000, 0x00000000ead80000)
  object space 53760K, 71% used [0x00000000c0800000,0x00000000c2dbec00,0x00000000c3c80000)
 Metaspace       used 50656K, capacity 52724K, committed 53160K, reserved 1095680K
  class space    used 6936K, capacity 7540K, committed 7600K, reserved 1048576K
}

Deoptimization events (10 events):
Event: 44.199 Thread 0x000000001b80f000 Uncommon trap: reason=unstable_if action=reinterpret pc=0x0000000003de48e0 method=org.netbeans.Archive.getData(Lorg/netbeans/ArchiveResources;Ljava/lang/String;)[B @ 20
Event: 44.283 Thread 0x000000001b187800 Uncommon trap: reason=unstable_if action=reinterpret pc=0x00000000038dbacc method=java.lang.Float.isNaN(F)Z @ 3
Event: 44.415 Thread 0x000000001b80f000 Uncommon trap: reason=unstable_if action=reinterpret pc=0x0000000003941880 method=java.util.IdentityHashMap.maskNull(Ljava/lang/Object;)Ljava/lang/Object; @ 1
Event: 44.649 Thread 0x000000001886e800 Uncommon trap: reason=unstable_if action=reinterpret pc=0x00000000037943b0 method=java.util.regex.Pattern$BmpCharProperty.match(Ljava/util/regex/Matcher;ILjava/lang/CharSequence;)Z @ 34
Event: 44.649 Thread 0x000000001886e800 Uncommon trap: reason=unstable_if action=reinterpret pc=0x00000000037943b0 method=java.util.regex.Pattern$BmpCharProperty.match(Ljava/util/regex/Matcher;ILjava/lang/CharSequence;)Z @ 34
Event: 44.785 Thread 0x000000001886e800 Uncommon trap: reason=unstable_if action=reinterpret pc=0x000000000340e11c method=java.util.HashMap.removeNode(ILjava/lang/Object;Ljava/lang/Object;ZZ)Ljava/util/HashMap$Node; @ 133
Event: 44.787 Thread 0x000000001886e800 Uncommon trap: reason=unstable_if action=reinterpret pc=0x00000000041c37a8 method=java.util.HashMap.removeNode(ILjava/lang/Object;Ljava/lang/Object;ZZ)Ljava/util/HashMap$Node; @ 133
Event: 44.855 Thread 0x000000001b80f000 Uncommon trap: reason=class_check action=maybe_recompile pc=0x00000000034a8464 method=java.io.BufferedOutputStream.write([BII)V @ 20
Event: 44.903 Thread 0x000000001886e800 Uncommon trap: reason=unstable_if action=reinterpret pc=0x00000000039c55e0 method=org.openide.util.RequestProcessor$TickTac.compare(Lorg/openide/util/RequestProcessor$Item;Lorg/openide/util/RequestProcessor$Item;)I @ 23
Event: 48.193 Thread 0x000000001886e800 Uncommon trap: reason=unstable_if action=reinterpret pc=0x0000000003780770 method=sun.nio.cs.UTF_8$Decoder.decode([BII[C)I @ 30

Internal exceptions (10 events):
Event: 44.870 Thread 0x000000001886e800 Exception <a 'java/lang/ClassNotFoundException': java/lang/StringEditor> (0x00000000ed4f07f8) thrown at [C:\re\workspace\8-2-build-windows-amd64-cygwin\jdk8u51\3951\hotspot\src\share\vm\classfile\systemDictionary.cpp, line 210]
Event: 44.873 Thread 0x000000001886e800 Exception <a 'java/lang/ClassNotFoundException': java/lang/StringEditor> (0x00000000ed5596c8) thrown at [C:\re\workspace\8-2-build-windows-amd64-cygwin\jdk8u51\3951\hotspot\src\share\vm\classfile\systemDictionary.cpp, line 210]
Event: 44.876 Thread 0x000000001886e800 Exception <a 'java/lang/ClassNotFoundException': java/lang/LongEditor> (0x00000000ed5c2410) thrown at [C:\re\workspace\8-2-build-windows-amd64-cygwin\jdk8u51\3951\hotspot\src\share\vm\classfile\systemDictionary.cpp, line 210]
Event: 44.879 Thread 0x000000001886e800 Exception <a 'java/lang/ClassNotFoundException': java/lang/StringEditor> (0x00000000ed62b138) thrown at [C:\re\workspace\8-2-build-windows-amd64-cygwin\jdk8u51\3951\hotspot\src\share\vm\classfile\systemDictionary.cpp, line 210]
Event: 44.881 Thread 0x000000001886e800 Exception <a 'java/lang/ClassNotFoundException': java/lang/StringEditor> (0x00000000ed693ef8) thrown at [C:\re\workspace\8-2-build-windows-amd64-cygwin\jdk8u51\3951\hotspot\src\share\vm\classfile\systemDictionary.cpp, line 210]
Event: 44.883 Thread 0x000000001886e800 Exception <a 'java/lang/ClassNotFoundException': java/lang/StringEditor> (0x00000000ed6fcc98) thrown at [C:\re\workspace\8-2-build-windows-amd64-cygwin\jdk8u51\3951\hotspot\src\share\vm\classfile\systemDictionary.cpp, line 210]
Event: 46.107 Thread 0x000000001886e800 Exception <a 'java/net/SocketTimeoutException': Read timed out> (0x00000000ed8f5948) thrown at [C:\re\workspace\8-2-build-windows-amd64-cygwin\jdk8u51\3951\hotspot\src\share\vm\prims\jni.cpp, line 735]
Event: 46.127 Thread 0x000000001886e800 Exception <a 'java/net/SocketTimeoutException': Read timed out> (0x00000000ed909590) thrown at [C:\re\workspace\8-2-build-windows-amd64-cygwin\jdk8u51\3951\hotspot\src\share\vm\prims\jni.cpp, line 735]
Event: 46.136 Thread 0x000000001886e800 Exception <a 'java/net/SocketTimeoutException': Read timed out> (0x00000000ed913a60) thrown at [C:\re\workspace\8-2-build-windows-amd64-cygwin\jdk8u51\3951\hotspot\src\share\vm\prims\jni.cpp, line 735]
Event: 46.159 Thread 0x000000001b80d000 Exception <a 'java/net/SocketTimeoutException': Read timed out> (0x00000000eddda8f8) thrown at [C:\re\workspace\8-2-build-windows-amd64-cygwin\jdk8u51\3951\hotspot\src\share\vm\prims\jni.cpp, line 735]

Events (10 events):
Event: 57.674 Executing VM operation: ChangeSingleStep
Event: 57.674 Executing VM operation: ChangeSingleStep done
Event: 57.678 Executing VM operation: ChangeSingleStep
Event: 57.678 Executing VM operation: ChangeSingleStep done
Event: 57.678 Executing VM operation: GetCurrentLocation
Event: 57.678 Executing VM operation: GetCurrentLocation done
Event: 57.678 Executing VM operation: ChangeSingleStep
Event: 57.678 Executing VM operation: ChangeSingleStep done
Event: 57.679 Executing VM operation: ChangeSingleStep
Event: 57.679 Executing VM operation: ChangeSingleStep done


Dynamic libraries:
0x0000000000400000 - 0x000000000043a000 	C:\Program Files\Autopsy-3.1.3\platform\lib\nbexec64.exe
0x0000000076d90000 - 0x0000000076f16000 	C:\Windows\system32\ntdll.dll
0x0000000076c60000 - 0x0000000076d8d000 	C:\Windows\system32\kernel32.dll
0x000007fefd7e0000 - 0x000007fefd8e8000 	C:\Windows\system32\ADVAPI32.dll
0x000007fefdc50000 - 0x000007fefdd93000 	C:\Windows\system32\RPCRT4.dll
0x000007fefea00000 - 0x000007fefea9c000 	C:\Windows\system32\msvcrt.dll
0x00000000768d0000 - 0x000000007699d000 	C:\Windows\system32\USER32.dll
0x000007fefeaa0000 - 0x000007fefeb04000 	C:\Windows\system32\GDI32.dll
0x000007fefdc20000 - 0x000007fefdc4d000 	C:\Windows\system32\IMM32.DLL
0x000007fefed90000 - 0x000007fefee92000 	C:\Windows\system32\MSCTF.dll
0x000007fefd8f0000 - 0x000007fefd8fd000 	C:\Windows\system32\LPK.DLL
0x000007fefeea0000 - 0x000007fefef3b000 	C:\Windows\system32\USP10.dll
0x0000000063c80000 - 0x0000000063dd4000 	C:\Program Files\Autopsy-3.1.3\platform\lib\nbexec64.dll
0x0000000062da0000 - 0x0000000063623000 	C:\Program Files\Java\jdk1.8.0_51\jre\bin\server\jvm.dll
0x000007fef9e50000 - 0x000007fef9e59000 	C:\Windows\system32\WSOCK32.dll
0x000007fefdbd0000 - 0x000007fefdc14000 	C:\Windows\system32\WS2_32.dll
0x000007fefef40000 - 0x000007fefef47000 	C:\Windows\system32\NSI.dll
0x000007fefc310000 - 0x000007fefc349000 	C:\Windows\system32\WINMM.dll
0x000007fefd900000 - 0x000007fefdad8000 	C:\Windows\system32\ole32.dll
0x000007fefef50000 - 0x000007feff023000 	C:\Windows\system32\OLEAUT32.dll
0x000007fefc2b0000 - 0x000007fefc305000 	C:\Windows\system32\OLEACC.dll
0x000007fefcbf0000 - 0x000007fefcbfb000 	C:\Windows\system32\VERSION.dll
0x0000000076f30000 - 0x0000000076f39000 	C:\Windows\system32\PSAPI.DLL
0x000000006d2d0000 - 0x000000006d3a2000 	C:\Program Files\Java\jdk1.8.0_51\jre\bin\MSVCR100.dll
0x000000006f220000 - 0x000000006f259000 	C:\Program Files\Java\jdk1.8.0_51\jre\bin\splashscreen.dll
0x0000000070ee0000 - 0x0000000070eef000 	C:\Program Files\Java\jdk1.8.0_51\jre\bin\verify.dll
0x000000006e100000 - 0x000000006e129000 	C:\Program Files\Java\jdk1.8.0_51\jre\bin\java.dll
0x000000006d420000 - 0x000000006d455000 	C:\Program Files\Java\jdk1.8.0_51\jre\bin\jdwp.dll
0x0000000070700000 - 0x0000000070708000 	C:\Program Files\Java\jdk1.8.0_51\jre\bin\npt.dll
0x000000006fe20000 - 0x000000006fe36000 	C:\Program Files\Java\jdk1.8.0_51\jre\bin\zip.dll
0x000007fefdda0000 - 0x000007fefe9f3000 	C:\Windows\system32\SHELL32.dll
0x000007feff030000 - 0x000007feff0a3000 	C:\Windows\system32\SHLWAPI.dll
0x000007fefc070000 - 0x000007fefc269000 	C:\Windows\WinSxS\amd64_microsoft.windows.common-controls_6595b64144ccf1df_6.0.6002.19373_none_151129cef4086113\comctl32.dll
0x000007fefd630000 - 0x000007fefd656000 	C:\Windows\system32\USERENV.dll
0x000007fefd610000 - 0x000007fefd62c000 	C:\Windows\system32\Secur32.dll
0x0000000070a30000 - 0x0000000070a39000 	C:\Program Files\Java\jdk1.8.0_51\jre\bin\dt_socket.dll
0x000007fefcb60000 - 0x000007fefcbaf000 	C:\Windows\system32\mswsock.dll
0x000007fefcb50000 - 0x000007fefcb57000 	C:\Windows\System32\wshtcpip.dll
0x000007fefc410000 - 0x000007fefc461000 	C:\Windows\system32\uxtheme.dll
0x000000006ee90000 - 0x000000006eeaa000 	C:\Program Files\Java\jdk1.8.0_51\jre\bin\net.dll
0x000007fefcbe0000 - 0x000007fefcbe7000 	C:\Windows\System32\wship6.dll
0x000000006e970000 - 0x000000006e981000 	C:\Program Files\Java\jdk1.8.0_51\jre\bin\nio.dll
0x000007fefcdf0000 - 0x000007fefce13000 	C:\Windows\system32\IPHLPAPI.DLL
0x000007fefcda0000 - 0x000007fefcde5000 	C:\Windows\system32\dhcpcsvc.DLL
0x000007fefd0b0000 - 0x000007fefd0ea000 	C:\Windows\system32\DNSAPI.dll
0x000007fefcd90000 - 0x000007fefcd9a000 	C:\Windows\system32\WINNSI.DLL
0x000007fefcd60000 - 0x000007fefcd8b000 	C:\Windows\system32\dhcpcsvc6.DLL
0x000000006c250000 - 0x000000006c3e8000 	C:\Program Files\Java\jdk1.8.0_51\jre\bin\awt.dll
0x000007fefc840000 - 0x000007fefc888000 	C:\Windows\system32\rsaenh.dll
0x000007fefc590000 - 0x000007fefc5a1000 	C:\Windows\system32\DWMAPI.DLL
0x000007fefbc10000 - 0x000007fefbc23000 	C:\Windows\system32\NLAapi.dll
0x000007fefa160000 - 0x000007fefa173000 	C:\Windows\system32\napinsp.dll
0x000007fefa140000 - 0x000007fefa157000 	C:\Windows\system32\pnrpnsp.dll
0x000007fefa190000 - 0x000007fefa19b000 	C:\Windows\System32\winrnr.dll
0x000007fefdae0000 - 0x000007fefdb35000 	C:\Windows\system32\WLDAP32.dll
0x0000000072ea0000 - 0x0000000072ec6000 	C:\Program Files\Bonjour\mdnsNSP.dll
0x000007fefa7b0000 - 0x000007fefa7b8000 	C:\Windows\system32\rasadhlp.dll
0x000000006dfd0000 - 0x000000006e017000 	C:\Program Files\Java\jdk1.8.0_51\jre\bin\fontmanager.dll
0x000000006ad70000 - 0x000000006ae42000 	C:\Program Files\Autopsy-3.1.3\autopsy\modules\lib\amd64\msvcr100.dll
0x000000006b0d0000 - 0x000000006b168000 	C:\Program Files\Autopsy-3.1.3\autopsy\modules\lib\amd64\msvcp100.dll
0x0000000180000000 - 0x0000000180018000 	C:\Program Files\Autopsy-3.1.3\autopsy\modules\lib\amd64\zlib.dll
0x000000001bf60000 - 0x000000001c059000 	C:\Program Files\Autopsy-3.1.3\autopsy\modules\lib\amd64\libewf.dll
0x000007fef0a40000 - 0x000007fef0b7b000 	C:\Users\Stacey\AppData\Local\Temp\libtsk_jni.dll
0x0000000002580000 - 0x00000000025b8000 	C:\Program Files\Autopsy-3.1.3\platform\modules\lib\amd64\jnidispatch-340.dll
0x000000006dc60000 - 0x000000006dc8c000 	C:\Program Files\Java\jdk1.8.0_51\jre\bin\prism_d3d.dll
0x000007fef6890000 - 0x000007fef6a6f000 	C:\Windows\system32\d3d9.dll
0x000007fefc580000 - 0x000007fefc587000 	C:\Windows\system32\d3d8thk.dll
0x000000006d400000 - 0x000000006d412000 	C:\Program Files\Java\jdk1.8.0_51\jre\bin\prism_sw.dll
0x000000006d3b0000 - 0x000000006d3f1000 	C:\Program Files\Java\jdk1.8.0_51\jre\bin\glass.dll
0x000007fefdb40000 - 0x000007fefdbcc000 	C:\Windows\system32\COMDLG32.dll
0x0000000002950000 - 0x00000000029c0000 	C:\Program Files\Autopsy-3.1.3\autopsy\modules\lib\amd64\libsigar.dll
0x000007fef7220000 - 0x000007fef7270000 	C:\Windows\system32\pdh.dll
0x000007fefd1c0000 - 0x000007fefd263000 	C:\Windows\system32\NETAPI32.dll
0x000007fefc7d0000 - 0x000007fefc7fc000 	C:\Windows\system32\NTMARTA.DLL
0x000007fefd090000 - 0x000007fefd0ac000 	C:\Windows\system32\SAMLIB.dll
0x000007fefc390000 - 0x000007fefc39e000 	C:\Windows\system32\perfproc.dll
0x000000006e0d0000 - 0x000000006e0f4000 	C:\Program Files\Java\jdk1.8.0_51\jre\bin\sunec.dll
0x000007fefd540000 - 0x000007fefd575000 	C:\Windows\system32\apphelp.dll
0x000000006dce0000 - 0x000000006dd22000 	C:\Program Files\Java\jdk1.8.0_51\jre\bin\t2k.dll
0x000007fefeb10000 - 0x000007fefeba9000 	C:\Windows\system32\CLBCatQ.DLL
0x000007fefb320000 - 0x000007fefb44e000 	C:\Windows\system32\WindowsCodecs.dll
0x000007fefbe10000 - 0x000007fefbe41000 	C:\Users\Stacey\AppData\Roaming\Dropbox\bin\DropboxExt64.25.dll
0x00000000704c0000 - 0x0000000070585000 	C:\Program Files\AVAST Software\Avast\ashShA64.dll
0x000007fefb9f0000 - 0x000007fefbc0c000 	C:\Windows\WinSxS\amd64_microsoft.windows.gdiplus_6595b64144ccf1df_1.0.6002.19386_none_56ab69c1b5946774\gdiplus.dll
0x000007fef4d50000 - 0x000007fef5054000 	C:\Windows\system32\msi.dll
0x000007fefb7c0000 - 0x000007fefb7e2000 	C:\Windows\system32\EhStorShell.dll
0x000007fefbcf0000 - 0x000007fefbdd5000 	C:\Windows\system32\PROPSYS.dll
0x000007fefaaf0000 - 0x000007fefab90000 	C:\Windows\WinSxS\amd64_microsoft.windows.common-controls_6595b64144ccf1df_5.82.6002.19373_none_4145c9465547549a\comctl32.dll
0x00000000708e0000 - 0x00000000708ed000 	C:\Program Files\Java\jdk1.8.0_51\jre\bin\management.dll
0x000000006d290000 - 0x000000006d2a5000 	C:\Program Files\Java\jdk1.8.0_51\jre\bin\javafx_font.dll
0x000000006cd10000 - 0x000000006ce92000 	C:\Windows\system32\dwrite.dll
0x000000006d270000 - 0x000000006d281000 	C:\Program Files\Java\jdk1.8.0_51\jre\bin\prism_common.dll
0x000000006cea0000 - 0x000000006cf71000 	C:\Windows\system32\d2d1.dll
0x000007fef7180000 - 0x000007fef71b4000 	C:\Windows\system32\d3d10_1.dll
0x000007fef42a0000 - 0x000007fef42f6000 	C:\Windows\system32\d3d10_1core.dll
0x000007fef25e0000 - 0x000007fef2685000 	C:\Windows\system32\dxgi.dll
0x000000006ae50000 - 0x000000006b049000 	C:\Windows\system32\D3D10Warp.dll
0x000007fefbc50000 - 0x000007fefbc89000 	C:\Windows\system32\WINTRUST.dll
0x000007fefcec0000 - 0x000007fefcffb000 	C:\Windows\system32\CRYPT32.dll
0x000007fefd070000 - 0x000007fefd089000 	C:\Windows\system32\MSASN1.dll
0x000007fefd7c0000 - 0x000007fefd7d8000 	C:\Windows\system32\imagehlp.dll
0x000000006d250000 - 0x000000006d267000 	C:\Program Files\Java\jdk1.8.0_51\jre\bin\decora_sse.dll
0x000000006e140000 - 0x000000006e1ed000 	C:\Users\Stacey\AppData\Local\Temp\sqlite-3.7.151-amd64-sqlitejdbc.dll
0x000007fef8070000 - 0x000007fef8183000 	C:\Windows\system32\dbghelp.dll

VM Arguments:
jvm_args: -Dnetbeans.logger.console=true -ea -Xdebug -Xrunjdwp:transport=dt_socket,suspend=y,server=n,address=127.0.0.1:50535 -Djdk.home=C:\Program Files\Java\jdk1.8.0_51 -splash:C:\Users\Stacey\Documents\NetBeansProjects\SqlGrab\build\testuserdir\var\cache\splash.png -Dnetbeans.home=C:\Program Files\Autopsy-3.1.3\platform -Dnetbeans.user=C:\Users\Stacey\Documents\NetBeansProjects\SqlGrab\build\testuserdir -Dnetbeans.default_userdir_root= -XX:+HeapDumpOnOutOfMemoryError -XX:HeapDumpPath=C:\Users\Stacey\Documents\NetBeansProjects\SqlGrab\build\testuserdir\var\log\heapdump.hprof -Dnetbeans.system_http_proxy=DIRECT -Dsun.awt.keepWorkingSetOnMinimize=true -Dnetbeans.dirs=C:\Users\Stacey\Documents\NetBeansProjects\SqlGrab\build\cluster;C:\Program Files\Autopsy-3.1.3\autopsy;C:\Program Files\Autopsy-3.1.3\harness;C:\Program Files\Autopsy-3.1.3\java;C:\Program Files\Autopsy-3.1.3\platform exit 
java_command: <unknown>
java_class_path (initial): C:\Program Files\Autopsy-3.1.3\platform\lib\boot.jar;C:\Program Files\Autopsy-3.1.3\platform\lib\org-openide-modules.jar;C:\Program Files\Autopsy-3.1.3\platform\lib\org-openide-util-lookup.jar;C:\Program Files\Autopsy-3.1.3\platform\lib\org-openide-util.jar;C:\Program Files\Autopsy-3.1.3\platform\lib\locale\boot_ja.jar;C:\Program Files\Autopsy-3.1.3\platform\lib\locale\boot_pt_BR.jar;C:\Program Files\Autopsy-3.1.3\platform\lib\locale\boot_ru.jar;C:\Program Files\Autopsy-3.1.3\platform\lib\locale\boot_zh_CN.jar;C:\Program Files\Autopsy-3.1.3\platform\lib\locale\org-openide-modules_ja.jar;C:\Program Files\Autopsy-3.1.3\platform\lib\locale\org-openide-modules_pt_BR.jar;C:\Program Files\Autopsy-3.1.3\platform\lib\locale\org-openide-modules_ru.jar;C:\Program Files\Autopsy-3.1.3\platform\lib\locale\org-openide-modules_zh_CN.jar;C:\Program Files\Autopsy-3.1.3\platform\lib\locale\org-openide-util-lookup_ja.jar;C:\Program Files\Autopsy-3.1.3\platform\lib\locale\org-openide-util-lookup_pt_BR.jar;C:\Program Files\Autopsy-3.1.3\platform\lib\locale\org-openide-util-lookup_ru.jar;C:\Program Files\Autopsy-3.1.3\platform\lib\locale\org-openide-util-lookup_zh_CN.jar;C:\Program Files\Autopsy-3.1.3\platform\lib\locale\org-openide-util_ja.jar;C:\Program Files\Autopsy-3.1.3\platform\lib\locale\org-openide-util_pt_BR.jar;C:\Program Files\Autopsy-3.1.3\platform\lib\locale\org-openide-util_ru.jar;C:\Program Files\Autopsy-3.1.3\platform\lib\locale\org-openide-util_zh_CN.jar;C:\Program Files\Java\jdk1.8.0_51\lib\dt.jar;C:\Program Files\Java\jdk1.8.0_51\lib\tools.jar
Launcher Type: generic

Environment Variables:
PATH=C:\ProgramData\Oracle\Java\javapath;C:\Windows\system32;C:\Windows;C:\Windows\System32\Wbem;C:\Program Files (x86)\Python;C:\Windows\System32\WindowsPowerShell\v1.0\;C:\Program Files (x86)\Skype\Phone\;C:\Program Files (x86)\QuickTime\QTSystem\
USERNAME=Stacey
OS=Windows_NT
PROCESSOR_IDENTIFIER=Intel64 Family 6 Model 23 Stepping 10, GenuineIntel



---------------  S Y S T E M  ---------------

OS: Windows Vista , 64 bit Build 6002 (6.0.6002.19381)

CPU:total 2 (2 cores per cpu, 1 threads per core) family 6 model 23 stepping 10, cmov, cx8, fxsr, mmx, sse, sse2, sse3, ssse3, tsc

Memory: 4k page, physical 4157708k(940628k free), swap 8544048k(4376776k free)

vm_info: Java HotSpot(TM) 64-Bit Server VM (25.51-b03) for windows-amd64 JRE (1.8.0_51-b16), built on Jun  8 2015 18:03:07 by "java_re" with MS VC++ 10.0 (VS2010)

time: Sun Aug 09 12:23:25 2015
elapsed time: 57 seconds (0d 0h 0m 57s)

