#
# A fatal error has been detected by the Java Runtime Environment:
#
#  EXCEPTION_ACCESS_VIOLATION (0xc0000005) at pc=0x000000006e1482b8, pid=3856, tid=3256
#
# JRE version: Java(TM) SE Runtime Environment (8.0_51-b16) (build 1.8.0_51-b16)
# Java VM: Java HotSpot(TM) 64-Bit Server VM (25.51-b03 mixed mode windows-amd64 compressed oops)
# Problematic frame:
# C  [sqlite-3.7.151-amd64-sqlitejdbc.dll+0x82b8]
#
# Failed to write core dump. Minidumps are not enabled by default on client versions of Windows
#
# If you would like to submit a bug report, please visit:
#   http://bugreport.java.com/bugreport/crash.jsp
# The crash happened outside the Java Virtual Machine in native code.
# See problematic frame for where to report the bug.
#

---------------  T H R E A D  ---------------

Current thread (0x0000000018815000):  JavaThread "AWT-EventQueue-0" [_thread_in_native, id=3256, stack(0x000000001a770000,0x000000001a970000)]

siginfo: ExceptionCode=0xc0000005, reading address 0x0000000000000000

Registers:
RAX=0x000000006e142480, RBX=0x0000000000000000, RCX=0x0000000000000000, RDX=0x0000000000000000
RSP=0x000000001a96c6b0, RBP=0x000000001a96c7c0, RSI=0x0000000000000158, RDI=0x0000000000000474
R8 =0x000000006e16fd30, R9 =0x0000000000000000, R10=0x00000000033eb7e2, R11=0x0000000062fc7bb0
R12=0x0000000000000000, R13=0x0000000022807ee8, R14=0x000000001a96c7f8, R15=0x0000000018815000
RIP=0x000000006e1482b8, EFLAGS=0x0000000000010246

Top of Stack: (sp=0x000000001a96c6b0)
0x000000001a96c6b0:   000000001a96db28 0000000062e56c52
0x000000001a96c6c0:   0000000022807ee8 0000000018815000
0x000000001a96c6d0:   000000001a96c770 00000000033eb393
0x000000001a96c6e0:   00000000188151f8 0000000000000158
0x000000001a96c6f0:   0000000000000474 000000006e142493
0x000000001a96c700:   000000001a96c770 00000000033eb393
0x000000001a96c710:   00000000033d5410 0000000000000000
0x000000001a96c720:   0000000022807ee8 00000000033eb80e
0x000000001a96c730:   000000001a96c7c0 00000000033eb3cb
0x000000001a96c740:   0000000018815000 0000000022807ee8
0x000000001a96c750:   0000000000000474 000000001a96c788
0x000000001a96c760:   0000000000000474 00000000033eb393
0x000000001a96c770:   000000001a96c858 00000000ed8e27d8
0x000000001a96c780:   000000001a96c770 0000000022807ee8
0x000000001a96c790:   000000001a96c7f8 000000002280aa58
0x000000001a96c7a0:   0000000000000000 0000000022807ee8 

Instructions: (pc=0x000000006e1482b8)
0x000000006e148298:   c4 08 c3 0f 1f 44 00 00 48 83 ec 48 85 d2 48 89
0x000000006e1482a8:   5c 24 30 48 89 74 24 38 48 89 cb 48 89 7c 24 40
0x000000006e1482b8:   48 8b 31 0f b7 41 48 78 7f 39 c2 7d 7b 44 89 cf
0x000000006e1482c8:   48 8b 4e 18 0f af f8 01 d7 48 85 c9 74 10 4c 89 


Register to memory mapping:

RAX=0x000000006e142480 is an unknown value
RBX=0x0000000000000000 is an unknown value
RCX=0x0000000000000000 is an unknown value
RDX=0x0000000000000000 is an unknown value
RSP=0x000000001a96c6b0 is pointing into the stack for thread: 0x0000000018815000
RBP=0x000000001a96c7c0 is pointing into the stack for thread: 0x0000000018815000
RSI=0x0000000000000158 is an unknown value
RDI=0x0000000000000474 is an unknown value
R8 =0x000000006e16fd30 is an unknown value
R9 =0x0000000000000000 is an unknown value
R10=0x00000000033eb7e2 is at code_begin+2178 in an Interpreter codelet
method entry point (kind = native_synchronized)  [0x00000000033eaf60, 0x00000000033ec1a0]  4672 bytes
R11=0x0000000062fc7bb0 is an unknown value
R12=0x0000000000000000 is an unknown value
R13={method} {0x0000000022807ef0} 'column_name' '(JI)Ljava/lang/String;' in 'org/sqlite/NativeDB'
R14=0x000000001a96c7f8 is pointing into the stack for thread: 0x0000000018815000
R15=0x0000000018815000 is a thread


Stack: [0x000000001a770000,0x000000001a970000],  sp=0x000000001a96c6b0,  free space=2033k
Native frames: (J=compiled Java code, j=interpreted, Vv=VM code, C=native code)
C  [sqlite-3.7.151-amd64-sqlitejdbc.dll+0x82b8]

Java frames: (J=compiled Java code, j=interpreted, Vv=VM code)
j  org.sqlite.NativeDB.column_name(JI)Ljava/lang/String;+0
j  org.sqlite.RS.getColumnName(I)Ljava/lang/String;+16
j  SqlGrab.FillTable.setHeader(ILjava/sql/ResultSet;)V+11
j  SqlGrab.FillTable.setRS(Ljava/sql/ResultSet;)V+57
j  SqlGrab.FillTable.<init>(Ljava/sql/ResultSet;)V+28
j  SqlGrab.FullSQLParse.GetSqlDataInTable(Ljava/lang/String;)LSqlGrab/FillTable;+10
j  SqlGrab.GrabPanel.CreateDBTab(Ljava/lang/String;)V+40
j  SqlGrab.GrabPanel.FullParse(Ljava/lang/String;)V+32
j  SqlGrab.GrabPanel.setNode(Lorg/openide/nodes/Node;)V+82
j  org.sleuthkit.autopsy.corecomponents.DataContentPanel$UpdateWrapper.setNode(Lorg/openide/nodes/Node;)V+5
j  org.sleuthkit.autopsy.corecomponents.DataContentPanel.stateChanged(Ljavax/swing/event/ChangeEvent;)V+55
j  javax.swing.JTabbedPane.fireStateChanged()V+185
j  javax.swing.JTabbedPane$ModelListener.stateChanged(Ljavax/swing/event/ChangeEvent;)V+4
j  javax.swing.DefaultSingleSelectionModel.fireStateChanged()V+56
j  javax.swing.DefaultSingleSelectionModel.setSelectedIndex(I)V+14
j  javax.swing.JTabbedPane.setSelectedIndexImpl(IZ)V+97
j  javax.swing.JTabbedPane.setSelectedIndex(I)V+13
j  javax.swing.plaf.basic.BasicTabbedPaneUI$Handler.mousePressed(Ljava/awt/event/MouseEvent;)V+77
j  java.awt.AWTEventMulticaster.mousePressed(Ljava/awt/event/MouseEvent;)V+8
j  java.awt.Component.processMouseEvent(Ljava/awt/event/MouseEvent;)V+54
j  javax.swing.JComponent.processMouseEvent(Ljava/awt/event/MouseEvent;)V+23
j  java.awt.Component.processEvent(Ljava/awt/AWTEvent;)V+81
J 4834 C1 java.awt.Container.processEvent(Ljava/awt/AWTEvent;)V (22 bytes) @ 0x00000000041daf2c [0x00000000041dabe0+0x34c]
J 2791 C1 java.awt.Component.dispatchEventImpl(Ljava/awt/AWTEvent;)V (883 bytes) @ 0x0000000003c365ec [0x0000000003c310a0+0x554c]
J 2659 C1 java.awt.Container.dispatchEventImpl(Ljava/awt/AWTEvent;)V (129 bytes) @ 0x0000000003927c24 [0x0000000003927ae0+0x144]
J 4741 C1 java.awt.LightweightDispatcher.retargetMouseEvent(Ljava/awt/Component;ILjava/awt/event/MouseEvent;)V (350 bytes) @ 0x000000000417025c [0x000000000416dd00+0x255c]
J 5253 C1 java.awt.LightweightDispatcher.processMouseEvent(Ljava/awt/event/MouseEvent;)Z (301 bytes) @ 0x00000000042bc1f4 [0x00000000042bae60+0x1394]
J 4770 C1 java.awt.LightweightDispatcher.dispatchEvent(Ljava/awt/AWTEvent;)Z (73 bytes) @ 0x00000000041864b4 [0x0000000004186080+0x434]
J 2659 C1 java.awt.Container.dispatchEventImpl(Ljava/awt/AWTEvent;)V (129 bytes) @ 0x0000000003927bc4 [0x0000000003927ae0+0xe4]
J 4750 C1 java.awt.Window.dispatchEventImpl(Ljava/awt/AWTEvent;)V (23 bytes) @ 0x00000000041752ec [0x0000000004174d00+0x5ec]
J 4367 C1 java.awt.EventQueue.dispatchEventImpl(Ljava/awt/AWTEvent;Ljava/lang/Object;)V (149 bytes) @ 0x000000000408093c [0x000000000407f0c0+0x187c]
J 4365 C1 java.awt.EventQueue$3.run()Ljava/lang/Void; (60 bytes) @ 0x000000000407e49c [0x000000000407e280+0x21c]
J 4364 C1 java.awt.EventQueue$3.run()Ljava/lang/Object; (5 bytes) @ 0x000000000407df14 [0x000000000407de80+0x94]
v  ~StubRoutines::call_stub
J 1828  java.security.AccessController.doPrivileged(Ljava/security/PrivilegedAction;Ljava/security/AccessControlContext;)Ljava/lang/Object; (0 bytes) @ 0x0000000003ab4666 [0x0000000003ab4600+0x66]
J 3034 C1 java.security.ProtectionDomain$1.doIntersectionPrivilege(Ljava/security/PrivilegedAction;Ljava/security/AccessControlContext;Ljava/security/AccessControlContext;)Ljava/lang/Object; (32 bytes) @ 0x0000000003ccd74c [0x0000000003ccd440+0x30c]
J 4742 C1 java.awt.EventQueue$4.run()Ljava/lang/Object; (5 bytes) @ 0x000000000416bf24 [0x000000000416bb20+0x404]
v  ~StubRoutines::call_stub
J 1828  java.security.AccessController.doPrivileged(Ljava/security/PrivilegedAction;Ljava/security/AccessControlContext;)Ljava/lang/Object; (0 bytes) @ 0x0000000003ab4666 [0x0000000003ab4600+0x66]
J 4398 C1 java.awt.EventQueue.dispatchEvent(Ljava/awt/AWTEvent;)V (80 bytes) @ 0x0000000003e4aefc [0x0000000003e4a240+0xcbc]
J 3441 C1 org.netbeans.core.TimableEventQueue.dispatchEvent(Ljava/awt/AWTEvent;)V (43 bytes) @ 0x0000000003de7b04 [0x0000000003de7a00+0x104]
J 4373 C1 java.awt.EventDispatchThread.pumpOneEventForFilters(I)V (295 bytes) @ 0x0000000004085ebc [0x0000000004084020+0x1e9c]
j  java.awt.EventDispatchThread.pumpEventsForFilter(ILjava/awt/Conditional;Ljava/awt/EventFilter;)V+35
j  java.awt.EventDispatchThread.pumpEventsForHierarchy(ILjava/awt/Conditional;Ljava/awt/Component;)V+11
j  java.awt.EventDispatchThread.pumpEvents(ILjava/awt/Conditional;)V+4
j  java.awt.EventDispatchThread.pumpEvents(Ljava/awt/Conditional;)V+3
j  java.awt.EventDispatchThread.run()V+9
v  ~StubRoutines::call_stub

---------------  P R O C E S S  ---------------

Java Threads: ( => current thread )
  0x000000001bb3f000 JavaThread "Prism Font Disposer" daemon [_thread_blocked, id=3704, stack(0x0000000023780000,0x0000000023980000)]
  0x000000001bb3e000 JavaThread "Inactive RequestProcessor thread [Was:Logging Flush/org.netbeans.core.startup.logging.DispatchingHandler]" daemon [_thread_blocked, id=4548, stack(0x0000000023580000,0x0000000023780000)]
  0x000000001bb3d800 JavaThread "Inactive RequestProcessor thread [Was:Asynch children creator /org.openide.nodes.AsynchChildren]" daemon [_thread_blocked, id=3200, stack(0x0000000023180000,0x0000000023380000)]
  0x000000001bb3c800 JavaThread "Inactive RequestProcessor thread [Was:Timeable Event Queue Watch Dog/org.netbeans.core.TimableEventQueue]" daemon [_thread_blocked, id=5028, stack(0x0000000022f80000,0x0000000023180000)]
  0x000000001bb39000 JavaThread "TimerQueue" daemon [_thread_blocked, id=1324, stack(0x000000001f7b0000,0x000000001f9b0000)]
  0x000000001bb38000 JavaThread "Thread-6" daemon [_thread_blocked, id=5056, stack(0x000000001f3b0000,0x000000001f5b0000)]
  0x000000001b76f800 JavaThread "IM-file-ingest-1" [_thread_blocked, id=3320, stack(0x000000001f1b0000,0x000000001f3b0000)]
  0x000000001b76f000 JavaThread "IM-file-ingest-0" [_thread_blocked, id=4604, stack(0x000000001efb0000,0x000000001f1b0000)]
  0x000000001b76e000 JavaThread "IM-data-source-ingest-0" [_thread_blocked, id=4148, stack(0x000000001edb0000,0x000000001efb0000)]
  0x000000001b76d800 JavaThread "Thread-5" daemon [_thread_in_native, id=1220, stack(0x000000001e9a0000,0x000000001eba0000)]
  0x000000001b76c800 JavaThread "JavaFX Application Thread" [_thread_in_native, id=4584, stack(0x000000001d3c0000,0x000000001d5c0000)]
  0x000000001b76c000 JavaThread "Thread-4" daemon [_thread_blocked, id=3972, stack(0x000000001d1c0000,0x000000001d3c0000)]
  0x000000001b76b000 JavaThread "File Watcher" daemon [_thread_blocked, id=3940, stack(0x000000001cfc0000,0x000000001d1c0000)]
  0x000000001b76a800 JavaThread "QuantumRenderer-0" daemon [_thread_blocked, id=692, stack(0x000000001ccc0000,0x000000001cec0000)]
  0x000000001b769800 JavaThread "Inactive RequestProcessor thread [Was:Asynch children creator /org.openide.nodes.AsynchChildren]" daemon [_thread_blocked, id=2916, stack(0x000000001c340000,0x000000001c540000)]
  0x000000001b769000 JavaThread "Inactive RequestProcessor thread [Was:Asynch children creator /org.openide.nodes.AsynchChildren]" daemon [_thread_blocked, id=212, stack(0x000000001c140000,0x000000001c340000)]
  0x0000000018937000 JavaThread "org.netbeans.modules.debugger.jpda.visual AWT Access Loop" daemon [_thread_blocked, id=4220, stack(0x000000001bb40000,0x000000001bd40000)]
=>0x0000000018815000 JavaThread "AWT-EventQueue-0" [_thread_in_native, id=3256, stack(0x000000001a770000,0x000000001a970000)]
  0x00000000187c3800 JavaThread "AWT-Windows" daemon [_thread_in_native, id=3504, stack(0x000000001a570000,0x000000001a770000)]
  0x00000000187c2800 JavaThread "AWT-Shutdown" [_thread_blocked, id=5088, stack(0x000000001a370000,0x000000001a570000)]
  0x00000000187c1000 JavaThread "Java2D Disposer" daemon [_thread_blocked, id=2900, stack(0x000000001a170000,0x000000001a370000)]
  0x000000001856a800 JavaThread "RequestProcessor queue manager" daemon [_thread_blocked, id=3132, stack(0x0000000019980000,0x0000000019b80000)]
  0x0000000018590800 JavaThread "Inactive RequestProcessor thread [Was:TimedSoftReference/org.openide.util.TimedSoftReference]" daemon [_thread_blocked, id=3264, stack(0x0000000019180000,0x0000000019380000)]
  0x000000001852e000 JavaThread "CLI Requests Server" daemon [_thread_in_native, id=612, stack(0x0000000018f80000,0x0000000019180000)]
  0x000000001851a800 JavaThread "Active Reference Queue Daemon" daemon [_thread_blocked, id=2864, stack(0x0000000018c00000,0x0000000018e00000)]
  0x00000000168c4000 JavaThread "Service Thread" daemon [_thread_blocked, id=1288, stack(0x0000000018000000,0x0000000018200000)]
  0x00000000168c2800 JavaThread "C1 CompilerThread1" daemon [_thread_blocked, id=2804, stack(0x0000000017e00000,0x0000000018000000)]
  0x0000000016867800 JavaThread "C2 CompilerThread0" daemon [_thread_blocked, id=3572, stack(0x0000000017c00000,0x0000000017e00000)]
  0x0000000002dcd000 JavaThread "JDWP Command Reader" daemon [_thread_in_native, id=1224, stack(0x0000000017600000,0x0000000017800000)]
  0x0000000002dc2000 JavaThread "JDWP Event Helper Thread" daemon [_thread_blocked, id=2352, stack(0x0000000017400000,0x0000000017600000)]
  0x0000000002dc0800 JavaThread "JDWP Transport Listener: dt_socket" daemon [_thread_blocked, id=3080, stack(0x0000000017200000,0x0000000017400000)]
  0x0000000002db0800 JavaThread "Attach Listener" daemon [_thread_blocked, id=268, stack(0x0000000016d90000,0x0000000016f90000)]
  0x0000000002daf000 JavaThread "Signal Dispatcher" daemon [_thread_blocked, id=4044, stack(0x0000000016b90000,0x0000000016d90000)]
  0x00000000028fd800 JavaThread "Finalizer" daemon [_thread_blocked, id=3736, stack(0x00000000164e0000,0x00000000166e0000)]
  0x00000000028f4800 JavaThread "Reference Handler" daemon [_thread_blocked, id=1152, stack(0x00000000162e0000,0x00000000164e0000)]
  0x000000000295e800 JavaThread "main" [_thread_blocked, id=2584, stack(0x0000000000030000,0x0000000000230000)]

Other Threads:
  0x00000000028ee800 VMThread [stack: 0x00000000160e0000,0x00000000162e0000] [id=1688]
  0x00000000168c7800 WatcherThread [stack: 0x0000000018200000,0x0000000018400000] [id=3980]

VM state:not at safepoint (normal execution)

VM Mutex/Monitor currently owned by a thread: None

Heap:
 PSYoungGen      total 185856K, used 73807K [0x00000000ead80000, 0x00000000f7c80000, 0x0000000100000000)
  eden space 177664K, 36% used [0x00000000ead80000,0x00000000eed941c0,0x00000000f5b00000)
  from space 8192K, 99% used [0x00000000f6a80000,0x00000000f727fa40,0x00000000f7280000)
  to   space 15872K, 0% used [0x00000000f5b00000,0x00000000f5b00000,0x00000000f6a80000)
 ParOldGen       total 57344K, used 35066K [0x00000000c0800000, 0x00000000c4000000, 0x00000000ead80000)
  object space 57344K, 61% used [0x00000000c0800000,0x00000000c2a3ead0,0x00000000c4000000)
 Metaspace       used 47960K, capacity 50000K, committed 50224K, reserved 1091584K
  class space    used 6503K, capacity 7118K, committed 7216K, reserved 1048576K

Card table byte_map: [0x0000000012790000,0x0000000012990000] byte_map_base: 0x000000001218c000

Marking Bits: (ParMarkBitMap*) 0x00000000635a4040
 Begin Bits: [0x0000000012d90000, 0x0000000013d70000)
 End Bits:   [0x0000000013d70000, 0x0000000014d50000)

Polling page: 0x0000000000280000

CodeCache: size=245760Kb used=15881Kb max_used=15894Kb free=229878Kb
 bounds [0x00000000033d0000, 0x0000000004370000, 0x00000000123d0000]
 total_blobs=5539 nmethods=4727 adapters=731
 compilation: enabled

Compilation events (10 events):
Event: 31.524 Thread 0x00000000168c2800 5375       3       org.netbeans.modules.debugger.jpda.visual.remote.RemoteAWTService::access$000 (4 bytes)
Event: 31.524 Thread 0x00000000168c2800 nmethod 5375 0x0000000003cf9ed0 code [0x0000000003cfa020, 0x0000000003cfa170]
Event: 31.524 Thread 0x00000000168c2800 5376       3       org.netbeans.modules.debugger.jpda.visual.remote.RemoteAWTService::access$100 (4 bytes)
Event: 31.524 Thread 0x00000000168c2800 nmethod 5376 0x0000000003e17bd0 code [0x0000000003e17d20, 0x0000000003e17e70]
Event: 31.694 Thread 0x00000000168c2800 5377   !   3       java.util.concurrent.DelayQueue::offer (60 bytes)
Event: 31.696 Thread 0x00000000168c2800 nmethod 5377 0x000000000434edd0 code [0x000000000434f000, 0x000000000434fae8]
Event: 35.389 Thread 0x00000000168c2800 5378       3       java.util.TreeSet::remove (22 bytes)
Event: 35.389 Thread 0x00000000168c2800 nmethod 5378 0x0000000003c2f790 code [0x0000000003c2f900, 0x0000000003c2fba8]
Event: 35.389 Thread 0x00000000168c2800 5379       3       java.util.TreeMap::remove (24 bytes)
Event: 35.390 Thread 0x00000000168c2800 nmethod 5379 0x0000000003979490 code [0x0000000003979600, 0x00000000039798b8]

GC Heap History (10 events):
Event: 10.794 GC heap before
{Heap before GC invocations=8 (full 1):
 PSYoungGen      total 100352K, used 100020K [0x00000000ead80000, 0x00000000f3580000, 0x0000000100000000)
  eden space 97280K, 100% used [0x00000000ead80000,0x00000000f0c80000,0x00000000f0c80000)
  from space 3072K, 89% used [0x00000000f3280000,0x00000000f352d1c0,0x00000000f3580000)
  to   space 5120K, 0% used [0x00000000f2b80000,0x00000000f2b80000,0x00000000f3080000)
 ParOldGen       total 33280K, used 6537K [0x00000000c0800000, 0x00000000c2880000, 0x00000000ead80000)
  object space 33280K, 19% used [0x00000000c0800000,0x00000000c0e62600,0x00000000c2880000)
 Metaspace       used 32232K, capacity 34064K, committed 34352K, reserved 1079296K
  class space    used 4100K, capacity 4614K, committed 4656K, reserved 1048576K
Event: 10.841 GC heap after
Heap after GC invocations=8 (full 1):
 PSYoungGen      total 134144K, used 5114K [0x00000000ead80000, 0x00000000f4a80000, 0x0000000100000000)
  eden space 129024K, 0% used [0x00000000ead80000,0x00000000ead80000,0x00000000f2b80000)
  from space 5120K, 99% used [0x00000000f2b80000,0x00000000f307ea40,0x00000000f3080000)
  to   space 8704K, 0% used [0x00000000f4200000,0x00000000f4200000,0x00000000f4a80000)
 ParOldGen       total 33280K, used 12042K [0x00000000c0800000, 0x00000000c2880000, 0x00000000ead80000)
  object space 33280K, 36% used [0x00000000c0800000,0x00000000c13c2810,0x00000000c2880000)
 Metaspace       used 32232K, capacity 34064K, committed 34352K, reserved 1079296K
  class space    used 4100K, capacity 4614K, committed 4656K, reserved 1048576K
}
Event: 11.358 GC heap before
{Heap before GC invocations=9 (full 1):
 PSYoungGen      total 134144K, used 112032K [0x00000000ead80000, 0x00000000f4a80000, 0x0000000100000000)
  eden space 129024K, 82% used [0x00000000ead80000,0x00000000f15e9750,0x00000000f2b80000)
  from space 5120K, 99% used [0x00000000f2b80000,0x00000000f307ea40,0x00000000f3080000)
  to   space 8704K, 0% used [0x00000000f4200000,0x00000000f4200000,0x00000000f4a80000)
 ParOldGen       total 33280K, used 12042K [0x00000000c0800000, 0x00000000c2880000, 0x00000000ead80000)
  object space 33280K, 36% used [0x00000000c0800000,0x00000000c13c2810,0x00000000c2880000)
 Metaspace       used 33446K, capacity 35286K, committed 35496K, reserved 1079296K
  class space    used 4300K, capacity 4807K, committed 4912K, reserved 1048576K
Event: 11.379 GC heap after
Heap after GC invocations=9 (full 1):
 PSYoungGen      total 152064K, used 5773K [0x00000000ead80000, 0x00000000f8180000, 0x0000000100000000)
  eden space 143360K, 0% used [0x00000000ead80000,0x00000000ead80000,0x00000000f3980000)
  from space 8704K, 66% used [0x00000000f4200000,0x00000000f47a3788,0x00000000f4a80000)
  to   space 8704K, 0% used [0x00000000f3980000,0x00000000f3980000,0x00000000f4200000)
 ParOldGen       total 33280K, used 12050K [0x00000000c0800000, 0x00000000c2880000, 0x00000000ead80000)
  object space 33280K, 36% used [0x00000000c0800000,0x00000000c13c4810,0x00000000c2880000)
 Metaspace       used 33446K, capacity 35286K, committed 35496K, reserved 1079296K
  class space    used 4300K, capacity 4807K, committed 4912K, reserved 1048576K
}
Event: 11.379 GC heap before
{Heap before GC invocations=10 (full 2):
 PSYoungGen      total 152064K, used 5773K [0x00000000ead80000, 0x00000000f8180000, 0x0000000100000000)
  eden space 143360K, 0% used [0x00000000ead80000,0x00000000ead80000,0x00000000f3980000)
  from space 8704K, 66% used [0x00000000f4200000,0x00000000f47a3788,0x00000000f4a80000)
  to   space 8704K, 0% used [0x00000000f3980000,0x00000000f3980000,0x00000000f4200000)
 ParOldGen       total 33280K, used 12050K [0x00000000c0800000, 0x00000000c2880000, 0x00000000ead80000)
  object space 33280K, 36% used [0x00000000c0800000,0x00000000c13c4810,0x00000000c2880000)
 Metaspace       used 33446K, capacity 35286K, committed 35496K, reserved 1079296K
  class space    used 4300K, capacity 4807K, committed 4912K, reserved 1048576K
Event: 11.521 GC heap after
Heap after GC invocations=10 (full 2):
 PSYoungGen      total 152064K, used 0K [0x00000000ead80000, 0x00000000f8180000, 0x0000000100000000)
  eden space 143360K, 0% used [0x00000000ead80000,0x00000000ead80000,0x00000000f3980000)
  from space 8704K, 0% used [0x00000000f4200000,0x00000000f4200000,0x00000000f4a80000)
  to   space 8704K, 0% used [0x00000000f3980000,0x00000000f3980000,0x00000000f4200000)
 ParOldGen       total 57344K, used 17100K [0x00000000c0800000, 0x00000000c4000000, 0x00000000ead80000)
  object space 57344K, 29% used [0x00000000c0800000,0x00000000c18b33c0,0x00000000c4000000)
 Metaspace       used 33446K, capacity 35286K, committed 35496K, reserved 1079296K
  class space    used 4300K, capacity 4807K, committed 4912K, reserved 1048576K
}
Event: 13.248 GC heap before
{Heap before GC invocations=11 (full 2):
 PSYoungGen      total 152064K, used 143360K [0x00000000ead80000, 0x00000000f8180000, 0x0000000100000000)
  eden space 143360K, 100% used [0x00000000ead80000,0x00000000f3980000,0x00000000f3980000)
  from space 8704K, 0% used [0x00000000f4200000,0x00000000f4200000,0x00000000f4a80000)
  to   space 8704K, 0% used [0x00000000f3980000,0x00000000f3980000,0x00000000f4200000)
 ParOldGen       total 57344K, used 17100K [0x00000000c0800000, 0x00000000c4000000, 0x00000000ead80000)
  object space 57344K, 29% used [0x00000000c0800000,0x00000000c18b33c0,0x00000000c4000000)
 Metaspace       used 43677K, capacity 45494K, committed 45744K, reserved 1089536K
  class space    used 5930K, capacity 6474K, committed 6576K, reserved 1048576K
Event: 13.265 GC heap after
Heap after GC invocations=11 (full 2):
 PSYoungGen      total 152064K, used 4290K [0x00000000ead80000, 0x00000000f7280000, 0x0000000100000000)
  eden space 143360K, 0% used [0x00000000ead80000,0x00000000ead80000,0x00000000f3980000)
  from space 8704K, 49% used [0x00000000f3980000,0x00000000f3db09e0,0x00000000f4200000)
  to   space 8192K, 0% used [0x00000000f6a80000,0x00000000f6a80000,0x00000000f7280000)
 ParOldGen       total 57344K, used 17108K [0x00000000c0800000, 0x00000000c4000000, 0x00000000ead80000)
  object space 57344K, 29% used [0x00000000c0800000,0x00000000c18b53c0,0x00000000c4000000)
 Metaspace       used 43677K, capacity 45494K, committed 45744K, reserved 1089536K
  class space    used 5930K, capacity 6474K, committed 6576K, reserved 1048576K
}
Event: 22.531 GC heap before
{Heap before GC invocations=12 (full 2):
 PSYoungGen      total 152064K, used 147650K [0x00000000ead80000, 0x00000000f7280000, 0x0000000100000000)
  eden space 143360K, 100% used [0x00000000ead80000,0x00000000f3980000,0x00000000f3980000)
  from space 8704K, 49% used [0x00000000f3980000,0x00000000f3db09e0,0x00000000f4200000)
  to   space 8192K, 0% used [0x00000000f6a80000,0x00000000f6a80000,0x00000000f7280000)
 ParOldGen       total 57344K, used 17108K [0x00000000c0800000, 0x00000000c4000000, 0x00000000ead80000)
  object space 57344K, 29% used [0x00000000c0800000,0x00000000c18b53c0,0x00000000c4000000)
 Metaspace       used 47232K, capacity 49232K, committed 49328K, reserved 1091584K
  class space    used 6444K, capacity 7044K, committed 7088K, reserved 1048576K
Event: 22.558 GC heap after
Heap after GC invocations=12 (full 2):
 PSYoungGen      total 185856K, used 8190K [0x00000000ead80000, 0x00000000f7c80000, 0x0000000100000000)
  eden space 177664K, 0% used [0x00000000ead80000,0x00000000ead80000,0x00000000f5b00000)
  from space 8192K, 99% used [0x00000000f6a80000,0x00000000f727fa40,0x00000000f7280000)
  to   space 15872K, 0% used [0x00000000f5b00000,0x00000000f5b00000,0x00000000f6a80000)
 ParOldGen       total 57344K, used 35066K [0x00000000c0800000, 0x00000000c4000000, 0x00000000ead80000)
  object space 57344K, 61% used [0x00000000c0800000,0x00000000c2a3ead0,0x00000000c4000000)
 Metaspace       used 47232K, capacity 49232K, committed 49328K, reserved 1091584K
  class space    used 6444K, capacity 7044K, committed 7088K, reserved 1048576K
}

Deoptimization events (10 events):
Event: 23.207 Thread 0x0000000018815000 Uncommon trap: reason=unstable_if action=reinterpret pc=0x00000000040bf6e4 method=javax.swing.text.StyleContext$SmallAttributeSet.getLocalAttribute(Ljava/lang/Object;)Ljava/lang/Object; @ 4
Event: 24.011 Thread 0x000000001bb3c000 Uncommon trap: reason=unstable_if action=reinterpret pc=0x00000000041f6964 method=org.netbeans.TopSecurityManager.checkPropertyAccess(Ljava/lang/String;)V @ 130
Event: 24.019 Thread 0x000000001bb3c000 Uncommon trap: reason=unstable_if action=reinterpret pc=0x00000000038c6b74 method=java.util.regex.Matcher.find()Z @ 10
Event: 24.170 Thread 0x0000000018815000 Uncommon trap: reason=unstable_if action=reinterpret pc=0x0000000003844eb0 method=sun.nio.cs.UTF_8$Decoder.decode([BII[C)I @ 30
Event: 24.170 Thread 0x0000000018815000 Uncommon trap: reason=unstable_if action=reinterpret pc=0x0000000003735c68 method=java.lang.String.trim()Ljava/lang/String; @ 44
Event: 26.135 Thread 0x000000001bb3c000 Uncommon trap: reason=predicate action=maybe_recompile pc=0x0000000004329ba4 method=java.util.AbstractCollection.toArray([Ljava/lang/Object;)[Ljava/lang/Object; @ 49
Event: 26.675 Thread 0x000000001bb3c000 Uncommon trap: reason=array_check action=maybe_recompile pc=0x00000000043462c8 method=java.util.AbstractCollection.toArray([Ljava/lang/Object;)[Ljava/lang/Object; @ 119
Event: 26.675 Thread 0x000000001bb3c000 Uncommon trap: reason=array_check action=maybe_recompile pc=0x00000000043462c8 method=java.util.AbstractCollection.toArray([Ljava/lang/Object;)[Ljava/lang/Object; @ 119
Event: 26.675 Thread 0x000000001bb3c000 Uncommon trap: reason=array_check action=maybe_recompile pc=0x00000000043462c8 method=java.util.AbstractCollection.toArray([Ljava/lang/Object;)[Ljava/lang/Object; @ 119
Event: 26.675 Thread 0x000000001bb3c000 Uncommon trap: reason=array_check action=maybe_recompile pc=0x00000000043462c8 method=java.util.AbstractCollection.toArray([Ljava/lang/Object;)[Ljava/lang/Object; @ 119

Internal exceptions (10 events):
Event: 22.702 Thread 0x0000000018815000 Exception <a 'java/lang/ClassNotFoundException': java/lang/LongEditor> (0x00000000eb70ee10) thrown at [C:\re\workspace\8-2-build-windows-amd64-cygwin\jdk8u51\3951\hotspot\src\share\vm\classfile\systemDictionary.cpp, line 210]
Event: 22.706 Thread 0x0000000018815000 Exception <a 'java/lang/ClassNotFoundException': java/lang/StringEditor> (0x00000000eb81b610) thrown at [C:\re\workspace\8-2-build-windows-amd64-cygwin\jdk8u51\3951\hotspot\src\share\vm\classfile\systemDictionary.cpp, line 210]
Event: 22.707 Thread 0x000000001bb3c800 Exception <a 'java/lang/ArrayIndexOutOfBoundsException': 22> (0x00000000eb7a73a0) thrown at [C:\re\workspace\8-2-build-windows-amd64-cygwin\jdk8u51\3951\hotspot\src\share\vm\interpreter\interpreterRuntime.cpp, line 366]
Event: 22.709 Thread 0x000000001bb3c800 Exception <a 'java/lang/ArrayIndexOutOfBoundsException': 18> (0x00000000eb7a8288) thrown at [C:\re\workspace\8-2-build-windows-amd64-cygwin\jdk8u51\3951\hotspot\src\share\vm\interpreter\interpreterRuntime.cpp, line 366]
Event: 22.710 Thread 0x000000001bb3c800 Exception <a 'java/lang/ArrayIndexOutOfBoundsException'> (0x00000000eb7a9c98) thrown at [C:\re\workspace\8-2-build-windows-amd64-cygwin\jdk8u51\3951\hotspot\src\share\vm\runtime\sharedRuntime.cpp, line 605]
Event: 22.716 Thread 0x000000001bb3c800 Exception <a 'java/lang/ArrayIndexOutOfBoundsException'> (0x00000000eb7ac8d8) thrown at [C:\re\workspace\8-2-build-windows-amd64-cygwin\jdk8u51\3951\hotspot\src\share\vm\runtime\sharedRuntime.cpp, line 605]
Event: 22.730 Thread 0x000000001bb3c800 Exception <a 'java/lang/ArrayIndexOutOfBoundsException'> (0x00000000eb7ae4a0) thrown at [C:\re\workspace\8-2-build-windows-amd64-cygwin\jdk8u51\3951\hotspot\src\share\vm\runtime\sharedRuntime.cpp, line 605]
Event: 22.732 Thread 0x000000001bb3c800 Exception <a 'java/lang/ArrayIndexOutOfBoundsException'> (0x00000000eb7b0da0) thrown at [C:\re\workspace\8-2-build-windows-amd64-cygwin\jdk8u51\3951\hotspot\src\share\vm\runtime\sharedRuntime.cpp, line 605]
Event: 22.932 Thread 0x000000001bb3c000 Exception <a 'java/lang/NoSuchMethodError': <clinit>> (0x00000000ec8125f8) thrown at [C:\re\workspace\8-2-build-windows-amd64-cygwin\jdk8u51\3951\hotspot\src\share\vm\prims\jni.cpp, line 1598]
Event: 23.187 Thread 0x000000001bb39800 Exception <a 'java/io/FileNotFoundException'> (0x00000000eca04108) thrown at [C:\re\workspace\8-2-build-windows-amd64-cygwin\jdk8u51\3951\hotspot\src\share\vm\prims\jni.cpp, line 709]

Events (10 events):
Event: 37.805 Executing VM operation: ChangeSingleStep
Event: 37.805 Executing VM operation: ChangeSingleStep done
Event: 37.811 Executing VM operation: ChangeSingleStep
Event: 37.811 Executing VM operation: ChangeSingleStep done
Event: 37.812 Executing VM operation: GetCurrentLocation
Event: 37.812 Executing VM operation: GetCurrentLocation done
Event: 37.812 Executing VM operation: ChangeSingleStep
Event: 37.812 Executing VM operation: ChangeSingleStep done
Event: 37.812 Executing VM operation: ChangeSingleStep
Event: 37.812 Executing VM operation: ChangeSingleStep done


Dynamic libraries:
0x0000000000400000 - 0x000000000043a000 	C:\Program Files\Autopsy-3.1.3\platform\lib\nbexec64.exe
0x0000000076d90000 - 0x0000000076f16000 	C:\Windows\system32\ntdll.dll
0x0000000076c60000 - 0x0000000076d8d000 	C:\Windows\system32\kernel32.dll
0x000007fefd7e0000 - 0x000007fefd8e8000 	C:\Windows\system32\ADVAPI32.dll
0x000007fefdc50000 - 0x000007fefdd93000 	C:\Windows\system32\RPCRT4.dll
0x000007fefea00000 - 0x000007fefea9c000 	C:\Windows\system32\msvcrt.dll
0x00000000768d0000 - 0x000000007699d000 	C:\Windows\system32\USER32.dll
0x000007fefeaa0000 - 0x000007fefeb04000 	C:\Windows\system32\GDI32.dll
0x000007fefdc20000 - 0x000007fefdc4d000 	C:\Windows\system32\IMM32.DLL
0x000007fefed90000 - 0x000007fefee92000 	C:\Windows\system32\MSCTF.dll
0x000007fefd8f0000 - 0x000007fefd8fd000 	C:\Windows\system32\LPK.DLL
0x000007fefeea0000 - 0x000007fefef3b000 	C:\Windows\system32\USP10.dll
0x0000000063c80000 - 0x0000000063dd4000 	C:\Program Files\Autopsy-3.1.3\platform\lib\nbexec64.dll
0x0000000062da0000 - 0x0000000063623000 	C:\Program Files\Java\jdk1.8.0_51\jre\bin\server\jvm.dll
0x000007fef9e50000 - 0x000007fef9e59000 	C:\Windows\system32\WSOCK32.dll
0x000007fefdbd0000 - 0x000007fefdc14000 	C:\Windows\system32\WS2_32.dll
0x000007fefef40000 - 0x000007fefef47000 	C:\Windows\system32\NSI.dll
0x000007fefc310000 - 0x000007fefc349000 	C:\Windows\system32\WINMM.dll
0x000007fefd900000 - 0x000007fefdad8000 	C:\Windows\system32\ole32.dll
0x000007fefef50000 - 0x000007feff023000 	C:\Windows\system32\OLEAUT32.dll
0x000007fefc2b0000 - 0x000007fefc305000 	C:\Windows\system32\OLEACC.dll
0x000007fefcbf0000 - 0x000007fefcbfb000 	C:\Windows\system32\VERSION.dll
0x0000000076f30000 - 0x0000000076f39000 	C:\Windows\system32\PSAPI.DLL
0x000000006d2d0000 - 0x000000006d3a2000 	C:\Program Files\Java\jdk1.8.0_51\jre\bin\MSVCR100.dll
0x000000006f220000 - 0x000000006f259000 	C:\Program Files\Java\jdk1.8.0_51\jre\bin\splashscreen.dll
0x0000000070ee0000 - 0x0000000070eef000 	C:\Program Files\Java\jdk1.8.0_51\jre\bin\verify.dll
0x000000006e100000 - 0x000000006e129000 	C:\Program Files\Java\jdk1.8.0_51\jre\bin\java.dll
0x000000006d450000 - 0x000000006d485000 	C:\Program Files\Java\jdk1.8.0_51\jre\bin\jdwp.dll
0x0000000070700000 - 0x0000000070708000 	C:\Program Files\Java\jdk1.8.0_51\jre\bin\npt.dll
0x000000006fe20000 - 0x000000006fe36000 	C:\Program Files\Java\jdk1.8.0_51\jre\bin\zip.dll
0x000007fefc410000 - 0x000007fefc461000 	C:\Windows\system32\uxtheme.dll
0x000007fefdda0000 - 0x000007fefe9f3000 	C:\Windows\system32\SHELL32.dll
0x000007feff030000 - 0x000007feff0a3000 	C:\Windows\system32\SHLWAPI.dll
0x000007fefc070000 - 0x000007fefc269000 	C:\Windows\WinSxS\amd64_microsoft.windows.common-controls_6595b64144ccf1df_6.0.6002.19373_none_151129cef4086113\comctl32.dll
0x000007fefd630000 - 0x000007fefd656000 	C:\Windows\system32\USERENV.dll
0x000007fefd610000 - 0x000007fefd62c000 	C:\Windows\system32\Secur32.dll
0x0000000070a30000 - 0x0000000070a39000 	C:\Program Files\Java\jdk1.8.0_51\jre\bin\dt_socket.dll
0x000007fefcb60000 - 0x000007fefcbaf000 	C:\Windows\system32\mswsock.dll
0x000007fefcb50000 - 0x000007fefcb57000 	C:\Windows\System32\wshtcpip.dll
0x000000006ee90000 - 0x000000006eeaa000 	C:\Program Files\Java\jdk1.8.0_51\jre\bin\net.dll
0x000007fefcbe0000 - 0x000007fefcbe7000 	C:\Windows\System32\wship6.dll
0x000000006e970000 - 0x000000006e981000 	C:\Program Files\Java\jdk1.8.0_51\jre\bin\nio.dll
0x000007fefcdf0000 - 0x000007fefce13000 	C:\Windows\system32\IPHLPAPI.DLL
0x000007fefcda0000 - 0x000007fefcde5000 	C:\Windows\system32\dhcpcsvc.DLL
0x000007fefd0b0000 - 0x000007fefd0ea000 	C:\Windows\system32\DNSAPI.dll
0x000007fefcd90000 - 0x000007fefcd9a000 	C:\Windows\system32\WINNSI.DLL
0x000007fefcd60000 - 0x000007fefcd8b000 	C:\Windows\system32\dhcpcsvc6.DLL
0x000000006c250000 - 0x000000006c3e8000 	C:\Program Files\Java\jdk1.8.0_51\jre\bin\awt.dll
0x000007fefc840000 - 0x000007fefc888000 	C:\Windows\system32\rsaenh.dll
0x000007fefc590000 - 0x000007fefc5a1000 	C:\Windows\system32\DWMAPI.DLL
0x000007fefbc10000 - 0x000007fefbc23000 	C:\Windows\system32\NLAapi.dll
0x000007fefa160000 - 0x000007fefa173000 	C:\Windows\system32\napinsp.dll
0x000007fefa140000 - 0x000007fefa157000 	C:\Windows\system32\pnrpnsp.dll
0x000007fefa190000 - 0x000007fefa19b000 	C:\Windows\System32\winrnr.dll
0x000007fefdae0000 - 0x000007fefdb35000 	C:\Windows\system32\WLDAP32.dll
0x0000000072ea0000 - 0x0000000072ec6000 	C:\Program Files\Bonjour\mdnsNSP.dll
0x000007fefa7b0000 - 0x000007fefa7b8000 	C:\Windows\system32\rasadhlp.dll
0x000000006dfd0000 - 0x000000006e017000 	C:\Program Files\Java\jdk1.8.0_51\jre\bin\fontmanager.dll
0x000000006ca70000 - 0x000000006cb42000 	C:\Program Files\Autopsy-3.1.3\autopsy\modules\lib\amd64\msvcr100.dll
0x000000006d3b0000 - 0x000000006d448000 	C:\Program Files\Autopsy-3.1.3\autopsy\modules\lib\amd64\msvcp100.dll
0x0000000180000000 - 0x0000000180018000 	C:\Program Files\Autopsy-3.1.3\autopsy\modules\lib\amd64\zlib.dll
0x0000000019d80000 - 0x0000000019e79000 	C:\Program Files\Autopsy-3.1.3\autopsy\modules\lib\amd64\libewf.dll
0x000007fef0a40000 - 0x000007fef0b7b000 	C:\Users\Stacey\AppData\Local\Temp\libtsk_jni.dll
0x00000000020f0000 - 0x0000000002128000 	C:\Program Files\Autopsy-3.1.3\platform\modules\lib\amd64\jnidispatch-340.dll
0x000000006dc60000 - 0x000000006dc8c000 	C:\Program Files\Java\jdk1.8.0_51\jre\bin\prism_d3d.dll
0x000007fef6890000 - 0x000007fef6a6f000 	C:\Windows\system32\d3d9.dll
0x000007fefc580000 - 0x000007fefc587000 	C:\Windows\system32\d3d8thk.dll
0x000000006e020000 - 0x000000006e032000 	C:\Program Files\Java\jdk1.8.0_51\jre\bin\prism_sw.dll
0x000000006d280000 - 0x000000006d2c1000 	C:\Program Files\Java\jdk1.8.0_51\jre\bin\glass.dll
0x000007fefdb40000 - 0x000007fefdbcc000 	C:\Windows\system32\COMDLG32.dll
0x0000000002dd0000 - 0x0000000002e40000 	C:\Program Files\Autopsy-3.1.3\autopsy\modules\lib\amd64\libsigar.dll
0x000007fef4bf0000 - 0x000007fef4c40000 	C:\Windows\system32\pdh.dll
0x000007fefd1c0000 - 0x000007fefd263000 	C:\Windows\system32\NETAPI32.dll
0x000007fefc7d0000 - 0x000007fefc7fc000 	C:\Windows\system32\NTMARTA.DLL
0x000007fefd090000 - 0x000007fefd0ac000 	C:\Windows\system32\SAMLIB.dll
0x000007fefc390000 - 0x000007fefc39e000 	C:\Windows\system32\perfproc.dll
0x000000006dce0000 - 0x000000006dd22000 	C:\Program Files\Java\jdk1.8.0_51\jre\bin\t2k.dll
0x000007fefeb10000 - 0x000007fefeba9000 	C:\Windows\system32\CLBCatQ.DLL
0x000007fefb320000 - 0x000007fefb44e000 	C:\Windows\system32\WindowsCodecs.dll
0x000007fefd540000 - 0x000007fefd575000 	C:\Windows\system32\apphelp.dll
0x000007fefbe10000 - 0x000007fefbe41000 	C:\Users\Stacey\AppData\Roaming\Dropbox\bin\DropboxExt64.25.dll
0x00000000704c0000 - 0x0000000070585000 	C:\Program Files\AVAST Software\Avast\ashShA64.dll
0x000007fefb9f0000 - 0x000007fefbc0c000 	C:\Windows\WinSxS\amd64_microsoft.windows.gdiplus_6595b64144ccf1df_1.0.6002.19386_none_56ab69c1b5946774\gdiplus.dll
0x000007fef4d50000 - 0x000007fef5054000 	C:\Windows\system32\msi.dll
0x000007fefb7c0000 - 0x000007fefb7e2000 	C:\Windows\system32\EhStorShell.dll
0x000007fefbcf0000 - 0x000007fefbdd5000 	C:\Windows\system32\PROPSYS.dll
0x000007fefaaf0000 - 0x000007fefab90000 	C:\Windows\WinSxS\amd64_microsoft.windows.common-controls_6595b64144ccf1df_5.82.6002.19373_none_4145c9465547549a\comctl32.dll
0x00000000708e0000 - 0x00000000708ed000 	C:\Program Files\Java\jdk1.8.0_51\jre\bin\management.dll
0x000000006e140000 - 0x000000006e1ed000 	C:\Users\Stacey\AppData\Local\Temp\sqlite-3.7.151-amd64-sqlitejdbc.dll
0x000000006d260000 - 0x000000006d275000 	C:\Program Files\Java\jdk1.8.0_51\jre\bin\javafx_font.dll
0x000000006cd10000 - 0x000000006ce92000 	C:\Windows\system32\dwrite.dll
0x000000006d240000 - 0x000000006d251000 	C:\Program Files\Java\jdk1.8.0_51\jre\bin\prism_common.dll
0x000000006cea0000 - 0x000000006cf71000 	C:\Windows\system32\d2d1.dll
0x000007fef7180000 - 0x000007fef71b4000 	C:\Windows\system32\d3d10_1.dll
0x000007fef42a0000 - 0x000007fef42f6000 	C:\Windows\system32\d3d10_1core.dll
0x000007fef25e0000 - 0x000007fef2685000 	C:\Windows\system32\dxgi.dll
0x000000006ae50000 - 0x000000006b049000 	C:\Windows\system32\D3D10Warp.dll
0x000007fefbc50000 - 0x000007fefbc89000 	C:\Windows\system32\WINTRUST.dll
0x000007fefcec0000 - 0x000007fefcffb000 	C:\Windows\system32\CRYPT32.dll
0x000007fefd070000 - 0x000007fefd089000 	C:\Windows\system32\MSASN1.dll
0x000007fefd7c0000 - 0x000007fefd7d8000 	C:\Windows\system32\imagehlp.dll
0x000000006fde0000 - 0x000000006fdf7000 	C:\Program Files\Java\jdk1.8.0_51\jre\bin\decora_sse.dll
0x000007fef8070000 - 0x000007fef8183000 	C:\Windows\system32\dbghelp.dll

VM Arguments:
jvm_args: -Dnetbeans.logger.console=true -ea -Xdebug -Xrunjdwp:transport=dt_socket,suspend=y,server=n,address=127.0.0.1:50514 -Djdk.home=C:\Program Files\Java\jdk1.8.0_51 -splash:C:\Users\Stacey\Documents\NetBeansProjects\SqlGrab\build\testuserdir\var\cache\splash.png -Dnetbeans.home=C:\Program Files\Autopsy-3.1.3\platform -Dnetbeans.user=C:\Users\Stacey\Documents\NetBeansProjects\SqlGrab\build\testuserdir -Dnetbeans.default_userdir_root= -XX:+HeapDumpOnOutOfMemoryError -XX:HeapDumpPath=C:\Users\Stacey\Documents\NetBeansProjects\SqlGrab\build\testuserdir\var\log\heapdump.hprof -Dnetbeans.system_http_proxy=DIRECT -Dsun.awt.keepWorkingSetOnMinimize=true -Dnetbeans.dirs=C:\Users\Stacey\Documents\NetBeansProjects\SqlGrab\build\cluster;C:\Program Files\Autopsy-3.1.3\autopsy;C:\Program Files\Autopsy-3.1.3\harness;C:\Program Files\Autopsy-3.1.3\java;C:\Program Files\Autopsy-3.1.3\platform exit 
java_command: <unknown>
java_class_path (initial): C:\Program Files\Autopsy-3.1.3\platform\lib\boot.jar;C:\Program Files\Autopsy-3.1.3\platform\lib\org-openide-modules.jar;C:\Program Files\Autopsy-3.1.3\platform\lib\org-openide-util-lookup.jar;C:\Program Files\Autopsy-3.1.3\platform\lib\org-openide-util.jar;C:\Program Files\Autopsy-3.1.3\platform\lib\locale\boot_ja.jar;C:\Program Files\Autopsy-3.1.3\platform\lib\locale\boot_pt_BR.jar;C:\Program Files\Autopsy-3.1.3\platform\lib\locale\boot_ru.jar;C:\Program Files\Autopsy-3.1.3\platform\lib\locale\boot_zh_CN.jar;C:\Program Files\Autopsy-3.1.3\platform\lib\locale\org-openide-modules_ja.jar;C:\Program Files\Autopsy-3.1.3\platform\lib\locale\org-openide-modules_pt_BR.jar;C:\Program Files\Autopsy-3.1.3\platform\lib\locale\org-openide-modules_ru.jar;C:\Program Files\Autopsy-3.1.3\platform\lib\locale\org-openide-modules_zh_CN.jar;C:\Program Files\Autopsy-3.1.3\platform\lib\locale\org-openide-util-lookup_ja.jar;C:\Program Files\Autopsy-3.1.3\platform\lib\locale\org-openide-util-lookup_pt_BR.jar;C:\Program Files\Autopsy-3.1.3\platform\lib\locale\org-openide-util-lookup_ru.jar;C:\Program Files\Autopsy-3.1.3\platform\lib\locale\org-openide-util-lookup_zh_CN.jar;C:\Program Files\Autopsy-3.1.3\platform\lib\locale\org-openide-util_ja.jar;C:\Program Files\Autopsy-3.1.3\platform\lib\locale\org-openide-util_pt_BR.jar;C:\Program Files\Autopsy-3.1.3\platform\lib\locale\org-openide-util_ru.jar;C:\Program Files\Autopsy-3.1.3\platform\lib\locale\org-openide-util_zh_CN.jar;C:\Program Files\Java\jdk1.8.0_51\lib\dt.jar;C:\Program Files\Java\jdk1.8.0_51\lib\tools.jar
Launcher Type: generic

Environment Variables:
PATH=C:\ProgramData\Oracle\Java\javapath;C:\Windows\system32;C:\Windows;C:\Windows\System32\Wbem;C:\Program Files (x86)\Python;C:\Windows\System32\WindowsPowerShell\v1.0\;C:\Program Files (x86)\Skype\Phone\;C:\Program Files (x86)\QuickTime\QTSystem\
USERNAME=Stacey
OS=Windows_NT
PROCESSOR_IDENTIFIER=Intel64 Family 6 Model 23 Stepping 10, GenuineIntel



---------------  S Y S T E M  ---------------

OS: Windows Vista , 64 bit Build 6002 (6.0.6002.19381)

CPU:total 2 (2 cores per cpu, 1 threads per core) family 6 model 23 stepping 10, cmov, cx8, fxsr, mmx, sse, sse2, sse3, ssse3, tsc

Memory: 4k page, physical 4157708k(1122804k free), swap 8544048k(4783912k free)

vm_info: Java HotSpot(TM) 64-Bit Server VM (25.51-b03) for windows-amd64 JRE (1.8.0_51-b16), built on Jun  8 2015 18:03:07 by "java_re" with MS VC++ 10.0 (VS2010)

time: Sun Aug 09 12:17:39 2015
elapsed time: 37 seconds (0d 0h 0m 37s)

