#
# A fatal error has been detected by the Java Runtime Environment:
#
#  EXCEPTION_ACCESS_VIOLATION (0xc0000005) at pc=0x000000006e1482b8, pid=172, tid=1180
#
# JRE version: Java(TM) SE Runtime Environment (8.0_51-b16) (build 1.8.0_51-b16)
# Java VM: Java HotSpot(TM) 64-Bit Server VM (25.51-b03 mixed mode windows-amd64 compressed oops)
# Problematic frame:
# C  [sqlite-3.7.151-amd64-sqlitejdbc.dll+0x82b8]
#
# Failed to write core dump. Minidumps are not enabled by default on client versions of Windows
#
# If you would like to submit a bug report, please visit:
#   http://bugreport.java.com/bugreport/crash.jsp
# The crash happened outside the Java Virtual Machine in native code.
# See problematic frame for where to report the bug.
#

---------------  T H R E A D  ---------------

Current thread (0x000000001878b000):  JavaThread "AWT-EventQueue-0" [_thread_in_native, id=1180, stack(0x000000001a710000,0x000000001a910000)]

siginfo: ExceptionCode=0xc0000005, reading address 0x0000000000000000

Registers:
RAX=0x000000006e142480, RBX=0x0000000000000000, RCX=0x0000000000000000, RDX=0x0000000000000000
RSP=0x000000001a90c8a0, RBP=0x000000001a90c9b8, RSI=0x00000000200039c6, RDI=0x0000000090000021
R8 =0x000000006e16fd30, R9 =0x0000000000000000, R10=0x00000000032cb7e2, R11=0x0000000062fc7bb0
R12=0x0000000000000000, R13=0x0000000021679058, R14=0x000000001a90c9f0, R15=0x000000001878b000
RIP=0x000000006e1482b8, EFLAGS=0x0000000000010246

Top of Stack: (sp=0x000000001a90c8a0)
0x000000001a90c8a0:   0000000018773d00 0000000062e56b12
0x000000001a90c8b0:   000000001a90dd28 0000000062e56c52
0x000000001a90c8c0:   0000000021679058 000000001878b000
0x000000001a90c8d0:   000000001878b1f8 00000000200039c6
0x000000001a90c8e0:   0000000090000021 000000006e142493
0x000000001a90c8f0:   000000001a90c9b8 000000001a90c968
0x000000001a90c900:   000000001a90c968 00000000032cb393
0x000000001a90c910:   0000000021679058 00000000032cb80e
0x000000001a90c920:   000000001a90c9b8 000000001a90c968
0x000000001a90c930:   000000001a90c9b8 00000000032cb3d9
0x000000001a90c940:   000000001878b000 0000000021679058
0x000000001a90c950:   0000000090000021 000000001a90c980
0x000000001a90c960:   00000000032cb393 000000001878b000
0x000000001a90c970:   00000000ed11c5c0 000000001a90c968
0x000000001a90c980:   0000000021679058 000000001a90c9f0
0x000000001a90c990:   000000002167c4a8 0000000000000000 

Instructions: (pc=0x000000006e1482b8)
0x000000006e148298:   c4 08 c3 0f 1f 44 00 00 48 83 ec 48 85 d2 48 89
0x000000006e1482a8:   5c 24 30 48 89 74 24 38 48 89 cb 48 89 7c 24 40
0x000000006e1482b8:   48 8b 31 0f b7 41 48 78 7f 39 c2 7d 7b 44 89 cf
0x000000006e1482c8:   48 8b 4e 18 0f af f8 01 d7 48 85 c9 74 10 4c 89 


Register to memory mapping:

RAX=0x000000006e142480 is an unknown value
RBX=0x0000000000000000 is an unknown value
RCX=0x0000000000000000 is an unknown value
RDX=0x0000000000000000 is an unknown value
RSP=0x000000001a90c8a0 is pointing into the stack for thread: 0x000000001878b000
RBP=0x000000001a90c9b8 is pointing into the stack for thread: 0x000000001878b000
RSI=0x00000000200039c6 is an unknown value
RDI=0x0000000090000021 is an unknown value
R8 =0x000000006e16fd30 is an unknown value
R9 =0x0000000000000000 is an unknown value
R10=0x00000000032cb7e2 is at code_begin+2178 in an Interpreter codelet
method entry point (kind = native_synchronized)  [0x00000000032caf60, 0x00000000032cc1a0]  4672 bytes
R11=0x0000000062fc7bb0 is an unknown value
R12=0x0000000000000000 is an unknown value
R13={method} {0x0000000021679060} 'column_name' '(JI)Ljava/lang/String;' in 'org/sqlite/NativeDB'
R14=0x000000001a90c9f0 is pointing into the stack for thread: 0x000000001878b000
R15=0x000000001878b000 is a thread


Stack: [0x000000001a710000,0x000000001a910000],  sp=0x000000001a90c8a0,  free space=2034k
Native frames: (J=compiled Java code, j=interpreted, Vv=VM code, C=native code)
C  [sqlite-3.7.151-amd64-sqlitejdbc.dll+0x82b8]

Java frames: (J=compiled Java code, j=interpreted, Vv=VM code)
j  org.sqlite.NativeDB.column_name(JI)Ljava/lang/String;+0
j  org.sqlite.RS.getColumnName(I)Ljava/lang/String;+16
j  SqlGrab.FillTable.setHeader(I)V+14
j  SqlGrab.FillTable.setRS(Ljava/sql/ResultSet;)V+61
j  SqlGrab.FillTable.<init>(Ljava/sql/ResultSet;)V+28
j  SqlGrab.FullSQLParse.GetSqlDataInTable(Ljava/lang/String;)LSqlGrab/FillTable;+10
j  SqlGrab.GrabPanel.CreateDBTab(Ljava/lang/String;)V+40
j  SqlGrab.GrabPanel.FullParse(Ljava/lang/String;)V+32
j  SqlGrab.GrabPanel.setNode(Lorg/openide/nodes/Node;)V+82
j  org.sleuthkit.autopsy.corecomponents.DataContentPanel$UpdateWrapper.setNode(Lorg/openide/nodes/Node;)V+5
j  org.sleuthkit.autopsy.corecomponents.DataContentPanel.stateChanged(Ljavax/swing/event/ChangeEvent;)V+55
j  javax.swing.JTabbedPane.fireStateChanged()V+185
j  javax.swing.JTabbedPane$ModelListener.stateChanged(Ljavax/swing/event/ChangeEvent;)V+4
j  javax.swing.DefaultSingleSelectionModel.fireStateChanged()V+56
j  javax.swing.DefaultSingleSelectionModel.setSelectedIndex(I)V+14
j  javax.swing.JTabbedPane.setSelectedIndexImpl(IZ)V+97
j  javax.swing.JTabbedPane.setSelectedIndex(I)V+13
j  javax.swing.plaf.basic.BasicTabbedPaneUI$Handler.mousePressed(Ljava/awt/event/MouseEvent;)V+77
j  java.awt.AWTEventMulticaster.mousePressed(Ljava/awt/event/MouseEvent;)V+8
j  java.awt.Component.processMouseEvent(Ljava/awt/event/MouseEvent;)V+54
j  javax.swing.JComponent.processMouseEvent(Ljava/awt/event/MouseEvent;)V+23
j  java.awt.Component.processEvent(Ljava/awt/AWTEvent;)V+81
J 5045 C1 java.awt.Container.processEvent(Ljava/awt/AWTEvent;)V (22 bytes) @ 0x00000000040d226c [0x00000000040d1f20+0x34c]
J 2790 C1 java.awt.Component.dispatchEventImpl(Ljava/awt/AWTEvent;)V (883 bytes) @ 0x0000000003afe2ec [0x0000000003af8da0+0x554c]
J 3788 C1 java.awt.Container.dispatchEventImpl(Ljava/awt/AWTEvent;)V (129 bytes) @ 0x0000000003db5764 [0x0000000003db5620+0x144]
J 4675 C1 java.awt.LightweightDispatcher.retargetMouseEvent(Ljava/awt/Component;ILjava/awt/event/MouseEvent;)V (350 bytes) @ 0x000000000344481c [0x00000000034422c0+0x255c]
J 5034 C1 java.awt.LightweightDispatcher.processMouseEvent(Ljava/awt/event/MouseEvent;)Z (301 bytes) @ 0x00000000040cfcbc [0x00000000040ce8e0+0x13dc]
j  java.awt.LightweightDispatcher.dispatchEvent(Ljava/awt/AWTEvent;)Z+50
J 3788 C1 java.awt.Container.dispatchEventImpl(Ljava/awt/AWTEvent;)V (129 bytes) @ 0x0000000003db5704 [0x0000000003db5620+0xe4]
J 4435 C1 java.awt.Window.dispatchEventImpl(Ljava/awt/AWTEvent;)V (23 bytes) @ 0x0000000003f350ac [0x0000000003f34ac0+0x5ec]
J 3232 C1 java.awt.EventQueue.dispatchEventImpl(Ljava/awt/AWTEvent;Ljava/lang/Object;)V (149 bytes) @ 0x0000000003add23c [0x0000000003adb9c0+0x187c]
J 3022 C1 java.awt.EventQueue$3.run()Ljava/lang/Void; (60 bytes) @ 0x0000000003bb1c9c [0x0000000003bb1a80+0x21c]
J 3021 C1 java.awt.EventQueue$3.run()Ljava/lang/Object; (5 bytes) @ 0x0000000003bb1714 [0x0000000003bb1680+0x94]
v  ~StubRoutines::call_stub
J 1426  java.security.AccessController.doPrivileged(Ljava/security/PrivilegedAction;Ljava/security/AccessControlContext;)Ljava/lang/Object; (0 bytes) @ 0x00000000037f42a6 [0x00000000037f4240+0x66]
J 2987 C1 java.security.ProtectionDomain$1.doIntersectionPrivilege(Ljava/security/PrivilegedAction;Ljava/security/AccessControlContext;Ljava/security/AccessControlContext;)Ljava/lang/Object; (32 bytes) @ 0x0000000003ba064c [0x0000000003ba0340+0x30c]
J 4407 C1 java.awt.EventQueue$4.run()Ljava/lang/Object; (5 bytes) @ 0x0000000003f24ba4 [0x0000000003f247a0+0x404]
v  ~StubRoutines::call_stub
J 1426  java.security.AccessController.doPrivileged(Ljava/security/PrivilegedAction;Ljava/security/AccessControlContext;)Ljava/lang/Object; (0 bytes) @ 0x00000000037f42a6 [0x00000000037f4240+0x66]
J 3019 C1 java.awt.EventQueue.dispatchEvent(Ljava/awt/AWTEvent;)V (80 bytes) @ 0x0000000003bb033c [0x0000000003baf660+0xcdc]
J 3108 C1 org.netbeans.core.TimableEventQueue.dispatchEvent(Ljava/awt/AWTEvent;)V (43 bytes) @ 0x0000000003bdcbc4 [0x0000000003bdcac0+0x104]
J 3028 C1 java.awt.EventDispatchThread.pumpOneEventForFilters(I)V (295 bytes) @ 0x0000000003bb7c7c [0x0000000003bb5de0+0x1e9c]
j  java.awt.EventDispatchThread.pumpEventsForFilter(ILjava/awt/Conditional;Ljava/awt/EventFilter;)V+35
j  java.awt.EventDispatchThread.pumpEventsForHierarchy(ILjava/awt/Conditional;Ljava/awt/Component;)V+11
j  java.awt.EventDispatchThread.pumpEvents(ILjava/awt/Conditional;)V+4
j  java.awt.EventDispatchThread.pumpEvents(Ljava/awt/Conditional;)V+3
j  java.awt.EventDispatchThread.run()V+9
v  ~StubRoutines::call_stub

---------------  P R O C E S S  ---------------

Java Threads: ( => current thread )
  0x000000001f220000 JavaThread "Prism Font Disposer" daemon [_thread_blocked, id=2340, stack(0x0000000022be0000,0x0000000022de0000)]
  0x000000001f21e800 JavaThread "Inactive RequestProcessor thread [Was:Logging Flush/org.netbeans.core.startup.logging.DispatchingHandler]" daemon [_thread_blocked, id=4760, stack(0x0000000021fb0000,0x00000000221b0000)]
  0x000000001f21e000 JavaThread "Inactive RequestProcessor thread [Was:Folder Instance Processor/org.openide.loaders.FolderInstance$1R]" daemon [_thread_blocked, id=5068, stack(0x0000000021db0000,0x0000000021fb0000)]
  0x0000000016764000 JavaThread "Inactive RequestProcessor thread [Was:TimedSoftReference/org.openide.util.TimedSoftReference]" daemon [_thread_blocked, id=2676, stack(0x0000000021bb0000,0x0000000021db0000)]
  0x0000000016763800 JavaThread "Inactive RequestProcessor thread [Was:Folder recognizer/org.openide.loaders.FolderList$ListTask]" daemon [_thread_blocked, id=4448, stack(0x00000000219b0000,0x0000000021bb0000)]
  0x000000001675e000 JavaThread "TimerQueue" daemon [_thread_blocked, id=3336, stack(0x000000001e7d0000,0x000000001e9d0000)]
  0x000000001675d800 JavaThread "Thread-6" daemon [_thread_blocked, id=3552, stack(0x000000001e3d0000,0x000000001e5d0000)]
  0x000000001675c800 JavaThread "IM-file-ingest-1" [_thread_blocked, id=5008, stack(0x000000001e1d0000,0x000000001e3d0000)]
  0x000000001675c000 JavaThread "IM-file-ingest-0" [_thread_blocked, id=4688, stack(0x000000001dfd0000,0x000000001e1d0000)]
  0x000000001675b000 JavaThread "IM-data-source-ingest-0" [_thread_blocked, id=3416, stack(0x000000001ddd0000,0x000000001dfd0000)]
  0x000000001675a800 JavaThread "Thread-5" daemon [_thread_in_native, id=3548, stack(0x000000001d7d0000,0x000000001d9d0000)]
  0x0000000016759800 JavaThread "File Watcher" daemon [_thread_blocked, id=2640, stack(0x000000001dbd0000,0x000000001ddd0000)]
  0x0000000016759000 JavaThread "JavaFX Application Thread" [_thread_in_native, id=3308, stack(0x000000001d370000,0x000000001d570000)]
  0x0000000016758000 JavaThread "Thread-4" daemon [_thread_blocked, id=1176, stack(0x000000001d170000,0x000000001d370000)]
  0x0000000016757800 JavaThread "QuantumRenderer-0" daemon [_thread_blocked, id=276, stack(0x000000001cd40000,0x000000001cf40000)]
  0x0000000016756800 JavaThread "Inactive RequestProcessor thread [Was:Asynch children creator /org.openide.nodes.AsynchChildren]" daemon [_thread_blocked, id=3412, stack(0x000000001cb40000,0x000000001cd40000)]
  0x0000000016756000 JavaThread "Inactive RequestProcessor thread [Was:Folder recognizer/org.openide.loaders.FolderList$ListTask]" daemon [_thread_blocked, id=1096, stack(0x000000001c1c0000,0x000000001c3c0000)]
  0x0000000018a81000 JavaThread "org.netbeans.modules.debugger.jpda.visual AWT Access Loop" daemon [_thread_blocked, id=2400, stack(0x000000001bce0000,0x000000001bee0000)]
=>0x000000001878b000 JavaThread "AWT-EventQueue-0" [_thread_in_native, id=1180, stack(0x000000001a710000,0x000000001a910000)]
  0x0000000018793800 JavaThread "AWT-Windows" daemon [_thread_in_native, id=4376, stack(0x000000001a510000,0x000000001a710000)]
  0x0000000018792000 JavaThread "AWT-Shutdown" [_thread_blocked, id=3620, stack(0x000000001a310000,0x000000001a510000)]
  0x00000000187b3000 JavaThread "Java2D Disposer" daemon [_thread_blocked, id=4496, stack(0x000000001a110000,0x000000001a310000)]
  0x00000000185aa000 JavaThread "RequestProcessor queue manager" daemon [_thread_blocked, id=2448, stack(0x0000000019960000,0x0000000019b60000)]
  0x0000000018566800 JavaThread "Inactive RequestProcessor thread [Was:Explorer Views/org.openide.explorer.view.TreeView$TreePropertyListener$1Request]" daemon [_thread_blocked, id=3800, stack(0x0000000019160000,0x0000000019360000)]
  0x000000001855a800 JavaThread "CLI Requests Server" daemon [_thread_in_native, id=3728, stack(0x0000000018f60000,0x0000000019160000)]
  0x00000000185c6000 JavaThread "Active Reference Queue Daemon" daemon [_thread_blocked, id=4592, stack(0x0000000018c30000,0x0000000018e30000)]
  0x000000001666c000 JavaThread "Service Thread" daemon [_thread_blocked, id=4352, stack(0x0000000018030000,0x0000000018230000)]
  0x0000000016609800 JavaThread "C1 CompilerThread1" daemon [_thread_blocked, id=2728, stack(0x0000000017e30000,0x0000000018030000)]
  0x0000000016608000 JavaThread "C2 CompilerThread0" daemon [_thread_blocked, id=4420, stack(0x0000000017c30000,0x0000000017e30000)]
  0x0000000002caa800 JavaThread "JDWP Command Reader" daemon [_thread_in_native, id=3784, stack(0x0000000017a30000,0x0000000017c30000)]
  0x0000000002ca5000 JavaThread "JDWP Event Helper Thread" daemon [_thread_blocked, id=4288, stack(0x0000000017830000,0x0000000017a30000)]
  0x0000000002c94800 JavaThread "JDWP Transport Listener: dt_socket" daemon [_thread_blocked, id=3948, stack(0x0000000017630000,0x0000000017830000)]
  0x0000000002c9e000 JavaThread "Attach Listener" daemon [_thread_blocked, id=1660, stack(0x0000000017330000,0x0000000017530000)]
  0x0000000002c9c800 JavaThread "Signal Dispatcher" daemon [_thread_blocked, id=3704, stack(0x0000000017130000,0x0000000017330000)]
  0x0000000002a9c000 JavaThread "Finalizer" daemon [_thread_blocked, id=4548, stack(0x0000000016b30000,0x0000000016d30000)]
  0x00000000165bb000 JavaThread "Reference Handler" daemon [_thread_blocked, id=3200, stack(0x0000000016930000,0x0000000016b30000)]
  0x0000000002aae800 JavaThread "main" [_thread_blocked, id=3476, stack(0x0000000000030000,0x0000000000230000)]

Other Threads:
  0x0000000002a8e800 VMThread [stack: 0x0000000016120000,0x0000000016320000] [id=5028]
  0x000000001666e000 WatcherThread [stack: 0x0000000018230000,0x0000000018430000] [id=2920]

VM state:not at safepoint (normal execution)

VM Mutex/Monitor currently owned by a thread: None

Heap:
 PSYoungGen      total 182272K, used 84607K [0x00000000ead80000, 0x00000000f6980000, 0x0000000100000000)
  eden space 176128K, 44% used [0x00000000ead80000,0x00000000efa79880,0x00000000f5980000)
  from space 6144K, 94% used [0x00000000f6380000,0x00000000f6926380,0x00000000f6980000)
  to   space 6656K, 0% used [0x00000000f5c80000,0x00000000f5c80000,0x00000000f6300000)
 ParOldGen       total 52736K, used 30373K [0x00000000c0800000, 0x00000000c3b80000, 0x00000000ead80000)
  object space 52736K, 57% used [0x00000000c0800000,0x00000000c25a97a8,0x00000000c3b80000)
 Metaspace       used 47672K, capacity 49640K, committed 49840K, reserved 1091584K
  class space    used 6456K, capacity 7050K, committed 7088K, reserved 1048576K

Card table byte_map: [0x0000000012670000,0x0000000012870000] byte_map_base: 0x000000001206c000

Marking Bits: (ParMarkBitMap*) 0x00000000635a4040
 Begin Bits: [0x0000000012dd0000, 0x0000000013db0000)
 End Bits:   [0x0000000013db0000, 0x0000000014d90000)

Polling page: 0x0000000000390000

CodeCache: size=245760Kb used=15299Kb max_used=15327Kb free=230460Kb
 bounds [0x00000000032b0000, 0x00000000041d0000, 0x00000000122b0000]
 total_blobs=5450 nmethods=4641 adapters=728
 compilation: enabled

Compilation events (10 events):
Event: 38.296 Thread 0x0000000016609800 5351       3       java.util.TreeSet::remove (22 bytes)
Event: 38.297 Thread 0x0000000016609800 nmethod 5351 0x0000000003590a90 code [0x0000000003590c00, 0x0000000003590ea8]
Event: 38.297 Thread 0x0000000016609800 5352       3       java.util.TreeMap::remove (24 bytes)
Event: 38.298 Thread 0x0000000016609800 nmethod 5352 0x00000000036b2e10 code [0x00000000036b2f80, 0x00000000036b3238]
Event: 38.299 Thread 0x0000000016609800 5353       3       java.util.PriorityQueue::remove (21 bytes)
Event: 38.299 Thread 0x0000000016609800 nmethod 5353 0x00000000033ba190 code [0x00000000033ba300, 0x00000000033ba538]
Event: 39.402 Thread 0x0000000016608000 5354       4       java.util.concurrent.locks.ReentrantLock$Sync::nonfairTryAcquire (67 bytes)
Event: 39.405 Thread 0x0000000016608000 nmethod 5354 0x0000000003cb4f90 code [0x0000000003cb50c0, 0x0000000003cb51b8]
Event: 41.913 Thread 0x0000000016609800 5355       1       org.openide.util.RequestProcessor$Item::isNew (2 bytes)
Event: 41.913 Thread 0x0000000016609800 nmethod 5355 0x000000000340cdd0 code [0x000000000340cf20, 0x000000000340d030]

GC Heap History (10 events):
Event: 8.889 GC heap before
{Heap before GC invocations=10 (full 1):
 PSYoungGen      total 106496K, used 106443K [0x00000000ead80000, 0x00000000f1d00000, 0x0000000100000000)
  eden space 101888K, 100% used [0x00000000ead80000,0x00000000f1100000,0x00000000f1100000)
  from space 4608K, 98% used [0x00000000f1880000,0x00000000f1cf2f30,0x00000000f1d00000)
  to   space 5120K, 0% used [0x00000000f1300000,0x00000000f1300000,0x00000000f1800000)
 ParOldGen       total 30720K, used 11925K [0x00000000c0800000, 0x00000000c2600000, 0x00000000ead80000)
  object space 30720K, 38% used [0x00000000c0800000,0x00000000c13a5510,0x00000000c2600000)
 Metaspace       used 33378K, capacity 35228K, committed 35376K, reserved 1079296K
  class space    used 4285K, capacity 4808K, committed 4912K, reserved 1048576K
Event: 8.909 GC heap after
Heap after GC invocations=10 (full 1):
 PSYoungGen      total 109056K, used 5111K [0x00000000ead80000, 0x00000000f3d80000, 0x0000000100000000)
  eden space 103936K, 0% used [0x00000000ead80000,0x00000000ead80000,0x00000000f1300000)
  from space 5120K, 99% used [0x00000000f1300000,0x00000000f17fdfd0,0x00000000f1800000)
  to   space 6144K, 0% used [0x00000000f3780000,0x00000000f3780000,0x00000000f3d80000)
 ParOldGen       total 30720K, used 12624K [0x00000000c0800000, 0x00000000c2600000, 0x00000000ead80000)
  object space 30720K, 41% used [0x00000000c0800000,0x00000000c1454368,0x00000000c2600000)
 Metaspace       used 33378K, capacity 35228K, committed 35376K, reserved 1079296K
  class space    used 4285K, capacity 4808K, committed 4912K, reserved 1048576K
}
Event: 9.029 GC heap before
{Heap before GC invocations=11 (full 1):
 PSYoungGen      total 109056K, used 40699K [0x00000000ead80000, 0x00000000f3d80000, 0x0000000100000000)
  eden space 103936K, 34% used [0x00000000ead80000,0x00000000ed040dd8,0x00000000f1300000)
  from space 5120K, 99% used [0x00000000f1300000,0x00000000f17fdfd0,0x00000000f1800000)
  to   space 6144K, 0% used [0x00000000f3780000,0x00000000f3780000,0x00000000f3d80000)
 ParOldGen       total 30720K, used 12624K [0x00000000c0800000, 0x00000000c2600000, 0x00000000ead80000)
  object space 30720K, 41% used [0x00000000c0800000,0x00000000c1454368,0x00000000c2600000)
 Metaspace       used 33520K, capacity 35388K, committed 35496K, reserved 1079296K
  class space    used 4294K, capacity 4840K, committed 4912K, reserved 1048576K
Event: 9.043 GC heap after
Heap after GC invocations=11 (full 1):
 PSYoungGen      total 141312K, used 1518K [0x00000000ead80000, 0x00000000f4a00000, 0x0000000100000000)
  eden space 135168K, 0% used [0x00000000ead80000,0x00000000ead80000,0x00000000f3180000)
  from space 6144K, 24% used [0x00000000f3780000,0x00000000f38fbb40,0x00000000f3d80000)
  to   space 6144K, 0% used [0x00000000f3180000,0x00000000f3180000,0x00000000f3780000)
 ParOldGen       total 30720K, used 16367K [0x00000000c0800000, 0x00000000c2600000, 0x00000000ead80000)
  object space 30720K, 53% used [0x00000000c0800000,0x00000000c17fbd30,0x00000000c2600000)
 Metaspace       used 33520K, capacity 35388K, committed 35496K, reserved 1079296K
  class space    used 4294K, capacity 4840K, committed 4912K, reserved 1048576K
}
Event: 9.043 GC heap before
{Heap before GC invocations=12 (full 2):
 PSYoungGen      total 141312K, used 1518K [0x00000000ead80000, 0x00000000f4a00000, 0x0000000100000000)
  eden space 135168K, 0% used [0x00000000ead80000,0x00000000ead80000,0x00000000f3180000)
  from space 6144K, 24% used [0x00000000f3780000,0x00000000f38fbb40,0x00000000f3d80000)
  to   space 6144K, 0% used [0x00000000f3180000,0x00000000f3180000,0x00000000f3780000)
 ParOldGen       total 30720K, used 16367K [0x00000000c0800000, 0x00000000c2600000, 0x00000000ead80000)
  object space 30720K, 53% used [0x00000000c0800000,0x00000000c17fbd30,0x00000000c2600000)
 Metaspace       used 33520K, capacity 35388K, committed 35496K, reserved 1079296K
  class space    used 4294K, capacity 4840K, committed 4912K, reserved 1048576K
Event: 9.224 GC heap after
Heap after GC invocations=12 (full 2):
 PSYoungGen      total 141312K, used 0K [0x00000000ead80000, 0x00000000f4a00000, 0x0000000100000000)
  eden space 135168K, 0% used [0x00000000ead80000,0x00000000ead80000,0x00000000f3180000)
  from space 6144K, 0% used [0x00000000f3780000,0x00000000f3780000,0x00000000f3d80000)
  to   space 6144K, 0% used [0x00000000f3180000,0x00000000f3180000,0x00000000f3780000)
 ParOldGen       total 52736K, used 17113K [0x00000000c0800000, 0x00000000c3b80000, 0x00000000ead80000)
  object space 52736K, 32% used [0x00000000c0800000,0x00000000c18b6798,0x00000000c3b80000)
 Metaspace       used 33518K, capacity 35382K, committed 35496K, reserved 1079296K
  class space    used 4293K, capacity 4839K, committed 4912K, reserved 1048576K
}
Event: 10.740 GC heap before
{Heap before GC invocations=13 (full 2):
 PSYoungGen      total 141312K, used 135168K [0x00000000ead80000, 0x00000000f4a00000, 0x0000000100000000)
  eden space 135168K, 100% used [0x00000000ead80000,0x00000000f3180000,0x00000000f3180000)
  from space 6144K, 0% used [0x00000000f3780000,0x00000000f3780000,0x00000000f3d80000)
  to   space 6144K, 0% used [0x00000000f3180000,0x00000000f3180000,0x00000000f3780000)
 ParOldGen       total 52736K, used 17113K [0x00000000c0800000, 0x00000000c3b80000, 0x00000000ead80000)
  object space 52736K, 32% used [0x00000000c0800000,0x00000000c18b6798,0x00000000c3b80000)
 Metaspace       used 40729K, capacity 42436K, committed 42544K, reserved 1085440K
  class space    used 5405K, capacity 5921K, committed 5936K, reserved 1048576K
Event: 10.752 GC heap after
Heap after GC invocations=13 (full 2):
 PSYoungGen      total 141312K, used 3590K [0x00000000ead80000, 0x00000000f6980000, 0x0000000100000000)
  eden space 135168K, 0% used [0x00000000ead80000,0x00000000ead80000,0x00000000f3180000)
  from space 6144K, 58% used [0x00000000f3180000,0x00000000f3501a70,0x00000000f3780000)
  to   space 6144K, 0% used [0x00000000f6380000,0x00000000f6380000,0x00000000f6980000)
 ParOldGen       total 52736K, used 17121K [0x00000000c0800000, 0x00000000c3b80000, 0x00000000ead80000)
  object space 52736K, 32% used [0x00000000c0800000,0x00000000c18b8798,0x00000000c3b80000)
 Metaspace       used 40729K, capacity 42436K, committed 42544K, reserved 1085440K
  class space    used 5405K, capacity 5921K, committed 5936K, reserved 1048576K
}
Event: 13.785 GC heap before
{Heap before GC invocations=14 (full 2):
 PSYoungGen      total 141312K, used 138743K [0x00000000ead80000, 0x00000000f6980000, 0x0000000100000000)
  eden space 135168K, 99% used [0x00000000ead80000,0x00000000f317c520,0x00000000f3180000)
  from space 6144K, 58% used [0x00000000f3180000,0x00000000f3501a70,0x00000000f3780000)
  to   space 6144K, 0% used [0x00000000f6380000,0x00000000f6380000,0x00000000f6980000)
 ParOldGen       total 52736K, used 17121K [0x00000000c0800000, 0x00000000c3b80000, 0x00000000ead80000)
  object space 52736K, 32% used [0x00000000c0800000,0x00000000c18b8798,0x00000000c3b80000)
 Metaspace       used 46750K, capacity 48836K, committed 49072K, reserved 1091584K
  class space    used 6395K, capacity 7001K, committed 7088K, reserved 1048576K
Event: 13.811 GC heap after
Heap after GC invocations=14 (full 2):
 PSYoungGen      total 182272K, used 5784K [0x00000000ead80000, 0x00000000f6980000, 0x0000000100000000)
  eden space 176128K, 0% used [0x00000000ead80000,0x00000000ead80000,0x00000000f5980000)
  from space 6144K, 94% used [0x00000000f6380000,0x00000000f6926380,0x00000000f6980000)
  to   space 6656K, 0% used [0x00000000f5c80000,0x00000000f5c80000,0x00000000f6300000)
 ParOldGen       total 52736K, used 30373K [0x00000000c0800000, 0x00000000c3b80000, 0x00000000ead80000)
  object space 52736K, 57% used [0x00000000c0800000,0x00000000c25a97a8,0x00000000c3b80000)
 Metaspace       used 46750K, capacity 48836K, committed 49072K, reserved 1091584K
  class space    used 6395K, capacity 7001K, committed 7088K, reserved 1048576K
}

Deoptimization events (10 events):
Event: 21.748 Thread 0x0000000016761000 Uncommon trap: reason=class_check action=maybe_recompile pc=0x00000000038e36a0 method=java.io.DataOutputStream.write([BII)V @ 7
Event: 21.748 Thread 0x0000000016761000 Uncommon trap: reason=class_check action=maybe_recompile pc=0x00000000038e36a0 method=java.io.DataOutputStream.write([BII)V @ 7
Event: 22.828 Thread 0x0000000016761000 Uncommon trap: reason=unstable_if action=reinterpret pc=0x0000000003dee5a8 method=org.netbeans.TopSecurityManager.checkPropertyAccess(Ljava/lang/String;)V @ 130
Event: 22.845 Thread 0x0000000016761000 Uncommon trap: reason=unstable_if action=reinterpret pc=0x0000000003aaed3c method=java.util.regex.Matcher.find()Z @ 10
Event: 24.035 Thread 0x0000000016761000 Uncommon trap: reason=unstable_if action=reinterpret pc=0x000000000419c9a8 method=java.io.BufferedOutputStream.write([BII)V @ 35
Event: 25.161 Thread 0x0000000016761000 Uncommon trap: reason=predicate action=maybe_recompile pc=0x00000000041a1ee4 method=java.util.AbstractCollection.toArray([Ljava/lang/Object;)[Ljava/lang/Object; @ 49
Event: 25.814 Thread 0x0000000016761000 Uncommon trap: reason=array_check action=maybe_recompile pc=0x00000000041a17c8 method=java.util.AbstractCollection.toArray([Ljava/lang/Object;)[Ljava/lang/Object; @ 119
Event: 25.814 Thread 0x0000000016761000 Uncommon trap: reason=array_check action=maybe_recompile pc=0x00000000041a17c8 method=java.util.AbstractCollection.toArray([Ljava/lang/Object;)[Ljava/lang/Object; @ 119
Event: 25.815 Thread 0x0000000016761000 Uncommon trap: reason=array_check action=maybe_recompile pc=0x00000000041a17c8 method=java.util.AbstractCollection.toArray([Ljava/lang/Object;)[Ljava/lang/Object; @ 119
Event: 25.816 Thread 0x0000000016761000 Uncommon trap: reason=array_check action=maybe_recompile pc=0x00000000041a17c8 method=java.util.AbstractCollection.toArray([Ljava/lang/Object;)[Ljava/lang/Object; @ 119

Internal exceptions (10 events):
Event: 14.020 Thread 0x000000001878b000 Exception <a 'java/lang/ClassNotFoundException': java/lang/StringEditor> (0x00000000ebb61df0) thrown at [C:\re\workspace\8-2-build-windows-amd64-cygwin\jdk8u51\3951\hotspot\src\share\vm\classfile\systemDictionary.cpp, line 210]
Event: 14.023 Thread 0x000000001878b000 Exception <a 'java/lang/ClassNotFoundException': java/lang/LongEditor> (0x00000000ebbdf7e0) thrown at [C:\re\workspace\8-2-build-windows-amd64-cygwin\jdk8u51\3951\hotspot\src\share\vm\classfile\systemDictionary.cpp, line 210]
Event: 14.025 Thread 0x000000001878b000 Exception <a 'java/lang/ClassNotFoundException': java/lang/StringEditor> (0x00000000ebc47710) thrown at [C:\re\workspace\8-2-build-windows-amd64-cygwin\jdk8u51\3951\hotspot\src\share\vm\classfile\systemDictionary.cpp, line 210]
Event: 14.028 Thread 0x000000001878b000 Exception <a 'java/lang/ClassNotFoundException': java/lang/StringEditor> (0x00000000ebcaf708) thrown at [C:\re\workspace\8-2-build-windows-amd64-cygwin\jdk8u51\3951\hotspot\src\share\vm\classfile\systemDictionary.cpp, line 210]
Event: 14.031 Thread 0x000000001878b000 Exception <a 'java/lang/ClassNotFoundException': java/lang/StringEditor> (0x00000000ebd19df0) thrown at [C:\re\workspace\8-2-build-windows-amd64-cygwin\jdk8u51\3951\hotspot\src\share\vm\classfile\systemDictionary.cpp, line 210]
Event: 14.037 Thread 0x000000001878b000 Exception <a 'java/lang/ClassNotFoundException': java/lang/LongEditor> (0x00000000ebe362e0) thrown at [C:\re\workspace\8-2-build-windows-amd64-cygwin\jdk8u51\3951\hotspot\src\share\vm\classfile\systemDictionary.cpp, line 210]
Event: 14.040 Thread 0x000000001878b000 Exception <a 'java/lang/ClassNotFoundException': java/lang/StringEditor> (0x00000000ebebf6d0) thrown at [C:\re\workspace\8-2-build-windows-amd64-cygwin\jdk8u51\3951\hotspot\src\share\vm\classfile\systemDictionary.cpp, line 210]
Event: 14.833 Thread 0x000000001675f800 Exception <a 'java/io/FileNotFoundException'> (0x00000000ecaf6f20) thrown at [C:\re\workspace\8-2-build-windows-amd64-cygwin\jdk8u51\3951\hotspot\src\share\vm\prims\jni.cpp, line 709]
Event: 17.676 Thread 0x0000000016764000 Implicit null exception at 0x0000000003c6feb4 to 0x0000000003c6ebd9
Event: 21.755 Thread 0x0000000016761000 Exception <a 'java/lang/NoSuchMethodError': <clinit>> (0x00000000edcadc38) thrown at [C:\re\workspace\8-2-build-windows-amd64-cygwin\jdk8u51\3951\hotspot\src\share\vm\prims\jni.cpp, line 1598]

Events (10 events):
Event: 57.734 Executing VM operation: EnterInterpOnlyMode
Event: 57.734 Executing nested VM operation: Deoptimize
Event: 57.735 Executing nested VM operation: Deoptimize done
Event: 57.735 Executing VM operation: EnterInterpOnlyMode done
Event: 57.735 Executing VM operation: GetCurrentLocation
Event: 57.735 Executing VM operation: GetCurrentLocation done
Event: 57.735 Executing VM operation: ChangeSingleStep
Event: 57.735 Executing VM operation: ChangeSingleStep done
Event: 57.739 Executing VM operation: ChangeSingleStep
Event: 57.739 Executing VM operation: ChangeSingleStep done


Dynamic libraries:
0x0000000000400000 - 0x000000000043a000 	C:\Program Files\Autopsy-3.1.3\platform\lib\nbexec64.exe
0x0000000076d90000 - 0x0000000076f16000 	C:\Windows\system32\ntdll.dll
0x0000000076c60000 - 0x0000000076d8d000 	C:\Windows\system32\kernel32.dll
0x000007fefd7e0000 - 0x000007fefd8e8000 	C:\Windows\system32\ADVAPI32.dll
0x000007fefdc50000 - 0x000007fefdd93000 	C:\Windows\system32\RPCRT4.dll
0x000007fefea00000 - 0x000007fefea9c000 	C:\Windows\system32\msvcrt.dll
0x00000000768d0000 - 0x000000007699d000 	C:\Windows\system32\USER32.dll
0x000007fefeaa0000 - 0x000007fefeb04000 	C:\Windows\system32\GDI32.dll
0x000007fefdc20000 - 0x000007fefdc4d000 	C:\Windows\system32\IMM32.DLL
0x000007fefed90000 - 0x000007fefee92000 	C:\Windows\system32\MSCTF.dll
0x000007fefd8f0000 - 0x000007fefd8fd000 	C:\Windows\system32\LPK.DLL
0x000007fefeea0000 - 0x000007fefef3b000 	C:\Windows\system32\USP10.dll
0x0000000063c80000 - 0x0000000063dd4000 	C:\Program Files\Autopsy-3.1.3\platform\lib\nbexec64.dll
0x0000000062da0000 - 0x0000000063623000 	C:\Program Files\Java\jdk1.8.0_51\jre\bin\server\jvm.dll
0x000007fef9e50000 - 0x000007fef9e59000 	C:\Windows\system32\WSOCK32.dll
0x000007fefdbd0000 - 0x000007fefdc14000 	C:\Windows\system32\WS2_32.dll
0x000007fefef40000 - 0x000007fefef47000 	C:\Windows\system32\NSI.dll
0x000007fefc310000 - 0x000007fefc349000 	C:\Windows\system32\WINMM.dll
0x000007fefd900000 - 0x000007fefdad8000 	C:\Windows\system32\ole32.dll
0x000007fefef50000 - 0x000007feff023000 	C:\Windows\system32\OLEAUT32.dll
0x000007fefc2b0000 - 0x000007fefc305000 	C:\Windows\system32\OLEACC.dll
0x000007fefcbf0000 - 0x000007fefcbfb000 	C:\Windows\system32\VERSION.dll
0x0000000076f30000 - 0x0000000076f39000 	C:\Windows\system32\PSAPI.DLL
0x000000006d2d0000 - 0x000000006d3a2000 	C:\Program Files\Java\jdk1.8.0_51\jre\bin\MSVCR100.dll
0x000000006f220000 - 0x000000006f259000 	C:\Program Files\Java\jdk1.8.0_51\jre\bin\splashscreen.dll
0x0000000070ee0000 - 0x0000000070eef000 	C:\Program Files\Java\jdk1.8.0_51\jre\bin\verify.dll
0x000000006e100000 - 0x000000006e129000 	C:\Program Files\Java\jdk1.8.0_51\jre\bin\java.dll
0x000000006dc50000 - 0x000000006dc85000 	C:\Program Files\Java\jdk1.8.0_51\jre\bin\jdwp.dll
0x0000000070a30000 - 0x0000000070a38000 	C:\Program Files\Java\jdk1.8.0_51\jre\bin\npt.dll
0x000000006fe20000 - 0x000000006fe36000 	C:\Program Files\Java\jdk1.8.0_51\jre\bin\zip.dll
0x000007fefc410000 - 0x000007fefc461000 	C:\Windows\system32\uxtheme.dll
0x000007fefdda0000 - 0x000007fefe9f3000 	C:\Windows\system32\SHELL32.dll
0x000007feff030000 - 0x000007feff0a3000 	C:\Windows\system32\SHLWAPI.dll
0x000007fefc070000 - 0x000007fefc269000 	C:\Windows\WinSxS\amd64_microsoft.windows.common-controls_6595b64144ccf1df_6.0.6002.19373_none_151129cef4086113\comctl32.dll
0x000007fefd630000 - 0x000007fefd656000 	C:\Windows\system32\USERENV.dll
0x000007fefd610000 - 0x000007fefd62c000 	C:\Windows\system32\Secur32.dll
0x0000000070700000 - 0x0000000070709000 	C:\Program Files\Java\jdk1.8.0_51\jre\bin\dt_socket.dll
0x000007fefcb60000 - 0x000007fefcbaf000 	C:\Windows\system32\mswsock.dll
0x000007fefcb50000 - 0x000007fefcb57000 	C:\Windows\System32\wshtcpip.dll
0x000000006ee90000 - 0x000000006eeaa000 	C:\Program Files\Java\jdk1.8.0_51\jre\bin\net.dll
0x000007fefcbe0000 - 0x000007fefcbe7000 	C:\Windows\System32\wship6.dll
0x000000006e970000 - 0x000000006e981000 	C:\Program Files\Java\jdk1.8.0_51\jre\bin\nio.dll
0x000007fefcdf0000 - 0x000007fefce13000 	C:\Windows\system32\IPHLPAPI.DLL
0x000007fefcda0000 - 0x000007fefcde5000 	C:\Windows\system32\dhcpcsvc.DLL
0x000007fefd0b0000 - 0x000007fefd0ea000 	C:\Windows\system32\DNSAPI.dll
0x000007fefcd90000 - 0x000007fefcd9a000 	C:\Windows\system32\WINNSI.DLL
0x000007fefcd60000 - 0x000007fefcd8b000 	C:\Windows\system32\dhcpcsvc6.DLL
0x000000006c250000 - 0x000000006c3e8000 	C:\Program Files\Java\jdk1.8.0_51\jre\bin\awt.dll
0x000007fefc840000 - 0x000007fefc888000 	C:\Windows\system32\rsaenh.dll
0x000007fefc590000 - 0x000007fefc5a1000 	C:\Windows\system32\DWMAPI.DLL
0x000007fefbc10000 - 0x000007fefbc23000 	C:\Windows\system32\NLAapi.dll
0x000007fefa160000 - 0x000007fefa173000 	C:\Windows\system32\napinsp.dll
0x000007fefa140000 - 0x000007fefa157000 	C:\Windows\system32\pnrpnsp.dll
0x000007fefa190000 - 0x000007fefa19b000 	C:\Windows\System32\winrnr.dll
0x000007fefdae0000 - 0x000007fefdb35000 	C:\Windows\system32\WLDAP32.dll
0x0000000072ea0000 - 0x0000000072ec6000 	C:\Program Files\Bonjour\mdnsNSP.dll
0x000007fefa7b0000 - 0x000007fefa7b8000 	C:\Windows\system32\rasadhlp.dll
0x000000006dfd0000 - 0x000000006e017000 	C:\Program Files\Java\jdk1.8.0_51\jre\bin\fontmanager.dll
0x000000006d3b0000 - 0x000000006d482000 	C:\Program Files\Autopsy-3.1.3\autopsy\modules\lib\amd64\msvcr100.dll
0x000000006d230000 - 0x000000006d2c8000 	C:\Program Files\Autopsy-3.1.3\autopsy\modules\lib\amd64\msvcp100.dll
0x0000000180000000 - 0x0000000180018000 	C:\Program Files\Autopsy-3.1.3\autopsy\modules\lib\amd64\zlib.dll
0x000000001c0c0000 - 0x000000001c1b9000 	C:\Program Files\Autopsy-3.1.3\autopsy\modules\lib\amd64\libewf.dll
0x000007fef0a40000 - 0x000007fef0b7b000 	C:\Users\Stacey\AppData\Local\Temp\libtsk_jni.dll
0x0000000002800000 - 0x0000000002838000 	C:\Program Files\Autopsy-3.1.3\platform\modules\lib\amd64\jnidispatch-340.dll
0x000000006d200000 - 0x000000006d22c000 	C:\Program Files\Java\jdk1.8.0_51\jre\bin\prism_d3d.dll
0x000007fef6890000 - 0x000007fef6a6f000 	C:\Windows\system32\d3d9.dll
0x000007fefc580000 - 0x000007fefc587000 	C:\Windows\system32\d3d8thk.dll
0x000000006fde0000 - 0x000000006fdf2000 	C:\Program Files\Java\jdk1.8.0_51\jre\bin\prism_sw.dll
0x000000006cb00000 - 0x000000006cb41000 	C:\Program Files\Java\jdk1.8.0_51\jre\bin\glass.dll
0x000007fefdb40000 - 0x000007fefdbcc000 	C:\Windows\system32\COMDLG32.dll
0x0000000016420000 - 0x0000000016490000 	C:\Program Files\Autopsy-3.1.3\autopsy\modules\lib\amd64\libsigar.dll
0x000007fef4bf0000 - 0x000007fef4c40000 	C:\Windows\system32\pdh.dll
0x000007fefd1c0000 - 0x000007fefd263000 	C:\Windows\system32\NETAPI32.dll
0x000007fefc7d0000 - 0x000007fefc7fc000 	C:\Windows\system32\NTMARTA.DLL
0x000007fefd090000 - 0x000007fefd0ac000 	C:\Windows\system32\SAMLIB.dll
0x000007fefc030000 - 0x000007fefc03e000 	C:\Windows\system32\perfproc.dll
0x000000006dce0000 - 0x000000006dd22000 	C:\Program Files\Java\jdk1.8.0_51\jre\bin\t2k.dll
0x000007fefeb10000 - 0x000007fefeba9000 	C:\Windows\system32\CLBCatQ.DLL
0x000007fefb320000 - 0x000007fefb44e000 	C:\Windows\system32\WindowsCodecs.dll
0x000007fefd540000 - 0x000007fefd575000 	C:\Windows\system32\apphelp.dll
0x000007fefbe10000 - 0x000007fefbe41000 	C:\Users\Stacey\AppData\Roaming\Dropbox\bin\DropboxExt64.25.dll
0x00000000704c0000 - 0x0000000070585000 	C:\Program Files\AVAST Software\Avast\ashShA64.dll
0x000007fefb9f0000 - 0x000007fefbc0c000 	C:\Windows\WinSxS\amd64_microsoft.windows.gdiplus_6595b64144ccf1df_1.0.6002.19386_none_56ab69c1b5946774\gdiplus.dll
0x000007fef4d50000 - 0x000007fef5054000 	C:\Windows\system32\msi.dll
0x000007fefb7c0000 - 0x000007fefb7e2000 	C:\Windows\system32\EhStorShell.dll
0x000007fefbcf0000 - 0x000007fefbdd5000 	C:\Windows\system32\PROPSYS.dll
0x000007fefaaf0000 - 0x000007fefab90000 	C:\Windows\WinSxS\amd64_microsoft.windows.common-controls_6595b64144ccf1df_5.82.6002.19373_none_4145c9465547549a\comctl32.dll
0x00000000708e0000 - 0x00000000708ed000 	C:\Program Files\Java\jdk1.8.0_51\jre\bin\management.dll
0x000000006e140000 - 0x000000006e1ed000 	C:\Users\Stacey\AppData\Local\Temp\sqlite-3.7.151-amd64-sqlitejdbc.dll
0x000000006cae0000 - 0x000000006caf5000 	C:\Program Files\Java\jdk1.8.0_51\jre\bin\javafx_font.dll
0x000000006cd10000 - 0x000000006ce92000 	C:\Windows\system32\dwrite.dll
0x000000006cac0000 - 0x000000006cad1000 	C:\Program Files\Java\jdk1.8.0_51\jre\bin\prism_common.dll
0x000000006cea0000 - 0x000000006cf71000 	C:\Windows\system32\d2d1.dll
0x000007fef7180000 - 0x000007fef71b4000 	C:\Windows\system32\d3d10_1.dll
0x000007fef42a0000 - 0x000007fef42f6000 	C:\Windows\system32\d3d10_1core.dll
0x000007fef25e0000 - 0x000007fef2685000 	C:\Windows\system32\dxgi.dll
0x000000006ae50000 - 0x000000006b049000 	C:\Windows\system32\D3D10Warp.dll
0x000007fefbc50000 - 0x000007fefbc89000 	C:\Windows\system32\WINTRUST.dll
0x000007fefcec0000 - 0x000007fefcffb000 	C:\Windows\system32\CRYPT32.dll
0x000007fefd070000 - 0x000007fefd089000 	C:\Windows\system32\MSASN1.dll
0x000007fefd7c0000 - 0x000007fefd7d8000 	C:\Windows\system32\imagehlp.dll
0x000000006caa0000 - 0x000000006cab7000 	C:\Program Files\Java\jdk1.8.0_51\jre\bin\decora_sse.dll
0x000007fef8070000 - 0x000007fef8183000 	C:\Windows\system32\dbghelp.dll

VM Arguments:
jvm_args: -Dnetbeans.logger.console=true -ea -Xdebug -Xrunjdwp:transport=dt_socket,suspend=y,server=n,address=127.0.0.1:50511 -Djdk.home=C:\Program Files\Java\jdk1.8.0_51 -splash:C:\Users\Stacey\Documents\NetBeansProjects\SqlGrab\build\testuserdir\var\cache\splash.png -Dnetbeans.home=C:\Program Files\Autopsy-3.1.3\platform -Dnetbeans.user=C:\Users\Stacey\Documents\NetBeansProjects\SqlGrab\build\testuserdir -Dnetbeans.default_userdir_root= -XX:+HeapDumpOnOutOfMemoryError -XX:HeapDumpPath=C:\Users\Stacey\Documents\NetBeansProjects\SqlGrab\build\testuserdir\var\log\heapdump.hprof -Dnetbeans.system_http_proxy=DIRECT -Dsun.awt.keepWorkingSetOnMinimize=true -Dnetbeans.dirs=C:\Users\Stacey\Documents\NetBeansProjects\SqlGrab\build\cluster;C:\Program Files\Autopsy-3.1.3\autopsy;C:\Program Files\Autopsy-3.1.3\harness;C:\Program Files\Autopsy-3.1.3\java;C:\Program Files\Autopsy-3.1.3\platform exit 
java_command: <unknown>
java_class_path (initial): C:\Program Files\Autopsy-3.1.3\platform\lib\boot.jar;C:\Program Files\Autopsy-3.1.3\platform\lib\org-openide-modules.jar;C:\Program Files\Autopsy-3.1.3\platform\lib\org-openide-util-lookup.jar;C:\Program Files\Autopsy-3.1.3\platform\lib\org-openide-util.jar;C:\Program Files\Autopsy-3.1.3\platform\lib\locale\boot_ja.jar;C:\Program Files\Autopsy-3.1.3\platform\lib\locale\boot_pt_BR.jar;C:\Program Files\Autopsy-3.1.3\platform\lib\locale\boot_ru.jar;C:\Program Files\Autopsy-3.1.3\platform\lib\locale\boot_zh_CN.jar;C:\Program Files\Autopsy-3.1.3\platform\lib\locale\org-openide-modules_ja.jar;C:\Program Files\Autopsy-3.1.3\platform\lib\locale\org-openide-modules_pt_BR.jar;C:\Program Files\Autopsy-3.1.3\platform\lib\locale\org-openide-modules_ru.jar;C:\Program Files\Autopsy-3.1.3\platform\lib\locale\org-openide-modules_zh_CN.jar;C:\Program Files\Autopsy-3.1.3\platform\lib\locale\org-openide-util-lookup_ja.jar;C:\Program Files\Autopsy-3.1.3\platform\lib\locale\org-openide-util-lookup_pt_BR.jar;C:\Program Files\Autopsy-3.1.3\platform\lib\locale\org-openide-util-lookup_ru.jar;C:\Program Files\Autopsy-3.1.3\platform\lib\locale\org-openide-util-lookup_zh_CN.jar;C:\Program Files\Autopsy-3.1.3\platform\lib\locale\org-openide-util_ja.jar;C:\Program Files\Autopsy-3.1.3\platform\lib\locale\org-openide-util_pt_BR.jar;C:\Program Files\Autopsy-3.1.3\platform\lib\locale\org-openide-util_ru.jar;C:\Program Files\Autopsy-3.1.3\platform\lib\locale\org-openide-util_zh_CN.jar;C:\Program Files\Java\jdk1.8.0_51\lib\dt.jar;C:\Program Files\Java\jdk1.8.0_51\lib\tools.jar
Launcher Type: generic

Environment Variables:
PATH=C:\ProgramData\Oracle\Java\javapath;C:\Windows\system32;C:\Windows;C:\Windows\System32\Wbem;C:\Program Files (x86)\Python;C:\Windows\System32\WindowsPowerShell\v1.0\;C:\Program Files (x86)\Skype\Phone\;C:\Program Files (x86)\QuickTime\QTSystem\
USERNAME=Stacey
OS=Windows_NT
PROCESSOR_IDENTIFIER=Intel64 Family 6 Model 23 Stepping 10, GenuineIntel



---------------  S Y S T E M  ---------------

OS: Windows Vista , 64 bit Build 6002 (6.0.6002.19381)

CPU:total 2 (2 cores per cpu, 1 threads per core) family 6 model 23 stepping 10, cmov, cx8, fxsr, mmx, sse, sse2, sse3, ssse3, tsc

Memory: 4k page, physical 4157708k(1155268k free), swap 8544048k(4824228k free)

vm_info: Java HotSpot(TM) 64-Bit Server VM (25.51-b03) for windows-amd64 JRE (1.8.0_51-b16), built on Jun  8 2015 18:03:07 by "java_re" with MS VC++ 10.0 (VS2010)

time: Sun Aug 09 12:15:13 2015
elapsed time: 57 seconds (0d 0h 0m 57s)

