#
# A fatal error has been detected by the Java Runtime Environment:
#
#  EXCEPTION_ACCESS_VIOLATION (0xc0000005) at pc=0x000000006e1482b8, pid=4104, tid=4156
#
# JRE version: Java(TM) SE Runtime Environment (8.0_51-b16) (build 1.8.0_51-b16)
# Java VM: Java HotSpot(TM) 64-Bit Server VM (25.51-b03 mixed mode windows-amd64 compressed oops)
# Problematic frame:
# C  [sqlite-3.7.151-amd64-sqlitejdbc.dll+0x82b8]
#
# Failed to write core dump. Minidumps are not enabled by default on client versions of Windows
#
# If you would like to submit a bug report, please visit:
#   http://bugreport.java.com/bugreport/crash.jsp
# The crash happened outside the Java Virtual Machine in native code.
# See problematic frame for where to report the bug.
#

---------------  T H R E A D  ---------------

Current thread (0x00000000187ca800):  JavaThread "AWT-EventQueue-0" [_thread_in_native, id=4156, stack(0x000000001a630000,0x000000001a830000)]

siginfo: ExceptionCode=0xc0000005, reading address 0x0000000000000000

Registers:
RAX=0x000000006e142480, RBX=0x0000000000000000, RCX=0x0000000000000000, RDX=0x0000000000000000
RSP=0x000000001a82c6e0, RBP=0x000000001a82c7f8, RSI=0x00000000200039c6, RDI=0x0000000090000021
R8 =0x000000006e16fd30, R9 =0x0000000000000000, R10=0x000000000383b7e2, R11=0x0000000062fc7bb0
R12=0x0000000000000000, R13=0x0000000022e6b188, R14=0x000000001a82c830, R15=0x00000000187ca800
RIP=0x000000006e1482b8, EFLAGS=0x0000000000010246

Top of Stack: (sp=0x000000001a82c6e0)
0x000000001a82c6e0:   00000000187fbc30 0000000062e56b12
0x000000001a82c6f0:   000000001a82db28 0000000062e56c52
0x000000001a82c700:   0000000022e6b188 00000000187ca800
0x000000001a82c710:   00000000187ca9f8 00000000200039c6
0x000000001a82c720:   0000000090000021 000000006e142493
0x000000001a82c730:   000000001a82c7f8 000000001a82c7a8
0x000000001a82c740:   000000001a82c7a8 000000000383b393
0x000000001a82c750:   0000000022e6b188 000000000383b80e
0x000000001a82c760:   000000001a82c7f8 000000001a82c7a8
0x000000001a82c770:   000000001a82c7f8 000000000383b3d9
0x000000001a82c780:   00000000187ca800 0000000022e6b188
0x000000001a82c790:   0000000090000021 000000001a82c7c0
0x000000001a82c7a0:   000000000383b393 00000000187ca800
0x000000001a82c7b0:   00000000f0f7fdb8 000000001a82c7a8
0x000000001a82c7c0:   0000000022e6b188 000000001a82c830
0x000000001a82c7d0:   0000000022e6dcf8 0000000000000000 

Instructions: (pc=0x000000006e1482b8)
0x000000006e148298:   c4 08 c3 0f 1f 44 00 00 48 83 ec 48 85 d2 48 89
0x000000006e1482a8:   5c 24 30 48 89 74 24 38 48 89 cb 48 89 7c 24 40
0x000000006e1482b8:   48 8b 31 0f b7 41 48 78 7f 39 c2 7d 7b 44 89 cf
0x000000006e1482c8:   48 8b 4e 18 0f af f8 01 d7 48 85 c9 74 10 4c 89 


Register to memory mapping:

RAX=0x000000006e142480 is an unknown value
RBX=0x0000000000000000 is an unknown value
RCX=0x0000000000000000 is an unknown value
RDX=0x0000000000000000 is an unknown value
RSP=0x000000001a82c6e0 is pointing into the stack for thread: 0x00000000187ca800
RBP=0x000000001a82c7f8 is pointing into the stack for thread: 0x00000000187ca800
RSI=0x00000000200039c6 is an unknown value
RDI=0x0000000090000021 is an unknown value
R8 =0x000000006e16fd30 is an unknown value
R9 =0x0000000000000000 is an unknown value
R10=0x000000000383b7e2 is at code_begin+2178 in an Interpreter codelet
method entry point (kind = native_synchronized)  [0x000000000383af60, 0x000000000383c1a0]  4672 bytes
R11=0x0000000062fc7bb0 is an unknown value
R12=0x0000000000000000 is an unknown value
R13={method} {0x0000000022e6b190} 'column_name' '(JI)Ljava/lang/String;' in 'org/sqlite/NativeDB'
R14=0x000000001a82c830 is pointing into the stack for thread: 0x00000000187ca800
R15=0x00000000187ca800 is a thread


Stack: [0x000000001a630000,0x000000001a830000],  sp=0x000000001a82c6e0,  free space=2033k
Native frames: (J=compiled Java code, j=interpreted, Vv=VM code, C=native code)
C  [sqlite-3.7.151-amd64-sqlitejdbc.dll+0x82b8]

Java frames: (J=compiled Java code, j=interpreted, Vv=VM code)
j  org.sqlite.NativeDB.column_name(JI)Ljava/lang/String;+0
j  org.sqlite.RS.getColumnName(I)Ljava/lang/String;+16
j  SqlGrab.FillTable.setHeader(I)V+14
j  SqlGrab.FillTable.setRS(Ljava/sql/ResultSet;)V+61
j  SqlGrab.FillTable.<init>(Ljava/sql/ResultSet;)V+28
j  SqlGrab.FullSQLParse.GetSqlDataInTable(Ljava/lang/String;)LSqlGrab/FillTable;+10
j  SqlGrab.GrabPanel.CreateDBTab(Ljava/lang/String;)V+40
j  SqlGrab.GrabPanel.FullParse(Ljava/lang/String;)V+32
j  SqlGrab.GrabPanel.setNode(Lorg/openide/nodes/Node;)V+82
j  org.sleuthkit.autopsy.corecomponents.DataContentPanel$UpdateWrapper.setNode(Lorg/openide/nodes/Node;)V+5
j  org.sleuthkit.autopsy.corecomponents.DataContentPanel.stateChanged(Ljavax/swing/event/ChangeEvent;)V+55
j  javax.swing.JTabbedPane.fireStateChanged()V+185
j  javax.swing.JTabbedPane$ModelListener.stateChanged(Ljavax/swing/event/ChangeEvent;)V+4
j  javax.swing.DefaultSingleSelectionModel.fireStateChanged()V+56
j  javax.swing.DefaultSingleSelectionModel.setSelectedIndex(I)V+14
j  javax.swing.JTabbedPane.setSelectedIndexImpl(IZ)V+97
j  javax.swing.JTabbedPane.setSelectedIndex(I)V+13
j  javax.swing.plaf.basic.BasicTabbedPaneUI$Handler.mousePressed(Ljava/awt/event/MouseEvent;)V+77
j  java.awt.AWTEventMulticaster.mousePressed(Ljava/awt/event/MouseEvent;)V+8
j  java.awt.Component.processMouseEvent(Ljava/awt/event/MouseEvent;)V+54
j  javax.swing.JComponent.processMouseEvent(Ljava/awt/event/MouseEvent;)V+23
j  java.awt.Component.processEvent(Ljava/awt/AWTEvent;)V+81
J 5190 C1 java.awt.Container.processEvent(Ljava/awt/AWTEvent;)V (22 bytes) @ 0x000000000470c6ec [0x000000000470c3a0+0x34c]
J 2803 C1 java.awt.Component.dispatchEventImpl(Ljava/awt/AWTEvent;)V (883 bytes) @ 0x0000000003d163ac [0x0000000003d10e60+0x554c]
J 2690 C1 java.awt.Container.dispatchEventImpl(Ljava/awt/AWTEvent;)V (129 bytes) @ 0x0000000003abc2e4 [0x0000000003abc1a0+0x144]
J 4586 C1 java.awt.LightweightDispatcher.retargetMouseEvent(Ljava/awt/Component;ILjava/awt/event/MouseEvent;)V (350 bytes) @ 0x0000000004568d9c [0x0000000004566840+0x255c]
j  java.awt.LightweightDispatcher.processMouseEvent(Ljava/awt/event/MouseEvent;)Z+130
J 4975 C1 java.awt.LightweightDispatcher.dispatchEvent(Ljava/awt/AWTEvent;)Z (73 bytes) @ 0x00000000046632b4 [0x0000000004662e80+0x434]
J 2690 C1 java.awt.Container.dispatchEventImpl(Ljava/awt/AWTEvent;)V (129 bytes) @ 0x0000000003abc284 [0x0000000003abc1a0+0xe4]
J 4575 C1 java.awt.Window.dispatchEventImpl(Ljava/awt/AWTEvent;)V (23 bytes) @ 0x000000000455f56c [0x000000000455ef80+0x5ec]
J 3856 C1 java.awt.EventQueue.dispatchEventImpl(Ljava/awt/AWTEvent;Ljava/lang/Object;)V (149 bytes) @ 0x000000000433e87c [0x000000000433d000+0x187c]
J 3855 C1 java.awt.EventQueue$3.run()Ljava/lang/Void; (60 bytes) @ 0x000000000433c79c [0x000000000433c580+0x21c]
J 3547 C1 java.awt.EventQueue$3.run()Ljava/lang/Object; (5 bytes) @ 0x000000000422d914 [0x000000000422d880+0x94]
v  ~StubRoutines::call_stub
J 1359  java.security.AccessController.doPrivileged(Ljava/security/PrivilegedAction;Ljava/security/AccessControlContext;)Ljava/lang/Object; (0 bytes) @ 0x0000000003d523a6 [0x0000000003d52340+0x66]
J 3342 C1 java.security.ProtectionDomain$1.doIntersectionPrivilege(Ljava/security/PrivilegedAction;Ljava/security/AccessControlContext;Ljava/security/AccessControlContext;)Ljava/lang/Object; (32 bytes) @ 0x0000000003bd874c [0x0000000003bd8440+0x30c]
J 4571 C1 java.awt.EventQueue$4.run()Ljava/lang/Object; (5 bytes) @ 0x00000000045578a4 [0x00000000045574a0+0x404]
v  ~StubRoutines::call_stub
J 1359  java.security.AccessController.doPrivileged(Ljava/security/PrivilegedAction;Ljava/security/AccessControlContext;)Ljava/lang/Object; (0 bytes) @ 0x0000000003d523a6 [0x0000000003d52340+0x66]
J 3546 C1 java.awt.EventQueue.dispatchEvent(Ljava/awt/AWTEvent;)V (80 bytes) @ 0x000000000422c93c [0x000000000422bc60+0xcdc]
J 3785 C1 org.netbeans.core.TimableEventQueue.dispatchEvent(Ljava/awt/AWTEvent;)V (43 bytes) @ 0x000000000430bd04 [0x000000000430bc00+0x104]
J 3623 C1 java.awt.EventDispatchThread.pumpOneEventForFilters(I)V (295 bytes) @ 0x000000000427b3fc [0x0000000004279560+0x1e9c]
j  java.awt.EventDispatchThread.pumpEventsForFilter(ILjava/awt/Conditional;Ljava/awt/EventFilter;)V+35
j  java.awt.EventDispatchThread.pumpEventsForHierarchy(ILjava/awt/Conditional;Ljava/awt/Component;)V+11
j  java.awt.EventDispatchThread.pumpEvents(ILjava/awt/Conditional;)V+4
j  java.awt.EventDispatchThread.pumpEvents(Ljava/awt/Conditional;)V+3
j  java.awt.EventDispatchThread.run()V+9
v  ~StubRoutines::call_stub

---------------  P R O C E S S  ---------------

Java Threads: ( => current thread )
  0x000000001b99d800 JavaThread "Inactive RequestProcessor thread [Was:Asynch children creator /org.openide.nodes.AsynchChildren]" daemon [_thread_blocked, id=1208, stack(0x0000000022f60000,0x0000000023160000)]
  0x000000001b9a0800 JavaThread "Prism Font Disposer" daemon [_thread_blocked, id=372, stack(0x0000000021ef0000,0x00000000220f0000)]
  0x000000001b99f000 JavaThread "Inactive RequestProcessor thread [Was:Asynch children creator /org.openide.nodes.AsynchChildren]" daemon [_thread_blocked, id=5000, stack(0x00000000214f0000,0x00000000216f0000)]
  0x000000001b99c000 JavaThread "Flushing caches" [_thread_blocked, id=4572, stack(0x000000001fad0000,0x000000001fcd0000)]
  0x000000001b999800 JavaThread "TimerQueue" daemon [_thread_blocked, id=2704, stack(0x000000001f4d0000,0x000000001f6d0000)]
  0x000000001b50b000 JavaThread "Thread-6" daemon [_thread_blocked, id=4852, stack(0x000000001f0d0000,0x000000001f2d0000)]
  0x000000001b50a800 JavaThread "IM-file-ingest-1" [_thread_blocked, id=4600, stack(0x000000001eed0000,0x000000001f0d0000)]
  0x000000001b509800 JavaThread "IM-file-ingest-0" [_thread_blocked, id=2660, stack(0x000000001ecd0000,0x000000001eed0000)]
  0x000000001b509000 JavaThread "IM-data-source-ingest-0" [_thread_blocked, id=4320, stack(0x000000001ead0000,0x000000001ecd0000)]
  0x000000001b508000 JavaThread "Thread-5" daemon [_thread_in_native, id=2316, stack(0x000000001e8d0000,0x000000001ead0000)]
  0x000000001b507800 JavaThread "JavaFX Application Thread" [_thread_in_native, id=4980, stack(0x000000001e4d0000,0x000000001e6d0000)]
  0x000000001b506800 JavaThread "Thread-4" daemon [_thread_blocked, id=4168, stack(0x000000001d0a0000,0x000000001d2a0000)]
  0x000000001b506000 JavaThread "File Watcher" daemon [_thread_blocked, id=5052, stack(0x000000001cea0000,0x000000001d0a0000)]
  0x000000001b505000 JavaThread "QuantumRenderer-0" daemon [_thread_blocked, id=3516, stack(0x000000001c980000,0x000000001cb80000)]
  0x0000000018964000 JavaThread "org.netbeans.modules.debugger.jpda.visual AWT Access Loop" daemon [_thread_blocked, id=5020, stack(0x000000001bc00000,0x000000001be00000)]
  0x0000000018c1b000 JavaThread "Inactive RequestProcessor thread [Was:Logging Flush/org.netbeans.core.startup.logging.DispatchingHandler]" daemon [_thread_blocked, id=696, stack(0x000000001aa30000,0x000000001ac30000)]
=>0x00000000187ca800 JavaThread "AWT-EventQueue-0" [_thread_in_native, id=4156, stack(0x000000001a630000,0x000000001a830000)]
  0x00000000187ac000 JavaThread "AWT-Windows" daemon [_thread_in_native, id=1268, stack(0x000000001a430000,0x000000001a630000)]
  0x000000001868f000 JavaThread "AWT-Shutdown" [_thread_blocked, id=5072, stack(0x000000001a230000,0x000000001a430000)]
  0x000000001868d800 JavaThread "Java2D Disposer" daemon [_thread_blocked, id=3772, stack(0x000000001a030000,0x000000001a230000)]
  0x00000000185b9800 JavaThread "RequestProcessor queue manager" daemon [_thread_blocked, id=4432, stack(0x0000000019a30000,0x0000000019c30000)]
  0x00000000185eb800 JavaThread "Inactive RequestProcessor thread [Was:Explorer Views/org.openide.explorer.view.TreeView$TreePropertyListener$2Request]" daemon [_thread_blocked, id=3528, stack(0x0000000019230000,0x0000000019430000)]
  0x00000000185e1000 JavaThread "CLI Requests Server" daemon [_thread_in_native, id=5032, stack(0x0000000019030000,0x0000000019230000)]
  0x000000001855d800 JavaThread "Active Reference Queue Daemon" daemon [_thread_blocked, id=4560, stack(0x0000000018c50000,0x0000000018e50000)]
  0x0000000016283800 JavaThread "Service Thread" daemon [_thread_blocked, id=3804, stack(0x0000000018050000,0x0000000018250000)]
  0x0000000016229000 JavaThread "C1 CompilerThread1" daemon [_thread_blocked, id=4784, stack(0x0000000017e50000,0x0000000018050000)]
  0x0000000016227000 JavaThread "C2 CompilerThread0" daemon [_thread_blocked, id=1280, stack(0x0000000017c50000,0x0000000017e50000)]
  0x000000001620a800 JavaThread "JDWP Command Reader" daemon [_thread_in_native, id=2632, stack(0x0000000017a50000,0x0000000017c50000)]
  0x0000000016205000 JavaThread "JDWP Event Helper Thread" daemon [_thread_blocked, id=4212, stack(0x0000000017850000,0x0000000017a50000)]
  0x0000000016203800 JavaThread "JDWP Transport Listener: dt_socket" daemon [_thread_blocked, id=3460, stack(0x0000000017650000,0x0000000017850000)]
  0x00000000161f2000 JavaThread "Attach Listener" daemon [_thread_blocked, id=4520, stack(0x0000000017290000,0x0000000017490000)]
  0x0000000002b0f000 JavaThread "Signal Dispatcher" daemon [_thread_blocked, id=3260, stack(0x0000000017090000,0x0000000017290000)]
  0x0000000002b00000 JavaThread "Finalizer" daemon [_thread_blocked, id=5112, stack(0x0000000016e90000,0x0000000017090000)]
  0x0000000002af7000 JavaThread "Reference Handler" daemon [_thread_blocked, id=3700, stack(0x0000000016c90000,0x0000000016e90000)]
  0x000000000277f000 JavaThread "main" [_thread_blocked, id=304, stack(0x0000000000030000,0x0000000000230000)]

Other Threads:
  0x00000000161a2800 VMThread [stack: 0x0000000016a90000,0x0000000016c90000] [id=1900]
  0x0000000016286000 WatcherThread [stack: 0x0000000018250000,0x0000000018450000] [id=4924]

VM state:not at safepoint (normal execution)

VM Mutex/Monitor currently owned by a thread: None

Heap:
 PSYoungGen      total 142336K, used 113245K [0x00000000ead80000, 0x00000000f6a00000, 0x0000000100000000)
  eden space 132096K, 85% used [0x00000000ead80000,0x00000000f1be77e8,0x00000000f2e80000)
  from space 10240K, 1% used [0x00000000f2e80000,0x00000000f2eb0000,0x00000000f3880000)
  to   space 10240K, 0% used [0x00000000f6000000,0x00000000f6000000,0x00000000f6a00000)
 ParOldGen       total 53760K, used 32159K [0x00000000c0800000, 0x00000000c3c80000, 0x00000000ead80000)
  object space 53760K, 59% used [0x00000000c0800000,0x00000000c2767ed0,0x00000000c3c80000)
 Metaspace       used 47988K, capacity 50060K, committed 50216K, reserved 1091584K
  class space    used 6496K, capacity 7122K, committed 7216K, reserved 1048576K

Card table byte_map: [0x0000000012be0000,0x0000000012de0000] byte_map_base: 0x00000000125dc000

Marking Bits: (ParMarkBitMap*) 0x00000000635a4040
 Begin Bits: [0x0000000013340000, 0x0000000014320000)
 End Bits:   [0x0000000014320000, 0x0000000015300000)

Polling page: 0x0000000000390000

CodeCache: size=245760Kb used=15783Kb max_used=15968Kb free=229976Kb
 bounds [0x0000000003820000, 0x00000000047e0000, 0x0000000012820000]
 total_blobs=5615 nmethods=4803 adapters=731
 compilation: enabled

Compilation events (10 events):
Event: 27.328 Thread 0x0000000016229000 5430       3       java.util.concurrent.locks.ReentrantLock$Sync::newCondition (9 bytes)
Event: 27.328 Thread 0x0000000016229000 nmethod 5430 0x0000000003a460d0 code [0x0000000003a46240, 0x0000000003a464b0]
Event: 27.444 Thread 0x0000000016227000 5431       4       java.util.regex.Pattern$GroupTail::match (111 bytes)
Event: 27.448 Thread 0x0000000016227000 nmethod 5431 0x0000000003e29590 code [0x0000000003e296e0, 0x0000000003e29ab8]
Event: 28.246 Thread 0x0000000016229000 5433       3       java.util.concurrent.locks.ReentrantLock::lockInterruptibly (9 bytes)
Event: 28.247 Thread 0x0000000016229000 nmethod 5433 0x00000000041d3a50 code [0x00000000041d3c00, 0x00000000041d4138]
Event: 28.247 Thread 0x0000000016229000 5434       3       java.util.concurrent.locks.AbstractQueuedSynchronizer::acquireInterruptibly (28 bytes)
Event: 28.248 Thread 0x0000000016229000 nmethod 5434 0x00000000047b2190 code [0x00000000047b2340, 0x00000000047b2778]
Event: 28.486 Thread 0x0000000016229000 5435   !   3       java.util.concurrent.DelayQueue::take (214 bytes)
Event: 28.490 Thread 0x0000000016229000 nmethod 5435 0x00000000039650d0 code [0x0000000003965460, 0x0000000003966fa8]

GC Heap History (10 events):
Event: 8.258 GC heap before
{Heap before GC invocations=9 (full 1):
 PSYoungGen      total 69632K, used 67252K [0x00000000ead80000, 0x00000000f1c80000, 0x0000000100000000)
  eden space 64512K, 100% used [0x00000000ead80000,0x00000000eec80000,0x00000000eec80000)
  from space 5120K, 53% used [0x00000000eec80000,0x00000000eef2d1c0,0x00000000ef180000)
  to   space 4608K, 0% used [0x00000000f1800000,0x00000000f1800000,0x00000000f1c80000)
 ParOldGen       total 30208K, used 6589K [0x00000000c0800000, 0x00000000c2580000, 0x00000000ead80000)
  object space 30208K, 21% used [0x00000000c0800000,0x00000000c0e6f5e0,0x00000000c2580000)
 Metaspace       used 31762K, capacity 33422K, committed 33712K, reserved 1079296K
  class space    used 3969K, capacity 4452K, committed 4528K, reserved 1048576K
Event: 8.282 GC heap after
Heap after GC invocations=9 (full 1):
 PSYoungGen      total 106496K, used 4523K [0x00000000ead80000, 0x00000000f1c80000, 0x0000000100000000)
  eden space 101888K, 0% used [0x00000000ead80000,0x00000000ead80000,0x00000000f1100000)
  from space 4608K, 98% used [0x00000000f1800000,0x00000000f1c6af10,0x00000000f1c80000)
  to   space 5120K, 0% used [0x00000000f1280000,0x00000000f1280000,0x00000000f1780000)
 ParOldGen       total 30208K, used 11909K [0x00000000c0800000, 0x00000000c2580000, 0x00000000ead80000)
  object space 30208K, 39% used [0x00000000c0800000,0x00000000c13a17f0,0x00000000c2580000)
 Metaspace       used 31762K, capacity 33422K, committed 33712K, reserved 1079296K
  class space    used 3969K, capacity 4452K, committed 4528K, reserved 1048576K
}
Event: 9.251 GC heap before
{Heap before GC invocations=10 (full 1):
 PSYoungGen      total 106496K, used 103122K [0x00000000ead80000, 0x00000000f1c80000, 0x0000000100000000)
  eden space 101888K, 96% used [0x00000000ead80000,0x00000000f0dc99a0,0x00000000f1100000)
  from space 4608K, 98% used [0x00000000f1800000,0x00000000f1c6af10,0x00000000f1c80000)
  to   space 5120K, 0% used [0x00000000f1280000,0x00000000f1280000,0x00000000f1780000)
 ParOldGen       total 30208K, used 11909K [0x00000000c0800000, 0x00000000c2580000, 0x00000000ead80000)
  object space 30208K, 39% used [0x00000000c0800000,0x00000000c13a17f0,0x00000000c2580000)
 Metaspace       used 33464K, capacity 35274K, committed 35496K, reserved 1079296K
  class space    used 4285K, capacity 4781K, committed 4784K, reserved 1048576K
Event: 9.272 GC heap after
Heap after GC invocations=10 (full 1):
 PSYoungGen      total 108544K, used 5119K [0x00000000ead80000, 0x00000000f3f00000, 0x0000000100000000)
  eden space 103424K, 0% used [0x00000000ead80000,0x00000000ead80000,0x00000000f1280000)
  from space 5120K, 99% used [0x00000000f1280000,0x00000000f177fd68,0x00000000f1780000)
  to   space 6144K, 0% used [0x00000000f3900000,0x00000000f3900000,0x00000000f3f00000)
 ParOldGen       total 30208K, used 12731K [0x00000000c0800000, 0x00000000c2580000, 0x00000000ead80000)
  object space 30208K, 42% used [0x00000000c0800000,0x00000000c146eec0,0x00000000c2580000)
 Metaspace       used 33464K, capacity 35274K, committed 35496K, reserved 1079296K
  class space    used 4285K, capacity 4781K, committed 4784K, reserved 1048576K
}
Event: 9.272 GC heap before
{Heap before GC invocations=11 (full 2):
 PSYoungGen      total 108544K, used 5119K [0x00000000ead80000, 0x00000000f3f00000, 0x0000000100000000)
  eden space 103424K, 0% used [0x00000000ead80000,0x00000000ead80000,0x00000000f1280000)
  from space 5120K, 99% used [0x00000000f1280000,0x00000000f177fd68,0x00000000f1780000)
  to   space 6144K, 0% used [0x00000000f3900000,0x00000000f3900000,0x00000000f3f00000)
 ParOldGen       total 30208K, used 12731K [0x00000000c0800000, 0x00000000c2580000, 0x00000000ead80000)
  object space 30208K, 42% used [0x00000000c0800000,0x00000000c146eec0,0x00000000c2580000)
 Metaspace       used 33464K, capacity 35274K, committed 35496K, reserved 1079296K
  class space    used 4285K, capacity 4781K, committed 4784K, reserved 1048576K
Event: 9.417 GC heap after
Heap after GC invocations=11 (full 2):
 PSYoungGen      total 108544K, used 0K [0x00000000ead80000, 0x00000000f3f00000, 0x0000000100000000)
  eden space 103424K, 0% used [0x00000000ead80000,0x00000000ead80000,0x00000000f1280000)
  from space 5120K, 0% used [0x00000000f1280000,0x00000000f1280000,0x00000000f1780000)
  to   space 6144K, 0% used [0x00000000f3900000,0x00000000f3900000,0x00000000f3f00000)
 ParOldGen       total 53760K, used 17182K [0x00000000c0800000, 0x00000000c3c80000, 0x00000000ead80000)
  object space 53760K, 31% used [0x00000000c0800000,0x00000000c18c7b38,0x00000000c3c80000)
 Metaspace       used 33464K, capacity 35274K, committed 35496K, reserved 1079296K
  class space    used 4285K, capacity 4781K, committed 4784K, reserved 1048576K
}
Event: 12.410 GC heap before
{Heap before GC invocations=12 (full 2):
 PSYoungGen      total 108544K, used 103424K [0x00000000ead80000, 0x00000000f3f00000, 0x0000000100000000)
  eden space 103424K, 100% used [0x00000000ead80000,0x00000000f1280000,0x00000000f1280000)
  from space 5120K, 0% used [0x00000000f1280000,0x00000000f1280000,0x00000000f1780000)
  to   space 6144K, 0% used [0x00000000f3900000,0x00000000f3900000,0x00000000f3f00000)
 ParOldGen       total 53760K, used 17182K [0x00000000c0800000, 0x00000000c3c80000, 0x00000000ead80000)
  object space 53760K, 31% used [0x00000000c0800000,0x00000000c18c7b38,0x00000000c3c80000)
 Metaspace       used 44963K, capacity 46844K, committed 46888K, reserved 1089536K
  class space    used 6125K, capacity 6681K, committed 6704K, reserved 1048576K
Event: 12.433 GC heap after
Heap after GC invocations=12 (full 2):
 PSYoungGen      total 138240K, used 6134K [0x00000000ead80000, 0x00000000f4280000, 0x0000000100000000)
  eden space 132096K, 0% used [0x00000000ead80000,0x00000000ead80000,0x00000000f2e80000)
  from space 6144K, 99% used [0x00000000f3900000,0x00000000f3efda30,0x00000000f3f00000)
  to   space 10240K, 0% used [0x00000000f2e80000,0x00000000f2e80000,0x00000000f3880000)
 ParOldGen       total 53760K, used 26119K [0x00000000c0800000, 0x00000000c3c80000, 0x00000000ead80000)
  object space 53760K, 48% used [0x00000000c0800000,0x00000000c2181fd8,0x00000000c3c80000)
 Metaspace       used 44963K, capacity 46844K, committed 46888K, reserved 1089536K
  class space    used 6125K, capacity 6681K, committed 6704K, reserved 1048576K
}
Event: 12.775 GC heap before
{Heap before GC invocations=13 (full 2):
 PSYoungGen      total 138240K, used 138230K [0x00000000ead80000, 0x00000000f4280000, 0x0000000100000000)
  eden space 132096K, 100% used [0x00000000ead80000,0x00000000f2e80000,0x00000000f2e80000)
  from space 6144K, 99% used [0x00000000f3900000,0x00000000f3efda30,0x00000000f3f00000)
  to   space 10240K, 0% used [0x00000000f2e80000,0x00000000f2e80000,0x00000000f3880000)
 ParOldGen       total 53760K, used 26119K [0x00000000c0800000, 0x00000000c3c80000, 0x00000000ead80000)
  object space 53760K, 48% used [0x00000000c0800000,0x00000000c2181fd8,0x00000000c3c80000)
 Metaspace       used 45156K, capacity 47144K, committed 47528K, reserved 1089536K
  class space    used 6169K, capacity 6715K, committed 6832K, reserved 1048576K
Event: 12.787 GC heap after
Heap after GC invocations=13 (full 2):
 PSYoungGen      total 142336K, used 192K [0x00000000ead80000, 0x00000000f6a00000, 0x0000000100000000)
  eden space 132096K, 0% used [0x00000000ead80000,0x00000000ead80000,0x00000000f2e80000)
  from space 10240K, 1% used [0x00000000f2e80000,0x00000000f2eb0000,0x00000000f3880000)
  to   space 10240K, 0% used [0x00000000f6000000,0x00000000f6000000,0x00000000f6a00000)
 ParOldGen       total 53760K, used 32159K [0x00000000c0800000, 0x00000000c3c80000, 0x00000000ead80000)
  object space 53760K, 59% used [0x00000000c0800000,0x00000000c2767ed0,0x00000000c3c80000)
 Metaspace       used 45156K, capacity 47144K, committed 47528K, reserved 1089536K
  class space    used 6169K, capacity 6715K, committed 6832K, reserved 1048576K
}

Deoptimization events (10 events):
Event: 22.649 Thread 0x000000001b99c000 Uncommon trap: reason=unstable_if action=reinterpret pc=0x0000000003ecdba4 method=org.netbeans.core.startup.preferences.RelPaths.testWritePath(Ljava/lang/String;Ljava/lang/String;Ljava/lang/String;[Ljava/lang/String;)Z @ 18
Event: 22.649 Thread 0x000000001b99c000 Uncommon trap: reason=unstable_if action=reinterpret pc=0x00000000044502c0 method=org.netbeans.TopSecurityManager.checkPropertyAccess(Ljava/lang/String;)V @ 130
Event: 22.657 Thread 0x000000001b99c000 Uncommon trap: reason=unstable_if action=reinterpret pc=0x000000000405524c method=java.util.regex.Matcher.find()Z @ 10
Event: 23.913 Thread 0x000000001b99c000 Uncommon trap: reason=unstable_if action=reinterpret pc=0x00000000047b0ca8 method=java.io.BufferedOutputStream.write([BII)V @ 35
Event: 25.131 Thread 0x00000000187ca800 Uncommon trap: reason=unstable_if action=reinterpret pc=0x0000000003c9f070 method=sun.nio.cs.UTF_8$Decoder.decode([BII[C)I @ 30
Event: 25.793 Thread 0x000000001b99c000 Uncommon trap: reason=predicate action=maybe_recompile pc=0x0000000003c25464 method=java.util.AbstractCollection.toArray([Ljava/lang/Object;)[Ljava/lang/Object; @ 49
Event: 25.800 Thread 0x000000001b99c000 Uncommon trap: reason=array_check action=maybe_recompile pc=0x00000000040ad388 method=java.util.AbstractCollection.toArray([Ljava/lang/Object;)[Ljava/lang/Object; @ 119
Event: 25.800 Thread 0x000000001b99c000 Uncommon trap: reason=array_check action=maybe_recompile pc=0x00000000040ad388 method=java.util.AbstractCollection.toArray([Ljava/lang/Object;)[Ljava/lang/Object; @ 119
Event: 25.800 Thread 0x000000001b99c000 Uncommon trap: reason=array_check action=maybe_recompile pc=0x00000000040ad388 method=java.util.AbstractCollection.toArray([Ljava/lang/Object;)[Ljava/lang/Object; @ 119
Event: 25.800 Thread 0x000000001b99c000 Uncommon trap: reason=array_check action=maybe_recompile pc=0x00000000040ad388 method=java.util.AbstractCollection.toArray([Ljava/lang/Object;)[Ljava/lang/Object; @ 119

Internal exceptions (10 events):
Event: 19.941 Thread 0x00000000187ca800 Exception <a 'java/lang/ClassNotFoundException': java/lang/StringEditor> (0x00000000ee0f5660) thrown at [C:\re\workspace\8-2-build-windows-amd64-cygwin\jdk8u51\3951\hotspot\src\share\vm\classfile\systemDictionary.cpp, line 210]
Event: 19.944 Thread 0x00000000187ca800 Exception <a 'java/lang/ClassNotFoundException': java/lang/StringEditor> (0x00000000ee15d740) thrown at [C:\re\workspace\8-2-build-windows-amd64-cygwin\jdk8u51\3951\hotspot\src\share\vm\classfile\systemDictionary.cpp, line 210]
Event: 19.948 Thread 0x00000000187ca800 Exception <a 'java/lang/ClassNotFoundException': java/lang/LongEditor> (0x00000000ee1c5690) thrown at [C:\re\workspace\8-2-build-windows-amd64-cygwin\jdk8u51\3951\hotspot\src\share\vm\classfile\systemDictionary.cpp, line 210]
Event: 19.951 Thread 0x00000000187ca800 Exception <a 'java/lang/ClassNotFoundException': java/lang/StringEditor> (0x00000000ee22d5c8) thrown at [C:\re\workspace\8-2-build-windows-amd64-cygwin\jdk8u51\3951\hotspot\src\share\vm\classfile\systemDictionary.cpp, line 210]
Event: 19.957 Thread 0x00000000187ca800 Exception <a 'java/lang/ClassNotFoundException': java/lang/StringEditor> (0x00000000ee295598) thrown at [C:\re\workspace\8-2-build-windows-amd64-cygwin\jdk8u51\3951\hotspot\src\share\vm\classfile\systemDictionary.cpp, line 210]
Event: 19.961 Thread 0x00000000187ca800 Exception <a 'java/lang/ClassNotFoundException': java/lang/StringEditor> (0x00000000ee2ffc88) thrown at [C:\re\workspace\8-2-build-windows-amd64-cygwin\jdk8u51\3951\hotspot\src\share\vm\classfile\systemDictionary.cpp, line 210]
Event: 19.969 Thread 0x00000000187ca800 Exception <a 'java/lang/ClassNotFoundException': java/lang/LongEditor> (0x00000000ee41ce68) thrown at [C:\re\workspace\8-2-build-windows-amd64-cygwin\jdk8u51\3951\hotspot\src\share\vm\classfile\systemDictionary.cpp, line 210]
Event: 19.972 Thread 0x00000000187ca800 Exception <a 'java/lang/ClassNotFoundException': java/lang/StringEditor> (0x00000000ee484d40) thrown at [C:\re\workspace\8-2-build-windows-amd64-cygwin\jdk8u51\3951\hotspot\src\share\vm\classfile\systemDictionary.cpp, line 210]
Event: 21.009 Thread 0x000000001b99e000 Exception <a 'java/io/FileNotFoundException'> (0x00000000ef413510) thrown at [C:\re\workspace\8-2-build-windows-amd64-cygwin\jdk8u51\3951\hotspot\src\share\vm\prims\jni.cpp, line 709]
Event: 21.575 Thread 0x000000001b99c000 Exception <a 'java/lang/NoSuchMethodError': <clinit>> (0x00000000efced9c0) thrown at [C:\re\workspace\8-2-build-windows-amd64-cygwin\jdk8u51\3951\hotspot\src\share\vm\prims\jni.cpp, line 1598]

Events (10 events):
Event: 28.470 Executing VM operation: GetCurrentLocation
Event: 28.470 Executing VM operation: GetCurrentLocation done
Event: 28.470 Executing VM operation: ChangeSingleStep
Event: 28.470 Executing VM operation: ChangeSingleStep done
Event: 28.470 Executing VM operation: ChangeSingleStep
Event: 28.470 Executing VM operation: ChangeSingleStep done
Event: 28.480 Executing VM operation: ChangeBreakpoints
Event: 28.483 Executing VM operation: ChangeBreakpoints done
Event: 28.490 Thread 0x0000000016229000 flushing nmethod 0x00000000039c1910
Event: 28.490 Thread 0x0000000016229000 flushing nmethod 0x00000000039c6290


Dynamic libraries:
0x0000000000400000 - 0x000000000043a000 	C:\Program Files\Autopsy-3.1.3\platform\lib\nbexec64.exe
0x0000000076d90000 - 0x0000000076f16000 	C:\Windows\system32\ntdll.dll
0x0000000076c60000 - 0x0000000076d8d000 	C:\Windows\system32\kernel32.dll
0x000007fefd7e0000 - 0x000007fefd8e8000 	C:\Windows\system32\ADVAPI32.dll
0x000007fefdc50000 - 0x000007fefdd93000 	C:\Windows\system32\RPCRT4.dll
0x000007fefea00000 - 0x000007fefea9c000 	C:\Windows\system32\msvcrt.dll
0x00000000768d0000 - 0x000000007699d000 	C:\Windows\system32\USER32.dll
0x000007fefeaa0000 - 0x000007fefeb04000 	C:\Windows\system32\GDI32.dll
0x000007fefdc20000 - 0x000007fefdc4d000 	C:\Windows\system32\IMM32.DLL
0x000007fefed90000 - 0x000007fefee92000 	C:\Windows\system32\MSCTF.dll
0x000007fefd8f0000 - 0x000007fefd8fd000 	C:\Windows\system32\LPK.DLL
0x000007fefeea0000 - 0x000007fefef3b000 	C:\Windows\system32\USP10.dll
0x0000000063c80000 - 0x0000000063dd4000 	C:\Program Files\Autopsy-3.1.3\platform\lib\nbexec64.dll
0x0000000062da0000 - 0x0000000063623000 	C:\Program Files\Java\jdk1.8.0_51\jre\bin\server\jvm.dll
0x000007fef9e50000 - 0x000007fef9e59000 	C:\Windows\system32\WSOCK32.dll
0x000007fefdbd0000 - 0x000007fefdc14000 	C:\Windows\system32\WS2_32.dll
0x000007fefef40000 - 0x000007fefef47000 	C:\Windows\system32\NSI.dll
0x000007fefc310000 - 0x000007fefc349000 	C:\Windows\system32\WINMM.dll
0x000007fefd900000 - 0x000007fefdad8000 	C:\Windows\system32\ole32.dll
0x000007fefef50000 - 0x000007feff023000 	C:\Windows\system32\OLEAUT32.dll
0x000007fefc2b0000 - 0x000007fefc305000 	C:\Windows\system32\OLEACC.dll
0x000007fefcbf0000 - 0x000007fefcbfb000 	C:\Windows\system32\VERSION.dll
0x0000000076f30000 - 0x0000000076f39000 	C:\Windows\system32\PSAPI.DLL
0x000000006d2d0000 - 0x000000006d3a2000 	C:\Program Files\Java\jdk1.8.0_51\jre\bin\MSVCR100.dll
0x000000006f220000 - 0x000000006f259000 	C:\Program Files\Java\jdk1.8.0_51\jre\bin\splashscreen.dll
0x000007fefc410000 - 0x000007fefc461000 	C:\Windows\system32\uxtheme.dll
0x0000000070ee0000 - 0x0000000070eef000 	C:\Program Files\Java\jdk1.8.0_51\jre\bin\verify.dll
0x000000006e100000 - 0x000000006e129000 	C:\Program Files\Java\jdk1.8.0_51\jre\bin\java.dll
0x000000006dc50000 - 0x000000006dc85000 	C:\Program Files\Java\jdk1.8.0_51\jre\bin\jdwp.dll
0x0000000070a30000 - 0x0000000070a38000 	C:\Program Files\Java\jdk1.8.0_51\jre\bin\npt.dll
0x000000006fe20000 - 0x000000006fe36000 	C:\Program Files\Java\jdk1.8.0_51\jre\bin\zip.dll
0x000007fefdda0000 - 0x000007fefe9f3000 	C:\Windows\system32\SHELL32.dll
0x000007feff030000 - 0x000007feff0a3000 	C:\Windows\system32\SHLWAPI.dll
0x000007fefc070000 - 0x000007fefc269000 	C:\Windows\WinSxS\amd64_microsoft.windows.common-controls_6595b64144ccf1df_6.0.6002.19373_none_151129cef4086113\comctl32.dll
0x000007fefd630000 - 0x000007fefd656000 	C:\Windows\system32\USERENV.dll
0x000007fefd610000 - 0x000007fefd62c000 	C:\Windows\system32\Secur32.dll
0x0000000070700000 - 0x0000000070709000 	C:\Program Files\Java\jdk1.8.0_51\jre\bin\dt_socket.dll
0x000007fefcb60000 - 0x000007fefcbaf000 	C:\Windows\system32\mswsock.dll
0x000007fefcb50000 - 0x000007fefcb57000 	C:\Windows\System32\wshtcpip.dll
0x000000006ee90000 - 0x000000006eeaa000 	C:\Program Files\Java\jdk1.8.0_51\jre\bin\net.dll
0x000007fefcbe0000 - 0x000007fefcbe7000 	C:\Windows\System32\wship6.dll
0x000000006e970000 - 0x000000006e981000 	C:\Program Files\Java\jdk1.8.0_51\jre\bin\nio.dll
0x000007fefcdf0000 - 0x000007fefce13000 	C:\Windows\system32\IPHLPAPI.DLL
0x000007fefcda0000 - 0x000007fefcde5000 	C:\Windows\system32\dhcpcsvc.DLL
0x000007fefd0b0000 - 0x000007fefd0ea000 	C:\Windows\system32\DNSAPI.dll
0x000007fefcd90000 - 0x000007fefcd9a000 	C:\Windows\system32\WINNSI.DLL
0x000007fefcd60000 - 0x000007fefcd8b000 	C:\Windows\system32\dhcpcsvc6.DLL
0x000000006c250000 - 0x000000006c3e8000 	C:\Program Files\Java\jdk1.8.0_51\jre\bin\awt.dll
0x000007fefc840000 - 0x000007fefc888000 	C:\Windows\system32\rsaenh.dll
0x000007fefc590000 - 0x000007fefc5a1000 	C:\Windows\system32\DWMAPI.DLL
0x000007fefbc10000 - 0x000007fefbc23000 	C:\Windows\system32\NLAapi.dll
0x000007fefa160000 - 0x000007fefa173000 	C:\Windows\system32\napinsp.dll
0x000007fefa140000 - 0x000007fefa157000 	C:\Windows\system32\pnrpnsp.dll
0x000007fefa190000 - 0x000007fefa19b000 	C:\Windows\System32\winrnr.dll
0x000007fefdae0000 - 0x000007fefdb35000 	C:\Windows\system32\WLDAP32.dll
0x0000000072ea0000 - 0x0000000072ec6000 	C:\Program Files\Bonjour\mdnsNSP.dll
0x000007fefa7b0000 - 0x000007fefa7b8000 	C:\Windows\system32\rasadhlp.dll
0x000000006dfd0000 - 0x000000006e017000 	C:\Program Files\Java\jdk1.8.0_51\jre\bin\fontmanager.dll
0x000000006d3b0000 - 0x000000006d482000 	C:\Program Files\Autopsy-3.1.3\autopsy\modules\lib\amd64\msvcr100.dll
0x000000006d230000 - 0x000000006d2c8000 	C:\Program Files\Autopsy-3.1.3\autopsy\modules\lib\amd64\msvcp100.dll
0x0000000180000000 - 0x0000000180018000 	C:\Program Files\Autopsy-3.1.3\autopsy\modules\lib\amd64\zlib.dll
0x0000000003200000 - 0x00000000032f9000 	C:\Program Files\Autopsy-3.1.3\autopsy\modules\lib\amd64\libewf.dll
0x000007fef0a40000 - 0x000007fef0b7b000 	C:\Users\Stacey\AppData\Local\Temp\libtsk_jni.dll
0x0000000002ce0000 - 0x0000000002d18000 	C:\Program Files\Autopsy-3.1.3\platform\modules\lib\amd64\jnidispatch-340.dll
0x000000006d200000 - 0x000000006d22c000 	C:\Program Files\Java\jdk1.8.0_51\jre\bin\prism_d3d.dll
0x000007fef6890000 - 0x000007fef6a6f000 	C:\Windows\system32\d3d9.dll
0x000007fefc580000 - 0x000007fefc587000 	C:\Windows\system32\d3d8thk.dll
0x000000006fde0000 - 0x000000006fdf2000 	C:\Program Files\Java\jdk1.8.0_51\jre\bin\prism_sw.dll
0x000000006cb00000 - 0x000000006cb41000 	C:\Program Files\Java\jdk1.8.0_51\jre\bin\glass.dll
0x000007fefdb40000 - 0x000007fefdbcc000 	C:\Windows\system32\COMDLG32.dll
0x000000001cb80000 - 0x000000001cbf0000 	C:\Program Files\Autopsy-3.1.3\autopsy\modules\lib\amd64\libsigar.dll
0x000007fef4ba0000 - 0x000007fef4bf0000 	C:\Windows\system32\pdh.dll
0x000007fefd1c0000 - 0x000007fefd263000 	C:\Windows\system32\NETAPI32.dll
0x000007fefc7d0000 - 0x000007fefc7fc000 	C:\Windows\system32\NTMARTA.DLL
0x000007fefd090000 - 0x000007fefd0ac000 	C:\Windows\system32\SAMLIB.dll
0x000007fefc030000 - 0x000007fefc03e000 	C:\Windows\system32\perfproc.dll
0x000000006dce0000 - 0x000000006dd22000 	C:\Program Files\Java\jdk1.8.0_51\jre\bin\t2k.dll
0x000007fefeb10000 - 0x000007fefeba9000 	C:\Windows\system32\CLBCatQ.DLL
0x000007fefb320000 - 0x000007fefb44e000 	C:\Windows\system32\WindowsCodecs.dll
0x000007fefd540000 - 0x000007fefd575000 	C:\Windows\system32\apphelp.dll
0x000007fefbe10000 - 0x000007fefbe41000 	C:\Users\Stacey\AppData\Roaming\Dropbox\bin\DropboxExt64.25.dll
0x00000000704c0000 - 0x0000000070585000 	C:\Program Files\AVAST Software\Avast\ashShA64.dll
0x000007fefb9f0000 - 0x000007fefbc0c000 	C:\Windows\WinSxS\amd64_microsoft.windows.gdiplus_6595b64144ccf1df_1.0.6002.19386_none_56ab69c1b5946774\gdiplus.dll
0x000007fef4d50000 - 0x000007fef5054000 	C:\Windows\system32\msi.dll
0x000007fefb7c0000 - 0x000007fefb7e2000 	C:\Windows\system32\EhStorShell.dll
0x000007fefbcf0000 - 0x000007fefbdd5000 	C:\Windows\system32\PROPSYS.dll
0x000007fefaaf0000 - 0x000007fefab90000 	C:\Windows\WinSxS\amd64_microsoft.windows.common-controls_6595b64144ccf1df_5.82.6002.19373_none_4145c9465547549a\comctl32.dll
0x00000000708e0000 - 0x00000000708ed000 	C:\Program Files\Java\jdk1.8.0_51\jre\bin\management.dll
0x000000006cae0000 - 0x000000006caf5000 	C:\Program Files\Java\jdk1.8.0_51\jre\bin\javafx_font.dll
0x000000006cd10000 - 0x000000006ce92000 	C:\Windows\system32\dwrite.dll
0x000000006cac0000 - 0x000000006cad1000 	C:\Program Files\Java\jdk1.8.0_51\jre\bin\prism_common.dll
0x000000006cea0000 - 0x000000006cf71000 	C:\Windows\system32\d2d1.dll
0x000007fef7180000 - 0x000007fef71b4000 	C:\Windows\system32\d3d10_1.dll
0x000007fef42a0000 - 0x000007fef42f6000 	C:\Windows\system32\d3d10_1core.dll
0x000007fef25e0000 - 0x000007fef2685000 	C:\Windows\system32\dxgi.dll
0x000000006ae50000 - 0x000000006b049000 	C:\Windows\system32\D3D10Warp.dll
0x000007fefbc50000 - 0x000007fefbc89000 	C:\Windows\system32\WINTRUST.dll
0x000007fefcec0000 - 0x000007fefcffb000 	C:\Windows\system32\CRYPT32.dll
0x000007fefd070000 - 0x000007fefd089000 	C:\Windows\system32\MSASN1.dll
0x000007fefd7c0000 - 0x000007fefd7d8000 	C:\Windows\system32\imagehlp.dll
0x000000006caa0000 - 0x000000006cab7000 	C:\Program Files\Java\jdk1.8.0_51\jre\bin\decora_sse.dll
0x000000006e140000 - 0x000000006e1ed000 	C:\Users\Stacey\AppData\Local\Temp\sqlite-3.7.151-amd64-sqlitejdbc.dll
0x000007fef8070000 - 0x000007fef8183000 	C:\Windows\system32\dbghelp.dll

VM Arguments:
jvm_args: -Dnetbeans.logger.console=true -ea -Xdebug -Xrunjdwp:transport=dt_socket,suspend=y,server=n,address=127.0.0.1:50508 -Djdk.home=C:\Program Files\Java\jdk1.8.0_51 -splash:C:\Users\Stacey\Documents\NetBeansProjects\SqlGrab\build\testuserdir\var\cache\splash.png -Dnetbeans.home=C:\Program Files\Autopsy-3.1.3\platform -Dnetbeans.user=C:\Users\Stacey\Documents\NetBeansProjects\SqlGrab\build\testuserdir -Dnetbeans.default_userdir_root= -XX:+HeapDumpOnOutOfMemoryError -XX:HeapDumpPath=C:\Users\Stacey\Documents\NetBeansProjects\SqlGrab\build\testuserdir\var\log\heapdump.hprof -Dnetbeans.system_http_proxy=DIRECT -Dsun.awt.keepWorkingSetOnMinimize=true -Dnetbeans.dirs=C:\Users\Stacey\Documents\NetBeansProjects\SqlGrab\build\cluster;C:\Program Files\Autopsy-3.1.3\autopsy;C:\Program Files\Autopsy-3.1.3\harness;C:\Program Files\Autopsy-3.1.3\java;C:\Program Files\Autopsy-3.1.3\platform exit 
java_command: <unknown>
java_class_path (initial): C:\Program Files\Autopsy-3.1.3\platform\lib\boot.jar;C:\Program Files\Autopsy-3.1.3\platform\lib\org-openide-modules.jar;C:\Program Files\Autopsy-3.1.3\platform\lib\org-openide-util-lookup.jar;C:\Program Files\Autopsy-3.1.3\platform\lib\org-openide-util.jar;C:\Program Files\Autopsy-3.1.3\platform\lib\locale\boot_ja.jar;C:\Program Files\Autopsy-3.1.3\platform\lib\locale\boot_pt_BR.jar;C:\Program Files\Autopsy-3.1.3\platform\lib\locale\boot_ru.jar;C:\Program Files\Autopsy-3.1.3\platform\lib\locale\boot_zh_CN.jar;C:\Program Files\Autopsy-3.1.3\platform\lib\locale\org-openide-modules_ja.jar;C:\Program Files\Autopsy-3.1.3\platform\lib\locale\org-openide-modules_pt_BR.jar;C:\Program Files\Autopsy-3.1.3\platform\lib\locale\org-openide-modules_ru.jar;C:\Program Files\Autopsy-3.1.3\platform\lib\locale\org-openide-modules_zh_CN.jar;C:\Program Files\Autopsy-3.1.3\platform\lib\locale\org-openide-util-lookup_ja.jar;C:\Program Files\Autopsy-3.1.3\platform\lib\locale\org-openide-util-lookup_pt_BR.jar;C:\Program Files\Autopsy-3.1.3\platform\lib\locale\org-openide-util-lookup_ru.jar;C:\Program Files\Autopsy-3.1.3\platform\lib\locale\org-openide-util-lookup_zh_CN.jar;C:\Program Files\Autopsy-3.1.3\platform\lib\locale\org-openide-util_ja.jar;C:\Program Files\Autopsy-3.1.3\platform\lib\locale\org-openide-util_pt_BR.jar;C:\Program Files\Autopsy-3.1.3\platform\lib\locale\org-openide-util_ru.jar;C:\Program Files\Autopsy-3.1.3\platform\lib\locale\org-openide-util_zh_CN.jar;C:\Program Files\Java\jdk1.8.0_51\lib\dt.jar;C:\Program Files\Java\jdk1.8.0_51\lib\tools.jar
Launcher Type: generic

Environment Variables:
PATH=C:\ProgramData\Oracle\Java\javapath;C:\Windows\system32;C:\Windows;C:\Windows\System32\Wbem;C:\Program Files (x86)\Python;C:\Windows\System32\WindowsPowerShell\v1.0\;C:\Program Files (x86)\Skype\Phone\;C:\Program Files (x86)\QuickTime\QTSystem\
USERNAME=Stacey
OS=Windows_NT
PROCESSOR_IDENTIFIER=Intel64 Family 6 Model 23 Stepping 10, GenuineIntel



---------------  S Y S T E M  ---------------

OS: Windows Vista , 64 bit Build 6002 (6.0.6002.19381)

CPU:total 2 (2 cores per cpu, 1 threads per core) family 6 model 23 stepping 10, cmov, cx8, fxsr, mmx, sse, sse2, sse3, ssse3, tsc

Memory: 4k page, physical 4157708k(1172760k free), swap 8544048k(4834088k free)

vm_info: Java HotSpot(TM) 64-Bit Server VM (25.51-b03) for windows-amd64 JRE (1.8.0_51-b16), built on Jun  8 2015 18:03:07 by "java_re" with MS VC++ 10.0 (VS2010)

time: Sun Aug 09 12:13:55 2015
elapsed time: 28 seconds (0d 0h 0m 28s)

