#
# A fatal error has been detected by the Java Runtime Environment:
#
#  EXCEPTION_ACCESS_VIOLATION (0xc0000005) at pc=0x000000006e1482b8, pid=4156, tid=2676
#
# JRE version: Java(TM) SE Runtime Environment (8.0_51-b16) (build 1.8.0_51-b16)
# Java VM: Java HotSpot(TM) 64-Bit Server VM (25.51-b03 mixed mode windows-amd64 compressed oops)
# Problematic frame:
# C  [sqlite-3.7.151-amd64-sqlitejdbc.dll+0x82b8]
#
# Failed to write core dump. Minidumps are not enabled by default on client versions of Windows
#
# If you would like to submit a bug report, please visit:
#   http://bugreport.java.com/bugreport/crash.jsp
# The crash happened outside the Java Virtual Machine in native code.
# See problematic frame for where to report the bug.
#

---------------  T H R E A D  ---------------

Current thread (0x0000000018841000):  JavaThread "AWT-EventQueue-0" [_thread_in_native, id=2676, stack(0x000000001a6d0000,0x000000001a8d0000)]

siginfo: ExceptionCode=0xc0000005, reading address 0x0000000000000000

Registers:
RAX=0x0000000018841005, RBX=0x0000000000000000, RCX=0x0000000000000000, RDX=0x0000000000000000
RSP=0x000000001a8cccb0, RBP=0x000000001a8ccd90, RSI=0x0000000000000158, RDI=0x0000000000000b15
R8 =0x000000006e16fd30, R9 =0x0000000000000000, R10=0x0000000000000000, R11=0x0000000004513d18
R12=0x0000000000000000, R13=0x000000001a8ccd80, R14=0x000000001a8ccd50, R15=0x0000000018841000
RIP=0x000000006e1482b8, EFLAGS=0x0000000000010246

Top of Stack: (sp=0x000000001a8cccb0)
0x000000001a8cccb0:   000000001c86fa80 0000000018841000
0x000000001a8cccc0:   00000000163055b8 000000001c86bf90
0x000000001a8cccd0:   00000000000000b6 000000001c86bfb8
0x000000001a8ccce0:   00000000188411f8 0000000000000158
0x000000001a8cccf0:   0000000000000b15 000000006e142493
0x000000001a8ccd00:   0000000021804038 0000000018841000
0x000000001a8ccd10:   0000000021803fe8 000000001c86bfb8
0x000000001a8ccd20:   00000000ecd42040 0000000004513e87
0x000000001a8ccd30:   000000001c86bfb8 0000000018841000
0x000000001a8ccd40:   000000001a8cce28 000000001c86bf90
0x000000001a8ccd50:   00000000ecd42040 0000000000000b15
0x000000001a8ccd60:   0000000000000158 00000000000000b6
0x000000001a8ccd70:   000000001a8cce10 000000000390c31e
0x000000001a8ccd80:   0000000000000300 00000000000000b6
0x000000001a8ccd90:   000000001a8cce10 00000000038e7850
0x000000001a8ccda0:   00000000038e7510 00000000038e7850 

Instructions: (pc=0x000000006e1482b8)
0x000000006e148298:   c4 08 c3 0f 1f 44 00 00 48 83 ec 48 85 d2 48 89
0x000000006e1482a8:   5c 24 30 48 89 74 24 38 48 89 cb 48 89 7c 24 40
0x000000006e1482b8:   48 8b 31 0f b7 41 48 78 7f 39 c2 7d 7b 44 89 cf
0x000000006e1482c8:   48 8b 4e 18 0f af f8 01 d7 48 85 c9 74 10 4c 89 


Register to memory mapping:

RAX=0x0000000018841005 is an unknown value
RBX=0x0000000000000000 is an unknown value
RCX=0x0000000000000000 is an unknown value
RDX=0x0000000000000000 is an unknown value
RSP=0x000000001a8cccb0 is pointing into the stack for thread: 0x0000000018841000
RBP=0x000000001a8ccd90 is pointing into the stack for thread: 0x0000000018841000
RSI=0x0000000000000158 is an unknown value
RDI=0x0000000000000b15 is an unknown value
R8 =0x000000006e16fd30 is an unknown value
R9 =0x0000000000000000 is an unknown value
R10=0x0000000000000000 is an unknown value
R11=0x0000000004513d18 is at entry_point+24 in (nmethod*)0x0000000004513b90
R12=0x0000000000000000 is an unknown value
R13=0x000000001a8ccd80 is pointing into the stack for thread: 0x0000000018841000
R14=0x000000001a8ccd50 is pointing into the stack for thread: 0x0000000018841000
R15=0x0000000018841000 is a thread


Stack: [0x000000001a6d0000,0x000000001a8d0000],  sp=0x000000001a8cccb0,  free space=2035k
Native frames: (J=compiled Java code, j=interpreted, Vv=VM code, C=native code)
C  [sqlite-3.7.151-amd64-sqlitejdbc.dll+0x82b8]

Java frames: (J=compiled Java code, j=interpreted, Vv=VM code)
J 8085  org.sqlite.NativeDB.column_name(JI)Ljava/lang/String; (0 bytes) @ 0x0000000004513d3b [0x0000000004513d00+0x3b]
j  org.sqlite.RS.getColumnName(I)Ljava/lang/String;+16
j  SqlGrab.FillTable.setHeader(I)V+14
j  SqlGrab.FillTable.setRS(Ljava/sql/ResultSet;)V+61
j  SqlGrab.FillTable.<init>(Ljava/sql/ResultSet;)V+28
j  SqlGrab.FullSQLParse.GetSqlDataInTable(Ljava/lang/String;)LSqlGrab/FillTable;+12
j  SqlGrab.GrabPanel.CreateDBTab(Ljava/lang/String;)V+40
j  SqlGrab.GrabPanel.FullParse(Ljava/lang/String;)V+32
j  SqlGrab.GrabPanel.setNode(Lorg/openide/nodes/Node;)V+82
j  org.sleuthkit.autopsy.corecomponents.DataContentPanel$UpdateWrapper.setNode(Lorg/openide/nodes/Node;)V+5
j  org.sleuthkit.autopsy.corecomponents.DataContentPanel.stateChanged(Ljavax/swing/event/ChangeEvent;)V+55
j  javax.swing.JTabbedPane.fireStateChanged()V+185
j  javax.swing.JTabbedPane$ModelListener.stateChanged(Ljavax/swing/event/ChangeEvent;)V+4
j  javax.swing.DefaultSingleSelectionModel.fireStateChanged()V+56
j  javax.swing.DefaultSingleSelectionModel.setSelectedIndex(I)V+14
j  javax.swing.JTabbedPane.setSelectedIndexImpl(IZ)V+97
j  javax.swing.JTabbedPane.setSelectedIndex(I)V+13
j  javax.swing.plaf.basic.BasicTabbedPaneUI$Handler.mousePressed(Ljava/awt/event/MouseEvent;)V+77
j  java.awt.AWTEventMulticaster.mousePressed(Ljava/awt/event/MouseEvent;)V+8
J 8669 C1 java.awt.Component.processMouseEvent(Ljava/awt/event/MouseEvent;)V (100 bytes) @ 0x000000000545addc [0x000000000545a960+0x47c]
J 8668 C1 javax.swing.JComponent.processMouseEvent(Ljava/awt/event/MouseEvent;)V (27 bytes) @ 0x000000000545a504 [0x000000000545a2e0+0x224]
J 7098 C1 java.awt.Component.processEvent(Ljava/awt/AWTEvent;)V (220 bytes) @ 0x0000000004fdb9b4 [0x0000000004fdb820+0x194]
J 6733 C1 java.awt.Container.processEvent(Ljava/awt/AWTEvent;)V (22 bytes) @ 0x0000000004b29004 [0x0000000004b28f00+0x104]
J 8529 C2 java.awt.Component.dispatchEventImpl(Ljava/awt/AWTEvent;)V (883 bytes) @ 0x00000000053e992c [0x00000000053e8c20+0xd0c]
J 8013 C2 java.awt.Container.dispatchEventImpl(Ljava/awt/AWTEvent;)V (129 bytes) @ 0x00000000052d9558 [0x00000000052d9500+0x58]
J 7199 C1 java.awt.LightweightDispatcher.retargetMouseEvent(Ljava/awt/Component;ILjava/awt/event/MouseEvent;)V (350 bytes) @ 0x000000000505559c [0x0000000005053040+0x255c]
J 7071 C1 java.awt.LightweightDispatcher.processMouseEvent(Ljava/awt/event/MouseEvent;)Z (301 bytes) @ 0x0000000004d3d8ec [0x0000000004d3d3e0+0x50c]
J 8013 C2 java.awt.Container.dispatchEventImpl(Ljava/awt/AWTEvent;)V (129 bytes) @ 0x00000000052d99e8 [0x00000000052d9500+0x4e8]
J 4665 C1 java.awt.Window.dispatchEventImpl(Ljava/awt/AWTEvent;)V (23 bytes) @ 0x000000000430dbec [0x000000000430d600+0x5ec]
J 8042 C2 java.awt.EventQueue.dispatchEventImpl(Ljava/awt/AWTEvent;Ljava/lang/Object;)V (149 bytes) @ 0x000000000447f49c [0x000000000447f300+0x19c]
J 8968 C2 java.awt.EventQueue$3.run()Ljava/lang/Object; (5 bytes) @ 0x00000000055313c4 [0x0000000005531360+0x64]
v  ~StubRoutines::call_stub
J 1277  java.security.AccessController.doPrivileged(Ljava/security/PrivilegedAction;Ljava/security/AccessControlContext;)Ljava/lang/Object; (0 bytes) @ 0x0000000003d7b0e6 [0x0000000003d7b080+0x66]
J 7928 C2 java.security.ProtectionDomain$1.doIntersectionPrivilege(Ljava/security/PrivilegedAction;Ljava/security/AccessControlContext;Ljava/security/AccessControlContext;)Ljava/lang/Object; (32 bytes) @ 0x00000000052931a0 [0x00000000052930c0+0xe0]
J 4630 C1 java.awt.EventQueue$4.run()Ljava/lang/Object; (5 bytes) @ 0x0000000003ae5a64 [0x0000000003ae5660+0x404]
v  ~StubRoutines::call_stub
J 1277  java.security.AccessController.doPrivileged(Ljava/security/PrivilegedAction;Ljava/security/AccessControlContext;)Ljava/lang/Object; (0 bytes) @ 0x0000000003d7b0e6 [0x0000000003d7b080+0x66]
J 8040 C2 java.awt.EventQueue.dispatchEvent(Ljava/awt/AWTEvent;)V (80 bytes) @ 0x00000000043d6a18 [0x00000000043d67c0+0x258]
J 4032 C1 org.netbeans.core.TimableEventQueue.dispatchEvent(Ljava/awt/AWTEvent;)V (43 bytes) @ 0x00000000044c5604 [0x00000000044c5500+0x104]
J 8362 C2 java.awt.EventDispatchThread.pumpOneEventForFilters(I)V (295 bytes) @ 0x000000000537fe18 [0x000000000537fb80+0x298]
j  java.awt.EventDispatchThread.pumpEventsForFilter(ILjava/awt/Conditional;Ljava/awt/EventFilter;)V+35
j  java.awt.EventDispatchThread.pumpEventsForHierarchy(ILjava/awt/Conditional;Ljava/awt/Component;)V+11
j  java.awt.EventDispatchThread.pumpEvents(ILjava/awt/Conditional;)V+4
j  java.awt.EventDispatchThread.pumpEvents(Ljava/awt/Conditional;)V+3
j  java.awt.EventDispatchThread.run()V+9
v  ~StubRoutines::call_stub

---------------  P R O C E S S  ---------------

Java Threads: ( => current thread )
  0x00000000189ef000 JavaThread "Image Fetcher 0" daemon [_thread_blocked, id=3788, stack(0x000000002d520000,0x000000002d720000)]
  0x00000000189f0800 JavaThread "IM-ingest-events-0" [_thread_blocked, id=296, stack(0x000000002c060000,0x000000002c260000)]
  0x000000001ad36000 JavaThread "Swing-Shell" daemon [_thread_blocked, id=1180, stack(0x00000000232d0000,0x00000000234d0000)]
  0x00000000189f3800 JavaThread "Prism Font Disposer" daemon [_thread_blocked, id=304, stack(0x00000000223d0000,0x00000000225d0000)]
  0x00000000189f3000 JavaThread "Inactive RequestProcessor thread [Was:Timeable Event Queue Watch Dog/org.netbeans.core.TimableEventQueue]" daemon [_thread_blocked, id=4924, stack(0x0000000021bd0000,0x0000000021dd0000)]
  0x00000000189f2000 JavaThread "Inactive RequestProcessor thread [Was:Asynch children creator /org.openide.nodes.AsynchChildren]" daemon [_thread_blocked, id=3260, stack(0x00000000219d0000,0x0000000021bd0000)]
  0x00000000189f1800 JavaThread "Inactive RequestProcessor thread [Was:Timeable Event Queue Watch Dog/org.netbeans.core.TimableEventQueue]" daemon [_thread_blocked, id=3972, stack(0x00000000215d0000,0x00000000217d0000)]
  0x00000000189ed800 JavaThread "Inactive RequestProcessor thread [Was:Folder recognizer/org.openide.loaders.FolderList$ListTask]" daemon [_thread_blocked, id=1708, stack(0x000000001e6e0000,0x000000001e8e0000)]
  0x00000000189ec800 JavaThread "TimerQueue" daemon [_thread_blocked, id=4916, stack(0x000000001e4e0000,0x000000001e6e0000)]
  0x000000001b571800 JavaThread "Thread-6" daemon [_thread_blocked, id=2688, stack(0x000000001e0e0000,0x000000001e2e0000)]
  0x000000001b570000 JavaThread "IM-file-ingest-1" [_thread_blocked, id=4136, stack(0x000000001dee0000,0x000000001e0e0000)]
  0x000000001b56f000 JavaThread "IM-file-ingest-0" [_thread_blocked, id=2584, stack(0x000000001dce0000,0x000000001dee0000)]
  0x000000001b56e800 JavaThread "IM-data-source-ingest-0" [_thread_blocked, id=4160, stack(0x000000001dae0000,0x000000001dce0000)]
  0x000000001b56d800 JavaThread "Thread-5" daemon [_thread_in_native, id=1012, stack(0x000000001d200000,0x000000001d400000)]
  0x000000001b56d000 JavaThread "JavaFX Application Thread" [_thread_in_native, id=3344, stack(0x000000001d000000,0x000000001d200000)]
  0x000000001b56c000 JavaThread "Thread-4" daemon [_thread_blocked, id=1728, stack(0x000000001ce00000,0x000000001d000000)]
  0x000000001b56b800 JavaThread "QuantumRenderer-0" daemon [_thread_blocked, id=4768, stack(0x000000001cc00000,0x000000001ce00000)]
  0x000000001b56a800 JavaThread "File Watcher" daemon [_thread_blocked, id=4464, stack(0x000000001c280000,0x000000001c480000)]
  0x0000000018957000 JavaThread "org.netbeans.modules.debugger.jpda.visual AWT Access Loop" daemon [_thread_blocked, id=4104, stack(0x000000001baa0000,0x000000001bca0000)]
=>0x0000000018841000 JavaThread "AWT-EventQueue-0" [_thread_in_native, id=2676, stack(0x000000001a6d0000,0x000000001a8d0000)]
  0x0000000018816000 JavaThread "AWT-Windows" daemon [_thread_in_native, id=2748, stack(0x000000001a4d0000,0x000000001a6d0000)]
  0x0000000018815800 JavaThread "AWT-Shutdown" [_thread_blocked, id=4412, stack(0x000000001a2d0000,0x000000001a4d0000)]
  0x0000000018813800 JavaThread "Java2D Disposer" daemon [_thread_blocked, id=292, stack(0x000000001a0d0000,0x000000001a2d0000)]
  0x00000000186b9800 JavaThread "RequestProcessor queue manager" daemon [_thread_blocked, id=4232, stack(0x00000000198d0000,0x0000000019ad0000)]
  0x000000001864b000 JavaThread "Inactive RequestProcessor thread [Was:Asynch children creator /org.openide.nodes.AsynchChildren]" daemon [_thread_blocked, id=4320, stack(0x00000000190d0000,0x00000000192d0000)]
  0x000000001862e000 JavaThread "CLI Requests Server" daemon [_thread_in_native, id=4420, stack(0x0000000018ed0000,0x00000000190d0000)]
  0x0000000018617000 JavaThread "Active Reference Queue Daemon" daemon [_thread_blocked, id=4852, stack(0x0000000018cd0000,0x0000000018ed0000)]
  0x000000001633b000 JavaThread "Service Thread" daemon [_thread_blocked, id=3844, stack(0x00000000180d0000,0x00000000182d0000)]
  0x00000000162d8800 JavaThread "C1 CompilerThread1" daemon [_thread_blocked, id=4308, stack(0x0000000017ed0000,0x00000000180d0000)]
  0x00000000162d6800 JavaThread "C2 CompilerThread0" daemon [_thread_blocked, id=2872, stack(0x0000000017cd0000,0x0000000017ed0000)]
  0x00000000162c7800 JavaThread "JDWP Command Reader" daemon [_thread_in_native, id=4600, stack(0x0000000017ad0000,0x0000000017cd0000)]
  0x00000000162c2000 JavaThread "JDWP Event Helper Thread" daemon [_thread_blocked, id=3948, stack(0x00000000178d0000,0x0000000017ad0000)]
  0x00000000162c0800 JavaThread "JDWP Transport Listener: dt_socket" daemon [_thread_blocked, id=4612, stack(0x00000000176d0000,0x00000000178d0000)]
  0x00000000162af000 JavaThread "Attach Listener" daemon [_thread_blocked, id=3820, stack(0x0000000017350000,0x0000000017550000)]
  0x00000000162ae000 JavaThread "Signal Dispatcher" daemon [_thread_blocked, id=692, stack(0x0000000017150000,0x0000000017350000)]
  0x0000000002bd1000 JavaThread "Finalizer" daemon [_thread_blocked, id=3120, stack(0x0000000016f50000,0x0000000017150000)]
  0x0000000002bc8000 JavaThread "Reference Handler" daemon [_thread_blocked, id=2728, stack(0x0000000016d50000,0x0000000016f50000)]
  0x000000000299f000 JavaThread "main" [_thread_blocked, id=4928, stack(0x0000000000030000,0x0000000000230000)]

Other Threads:
  0x0000000016262800 VMThread [stack: 0x0000000016b50000,0x0000000016d50000] [id=1884]
  0x000000001633e000 WatcherThread [stack: 0x00000000182d0000,0x00000000184d0000] [id=4560]

VM state:not at safepoint (normal execution)

VM Mutex/Monitor currently owned by a thread: None

Heap:
 PSYoungGen      total 296960K, used 50232K [0x00000000ead80000, 0x00000000fe600000, 0x0000000100000000)
  eden space 282112K, 12% used [0x00000000ead80000,0x00000000ed12f738,0x00000000fc100000)
  from space 14848K, 92% used [0x00000000fd780000,0x00000000fe4de978,0x00000000fe600000)
  to   space 18944K, 0% used [0x00000000fc100000,0x00000000fc100000,0x00000000fd380000)
 ParOldGen       total 123904K, used 68387K [0x00000000c0800000, 0x00000000c8100000, 0x00000000ead80000)
  object space 123904K, 55% used [0x00000000c0800000,0x00000000c4ac8e10,0x00000000c8100000)
 Metaspace       used 70918K, capacity 74048K, committed 74240K, reserved 1110016K
  class space    used 11996K, capacity 12777K, committed 12800K, reserved 1048576K

Card table byte_map: [0x0000000012ca0000,0x0000000012ea0000] byte_map_base: 0x000000001269c000

Marking Bits: (ParMarkBitMap*) 0x00000000635a4040
 Begin Bits: [0x0000000013400000, 0x00000000143e0000)
 End Bits:   [0x00000000143e0000, 0x00000000153c0000)

Polling page: 0x00000000003a0000

CodeCache: size=245760Kb used=29083Kb max_used=29101Kb free=216676Kb
 bounds [0x00000000038e0000, 0x0000000005570000, 0x00000000128e0000]
 total_blobs=8496 nmethods=7550 adapters=864
 compilation: enabled

Compilation events (10 events):
Event: 82.879 Thread 0x00000000162d8800 9001       3       java.io.RandomAccessFile::read (8 bytes)
Event: 82.879 Thread 0x00000000162d8800 nmethod 9001 0x0000000005561350 code [0x00000000055614c0, 0x0000000005561668]
Event: 82.879 Thread 0x00000000162d8800 9000       3       java.nio.ByteBuffer::wrap (8 bytes)
Event: 82.880 Thread 0x00000000162d8800 nmethod 9000 0x0000000005561710 code [0x00000000055618a0, 0x0000000005561c58]
Event: 82.884 Thread 0x00000000162d6800 nmethod 8998% 0x0000000005565110 code [0x0000000005565260, 0x0000000005565878]
Event: 82.884 Thread 0x00000000162d6800 8999 %     4       sun.nio.cs.UTF_8$Decoder::decode @ 20 (779 bytes)
Event: 82.939 Thread 0x00000000162d8800 9004       3       java.io.File::canRead (34 bytes)
Event: 82.940 Thread 0x00000000162d8800 nmethod 9004 0x0000000005564290 code [0x0000000005564420, 0x0000000005564848]
Event: 82.940 Thread 0x00000000162d8800 9002       3       java.util.Arrays::copyOfRange (63 bytes)
Event: 82.942 Thread 0x00000000162d8800 nmethod 9002 0x0000000005562f90 code [0x00000000055631a0, 0x0000000005563cf8]

GC Heap History (10 events):
Event: 40.029 GC heap before
{Heap before GC invocations=19 (full 3):
 PSYoungGen      total 185344K, used 174669K [0x00000000ead80000, 0x00000000f9800000, 0x0000000100000000)
  eden space 165376K, 100% used [0x00000000ead80000,0x00000000f4f00000,0x00000000f4f00000)
  from space 19968K, 46% used [0x00000000f4f00000,0x00000000f5813538,0x00000000f6280000)
  to   space 19456K, 0% used [0x00000000f8500000,0x00000000f8500000,0x00000000f9800000)
 ParOldGen       total 123904K, used 58931K [0x00000000c0800000, 0x00000000c8100000, 0x00000000ead80000)
  object space 123904K, 47% used [0x00000000c0800000,0x00000000c418cea0,0x00000000c8100000)
 Metaspace       used 64664K, capacity 67762K, committed 67968K, reserved 1105920K
  class space    used 11049K, capacity 11829K, committed 11904K, reserved 1048576K
Event: 40.116 GC heap after
Heap after GC invocations=19 (full 3):
 PSYoungGen      total 221184K, used 10429K [0x00000000ead80000, 0x00000000fad00000, 0x0000000100000000)
  eden space 201728K, 0% used [0x00000000ead80000,0x00000000ead80000,0x00000000f7280000)
  from space 19456K, 53% used [0x00000000f8500000,0x00000000f8f2f760,0x00000000f9800000)
  to   space 18944K, 0% used [0x00000000f7280000,0x00000000f7280000,0x00000000f8500000)
 ParOldGen       total 123904K, used 58939K [0x00000000c0800000, 0x00000000c8100000, 0x00000000ead80000)
  object space 123904K, 47% used [0x00000000c0800000,0x00000000c418eea0,0x00000000c8100000)
 Metaspace       used 64664K, capacity 67762K, committed 67968K, reserved 1105920K
  class space    used 11049K, capacity 11829K, committed 11904K, reserved 1048576K
}
Event: 41.562 GC heap before
{Heap before GC invocations=20 (full 3):
 PSYoungGen      total 221184K, used 212157K [0x00000000ead80000, 0x00000000fad00000, 0x0000000100000000)
  eden space 201728K, 100% used [0x00000000ead80000,0x00000000f7280000,0x00000000f7280000)
  from space 19456K, 53% used [0x00000000f8500000,0x00000000f8f2f760,0x00000000f9800000)
  to   space 18944K, 0% used [0x00000000f7280000,0x00000000f7280000,0x00000000f8500000)
 ParOldGen       total 123904K, used 58939K [0x00000000c0800000, 0x00000000c8100000, 0x00000000ead80000)
  object space 123904K, 47% used [0x00000000c0800000,0x00000000c418eea0,0x00000000c8100000)
 Metaspace       used 65119K, capacity 68222K, committed 68480K, reserved 1105920K
  class space    used 11078K, capacity 11831K, committed 11904K, reserved 1048576K
Event: 41.586 GC heap after
Heap after GC invocations=20 (full 3):
 PSYoungGen      total 220672K, used 4455K [0x00000000ead80000, 0x00000000fc280000, 0x0000000100000000)
  eden space 201728K, 0% used [0x00000000ead80000,0x00000000ead80000,0x00000000f7280000)
  from space 18944K, 23% used [0x00000000f7280000,0x00000000f76d9db0,0x00000000f8500000)
  to   space 18432K, 0% used [0x00000000fb080000,0x00000000fb080000,0x00000000fc280000)
 ParOldGen       total 123904K, used 65286K [0x00000000c0800000, 0x00000000c8100000, 0x00000000ead80000)
  object space 123904K, 52% used [0x00000000c0800000,0x00000000c47c1b80,0x00000000c8100000)
 Metaspace       used 65119K, capacity 68222K, committed 68480K, reserved 1105920K
  class space    used 11078K, capacity 11831K, committed 11904K, reserved 1048576K
}
Event: 49.934 GC heap before
{Heap before GC invocations=21 (full 3):
 PSYoungGen      total 220672K, used 206183K [0x00000000ead80000, 0x00000000fc280000, 0x0000000100000000)
  eden space 201728K, 100% used [0x00000000ead80000,0x00000000f7280000,0x00000000f7280000)
  from space 18944K, 23% used [0x00000000f7280000,0x00000000f76d9db0,0x00000000f8500000)
  to   space 18432K, 0% used [0x00000000fb080000,0x00000000fb080000,0x00000000fc280000)
 ParOldGen       total 123904K, used 65286K [0x00000000c0800000, 0x00000000c8100000, 0x00000000ead80000)
  object space 123904K, 52% used [0x00000000c0800000,0x00000000c47c1b80,0x00000000c8100000)
 Metaspace       used 66362K, capacity 69386K, committed 69632K, reserved 1107968K
  class space    used 11269K, capacity 12025K, committed 12032K, reserved 1048576K
Event: 50.018 GC heap after
Heap after GC invocations=21 (full 3):
 PSYoungGen      total 258048K, used 6847K [0x00000000ead80000, 0x00000000fbe80000, 0x0000000100000000)
  eden space 243712K, 0% used [0x00000000ead80000,0x00000000ead80000,0x00000000f9b80000)
  from space 14336K, 47% used [0x00000000fb080000,0x00000000fb72fe80,0x00000000fbe80000)
  to   space 17920K, 0% used [0x00000000f9b80000,0x00000000f9b80000,0x00000000fad00000)
 ParOldGen       total 123904K, used 66738K [0x00000000c0800000, 0x00000000c8100000, 0x00000000ead80000)
  object space 123904K, 53% used [0x00000000c0800000,0x00000000c492c9b0,0x00000000c8100000)
 Metaspace       used 66362K, capacity 69386K, committed 69632K, reserved 1107968K
  class space    used 11269K, capacity 12025K, committed 12032K, reserved 1048576K
}
Event: 71.234 GC heap before
{Heap before GC invocations=22 (full 3):
 PSYoungGen      total 258048K, used 250559K [0x00000000ead80000, 0x00000000fbe80000, 0x0000000100000000)
  eden space 243712K, 100% used [0x00000000ead80000,0x00000000f9b80000,0x00000000f9b80000)
  from space 14336K, 47% used [0x00000000fb080000,0x00000000fb72fe80,0x00000000fbe80000)
  to   space 17920K, 0% used [0x00000000f9b80000,0x00000000f9b80000,0x00000000fad00000)
 ParOldGen       total 123904K, used 66738K [0x00000000c0800000, 0x00000000c8100000, 0x00000000ead80000)
  object space 123904K, 53% used [0x00000000c0800000,0x00000000c492c9b0,0x00000000c8100000)
 Metaspace       used 67877K, capacity 70978K, committed 71168K, reserved 1107968K
  class space    used 11463K, capacity 12253K, committed 12288K, reserved 1048576K
Event: 71.253 GC heap after
Heap after GC invocations=22 (full 3):
 PSYoungGen      total 261632K, used 4267K [0x00000000ead80000, 0x00000000fe880000, 0x0000000100000000)
  eden space 243712K, 0% used [0x00000000ead80000,0x00000000ead80000,0x00000000f9b80000)
  from space 17920K, 23% used [0x00000000f9b80000,0x00000000f9faaf90,0x00000000fad00000)
  to   space 17408K, 0% used [0x00000000fd780000,0x00000000fd780000,0x00000000fe880000)
 ParOldGen       total 123904K, used 68379K [0x00000000c0800000, 0x00000000c8100000, 0x00000000ead80000)
  object space 123904K, 55% used [0x00000000c0800000,0x00000000c4ac6e10,0x00000000c8100000)
 Metaspace       used 67877K, capacity 70978K, committed 71168K, reserved 1107968K
  class space    used 11463K, capacity 12253K, committed 12288K, reserved 1048576K
}
Event: 80.555 GC heap before
{Heap before GC invocations=23 (full 3):
 PSYoungGen      total 261632K, used 247979K [0x00000000ead80000, 0x00000000fe880000, 0x0000000100000000)
  eden space 243712K, 100% used [0x00000000ead80000,0x00000000f9b80000,0x00000000f9b80000)
  from space 17920K, 23% used [0x00000000f9b80000,0x00000000f9faaf90,0x00000000fad00000)
  to   space 17408K, 0% used [0x00000000fd780000,0x00000000fd780000,0x00000000fe880000)
 ParOldGen       total 123904K, used 68379K [0x00000000c0800000, 0x00000000c8100000, 0x00000000ead80000)
  object space 123904K, 55% used [0x00000000c0800000,0x00000000c4ac6e10,0x00000000c8100000)
 Metaspace       used 70719K, capacity 73850K, committed 73984K, reserved 1110016K
  class space    used 11991K, capacity 12776K, committed 12800K, reserved 1048576K
Event: 80.587 GC heap after
Heap after GC invocations=23 (full 3):
 PSYoungGen      total 296960K, used 13690K [0x00000000ead80000, 0x00000000fe600000, 0x0000000100000000)
  eden space 282112K, 0% used [0x00000000ead80000,0x00000000ead80000,0x00000000fc100000)
  from space 14848K, 92% used [0x00000000fd780000,0x00000000fe4de978,0x00000000fe600000)
  to   space 18944K, 0% used [0x00000000fc100000,0x00000000fc100000,0x00000000fd380000)
 ParOldGen       total 123904K, used 68387K [0x00000000c0800000, 0x00000000c8100000, 0x00000000ead80000)
  object space 123904K, 55% used [0x00000000c0800000,0x00000000c4ac8e10,0x00000000c8100000)
 Metaspace       used 70719K, capacity 73850K, committed 73984K, reserved 1110016K
  class space    used 11991K, capacity 12776K, committed 12800K, reserved 1048576K
}

Deoptimization events (10 events):
Event: 72.543 Thread 0x0000000018841000 Uncommon trap: reason=class_check action=maybe_recompile pc=0x00000000052f771c method=java.awt.event.InvocationEvent.dispatch()V @ 11
Event: 72.647 Thread 0x0000000018841000 Uncommon trap: reason=class_check action=maybe_recompile pc=0x00000000052f771c method=java.awt.event.InvocationEvent.dispatch()V @ 11
Event: 77.399 Thread 0x0000000018841000 Uncommon trap: reason=class_check action=maybe_recompile pc=0x0000000004032b20 method=java.util.HashMap.removeNode(ILjava/lang/Object;Ljava/lang/Object;ZZ)Ljava/util/HashMap$Node; @ 143
Event: 77.400 Thread 0x0000000018841000 Uncommon trap: reason=class_check action=maybe_recompile pc=0x0000000004032b20 method=java.util.HashMap.removeNode(ILjava/lang/Object;Ljava/lang/Object;ZZ)Ljava/util/HashMap$Node; @ 143
Event: 77.595 Thread 0x0000000018841000 Uncommon trap: reason=unstable_if action=reinterpret pc=0x0000000005177274 method=sun.java2d.SunGraphics2D.setColor(Ljava/awt/Color;)V @ 42
Event: 80.856 Thread 0x0000000018841000 Uncommon trap: reason=class_check action=maybe_recompile pc=0x00000000052f771c method=java.awt.event.InvocationEvent.dispatch()V @ 11
Event: 80.956 Thread 0x0000000018841000 Uncommon trap: reason=class_check action=maybe_recompile pc=0x00000000052f771c method=java.awt.event.InvocationEvent.dispatch()V @ 11
Event: 81.310 Thread 0x0000000018841000 Uncommon trap: reason=unstable_if action=reinterpret pc=0x000000000511635c method=javax.swing.text.StyleContext$SmallAttributeSet.getLocalAttribute(Ljava/lang/Object;)Ljava/lang/Object; @ 4
Event: 81.310 Thread 0x0000000018841000 Uncommon trap: reason=unstable_if action=reinterpret pc=0x0000000004018324 method=javax.swing.text.StyleContext$SmallAttributeSet.getLocalAttribute(Ljava/lang/Object;)Ljava/lang/Object; @ 4
Event: 82.828 Thread 0x0000000018841000 Uncommon trap: reason=unstable_if action=reinterpret pc=0x0000000003d365b0 method=sun.nio.cs.UTF_8$Decoder.decode([BII[C)I @ 30

Internal exceptions (10 events):
Event: 80.605 Thread 0x0000000018841000 Exception <a 'java/lang/ClassNotFoundException': java/lang/StringEditor> (0x00000000eaddde88) thrown at [C:\re\workspace\8-2-build-windows-amd64-cygwin\jdk8u51\3951\hotspot\src\share\vm\classfile\systemDictionary.cpp, line 210]
Event: 80.627 Thread 0x0000000018841000 Exception <a 'java/lang/ClassNotFoundException': java/lang/StringEditor> (0x00000000eae463b0) thrown at [C:\re\workspace\8-2-build-windows-amd64-cygwin\jdk8u51\3951\hotspot\src\share\vm\classfile\systemDictionary.cpp, line 210]
Event: 80.630 Thread 0x0000000018841000 Exception <a 'java/lang/ClassNotFoundException': java/lang/StringEditor> (0x00000000eaeae480) thrown at [C:\re\workspace\8-2-build-windows-amd64-cygwin\jdk8u51\3951\hotspot\src\share\vm\classfile\systemDictionary.cpp, line 210]
Event: 80.639 Thread 0x0000000018841000 Exception <a 'java/lang/ClassNotFoundException': java/lang/StringEditor> (0x00000000eaf16550) thrown at [C:\re\workspace\8-2-build-windows-amd64-cygwin\jdk8u51\3951\hotspot\src\share\vm\classfile\systemDictionary.cpp, line 210]
Event: 80.644 Thread 0x0000000018841000 Exception <a 'java/lang/ClassNotFoundException': java/lang/LongEditor> (0x00000000eaf7e458) thrown at [C:\re\workspace\8-2-build-windows-amd64-cygwin\jdk8u51\3951\hotspot\src\share\vm\classfile\systemDictionary.cpp, line 210]
Event: 80.647 Thread 0x0000000018841000 Exception <a 'java/lang/ClassNotFoundException': java/lang/StringEditor> (0x00000000eafe63d8) thrown at [C:\re\workspace\8-2-build-windows-amd64-cygwin\jdk8u51\3951\hotspot\src\share\vm\classfile\systemDictionary.cpp, line 210]
Event: 80.650 Thread 0x0000000018841000 Exception <a 'java/lang/ClassNotFoundException': java/lang/StringEditor> (0x00000000eb04e398) thrown at [C:\re\workspace\8-2-build-windows-amd64-cygwin\jdk8u51\3951\hotspot\src\share\vm\classfile\systemDictionary.cpp, line 210]
Event: 80.671 Thread 0x0000000018841000 Exception <a 'java/lang/ClassNotFoundException': java/lang/StringEditor> (0x00000000eb0b8a78) thrown at [C:\re\workspace\8-2-build-windows-amd64-cygwin\jdk8u51\3951\hotspot\src\share\vm\classfile\systemDictionary.cpp, line 210]
Event: 80.679 Thread 0x0000000018841000 Exception <a 'java/lang/ClassNotFoundException': java/lang/LongEditor> (0x00000000eb1d4f40) thrown at [C:\re\workspace\8-2-build-windows-amd64-cygwin\jdk8u51\3951\hotspot\src\share\vm\classfile\systemDictionary.cpp, line 210]
Event: 81.267 Thread 0x00000000189ef000 Exception <a 'java/io/FileNotFoundException'> (0x00000000ec120250) thrown at [C:\re\workspace\8-2-build-windows-amd64-cygwin\jdk8u51\3951\hotspot\src\share\vm\prims\jni.cpp, line 709]

Events (10 events):
Event: 82.827 Thread 0x0000000018841000 DEOPT UNPACKING pc=0x00000000039271bf sp=0x000000001a8cc7a0 mode 0
Event: 82.828 Thread 0x0000000018841000 Uncommon trap: trap_request=0xffffff65 fr.pc=0x0000000003d365b0
Event: 82.828 Thread 0x0000000018841000 DEOPT PACKING pc=0x0000000003d365b0 sp=0x000000001a8cca70
Event: 82.828 Thread 0x0000000018841000 DEOPT UNPACKING pc=0x000000000392556a sp=0x000000001a8cc9d8 mode 2
Event: 82.830 Thread 0x0000000018841000 DEOPT PACKING pc=0x000000000411c3b5 sp=0x000000001a8cceb0
Event: 82.830 Thread 0x0000000018841000 DEOPT UNPACKING pc=0x00000000039271bf sp=0x000000001a8ccbd8 mode 0
Event: 82.891 Thread 0x0000000018841000 DEOPT PACKING pc=0x0000000005553e88 sp=0x000000001a8cca70
Event: 82.891 Thread 0x0000000018841000 DEOPT UNPACKING pc=0x00000000039271bf sp=0x000000001a8cc7a0 mode 0
Event: 82.931 Thread 0x0000000018841000 DEOPT PACKING pc=0x000000000400c05c sp=0x000000001a8cbe40
Event: 82.931 Thread 0x0000000018841000 DEOPT UNPACKING pc=0x00000000039271bf sp=0x000000001a8cbbf8 mode 1


Dynamic libraries:
0x0000000000400000 - 0x000000000043a000 	C:\Program Files\Autopsy-3.1.3\platform\lib\nbexec64.exe
0x0000000076d90000 - 0x0000000076f16000 	C:\Windows\system32\ntdll.dll
0x0000000076c60000 - 0x0000000076d8d000 	C:\Windows\system32\kernel32.dll
0x000007fefd7e0000 - 0x000007fefd8e8000 	C:\Windows\system32\ADVAPI32.dll
0x000007fefdc50000 - 0x000007fefdd93000 	C:\Windows\system32\RPCRT4.dll
0x000007fefea00000 - 0x000007fefea9c000 	C:\Windows\system32\msvcrt.dll
0x00000000768d0000 - 0x000000007699d000 	C:\Windows\system32\USER32.dll
0x000007fefeaa0000 - 0x000007fefeb04000 	C:\Windows\system32\GDI32.dll
0x000007fefdc20000 - 0x000007fefdc4d000 	C:\Windows\system32\IMM32.DLL
0x000007fefed90000 - 0x000007fefee92000 	C:\Windows\system32\MSCTF.dll
0x000007fefd8f0000 - 0x000007fefd8fd000 	C:\Windows\system32\LPK.DLL
0x000007fefeea0000 - 0x000007fefef3b000 	C:\Windows\system32\USP10.dll
0x0000000063c80000 - 0x0000000063dd4000 	C:\Program Files\Autopsy-3.1.3\platform\lib\nbexec64.dll
0x0000000062da0000 - 0x0000000063623000 	C:\Program Files\Java\jdk1.8.0_51\jre\bin\server\jvm.dll
0x000007fef9e50000 - 0x000007fef9e59000 	C:\Windows\system32\WSOCK32.dll
0x000007fefdbd0000 - 0x000007fefdc14000 	C:\Windows\system32\WS2_32.dll
0x000007fefef40000 - 0x000007fefef47000 	C:\Windows\system32\NSI.dll
0x000007fefc310000 - 0x000007fefc349000 	C:\Windows\system32\WINMM.dll
0x000007fefd900000 - 0x000007fefdad8000 	C:\Windows\system32\ole32.dll
0x000007fefef50000 - 0x000007feff023000 	C:\Windows\system32\OLEAUT32.dll
0x000007fefc2b0000 - 0x000007fefc305000 	C:\Windows\system32\OLEACC.dll
0x000007fefcbf0000 - 0x000007fefcbfb000 	C:\Windows\system32\VERSION.dll
0x0000000076f30000 - 0x0000000076f39000 	C:\Windows\system32\PSAPI.DLL
0x000000006d2d0000 - 0x000000006d3a2000 	C:\Program Files\Java\jdk1.8.0_51\jre\bin\MSVCR100.dll
0x000000006f220000 - 0x000000006f259000 	C:\Program Files\Java\jdk1.8.0_51\jre\bin\splashscreen.dll
0x000007fefc410000 - 0x000007fefc461000 	C:\Windows\system32\uxtheme.dll
0x0000000070ee0000 - 0x0000000070eef000 	C:\Program Files\Java\jdk1.8.0_51\jre\bin\verify.dll
0x000000006e100000 - 0x000000006e129000 	C:\Program Files\Java\jdk1.8.0_51\jre\bin\java.dll
0x000000006d450000 - 0x000000006d485000 	C:\Program Files\Java\jdk1.8.0_51\jre\bin\jdwp.dll
0x0000000070700000 - 0x0000000070708000 	C:\Program Files\Java\jdk1.8.0_51\jre\bin\npt.dll
0x000000006fe20000 - 0x000000006fe36000 	C:\Program Files\Java\jdk1.8.0_51\jre\bin\zip.dll
0x000007fefdda0000 - 0x000007fefe9f3000 	C:\Windows\system32\SHELL32.dll
0x000007feff030000 - 0x000007feff0a3000 	C:\Windows\system32\SHLWAPI.dll
0x000007fefc070000 - 0x000007fefc269000 	C:\Windows\WinSxS\amd64_microsoft.windows.common-controls_6595b64144ccf1df_6.0.6002.19373_none_151129cef4086113\comctl32.dll
0x000007fefd630000 - 0x000007fefd656000 	C:\Windows\system32\USERENV.dll
0x000007fefd610000 - 0x000007fefd62c000 	C:\Windows\system32\Secur32.dll
0x0000000070a30000 - 0x0000000070a39000 	C:\Program Files\Java\jdk1.8.0_51\jre\bin\dt_socket.dll
0x000007fefcb60000 - 0x000007fefcbaf000 	C:\Windows\system32\mswsock.dll
0x000007fefcb50000 - 0x000007fefcb57000 	C:\Windows\System32\wshtcpip.dll
0x000000006ee90000 - 0x000000006eeaa000 	C:\Program Files\Java\jdk1.8.0_51\jre\bin\net.dll
0x000007fefcbe0000 - 0x000007fefcbe7000 	C:\Windows\System32\wship6.dll
0x000000006e970000 - 0x000000006e981000 	C:\Program Files\Java\jdk1.8.0_51\jre\bin\nio.dll
0x000007fefcdf0000 - 0x000007fefce13000 	C:\Windows\system32\IPHLPAPI.DLL
0x000007fefcda0000 - 0x000007fefcde5000 	C:\Windows\system32\dhcpcsvc.DLL
0x000007fefd0b0000 - 0x000007fefd0ea000 	C:\Windows\system32\DNSAPI.dll
0x000007fefcd90000 - 0x000007fefcd9a000 	C:\Windows\system32\WINNSI.DLL
0x000007fefcd60000 - 0x000007fefcd8b000 	C:\Windows\system32\dhcpcsvc6.DLL
0x000000006c250000 - 0x000000006c3e8000 	C:\Program Files\Java\jdk1.8.0_51\jre\bin\awt.dll
0x000007fefc840000 - 0x000007fefc888000 	C:\Windows\system32\rsaenh.dll
0x000007fefc590000 - 0x000007fefc5a1000 	C:\Windows\system32\DWMAPI.DLL
0x000007fefbc10000 - 0x000007fefbc23000 	C:\Windows\system32\NLAapi.dll
0x000007fefa160000 - 0x000007fefa173000 	C:\Windows\system32\napinsp.dll
0x000007fefa140000 - 0x000007fefa157000 	C:\Windows\system32\pnrpnsp.dll
0x000007fefa190000 - 0x000007fefa19b000 	C:\Windows\System32\winrnr.dll
0x000007fefdae0000 - 0x000007fefdb35000 	C:\Windows\system32\WLDAP32.dll
0x0000000072ea0000 - 0x0000000072ec6000 	C:\Program Files\Bonjour\mdnsNSP.dll
0x000007fefa7b0000 - 0x000007fefa7b8000 	C:\Windows\system32\rasadhlp.dll
0x000000006dfd0000 - 0x000000006e017000 	C:\Program Files\Java\jdk1.8.0_51\jre\bin\fontmanager.dll
0x000000006ca70000 - 0x000000006cb42000 	C:\Program Files\Autopsy-3.1.3\autopsy\modules\lib\amd64\msvcr100.dll
0x000000006d3b0000 - 0x000000006d448000 	C:\Program Files\Autopsy-3.1.3\autopsy\modules\lib\amd64\msvcp100.dll
0x0000000180000000 - 0x0000000180018000 	C:\Program Files\Autopsy-3.1.3\autopsy\modules\lib\amd64\zlib.dll
0x0000000002d40000 - 0x0000000002e39000 	C:\Program Files\Autopsy-3.1.3\autopsy\modules\lib\amd64\libewf.dll
0x000007fef0a40000 - 0x000007fef0b7b000 	C:\Users\Stacey\AppData\Local\Temp\libtsk_jni.dll
0x0000000002ce0000 - 0x0000000002d18000 	C:\Program Files\Autopsy-3.1.3\platform\modules\lib\amd64\jnidispatch-340.dll
0x000000006d2a0000 - 0x000000006d2cc000 	C:\Program Files\Java\jdk1.8.0_51\jre\bin\prism_d3d.dll
0x000007fef6890000 - 0x000007fef6a6f000 	C:\Windows\system32\d3d9.dll
0x000007fefc580000 - 0x000007fefc587000 	C:\Windows\system32\d3d8thk.dll
0x000000006e020000 - 0x000000006e032000 	C:\Program Files\Java\jdk1.8.0_51\jre\bin\prism_sw.dll
0x000000006d200000 - 0x000000006d241000 	C:\Program Files\Java\jdk1.8.0_51\jre\bin\glass.dll
0x000007fefdb40000 - 0x000007fefdbcc000 	C:\Windows\system32\COMDLG32.dll
0x0000000002e40000 - 0x0000000002eb0000 	C:\Program Files\Autopsy-3.1.3\autopsy\modules\lib\amd64\libsigar.dll
0x000007fef4bf0000 - 0x000007fef4c40000 	C:\Windows\system32\pdh.dll
0x000007fefd1c0000 - 0x000007fefd263000 	C:\Windows\system32\NETAPI32.dll
0x000007fefc7d0000 - 0x000007fefc7fc000 	C:\Windows\system32\NTMARTA.DLL
0x000007fefd090000 - 0x000007fefd0ac000 	C:\Windows\system32\SAMLIB.dll
0x000007fefc390000 - 0x000007fefc39e000 	C:\Windows\system32\perfproc.dll
0x000000006dce0000 - 0x000000006dd22000 	C:\Program Files\Java\jdk1.8.0_51\jre\bin\t2k.dll
0x000007fefeb10000 - 0x000007fefeba9000 	C:\Windows\system32\CLBCatQ.DLL
0x000007fefb320000 - 0x000007fefb44e000 	C:\Windows\system32\WindowsCodecs.dll
0x000007fefd540000 - 0x000007fefd575000 	C:\Windows\system32\apphelp.dll
0x000007fefbe10000 - 0x000007fefbe41000 	C:\Users\Stacey\AppData\Roaming\Dropbox\bin\DropboxExt64.25.dll
0x00000000704c0000 - 0x0000000070585000 	C:\Program Files\AVAST Software\Avast\ashShA64.dll
0x000007fefb9f0000 - 0x000007fefbc0c000 	C:\Windows\WinSxS\amd64_microsoft.windows.gdiplus_6595b64144ccf1df_1.0.6002.19386_none_56ab69c1b5946774\gdiplus.dll
0x000007fef4d50000 - 0x000007fef5054000 	C:\Windows\system32\msi.dll
0x000007fefb7c0000 - 0x000007fefb7e2000 	C:\Windows\system32\EhStorShell.dll
0x000007fefbcf0000 - 0x000007fefbdd5000 	C:\Windows\system32\PROPSYS.dll
0x000007fefaaf0000 - 0x000007fefab90000 	C:\Windows\WinSxS\amd64_microsoft.windows.common-controls_6595b64144ccf1df_5.82.6002.19373_none_4145c9465547549a\comctl32.dll
0x00000000708e0000 - 0x00000000708ed000 	C:\Program Files\Java\jdk1.8.0_51\jre\bin\management.dll
0x000000006dc70000 - 0x000000006dc85000 	C:\Program Files\Java\jdk1.8.0_51\jre\bin\javafx_font.dll
0x000000006cd10000 - 0x000000006ce92000 	C:\Windows\system32\dwrite.dll
0x000000006dc50000 - 0x000000006dc61000 	C:\Program Files\Java\jdk1.8.0_51\jre\bin\prism_common.dll
0x000000006cea0000 - 0x000000006cf71000 	C:\Windows\system32\d2d1.dll
0x000007fef7180000 - 0x000007fef71b4000 	C:\Windows\system32\d3d10_1.dll
0x000007fef42a0000 - 0x000007fef42f6000 	C:\Windows\system32\d3d10_1core.dll
0x000007fef25e0000 - 0x000007fef2685000 	C:\Windows\system32\dxgi.dll
0x000000006ae50000 - 0x000000006b049000 	C:\Windows\system32\D3D10Warp.dll
0x000007fefbc50000 - 0x000007fefbc89000 	C:\Windows\system32\WINTRUST.dll
0x000007fefcec0000 - 0x000007fefcffb000 	C:\Windows\system32\CRYPT32.dll
0x000007fefd070000 - 0x000007fefd089000 	C:\Windows\system32\MSASN1.dll
0x000007fefd7c0000 - 0x000007fefd7d8000 	C:\Windows\system32\imagehlp.dll
0x000000006d280000 - 0x000000006d297000 	C:\Program Files\Java\jdk1.8.0_51\jre\bin\decora_sse.dll
0x000007fefebb0000 - 0x000007fefed8c000 	C:\Windows\system32\SETUPAPI.dll
0x000007feee9f0000 - 0x000007feeec18000 	C:\Windows\system32\NetworkExplorer.dll
0x000007fef6070000 - 0x000007fef619a000 	C:\Windows\System32\shdocvw.dll
0x000007fefd000000 - 0x000007fefd019000 	C:\Windows\system32\MPR.dll
0x000007fef7210000 - 0x000007fef7230000 	C:\Windows\System32\ntlanman.dll
0x000007fefbf70000 - 0x000007fefbf7a000 	C:\Windows\System32\drprov.dll
0x000007fef5320000 - 0x000007fef5339000 	C:\Windows\System32\davclnt.dll
0x000007fef9f20000 - 0x000007fef9f2d000 	C:\Windows\system32\cscapi.dll
0x0000000069a70000 - 0x0000000069d0d000 	C:\Windows\system32\wpdshext.dll
0x0000000070dc0000 - 0x0000000070e33000 	C:\Windows\system32\PortableDeviceApi.dll
0x0000000070b10000 - 0x0000000070b49000 	C:\Windows\system32\PortableDeviceTypes.dll
0x000007fef4b90000 - 0x000007fef4bb4000 	C:\Windows\System32\EhStorAPI.dll
0x000007fefc520000 - 0x000007fefc52c000 	C:\Windows\system32\LINKINFO.dll
0x000007fef3770000 - 0x000007fef41e3000 	C:\Windows\system32\ieframe.dll
0x00000000766b0000 - 0x00000000768c2000 	C:\Windows\system32\iertutil.dll
0x000000006e140000 - 0x000000006e1ed000 	C:\Users\Stacey\AppData\Local\Temp\sqlite-3.7.151-amd64-sqlitejdbc.dll
0x000000006e4c0000 - 0x000000006e4df000 	C:\Users\Stacey\AppData\Local\Temp\jffi1455137178395473500.tmp
0x000007fef8070000 - 0x000007fef8183000 	C:\Windows\system32\dbghelp.dll

VM Arguments:
jvm_args: -Dnetbeans.logger.console=true -ea -Xdebug -Xrunjdwp:transport=dt_socket,suspend=y,server=n,address=127.0.0.1:50489 -Djdk.home=C:\Program Files\Java\jdk1.8.0_51 -splash:C:\Users\Stacey\Documents\NetBeansProjects\SqlGrab\build\testuserdir\var\cache\splash.png -Dnetbeans.home=C:\Program Files\Autopsy-3.1.3\platform -Dnetbeans.user=C:\Users\Stacey\Documents\NetBeansProjects\SqlGrab\build\testuserdir -Dnetbeans.default_userdir_root= -XX:+HeapDumpOnOutOfMemoryError -XX:HeapDumpPath=C:\Users\Stacey\Documents\NetBeansProjects\SqlGrab\build\testuserdir\var\log\heapdump.hprof -Dnetbeans.system_http_proxy=DIRECT -Dsun.awt.keepWorkingSetOnMinimize=true -Dnetbeans.dirs=C:\Users\Stacey\Documents\NetBeansProjects\SqlGrab\build\cluster;C:\Program Files\Autopsy-3.1.3\autopsy;C:\Program Files\Autopsy-3.1.3\harness;C:\Program Files\Autopsy-3.1.3\java;C:\Program Files\Autopsy-3.1.3\platform exit 
java_command: <unknown>
java_class_path (initial): C:\Program Files\Autopsy-3.1.3\platform\lib\boot.jar;C:\Program Files\Autopsy-3.1.3\platform\lib\org-openide-modules.jar;C:\Program Files\Autopsy-3.1.3\platform\lib\org-openide-util-lookup.jar;C:\Program Files\Autopsy-3.1.3\platform\lib\org-openide-util.jar;C:\Program Files\Autopsy-3.1.3\platform\lib\locale\boot_ja.jar;C:\Program Files\Autopsy-3.1.3\platform\lib\locale\boot_pt_BR.jar;C:\Program Files\Autopsy-3.1.3\platform\lib\locale\boot_ru.jar;C:\Program Files\Autopsy-3.1.3\platform\lib\locale\boot_zh_CN.jar;C:\Program Files\Autopsy-3.1.3\platform\lib\locale\org-openide-modules_ja.jar;C:\Program Files\Autopsy-3.1.3\platform\lib\locale\org-openide-modules_pt_BR.jar;C:\Program Files\Autopsy-3.1.3\platform\lib\locale\org-openide-modules_ru.jar;C:\Program Files\Autopsy-3.1.3\platform\lib\locale\org-openide-modules_zh_CN.jar;C:\Program Files\Autopsy-3.1.3\platform\lib\locale\org-openide-util-lookup_ja.jar;C:\Program Files\Autopsy-3.1.3\platform\lib\locale\org-openide-util-lookup_pt_BR.jar;C:\Program Files\Autopsy-3.1.3\platform\lib\locale\org-openide-util-lookup_ru.jar;C:\Program Files\Autopsy-3.1.3\platform\lib\locale\org-openide-util-lookup_zh_CN.jar;C:\Program Files\Autopsy-3.1.3\platform\lib\locale\org-openide-util_ja.jar;C:\Program Files\Autopsy-3.1.3\platform\lib\locale\org-openide-util_pt_BR.jar;C:\Program Files\Autopsy-3.1.3\platform\lib\locale\org-openide-util_ru.jar;C:\Program Files\Autopsy-3.1.3\platform\lib\locale\org-openide-util_zh_CN.jar;C:\Program Files\Java\jdk1.8.0_51\lib\dt.jar;C:\Program Files\Java\jdk1.8.0_51\lib\tools.jar
Launcher Type: generic

Environment Variables:
PATH=C:\ProgramData\Oracle\Java\javapath;C:\Windows\system32;C:\Windows;C:\Windows\System32\Wbem;C:\Program Files (x86)\Python;C:\Windows\System32\WindowsPowerShell\v1.0\;C:\Program Files (x86)\Skype\Phone\;C:\Program Files (x86)\QuickTime\QTSystem\
USERNAME=Stacey
OS=Windows_NT
PROCESSOR_IDENTIFIER=Intel64 Family 6 Model 23 Stepping 10, GenuineIntel



---------------  S Y S T E M  ---------------

OS: Windows Vista , 64 bit Build 6002 (6.0.6002.19381)

CPU:total 2 (2 cores per cpu, 1 threads per core) family 6 model 23 stepping 10, cmov, cx8, fxsr, mmx, sse, sse2, sse3, ssse3, tsc

Memory: 4k page, physical 4157708k(861644k free), swap 8544048k(4510560k free)

vm_info: Java HotSpot(TM) 64-Bit Server VM (25.51-b03) for windows-amd64 JRE (1.8.0_51-b16), built on Jun  8 2015 18:03:07 by "java_re" with MS VC++ 10.0 (VS2010)

time: Sun Aug 09 12:05:53 2015
elapsed time: 83 seconds (0d 0h 1m 23s)

