#
# A fatal error has been detected by the Java Runtime Environment:
#
#  EXCEPTION_ACCESS_VIOLATION (0xc0000005) at pc=0x000000006e1482b8, pid=700, tid=2172
#
# JRE version: Java(TM) SE Runtime Environment (8.0_51-b16) (build 1.8.0_51-b16)
# Java VM: Java HotSpot(TM) 64-Bit Server VM (25.51-b03 mixed mode windows-amd64 compressed oops)
# Problematic frame:
# C  [sqlite-3.7.151-amd64-sqlitejdbc.dll+0x82b8]
#
# Failed to write core dump. Minidumps are not enabled by default on client versions of Windows
#
# If you would like to submit a bug report, please visit:
#   http://bugreport.java.com/bugreport/crash.jsp
# The crash happened outside the Java Virtual Machine in native code.
# See problematic frame for where to report the bug.
#

---------------  T H R E A D  ---------------

Current thread (0x00000000188e5000):  JavaThread "AWT-EventQueue-0" [_thread_in_native, id=2172, stack(0x000000001aa10000,0x000000001ac10000)]

siginfo: ExceptionCode=0xc0000005, reading address 0x0000000000000000

Registers:
RAX=0x00000000188e5005, RBX=0x0000000000000000, RCX=0x0000000000000000, RDX=0x0000000000000000
RSP=0x000000001ac0cb70, RBP=0x000000001ac0cc50, RSI=0x0000000000000158, RDI=0x0000000000000a01
R8 =0x000000006e16fd30, R9 =0x0000000000000000, R10=0x0000000000000000, R11=0x00000000042e6618
R12=0x0000000000000000, R13=0x000000001ac0cc40, R14=0x000000001ac0cc10, R15=0x00000000188e5000
RIP=0x000000006e1482b8, EFLAGS=0x0000000000010246

Top of Stack: (sp=0x000000001ac0cb70)
0x000000001ac0cb70:   000000001fb2a9c0 00000000188e5000
0x000000001ac0cb80:   00000000162f86a8 000000001fb26ed0
0x000000001ac0cb90:   00000000000000b6 000000001fb26ef8
0x000000001ac0cba0:   00000000188e51f8 0000000000000158
0x000000001ac0cbb0:   0000000000000a01 000000006e142493
0x000000001ac0cbc0:   00000000238b3950 00000000188e5000
0x000000001ac0cbd0:   00000000188e4260 000000001fb26ef8
0x000000001ac0cbe0:   00000000f2a965e0 00000000042e6787
0x000000001ac0cbf0:   000000001fb26ef8 00000000188e5000
0x000000001ac0cc00:   000000001ac0cce0 000000001fb26ed0
0x000000001ac0cc10:   00000000f2a965e0 0000000000000a01
0x000000001ac0cc20:   0000000000000158 00000000000000b6
0x000000001ac0cc30:   000000001ac0ccc8 000000000390c32c
0x000000001ac0cc40:   0000000000000300 00000000000000b6
0x000000001ac0cc50:   000000001ac0ccc8 00000000038e7850
0x000000001ac0cc60:   00000000038e7850 0000000000000000 

Instructions: (pc=0x000000006e1482b8)
0x000000006e148298:   c4 08 c3 0f 1f 44 00 00 48 83 ec 48 85 d2 48 89
0x000000006e1482a8:   5c 24 30 48 89 74 24 38 48 89 cb 48 89 7c 24 40
0x000000006e1482b8:   48 8b 31 0f b7 41 48 78 7f 39 c2 7d 7b 44 89 cf
0x000000006e1482c8:   48 8b 4e 18 0f af f8 01 d7 48 85 c9 74 10 4c 89 


Register to memory mapping:

RAX=0x00000000188e5005 is an unknown value
RBX=0x0000000000000000 is an unknown value
RCX=0x0000000000000000 is an unknown value
RDX=0x0000000000000000 is an unknown value
RSP=0x000000001ac0cb70 is pointing into the stack for thread: 0x00000000188e5000
RBP=0x000000001ac0cc50 is pointing into the stack for thread: 0x00000000188e5000
RSI=0x0000000000000158 is an unknown value
RDI=0x0000000000000a01 is an unknown value
R8 =0x000000006e16fd30 is an unknown value
R9 =0x0000000000000000 is an unknown value
R10=0x0000000000000000 is an unknown value
R11=0x00000000042e6618 is at entry_point+24 in (nmethod*)0x00000000042e6490
R12=0x0000000000000000 is an unknown value
R13=0x000000001ac0cc40 is pointing into the stack for thread: 0x00000000188e5000
R14=0x000000001ac0cc10 is pointing into the stack for thread: 0x00000000188e5000
R15=0x00000000188e5000 is a thread


Stack: [0x000000001aa10000,0x000000001ac10000],  sp=0x000000001ac0cb70,  free space=2034k
Native frames: (J=compiled Java code, j=interpreted, Vv=VM code, C=native code)
C  [sqlite-3.7.151-amd64-sqlitejdbc.dll+0x82b8]

Java frames: (J=compiled Java code, j=interpreted, Vv=VM code)
J 7776  org.sqlite.NativeDB.column_name(JI)Ljava/lang/String; (0 bytes) @ 0x00000000042e663b [0x00000000042e6600+0x3b]
j  org.sqlite.RS.getColumnName(I)Ljava/lang/String;+16
j  SqlGrab.FillTable.setHeader(I)V+14
j  SqlGrab.FillTable.setRS(Ljava/sql/ResultSet;)V+61
j  SqlGrab.FillTable.<init>(Ljava/sql/ResultSet;)V+28
j  SqlGrab.FullSQLParse.GetSqlDataInTable(Ljava/lang/String;)LSqlGrab/FillTable;+10
j  SqlGrab.GrabPanel.CreateDBTab(Ljava/lang/String;)V+40
j  SqlGrab.GrabPanel.FullParse(Ljava/lang/String;)V+32
j  SqlGrab.GrabPanel.setNode(Lorg/openide/nodes/Node;)V+82
j  org.sleuthkit.autopsy.corecomponents.DataContentPanel$UpdateWrapper.setNode(Lorg/openide/nodes/Node;)V+5
j  org.sleuthkit.autopsy.corecomponents.DataContentPanel.stateChanged(Ljavax/swing/event/ChangeEvent;)V+55
j  javax.swing.JTabbedPane.fireStateChanged()V+185
j  javax.swing.JTabbedPane$ModelListener.stateChanged(Ljavax/swing/event/ChangeEvent;)V+4
j  javax.swing.DefaultSingleSelectionModel.fireStateChanged()V+56
j  javax.swing.DefaultSingleSelectionModel.setSelectedIndex(I)V+14
j  javax.swing.JTabbedPane.setSelectedIndexImpl(IZ)V+97
j  javax.swing.JTabbedPane.setSelectedIndex(I)V+13
j  javax.swing.plaf.basic.BasicTabbedPaneUI$Handler.mousePressed(Ljava/awt/event/MouseEvent;)V+77
j  java.awt.AWTEventMulticaster.mousePressed(Ljava/awt/event/MouseEvent;)V+8
j  java.awt.Component.processMouseEvent(Ljava/awt/event/MouseEvent;)V+54
j  javax.swing.JComponent.processMouseEvent(Ljava/awt/event/MouseEvent;)V+23
J 7258 C1 java.awt.Component.processEvent(Ljava/awt/AWTEvent;)V (220 bytes) @ 0x00000000050debfc [0x00000000050de6c0+0x53c]
J 6955 C1 java.awt.Container.processEvent(Ljava/awt/AWTEvent;)V (22 bytes) @ 0x000000000488352c [0x00000000048831e0+0x34c]
J 7733 C1 java.awt.Component.dispatchEventImpl(Ljava/awt/AWTEvent;)V (883 bytes) @ 0x0000000005281dac [0x000000000527c860+0x554c]
J 8190 C2 java.awt.Container.dispatchEventImpl(Ljava/awt/AWTEvent;)V (129 bytes) @ 0x00000000052bec38 [0x00000000052bebe0+0x58]
J 7443 C1 java.awt.LightweightDispatcher.retargetMouseEvent(Ljava/awt/Component;ILjava/awt/event/MouseEvent;)V (350 bytes) @ 0x00000000051bd69c [0x00000000051bb140+0x255c]
J 7399 C1 java.awt.LightweightDispatcher.processMouseEvent(Ljava/awt/event/MouseEvent;)Z (301 bytes) @ 0x0000000005173bf4 [0x0000000005172860+0x1394]
J 8190 C2 java.awt.Container.dispatchEventImpl(Ljava/awt/AWTEvent;)V (129 bytes) @ 0x00000000052bef90 [0x00000000052bebe0+0x3b0]
J 4585 C1 java.awt.Window.dispatchEventImpl(Ljava/awt/AWTEvent;)V (23 bytes) @ 0x00000000046439ac [0x00000000046433c0+0x5ec]
J 8140 C2 java.awt.EventQueue$3.run()Ljava/lang/Object; (5 bytes) @ 0x000000000528b73c [0x000000000528b300+0x43c]
v  ~StubRoutines::call_stub
J 1969  java.security.AccessController.doPrivileged(Ljava/security/PrivilegedAction;Ljava/security/AccessControlContext;)Ljava/lang/Object; (0 bytes) @ 0x0000000004046ae6 [0x0000000004046a80+0x66]
J 7687 C2 java.security.ProtectionDomain$1.doIntersectionPrivilege(Ljava/security/PrivilegedAction;Ljava/security/AccessControlContext;Ljava/security/AccessControlContext;)Ljava/lang/Object; (32 bytes) @ 0x0000000003c74d60 [0x0000000003c74c80+0xe0]
J 4583 C1 java.awt.EventQueue$4.run()Ljava/lang/Object; (5 bytes) @ 0x00000000046423a4 [0x0000000004641fa0+0x404]
v  ~StubRoutines::call_stub
J 1969  java.security.AccessController.doPrivileged(Ljava/security/PrivilegedAction;Ljava/security/AccessControlContext;)Ljava/lang/Object; (0 bytes) @ 0x0000000004046ae6 [0x0000000004046a80+0x66]
J 7650 C2 java.awt.EventQueue.dispatchEvent(Ljava/awt/AWTEvent;)V (80 bytes) @ 0x0000000003e9d59c [0x0000000003e9d240+0x35c]
J 8093 C1 org.netbeans.core.TimableEventQueue.dispatchEvent(Ljava/awt/AWTEvent;)V (43 bytes) @ 0x00000000042f1f04 [0x00000000042f1e00+0x104]
J 7694 C1 java.awt.EventDispatchThread.pumpOneEventForFilters(I)V (295 bytes) @ 0x0000000004f6d3ac [0x0000000004f6b540+0x1e6c]
j  java.awt.EventDispatchThread.pumpEventsForFilter(ILjava/awt/Conditional;Ljava/awt/EventFilter;)V+35
j  java.awt.EventDispatchThread.pumpEventsForHierarchy(ILjava/awt/Conditional;Ljava/awt/Component;)V+11
j  java.awt.EventDispatchThread.pumpEvents(ILjava/awt/Conditional;)V+4
j  java.awt.EventDispatchThread.pumpEvents(Ljava/awt/Conditional;)V+3
j  java.awt.EventDispatchThread.run()V+9
v  ~StubRoutines::call_stub

---------------  P R O C E S S  ---------------

Java Threads: ( => current thread )
  0x000000001bf61800 JavaThread "Image Fetcher 0" daemon [_thread_blocked, id=4560, stack(0x0000000022410000,0x0000000022610000)]
  0x0000000016494000 JavaThread "Inactive RequestProcessor thread [Was:Folder recognizer/org.openide.loaders.FolderList$ListTask]" daemon [_thread_blocked, id=1280, stack(0x0000000030ae0000,0x0000000030ce0000)]
  0x000000001bf62000 JavaThread "Inactive RequestProcessor thread [Was:Asynch children creator /org.openide.nodes.AsynchChildren]" daemon [_thread_blocked, id=5052, stack(0x000000002d8a0000,0x000000002daa0000)]
  0x000000001bf5d800 JavaThread "Timeable Event Queue Watch Dog" daemon [_thread_blocked, id=4980, stack(0x0000000021c80000,0x0000000021e80000)]
  0x000000001bf60800 JavaThread "IM-ingest-events-0" [_thread_blocked, id=4784, stack(0x000000001c5e0000,0x000000001c7e0000)]
  0x000000001bf60000 JavaThread "Prism Font Disposer" daemon [_thread_blocked, id=2316, stack(0x0000000024210000,0x0000000024410000)]
  0x000000001bf5c800 JavaThread "Inactive RequestProcessor thread [Was:Asynch children creator /org.openide.nodes.AsynchChildren]" daemon [_thread_blocked, id=4168, stack(0x0000000021a80000,0x0000000021c80000)]
  0x00000000164a2000 JavaThread "Swing-Shell" daemon [_thread_blocked, id=3516, stack(0x0000000021580000,0x0000000021780000)]
  0x000000001649d800 JavaThread "TimerQueue" daemon [_thread_blocked, id=696, stack(0x000000001f7a0000,0x000000001f9a0000)]
  0x000000001649d000 JavaThread "Thread-6" daemon [_thread_blocked, id=4156, stack(0x000000001f3a0000,0x000000001f5a0000)]
  0x000000001649c000 JavaThread "IM-file-ingest-1" [_thread_blocked, id=1268, stack(0x000000001f1a0000,0x000000001f3a0000)]
  0x000000001649b800 JavaThread "IM-file-ingest-0" [_thread_blocked, id=5072, stack(0x000000001efa0000,0x000000001f1a0000)]
  0x000000001649a800 JavaThread "IM-data-source-ingest-0" [_thread_blocked, id=3772, stack(0x000000001eda0000,0x000000001efa0000)]
  0x000000001649a000 JavaThread "Thread-5" daemon [_thread_in_native, id=3132, stack(0x000000001e730000,0x000000001e930000)]
  0x0000000016499000 JavaThread "JavaFX Application Thread" [_thread_in_native, id=3528, stack(0x000000001e530000,0x000000001e730000)]
  0x0000000016498800 JavaThread "Thread-4" daemon [_thread_blocked, id=5032, stack(0x000000001e330000,0x000000001e530000)]
  0x0000000016497800 JavaThread "File Watcher" daemon [_thread_blocked, id=3224, stack(0x000000001e130000,0x000000001e330000)]
  0x0000000016497000 JavaThread "QuantumRenderer-0" daemon [_thread_blocked, id=3376, stack(0x000000001c9e0000,0x000000001cbe0000)]
  0x0000000016494800 JavaThread "org.netbeans.modules.debugger.jpda.visual AWT Access Loop" daemon [_thread_blocked, id=3804, stack(0x000000001bfe0000,0x000000001c1e0000)]
=>0x00000000188e5000 JavaThread "AWT-EventQueue-0" [_thread_in_native, id=2172, stack(0x000000001aa10000,0x000000001ac10000)]
  0x00000000188b2000 JavaThread "AWT-Windows" daemon [_thread_in_native, id=2632, stack(0x000000001a0d0000,0x000000001a2d0000)]
  0x000000001889b800 JavaThread "AWT-Shutdown" [_thread_blocked, id=4212, stack(0x0000000019ed0000,0x000000001a0d0000)]
  0x000000001888e800 JavaThread "Java2D Disposer" daemon [_thread_blocked, id=4312, stack(0x0000000019cd0000,0x0000000019ed0000)]
  0x0000000018623800 JavaThread "RequestProcessor queue manager" daemon [_thread_blocked, id=3460, stack(0x0000000019ad0000,0x0000000019cd0000)]
  0x00000000185dd000 JavaThread "Inactive RequestProcessor thread [Was:System clipboard synchronizer/org.netbeans.NbClipboard$GetContents]" daemon [_thread_blocked, id=1012, stack(0x00000000192d0000,0x00000000194d0000)]
  0x0000000018646000 JavaThread "CLI Requests Server" daemon [_thread_in_native, id=4520, stack(0x00000000190d0000,0x00000000192d0000)]
  0x00000000185d0800 JavaThread "Active Reference Queue Daemon" daemon [_thread_blocked, id=3260, stack(0x0000000018cc0000,0x0000000018ec0000)]
  0x000000001633e000 JavaThread "Service Thread" daemon [_thread_blocked, id=3700, stack(0x00000000180c0000,0x00000000182c0000)]
  0x00000000162dc000 JavaThread "C1 CompilerThread1" daemon [_thread_blocked, id=1900, stack(0x0000000017ec0000,0x00000000180c0000)]
  0x00000000162d7800 JavaThread "C2 CompilerThread0" daemon [_thread_blocked, id=4472, stack(0x0000000017cc0000,0x0000000017ec0000)]
  0x00000000162ca800 JavaThread "JDWP Command Reader" daemon [_thread_in_native, id=4916, stack(0x0000000017ac0000,0x0000000017cc0000)]
  0x00000000162c1000 JavaThread "JDWP Event Helper Thread" daemon [_thread_blocked, id=2688, stack(0x00000000178c0000,0x0000000017ac0000)]
  0x00000000162b7800 JavaThread "JDWP Transport Listener: dt_socket" daemon [_thread_blocked, id=2412, stack(0x00000000176c0000,0x00000000178c0000)]
  0x00000000162ae000 JavaThread "Attach Listener" daemon [_thread_blocked, id=3400, stack(0x0000000017350000,0x0000000017550000)]
  0x0000000002d4f000 JavaThread "Signal Dispatcher" daemon [_thread_blocked, id=4464, stack(0x0000000017150000,0x0000000017350000)]
  0x0000000002d40000 JavaThread "Finalizer" daemon [_thread_blocked, id=304, stack(0x0000000016f50000,0x0000000017150000)]
  0x0000000002d37000 JavaThread "Reference Handler" daemon [_thread_blocked, id=4104, stack(0x0000000016d50000,0x0000000016f50000)]
  0x0000000002b4f000 JavaThread "main" [_thread_blocked, id=4924, stack(0x0000000000030000,0x0000000000230000)]

Other Threads:
  0x0000000016262800 VMThread [stack: 0x0000000016b50000,0x0000000016d50000] [id=212]
  0x0000000016342800 WatcherThread [stack: 0x00000000182c0000,0x00000000184c0000] [id=5112]

VM state:not at safepoint (normal execution)

VM Mutex/Monitor currently owned by a thread: None

Heap:
 PSYoungGen      total 306176K, used 145364K [0x00000000ead80000, 0x00000000ff300000, 0x0000000100000000)
  eden space 289280K, 45% used [0x00000000ead80000,0x00000000f2cd0a88,0x00000000fc800000)
  from space 16896K, 88% used [0x00000000fe280000,0x00000000ff124928,0x00000000ff300000)
  to   space 22016K, 0% used [0x00000000fc800000,0x00000000fc800000,0x00000000fdd80000)
 ParOldGen       total 117248K, used 68835K [0x00000000c0800000, 0x00000000c7a80000, 0x00000000ead80000)
  object space 117248K, 58% used [0x00000000c0800000,0x00000000c4b38cb0,0x00000000c7a80000)
 Metaspace       used 69177K, capacity 72190K, committed 72496K, reserved 1110016K
  class space    used 11755K, capacity 12484K, committed 12592K, reserved 1048576K

Card table byte_map: [0x0000000012ca0000,0x0000000012ea0000] byte_map_base: 0x000000001269c000

Marking Bits: (ParMarkBitMap*) 0x00000000635a4040
 Begin Bits: [0x0000000013400000, 0x00000000143e0000)
 End Bits:   [0x00000000143e0000, 0x00000000153c0000)

Polling page: 0x00000000002a0000

CodeCache: size=245760Kb used=27184Kb max_used=27184Kb free=218575Kb
 bounds [0x00000000038e0000, 0x0000000005390000, 0x00000000128e0000]
 total_blobs=7959 nmethods=7027 adapters=851
 compilation: enabled

Compilation events (10 events):
Event: 94.378 Thread 0x00000000162d7800 nmethod 8483 0x0000000005367110 code [0x0000000005367260, 0x0000000005367358]
Event: 94.380 Thread 0x00000000162dc000 nmethod 8488 0x00000000053802d0 code [0x0000000005380580, 0x00000000053818f8]
Event: 94.383 Thread 0x00000000162dc000 8489       3       sun.nio.cs.SingleByte$Decoder::decode (63 bytes)
Event: 94.384 Thread 0x00000000162dc000 nmethod 8489 0x0000000005379c90 code [0x0000000005379e20, 0x000000000537a230]
Event: 94.384 Thread 0x00000000162dc000 8490 %     3       sun.nio.cs.UTF_8$Decoder::decode @ 51 (779 bytes)
Event: 94.397 Thread 0x00000000162dc000 nmethod 8490% 0x0000000005382310 code [0x0000000005382a20, 0x0000000005387d38]
Event: 94.406 Thread 0x00000000162dc000 8491       3       java.awt.Component::setLocale (23 bytes)
Event: 94.407 Thread 0x00000000162dc000 nmethod 8491 0x0000000005379510 code [0x00000000053796a0, 0x0000000005379b88]
Event: 94.408 Thread 0x00000000162dc000 8492   !   3       javax.swing.UIManager::maybeInitializeFocusPolicy (59 bytes)
Event: 94.409 Thread 0x00000000162dc000 nmethod 8492 0x000000000537f250 code [0x000000000537f460, 0x000000000537fd58]

GC Heap History (10 events):
Event: 27.293 GC heap before
{Heap before GC invocations=17 (full 3):
 PSYoungGen      total 181248K, used 167228K [0x00000000ead80000, 0x00000000f9e80000, 0x0000000100000000)
  eden space 158208K, 100% used [0x00000000ead80000,0x00000000f4800000,0x00000000f4800000)
  from space 23040K, 39% used [0x00000000f4800000,0x00000000f50cf208,0x00000000f5e80000)
  to   space 22016K, 0% used [0x00000000f8900000,0x00000000f8900000,0x00000000f9e80000)
 ParOldGen       total 117248K, used 64566K [0x00000000c0800000, 0x00000000c7a80000, 0x00000000ead80000)
  object space 117248K, 55% used [0x00000000c0800000,0x00000000c470d8b8,0x00000000c7a80000)
 Metaspace       used 63083K, capacity 65994K, committed 66096K, reserved 1103872K
  class space    used 10841K, capacity 11557K, committed 11568K, reserved 1048576K
Event: 27.358 GC heap after
Heap after GC invocations=17 (full 3):
 PSYoungGen      total 225792K, used 9459K [0x00000000ead80000, 0x00000000fa000000, 0x0000000100000000)
  eden space 203776K, 0% used [0x00000000ead80000,0x00000000ead80000,0x00000000f7480000)
  from space 22016K, 42% used [0x00000000f8900000,0x00000000f923cfd0,0x00000000f9e80000)
  to   space 20992K, 0% used [0x00000000f7480000,0x00000000f7480000,0x00000000f8900000)
 ParOldGen       total 117248K, used 64574K [0x00000000c0800000, 0x00000000c7a80000, 0x00000000ead80000)
  object space 117248K, 55% used [0x00000000c0800000,0x00000000c470f8b8,0x00000000c7a80000)
 Metaspace       used 63083K, capacity 65994K, committed 66096K, reserved 1103872K
  class space    used 10841K, capacity 11557K, committed 11568K, reserved 1048576K
}
Event: 28.967 GC heap before
{Heap before GC invocations=18 (full 3):
 PSYoungGen      total 225792K, used 213235K [0x00000000ead80000, 0x00000000fa000000, 0x0000000100000000)
  eden space 203776K, 100% used [0x00000000ead80000,0x00000000f7480000,0x00000000f7480000)
  from space 22016K, 42% used [0x00000000f8900000,0x00000000f923cfd0,0x00000000f9e80000)
  to   space 20992K, 0% used [0x00000000f7480000,0x00000000f7480000,0x00000000f8900000)
 ParOldGen       total 117248K, used 64574K [0x00000000c0800000, 0x00000000c7a80000, 0x00000000ead80000)
  object space 117248K, 55% used [0x00000000c0800000,0x00000000c470f8b8,0x00000000c7a80000)
 Metaspace       used 64193K, capacity 67220K, committed 67248K, reserved 1105920K
  class space    used 10978K, capacity 11696K, committed 11696K, reserved 1048576K
Event: 28.989 GC heap after
Heap after GC invocations=18 (full 3):
 PSYoungGen      total 224768K, used 3244K [0x00000000ead80000, 0x00000000fd480000, 0x0000000100000000)
  eden space 203776K, 0% used [0x00000000ead80000,0x00000000ead80000,0x00000000f7480000)
  from space 20992K, 15% used [0x00000000f7480000,0x00000000f77ab360,0x00000000f8900000)
  to   space 20480K, 0% used [0x00000000fc080000,0x00000000fc080000,0x00000000fd480000)
 ParOldGen       total 117248K, used 68811K [0x00000000c0800000, 0x00000000c7a80000, 0x00000000ead80000)
  object space 117248K, 58% used [0x00000000c0800000,0x00000000c4b32cb0,0x00000000c7a80000)
 Metaspace       used 64193K, capacity 67220K, committed 67248K, reserved 1105920K
  class space    used 10978K, capacity 11696K, committed 11696K, reserved 1048576K
}
Event: 30.067 GC heap before
{Heap before GC invocations=19 (full 3):
 PSYoungGen      total 224768K, used 207020K [0x00000000ead80000, 0x00000000fd480000, 0x0000000100000000)
  eden space 203776K, 100% used [0x00000000ead80000,0x00000000f7480000,0x00000000f7480000)
  from space 20992K, 15% used [0x00000000f7480000,0x00000000f77ab360,0x00000000f8900000)
  to   space 20480K, 0% used [0x00000000fc080000,0x00000000fc080000,0x00000000fd480000)
 ParOldGen       total 117248K, used 68811K [0x00000000c0800000, 0x00000000c7a80000, 0x00000000ead80000)
  object space 117248K, 58% used [0x00000000c0800000,0x00000000c4b32cb0,0x00000000c7a80000)
 Metaspace       used 64682K, capacity 67744K, committed 67888K, reserved 1105920K
  class space    used 11023K, capacity 11762K, committed 11824K, reserved 1048576K
Event: 30.079 GC heap after
Heap after GC invocations=19 (full 3):
 PSYoungGen      total 271360K, used 4337K [0x00000000ead80000, 0x00000000fcf00000, 0x0000000100000000)
  eden space 256512K, 0% used [0x00000000ead80000,0x00000000ead80000,0x00000000fa800000)
  from space 14848K, 29% used [0x00000000fc080000,0x00000000fc4bc480,0x00000000fcf00000)
  to   space 19968K, 0% used [0x00000000fa800000,0x00000000fa800000,0x00000000fbb80000)
 ParOldGen       total 117248K, used 68819K [0x00000000c0800000, 0x00000000c7a80000, 0x00000000ead80000)
  object space 117248K, 58% used [0x00000000c0800000,0x00000000c4b34cb0,0x00000000c7a80000)
 Metaspace       used 64682K, capacity 67744K, committed 67888K, reserved 1105920K
  class space    used 11023K, capacity 11762K, committed 11824K, reserved 1048576K
}
Event: 34.658 GC heap before
{Heap before GC invocations=20 (full 3):
 PSYoungGen      total 271360K, used 260849K [0x00000000ead80000, 0x00000000fcf00000, 0x0000000100000000)
  eden space 256512K, 100% used [0x00000000ead80000,0x00000000fa800000,0x00000000fa800000)
  from space 14848K, 29% used [0x00000000fc080000,0x00000000fc4bc480,0x00000000fcf00000)
  to   space 19968K, 0% used [0x00000000fa800000,0x00000000fa800000,0x00000000fbb80000)
 ParOldGen       total 117248K, used 68819K [0x00000000c0800000, 0x00000000c7a80000, 0x00000000ead80000)
  object space 117248K, 58% used [0x00000000c0800000,0x00000000c4b34cb0,0x00000000c7a80000)
 Metaspace       used 64934K, capacity 67942K, committed 68144K, reserved 1105920K
  class space    used 11036K, capacity 11763K, committed 11824K, reserved 1048576K
Event: 34.681 GC heap after
Heap after GC invocations=20 (full 3):
 PSYoungGen      total 276480K, used 12159K [0x00000000ead80000, 0x00000000ff680000, 0x0000000100000000)
  eden space 256512K, 0% used [0x00000000ead80000,0x00000000ead80000,0x00000000fa800000)
  from space 19968K, 60% used [0x00000000fa800000,0x00000000fb3dffa8,0x00000000fbb80000)
  to   space 20480K, 0% used [0x00000000fe280000,0x00000000fe280000,0x00000000ff680000)
 ParOldGen       total 117248K, used 68827K [0x00000000c0800000, 0x00000000c7a80000, 0x00000000ead80000)
  object space 117248K, 58% used [0x00000000c0800000,0x00000000c4b36cb0,0x00000000c7a80000)
 Metaspace       used 64934K, capacity 67942K, committed 68144K, reserved 1105920K
  class space    used 11036K, capacity 11763K, committed 11824K, reserved 1048576K
}
Event: 88.165 GC heap before
{Heap before GC invocations=21 (full 3):
 PSYoungGen      total 276480K, used 268671K [0x00000000ead80000, 0x00000000ff680000, 0x0000000100000000)
  eden space 256512K, 100% used [0x00000000ead80000,0x00000000fa800000,0x00000000fa800000)
  from space 19968K, 60% used [0x00000000fa800000,0x00000000fb3dffa8,0x00000000fbb80000)
  to   space 20480K, 0% used [0x00000000fe280000,0x00000000fe280000,0x00000000ff680000)
 ParOldGen       total 117248K, used 68827K [0x00000000c0800000, 0x00000000c7a80000, 0x00000000ead80000)
  object space 117248K, 58% used [0x00000000c0800000,0x00000000c4b36cb0,0x00000000c7a80000)
 Metaspace       used 67921K, capacity 71046K, committed 71344K, reserved 1107968K
  class space    used 11571K, capacity 12346K, committed 12464K, reserved 1048576K
Event: 88.198 GC heap after
Heap after GC invocations=21 (full 3):
 PSYoungGen      total 306176K, used 14994K [0x00000000ead80000, 0x00000000ff300000, 0x0000000100000000)
  eden space 289280K, 0% used [0x00000000ead80000,0x00000000ead80000,0x00000000fc800000)
  from space 16896K, 88% used [0x00000000fe280000,0x00000000ff124928,0x00000000ff300000)
  to   space 22016K, 0% used [0x00000000fc800000,0x00000000fc800000,0x00000000fdd80000)
 ParOldGen       total 117248K, used 68835K [0x00000000c0800000, 0x00000000c7a80000, 0x00000000ead80000)
  object space 117248K, 58% used [0x00000000c0800000,0x00000000c4b38cb0,0x00000000c7a80000)
 Metaspace       used 67921K, capacity 71046K, committed 71344K, reserved 1107968K
  class space    used 11571K, capacity 12346K, committed 12464K, reserved 1048576K
}

Deoptimization events (10 events):
Event: 91.045 Thread 0x00000000188e5000 Uncommon trap: reason=class_check action=maybe_recompile pc=0x00000000050e0a70 method=java.awt.Container.dispatchEventImpl(Ljava/awt/AWTEvent;)V @ 34
Event: 91.045 Thread 0x00000000188e5000 Uncommon trap: reason=class_check action=maybe_recompile pc=0x00000000050e0a70 method=java.awt.Container.dispatchEventImpl(Ljava/awt/AWTEvent;)V @ 34
Event: 91.135 Thread 0x00000000188e5000 Uncommon trap: reason=class_check action=maybe_recompile pc=0x00000000050e0a70 method=java.awt.Container.dispatchEventImpl(Ljava/awt/AWTEvent;)V @ 34
Event: 91.151 Thread 0x00000000188e5000 Uncommon trap: reason=class_check action=maybe_recompile pc=0x00000000050e0a70 method=java.awt.Container.dispatchEventImpl(Ljava/awt/AWTEvent;)V @ 34
Event: 92.579 Thread 0x00000000188e5000 Uncommon trap: reason=class_check action=maybe_recompile pc=0x0000000004aa7ad8 method=sun.java2d.SunGraphics2D.transformShape(IILjava/awt/Shape;)Ljava/awt/Shape; @ 7
Event: 92.579 Thread 0x00000000188e5000 Uncommon trap: reason=class_check action=maybe_recompile pc=0x0000000004269868 method=sun.java2d.SunGraphics2D.validateCompClip()V @ 32
Event: 92.581 Thread 0x00000000188e5000 Uncommon trap: reason=unstable_if action=reinterpret pc=0x0000000003dcc52c method=sun.java2d.SurfaceData.validatePipe(Lsun/java2d/SunGraphics2D;)V @ 521
Event: 92.581 Thread 0x00000000188e5000 Uncommon trap: reason=unstable_if action=reinterpret pc=0x0000000003b3e394 method=sun.java2d.loops.RenderCache.get(Lsun/java2d/loops/SurfaceType;Lsun/java2d/loops/CompositeType;Lsun/java2d/loops/SurfaceType;)Ljava/lang/Object; @ 29
Event: 92.583 Thread 0x00000000188e5000 Uncommon trap: reason=unstable_if action=reinterpret pc=0x0000000005217f80 method=sun.java2d.SunGraphics2D.setColor(Ljava/awt/Color;)V @ 42
Event: 94.383 Thread 0x00000000188e5000 Uncommon trap: reason=unstable_if action=reinterpret pc=0x0000000003d982f0 method=sun.nio.cs.UTF_8$Decoder.decode([BII[C)I @ 30

Internal exceptions (10 events):
Event: 92.754 Thread 0x00000000188e5000 Exception <a 'java/lang/ClassNotFoundException': java/lang/StringEditor> (0x00000000f1bbec68) thrown at [C:\re\workspace\8-2-build-windows-amd64-cygwin\jdk8u51\3951\hotspot\src\share\vm\classfile\systemDictionary.cpp, line 210]
Event: 92.757 Thread 0x00000000188e5000 Exception <a 'java/lang/ClassNotFoundException': java/lang/StringEditor> (0x00000000f1c1a1e8) thrown at [C:\re\workspace\8-2-build-windows-amd64-cygwin\jdk8u51\3951\hotspot\src\share\vm\classfile\systemDictionary.cpp, line 210]
Event: 92.760 Thread 0x00000000188e5000 Exception <a 'java/lang/ClassNotFoundException': java/lang/StringEditor> (0x00000000f1c75768) thrown at [C:\re\workspace\8-2-build-windows-amd64-cygwin\jdk8u51\3951\hotspot\src\share\vm\classfile\systemDictionary.cpp, line 210]
Event: 92.763 Thread 0x00000000188e5000 Exception <a 'java/lang/ClassNotFoundException': java/lang/LongEditor> (0x00000000f1cd0b90) thrown at [C:\re\workspace\8-2-build-windows-amd64-cygwin\jdk8u51\3951\hotspot\src\share\vm\classfile\systemDictionary.cpp, line 210]
Event: 92.766 Thread 0x00000000188e5000 Exception <a 'java/lang/ClassNotFoundException': java/lang/StringEditor> (0x00000000f1d2bf68) thrown at [C:\re\workspace\8-2-build-windows-amd64-cygwin\jdk8u51\3951\hotspot\src\share\vm\classfile\systemDictionary.cpp, line 210]
Event: 92.769 Thread 0x00000000188e5000 Exception <a 'java/lang/ClassNotFoundException': java/lang/StringEditor> (0x00000000f1d873d8) thrown at [C:\re\workspace\8-2-build-windows-amd64-cygwin\jdk8u51\3951\hotspot\src\share\vm\classfile\systemDictionary.cpp, line 210]
Event: 92.777 Thread 0x00000000188e5000 Exception <a 'java/lang/ClassNotFoundException': java/lang/StringEditor> (0x00000000f1de4f68) thrown at [C:\re\workspace\8-2-build-windows-amd64-cygwin\jdk8u51\3951\hotspot\src\share\vm\classfile\systemDictionary.cpp, line 210]
Event: 92.782 Thread 0x00000000188e5000 Exception <a 'java/lang/ClassNotFoundException': java/lang/LongEditor> (0x00000000f1edc4e0) thrown at [C:\re\workspace\8-2-build-windows-amd64-cygwin\jdk8u51\3951\hotspot\src\share\vm\classfile\systemDictionary.cpp, line 210]
Event: 92.787 Thread 0x00000000188e5000 Exception <a 'java/lang/ClassNotFoundException': java/lang/StringEditor> (0x00000000f1f37858) thrown at [C:\re\workspace\8-2-build-windows-amd64-cygwin\jdk8u51\3951\hotspot\src\share\vm\classfile\systemDictionary.cpp, line 210]
Event: 93.351 Thread 0x000000001bf61800 Exception <a 'java/io/FileNotFoundException'> (0x00000000f21da0a0) thrown at [C:\re\workspace\8-2-build-windows-amd64-cygwin\jdk8u51\3951\hotspot\src\share\vm\prims\jni.cpp, line 709]

Events (10 events):
Event: 93.352 Thread 0x000000001bf61800 DEOPT UNPACKING pc=0x00000000039271bf sp=0x000000002260f2b0 mode 1
Event: 94.383 Thread 0x00000000188e5000 Uncommon trap: trap_request=0xffffff65 fr.pc=0x0000000003d982f0
Event: 94.383 Thread 0x00000000188e5000 DEOPT PACKING pc=0x0000000003d982f0 sp=0x000000001ac0c920
Event: 94.383 Thread 0x00000000188e5000 DEOPT UNPACKING pc=0x000000000392556a sp=0x000000001ac0c888 mode 2
Event: 94.393 Executing VM operation: ChangeBreakpoints
Event: 94.397 Executing VM operation: ChangeBreakpoints done
Event: 94.404 Thread 0x00000000188e5000 DEOPT PACKING pc=0x000000000431cfdc sp=0x000000001ac0bcf0
Event: 94.404 Thread 0x00000000188e5000 DEOPT UNPACKING pc=0x00000000039271bf sp=0x000000001ac0baa8 mode 1
Event: 94.420 Executing VM operation: ChangeBreakpoints
Event: 94.424 Executing VM operation: ChangeBreakpoints done


Dynamic libraries:
0x0000000000400000 - 0x000000000043a000 	C:\Program Files\Autopsy-3.1.3\platform\lib\nbexec64.exe
0x0000000076d90000 - 0x0000000076f16000 	C:\Windows\system32\ntdll.dll
0x0000000076c60000 - 0x0000000076d8d000 	C:\Windows\system32\kernel32.dll
0x000007fefd7e0000 - 0x000007fefd8e8000 	C:\Windows\system32\ADVAPI32.dll
0x000007fefdc50000 - 0x000007fefdd93000 	C:\Windows\system32\RPCRT4.dll
0x000007fefea00000 - 0x000007fefea9c000 	C:\Windows\system32\msvcrt.dll
0x00000000768d0000 - 0x000000007699d000 	C:\Windows\system32\USER32.dll
0x000007fefeaa0000 - 0x000007fefeb04000 	C:\Windows\system32\GDI32.dll
0x000007fefdc20000 - 0x000007fefdc4d000 	C:\Windows\system32\IMM32.DLL
0x000007fefed90000 - 0x000007fefee92000 	C:\Windows\system32\MSCTF.dll
0x000007fefd8f0000 - 0x000007fefd8fd000 	C:\Windows\system32\LPK.DLL
0x000007fefeea0000 - 0x000007fefef3b000 	C:\Windows\system32\USP10.dll
0x0000000063c80000 - 0x0000000063dd4000 	C:\Program Files\Autopsy-3.1.3\platform\lib\nbexec64.dll
0x0000000062da0000 - 0x0000000063623000 	C:\Program Files\Java\jdk1.8.0_51\jre\bin\server\jvm.dll
0x000007fef9e50000 - 0x000007fef9e59000 	C:\Windows\system32\WSOCK32.dll
0x000007fefdbd0000 - 0x000007fefdc14000 	C:\Windows\system32\WS2_32.dll
0x000007fefef40000 - 0x000007fefef47000 	C:\Windows\system32\NSI.dll
0x000007fefc310000 - 0x000007fefc349000 	C:\Windows\system32\WINMM.dll
0x000007fefd900000 - 0x000007fefdad8000 	C:\Windows\system32\ole32.dll
0x000007fefef50000 - 0x000007feff023000 	C:\Windows\system32\OLEAUT32.dll
0x000007fefc2b0000 - 0x000007fefc305000 	C:\Windows\system32\OLEACC.dll
0x000007fefcbf0000 - 0x000007fefcbfb000 	C:\Windows\system32\VERSION.dll
0x0000000076f30000 - 0x0000000076f39000 	C:\Windows\system32\PSAPI.DLL
0x000000006d2d0000 - 0x000000006d3a2000 	C:\Program Files\Java\jdk1.8.0_51\jre\bin\MSVCR100.dll
0x000000006f220000 - 0x000000006f259000 	C:\Program Files\Java\jdk1.8.0_51\jre\bin\splashscreen.dll
0x000007fefc410000 - 0x000007fefc461000 	C:\Windows\system32\uxtheme.dll
0x0000000070ee0000 - 0x0000000070eef000 	C:\Program Files\Java\jdk1.8.0_51\jre\bin\verify.dll
0x000000006e100000 - 0x000000006e129000 	C:\Program Files\Java\jdk1.8.0_51\jre\bin\java.dll
0x000000006d450000 - 0x000000006d485000 	C:\Program Files\Java\jdk1.8.0_51\jre\bin\jdwp.dll
0x0000000070700000 - 0x0000000070708000 	C:\Program Files\Java\jdk1.8.0_51\jre\bin\npt.dll
0x000000006fe20000 - 0x000000006fe36000 	C:\Program Files\Java\jdk1.8.0_51\jre\bin\zip.dll
0x000007fefdda0000 - 0x000007fefe9f3000 	C:\Windows\system32\SHELL32.dll
0x000007feff030000 - 0x000007feff0a3000 	C:\Windows\system32\SHLWAPI.dll
0x000007fefc070000 - 0x000007fefc269000 	C:\Windows\WinSxS\amd64_microsoft.windows.common-controls_6595b64144ccf1df_6.0.6002.19373_none_151129cef4086113\comctl32.dll
0x000007fefd630000 - 0x000007fefd656000 	C:\Windows\system32\USERENV.dll
0x000007fefd610000 - 0x000007fefd62c000 	C:\Windows\system32\Secur32.dll
0x0000000070a30000 - 0x0000000070a39000 	C:\Program Files\Java\jdk1.8.0_51\jre\bin\dt_socket.dll
0x000007fefcb60000 - 0x000007fefcbaf000 	C:\Windows\system32\mswsock.dll
0x000007fefcb50000 - 0x000007fefcb57000 	C:\Windows\System32\wshtcpip.dll
0x000000006ee90000 - 0x000000006eeaa000 	C:\Program Files\Java\jdk1.8.0_51\jre\bin\net.dll
0x000007fefcbe0000 - 0x000007fefcbe7000 	C:\Windows\System32\wship6.dll
0x000000006e970000 - 0x000000006e981000 	C:\Program Files\Java\jdk1.8.0_51\jre\bin\nio.dll
0x000007fefcdf0000 - 0x000007fefce13000 	C:\Windows\system32\IPHLPAPI.DLL
0x000007fefcda0000 - 0x000007fefcde5000 	C:\Windows\system32\dhcpcsvc.DLL
0x000007fefd0b0000 - 0x000007fefd0ea000 	C:\Windows\system32\DNSAPI.dll
0x000007fefcd90000 - 0x000007fefcd9a000 	C:\Windows\system32\WINNSI.DLL
0x000007fefcd60000 - 0x000007fefcd8b000 	C:\Windows\system32\dhcpcsvc6.DLL
0x000000006c250000 - 0x000000006c3e8000 	C:\Program Files\Java\jdk1.8.0_51\jre\bin\awt.dll
0x000007fefc840000 - 0x000007fefc888000 	C:\Windows\system32\rsaenh.dll
0x000007fefc590000 - 0x000007fefc5a1000 	C:\Windows\system32\DWMAPI.DLL
0x000007fefbc10000 - 0x000007fefbc23000 	C:\Windows\system32\NLAapi.dll
0x000007fefa160000 - 0x000007fefa173000 	C:\Windows\system32\napinsp.dll
0x000007fefa140000 - 0x000007fefa157000 	C:\Windows\system32\pnrpnsp.dll
0x000007fefa190000 - 0x000007fefa19b000 	C:\Windows\System32\winrnr.dll
0x000007fefdae0000 - 0x000007fefdb35000 	C:\Windows\system32\WLDAP32.dll
0x0000000072ea0000 - 0x0000000072ec6000 	C:\Program Files\Bonjour\mdnsNSP.dll
0x000007fefa7b0000 - 0x000007fefa7b8000 	C:\Windows\system32\rasadhlp.dll
0x000000006dfd0000 - 0x000000006e017000 	C:\Program Files\Java\jdk1.8.0_51\jre\bin\fontmanager.dll
0x000000006ca70000 - 0x000000006cb42000 	C:\Program Files\Autopsy-3.1.3\autopsy\modules\lib\amd64\msvcr100.dll
0x000000006d3b0000 - 0x000000006d448000 	C:\Program Files\Autopsy-3.1.3\autopsy\modules\lib\amd64\msvcp100.dll
0x0000000180000000 - 0x0000000180018000 	C:\Program Files\Autopsy-3.1.3\autopsy\modules\lib\amd64\zlib.dll
0x0000000002d50000 - 0x0000000002e49000 	C:\Program Files\Autopsy-3.1.3\autopsy\modules\lib\amd64\libewf.dll
0x000007fef0a40000 - 0x000007fef0b7b000 	C:\Users\Stacey\AppData\Local\Temp\libtsk_jni.dll
0x0000000002ac0000 - 0x0000000002af8000 	C:\Program Files\Autopsy-3.1.3\platform\modules\lib\amd64\jnidispatch-340.dll
0x000000006dc60000 - 0x000000006dc8c000 	C:\Program Files\Java\jdk1.8.0_51\jre\bin\prism_d3d.dll
0x000007fef6890000 - 0x000007fef6a6f000 	C:\Windows\system32\d3d9.dll
0x000007fefc580000 - 0x000007fefc587000 	C:\Windows\system32\d3d8thk.dll
0x000000006e020000 - 0x000000006e032000 	C:\Program Files\Java\jdk1.8.0_51\jre\bin\prism_sw.dll
0x000000006d280000 - 0x000000006d2c1000 	C:\Program Files\Java\jdk1.8.0_51\jre\bin\glass.dll
0x000007fefdb40000 - 0x000007fefdbcc000 	C:\Windows\system32\COMDLG32.dll
0x0000000017550000 - 0x00000000175c0000 	C:\Program Files\Autopsy-3.1.3\autopsy\modules\lib\amd64\libsigar.dll
0x000007fef4bf0000 - 0x000007fef4c40000 	C:\Windows\system32\pdh.dll
0x000007fefd1c0000 - 0x000007fefd263000 	C:\Windows\system32\NETAPI32.dll
0x000007fefc7d0000 - 0x000007fefc7fc000 	C:\Windows\system32\NTMARTA.DLL
0x000007fefd090000 - 0x000007fefd0ac000 	C:\Windows\system32\SAMLIB.dll
0x000007fefc390000 - 0x000007fefc39e000 	C:\Windows\system32\perfproc.dll
0x000000006dce0000 - 0x000000006dd22000 	C:\Program Files\Java\jdk1.8.0_51\jre\bin\t2k.dll
0x000007fefeb10000 - 0x000007fefeba9000 	C:\Windows\system32\CLBCatQ.DLL
0x000007fefb320000 - 0x000007fefb44e000 	C:\Windows\system32\WindowsCodecs.dll
0x000007fefd540000 - 0x000007fefd575000 	C:\Windows\system32\apphelp.dll
0x000007fefbe10000 - 0x000007fefbe41000 	C:\Users\Stacey\AppData\Roaming\Dropbox\bin\DropboxExt64.25.dll
0x00000000704c0000 - 0x0000000070585000 	C:\Program Files\AVAST Software\Avast\ashShA64.dll
0x000007fefb9f0000 - 0x000007fefbc0c000 	C:\Windows\WinSxS\amd64_microsoft.windows.gdiplus_6595b64144ccf1df_1.0.6002.19386_none_56ab69c1b5946774\gdiplus.dll
0x000007fef4d50000 - 0x000007fef5054000 	C:\Windows\system32\msi.dll
0x000007fefb7c0000 - 0x000007fefb7e2000 	C:\Windows\system32\EhStorShell.dll
0x000007fefbcf0000 - 0x000007fefbdd5000 	C:\Windows\system32\PROPSYS.dll
0x000007fefaaf0000 - 0x000007fefab90000 	C:\Windows\WinSxS\amd64_microsoft.windows.common-controls_6595b64144ccf1df_5.82.6002.19373_none_4145c9465547549a\comctl32.dll
0x00000000708e0000 - 0x00000000708ed000 	C:\Program Files\Java\jdk1.8.0_51\jre\bin\management.dll
0x000007fefebb0000 - 0x000007fefed8c000 	C:\Windows\system32\SETUPAPI.dll
0x000007feee9f0000 - 0x000007feeec18000 	C:\Windows\system32\NetworkExplorer.dll
0x000007fef6070000 - 0x000007fef619a000 	C:\Windows\System32\shdocvw.dll
0x000007fefd000000 - 0x000007fefd019000 	C:\Windows\system32\MPR.dll
0x000007fef7210000 - 0x000007fef7230000 	C:\Windows\System32\ntlanman.dll
0x000007fefbf70000 - 0x000007fefbf7a000 	C:\Windows\System32\drprov.dll
0x000007fef5320000 - 0x000007fef5339000 	C:\Windows\System32\davclnt.dll
0x000007fefcec0000 - 0x000007fefcffb000 	C:\Windows\System32\CRYPT32.dll
0x000007fefd070000 - 0x000007fefd089000 	C:\Windows\System32\MSASN1.dll
0x000007fef9f20000 - 0x000007fef9f2d000 	C:\Windows\system32\cscapi.dll
0x0000000069a70000 - 0x0000000069d0d000 	C:\Windows\system32\wpdshext.dll
0x0000000070dc0000 - 0x0000000070e33000 	C:\Windows\system32\PortableDeviceApi.dll
0x000007fefbc50000 - 0x000007fefbc89000 	C:\Windows\system32\WINTRUST.dll
0x000007fefd7c0000 - 0x000007fefd7d8000 	C:\Windows\system32\imagehlp.dll
0x0000000070b10000 - 0x0000000070b49000 	C:\Windows\system32\PortableDeviceTypes.dll
0x000007fef4b90000 - 0x000007fef4bb4000 	C:\Windows\System32\EhStorAPI.dll
0x000007fefc520000 - 0x000007fefc52c000 	C:\Windows\system32\LINKINFO.dll
0x000007fef3770000 - 0x000007fef41e3000 	C:\Windows\system32\ieframe.dll
0x00000000766b0000 - 0x00000000768c2000 	C:\Windows\system32\iertutil.dll
0x000000006fde0000 - 0x000000006fdf5000 	C:\Program Files\Java\jdk1.8.0_51\jre\bin\javafx_font.dll
0x000000006cd10000 - 0x000000006ce92000 	C:\Windows\system32\dwrite.dll
0x000000006d240000 - 0x000000006d251000 	C:\Program Files\Java\jdk1.8.0_51\jre\bin\prism_common.dll
0x000000006cea0000 - 0x000000006cf71000 	C:\Windows\system32\d2d1.dll
0x000007fef7180000 - 0x000007fef71b4000 	C:\Windows\system32\d3d10_1.dll
0x000007fef42a0000 - 0x000007fef42f6000 	C:\Windows\system32\d3d10_1core.dll
0x000007fef25e0000 - 0x000007fef2685000 	C:\Windows\system32\dxgi.dll
0x000000006ae50000 - 0x000000006b049000 	C:\Windows\system32\D3D10Warp.dll
0x000000006d220000 - 0x000000006d237000 	C:\Program Files\Java\jdk1.8.0_51\jre\bin\decora_sse.dll
0x000000006e140000 - 0x000000006e1ed000 	C:\Users\Stacey\AppData\Local\Temp\sqlite-3.7.151-amd64-sqlitejdbc.dll
0x000000006e4c0000 - 0x000000006e4df000 	C:\Users\Stacey\AppData\Local\Temp\jffi2784176357513786843.tmp
0x000007fef3590000 - 0x000007fef376f000 	C:\Windows\system32\dfshim.dll
0x000007fef6760000 - 0x000007fef67cf000 	C:\Windows\system32\mscoree.dll
0x0000000076b00000 - 0x0000000076c57000 	C:\Windows\system32\urlmon.dll
0x00000000769a0000 - 0x0000000076afb000 	C:\Windows\system32\WININET.dll
0x0000000076f40000 - 0x0000000076f44000 	C:\Windows\system32\Normaliz.dll
0x000007fef5bc0000 - 0x000007fef5c57000 	C:\Windows\Microsoft.NET\Framework64\v4.0.30319\mscoreei.dll
0x000007fef4b60000 - 0x000007fef4b8b000 	C:\Windows\Microsoft.NET\Framework64\v4.0.30319\dfdll.dll
0x000007feeec20000 - 0x000007feef58b000 	C:\Windows\Microsoft.NET\Framework64\v4.0.30319\clr.dll
0x000007fef4c70000 - 0x000007fef4d42000 	C:\Windows\system32\MSVCR110_CLR0400.dll
0x000007fef8070000 - 0x000007fef8183000 	C:\Windows\system32\dbghelp.dll

VM Arguments:
jvm_args: -Dnetbeans.logger.console=true -ea -Xdebug -Xrunjdwp:transport=dt_socket,suspend=y,server=n,address=127.0.0.1:50502 -Djdk.home=C:\Program Files\Java\jdk1.8.0_51 -splash:C:\Users\Stacey\Documents\NetBeansProjects\SqlGrab\build\testuserdir\var\cache\splash.png -Dnetbeans.home=C:\Program Files\Autopsy-3.1.3\platform -Dnetbeans.user=C:\Users\Stacey\Documents\NetBeansProjects\SqlGrab\build\testuserdir -Dnetbeans.default_userdir_root= -XX:+HeapDumpOnOutOfMemoryError -XX:HeapDumpPath=C:\Users\Stacey\Documents\NetBeansProjects\SqlGrab\build\testuserdir\var\log\heapdump.hprof -Dnetbeans.system_http_proxy=DIRECT -Dsun.awt.keepWorkingSetOnMinimize=true -Dnetbeans.dirs=C:\Users\Stacey\Documents\NetBeansProjects\SqlGrab\build\cluster;C:\Program Files\Autopsy-3.1.3\autopsy;C:\Program Files\Autopsy-3.1.3\harness;C:\Program Files\Autopsy-3.1.3\java;C:\Program Files\Autopsy-3.1.3\platform exit 
java_command: <unknown>
java_class_path (initial): C:\Program Files\Autopsy-3.1.3\platform\lib\boot.jar;C:\Program Files\Autopsy-3.1.3\platform\lib\org-openide-modules.jar;C:\Program Files\Autopsy-3.1.3\platform\lib\org-openide-util-lookup.jar;C:\Program Files\Autopsy-3.1.3\platform\lib\org-openide-util.jar;C:\Program Files\Autopsy-3.1.3\platform\lib\locale\boot_ja.jar;C:\Program Files\Autopsy-3.1.3\platform\lib\locale\boot_pt_BR.jar;C:\Program Files\Autopsy-3.1.3\platform\lib\locale\boot_ru.jar;C:\Program Files\Autopsy-3.1.3\platform\lib\locale\boot_zh_CN.jar;C:\Program Files\Autopsy-3.1.3\platform\lib\locale\org-openide-modules_ja.jar;C:\Program Files\Autopsy-3.1.3\platform\lib\locale\org-openide-modules_pt_BR.jar;C:\Program Files\Autopsy-3.1.3\platform\lib\locale\org-openide-modules_ru.jar;C:\Program Files\Autopsy-3.1.3\platform\lib\locale\org-openide-modules_zh_CN.jar;C:\Program Files\Autopsy-3.1.3\platform\lib\locale\org-openide-util-lookup_ja.jar;C:\Program Files\Autopsy-3.1.3\platform\lib\locale\org-openide-util-lookup_pt_BR.jar;C:\Program Files\Autopsy-3.1.3\platform\lib\locale\org-openide-util-lookup_ru.jar;C:\Program Files\Autopsy-3.1.3\platform\lib\locale\org-openide-util-lookup_zh_CN.jar;C:\Program Files\Autopsy-3.1.3\platform\lib\locale\org-openide-util_ja.jar;C:\Program Files\Autopsy-3.1.3\platform\lib\locale\org-openide-util_pt_BR.jar;C:\Program Files\Autopsy-3.1.3\platform\lib\locale\org-openide-util_ru.jar;C:\Program Files\Autopsy-3.1.3\platform\lib\locale\org-openide-util_zh_CN.jar;C:\Program Files\Java\jdk1.8.0_51\lib\dt.jar;C:\Program Files\Java\jdk1.8.0_51\lib\tools.jar
Launcher Type: generic

Environment Variables:
PATH=C:\ProgramData\Oracle\Java\javapath;C:\Windows\system32;C:\Windows;C:\Windows\System32\Wbem;C:\Program Files (x86)\Python;C:\Windows\System32\WindowsPowerShell\v1.0\;C:\Program Files (x86)\Skype\Phone\;C:\Program Files (x86)\QuickTime\QTSystem\
USERNAME=Stacey
OS=Windows_NT
PROCESSOR_IDENTIFIER=Intel64 Family 6 Model 23 Stepping 10, GenuineIntel



---------------  S Y S T E M  ---------------

OS: Windows Vista , 64 bit Build 6002 (6.0.6002.19381)

CPU:total 2 (2 cores per cpu, 1 threads per core) family 6 model 23 stepping 10, cmov, cx8, fxsr, mmx, sse, sse2, sse3, ssse3, tsc

Memory: 4k page, physical 4157708k(799372k free), swap 8544048k(4411528k free)

vm_info: Java HotSpot(TM) 64-Bit Server VM (25.51-b03) for windows-amd64 JRE (1.8.0_51-b16), built on Jun  8 2015 18:03:07 by "java_re" with MS VC++ 10.0 (VS2010)

time: Sun Aug 09 12:11:56 2015
elapsed time: 94 seconds (0d 0h 1m 34s)

