#
# A fatal error has been detected by the Java Runtime Environment:
#
#  EXCEPTION_ACCESS_VIOLATION (0xc0000005) at pc=0x000000006e1482b8, pid=4376, tid=4416
#
# JRE version: Java(TM) SE Runtime Environment (8.0_51-b16) (build 1.8.0_51-b16)
# Java VM: Java HotSpot(TM) 64-Bit Server VM (25.51-b03 mixed mode windows-amd64 compressed oops)
# Problematic frame:
# C  [sqlite-3.7.151-amd64-sqlitejdbc.dll+0x82b8]
#
# Failed to write core dump. Minidumps are not enabled by default on client versions of Windows
#
# If you would like to submit a bug report, please visit:
#   http://bugreport.java.com/bugreport/crash.jsp
# The crash happened outside the Java Virtual Machine in native code.
# See problematic frame for where to report the bug.
#

---------------  T H R E A D  ---------------

Current thread (0x000000001868e000):  JavaThread "AWT-EventQueue-0" [_thread_in_native, id=4416, stack(0x000000001a510000,0x000000001a710000)]

siginfo: ExceptionCode=0xc0000005, reading address 0x0000000000000000

Registers:
RAX=0x000000001868e005, RBX=0x0000000000000000, RCX=0x0000000000000000, RDX=0x0000000000000000
RSP=0x000000001a70c700, RBP=0x000000001a70c7e0, RSI=0x0000000000000158, RDI=0x0000000000000488
R8 =0x000000006e16fd30, R9 =0x0000000000000000, R10=0x0000000000000000, R11=0x00000000043a2098
R12=0x0000000000000000, R13=0x000000001a70c7d0, R14=0x000000001a70c7a0, R15=0x000000001868e000
RIP=0x000000006e1482b8, EFLAGS=0x0000000000010246

Top of Stack: (sp=0x000000001a70c700)
0x000000001a70c700:   0000000022d96af0 000000001868e000
0x000000001a70c710:   00000000161dcf38 0000000022d93000
0x000000001a70c720:   00000000000000b6 0000000022d93028
0x000000001a70c730:   000000001868e1f8 0000000000000158
0x000000001a70c740:   0000000000000488 000000006e142493
0x000000001a70c750:   0000000021514488 000000001868e000
0x000000001a70c760:   0000000018687aa0 0000000022d93028
0x000000001a70c770:   00000000ee6c1f00 00000000043a2207
0x000000001a70c780:   0000000022d93028 000000001868e000
0x000000001a70c790:   000000001a70c870 0000000022d93000
0x000000001a70c7a0:   00000000ee6c1f00 0000000000000488
0x000000001a70c7b0:   0000000000000158 00000000000000b6
0x000000001a70c7c0:   000000001a70c858 00000000037ec32c
0x000000001a70c7d0:   0000000000000300 00000000000000b6
0x000000001a70c7e0:   000000001a70c858 00000000037c7850
0x000000001a70c7f0:   00000000037c7850 0000000000000000 

Instructions: (pc=0x000000006e1482b8)
0x000000006e148298:   c4 08 c3 0f 1f 44 00 00 48 83 ec 48 85 d2 48 89
0x000000006e1482a8:   5c 24 30 48 89 74 24 38 48 89 cb 48 89 7c 24 40
0x000000006e1482b8:   48 8b 31 0f b7 41 48 78 7f 39 c2 7d 7b 44 89 cf
0x000000006e1482c8:   48 8b 4e 18 0f af f8 01 d7 48 85 c9 74 10 4c 89 


Register to memory mapping:

RAX=0x000000001868e005 is an unknown value
RBX=0x0000000000000000 is an unknown value
RCX=0x0000000000000000 is an unknown value
RDX=0x0000000000000000 is an unknown value
RSP=0x000000001a70c700 is pointing into the stack for thread: 0x000000001868e000
RBP=0x000000001a70c7e0 is pointing into the stack for thread: 0x000000001868e000
RSI=0x0000000000000158 is an unknown value
RDI=0x0000000000000488 is an unknown value
R8 =0x000000006e16fd30 is an unknown value
R9 =0x0000000000000000 is an unknown value
R10=0x0000000000000000 is an unknown value
R11=0x00000000043a2098 is at entry_point+24 in (nmethod*)0x00000000043a1f10
R12=0x0000000000000000 is an unknown value
R13=0x000000001a70c7d0 is pointing into the stack for thread: 0x000000001868e000
R14=0x000000001a70c7a0 is pointing into the stack for thread: 0x000000001868e000
R15=0x000000001868e000 is a thread


Stack: [0x000000001a510000,0x000000001a710000],  sp=0x000000001a70c700,  free space=2033k
Native frames: (J=compiled Java code, j=interpreted, Vv=VM code, C=native code)
C  [sqlite-3.7.151-amd64-sqlitejdbc.dll+0x82b8]

Java frames: (J=compiled Java code, j=interpreted, Vv=VM code)
J 4028  org.sqlite.NativeDB.column_name(JI)Ljava/lang/String; (0 bytes) @ 0x00000000043a20bb [0x00000000043a2080+0x3b]
j  org.sqlite.RS.getColumnName(I)Ljava/lang/String;+16
j  SqlGrab.FillTable.setHeader(I)V+14
j  SqlGrab.FillTable.setRS(Ljava/sql/ResultSet;)V+61
j  SqlGrab.FillTable.<init>(Ljava/sql/ResultSet;)V+28
j  SqlGrab.FullSQLParse.GetSqlDataInTable(Ljava/lang/String;)LSqlGrab/FillTable;+10
j  SqlGrab.GrabPanel.CreateDBTab(Ljava/lang/String;)V+40
j  SqlGrab.GrabPanel.FullParse(Ljava/lang/String;)V+32
j  SqlGrab.GrabPanel.setNode(Lorg/openide/nodes/Node;)V+82
j  org.sleuthkit.autopsy.corecomponents.DataContentPanel$UpdateWrapper.setNode(Lorg/openide/nodes/Node;)V+5
j  org.sleuthkit.autopsy.corecomponents.DataContentPanel.stateChanged(Ljavax/swing/event/ChangeEvent;)V+55
j  javax.swing.JTabbedPane.fireStateChanged()V+185
j  javax.swing.JTabbedPane$ModelListener.stateChanged(Ljavax/swing/event/ChangeEvent;)V+4
j  javax.swing.DefaultSingleSelectionModel.fireStateChanged()V+56
j  javax.swing.DefaultSingleSelectionModel.setSelectedIndex(I)V+14
j  javax.swing.JTabbedPane.setSelectedIndexImpl(IZ)V+97
j  javax.swing.JTabbedPane.setSelectedIndex(I)V+13
j  javax.swing.plaf.basic.BasicTabbedPaneUI$Handler.mousePressed(Ljava/awt/event/MouseEvent;)V+77
j  java.awt.AWTEventMulticaster.mousePressed(Ljava/awt/event/MouseEvent;)V+8
j  java.awt.Component.processMouseEvent(Ljava/awt/event/MouseEvent;)V+54
j  javax.swing.JComponent.processMouseEvent(Ljava/awt/event/MouseEvent;)V+23
J 5347 C1 java.awt.Component.processEvent(Ljava/awt/AWTEvent;)V (220 bytes) @ 0x000000000474f0bc [0x000000000474eb80+0x53c]
j  java.awt.Container.processEvent(Ljava/awt/AWTEvent;)V+18
J 2804 C1 java.awt.Component.dispatchEventImpl(Ljava/awt/AWTEvent;)V (883 bytes) @ 0x0000000003934b6c [0x000000000392f620+0x554c]
J 2699 C1 java.awt.Container.dispatchEventImpl(Ljava/awt/AWTEvent;)V (129 bytes) @ 0x0000000003a4c3a4 [0x0000000003a4c260+0x144]
J 4958 C1 java.awt.LightweightDispatcher.retargetMouseEvent(Ljava/awt/Component;ILjava/awt/event/MouseEvent;)V (350 bytes) @ 0x00000000045f3c5c [0x00000000045f1700+0x255c]
j  java.awt.LightweightDispatcher.processMouseEvent(Ljava/awt/event/MouseEvent;)Z+130
J 4968 C1 java.awt.LightweightDispatcher.dispatchEvent(Ljava/awt/AWTEvent;)Z (73 bytes) @ 0x00000000045fd2f4 [0x00000000045fcec0+0x434]
J 2699 C1 java.awt.Container.dispatchEventImpl(Ljava/awt/AWTEvent;)V (129 bytes) @ 0x0000000003a4c344 [0x0000000003a4c260+0xe4]
J 4960 C1 java.awt.Window.dispatchEventImpl(Ljava/awt/AWTEvent;)V (23 bytes) @ 0x00000000045f72ac [0x00000000045f6cc0+0x5ec]
J 3889 C1 java.awt.EventQueue.dispatchEventImpl(Ljava/awt/AWTEvent;Ljava/lang/Object;)V (149 bytes) @ 0x0000000004339d3c [0x00000000043384c0+0x187c]
J 3627 C1 java.awt.EventQueue$3.run()Ljava/lang/Void; (60 bytes) @ 0x0000000004270edc [0x0000000004270cc0+0x21c]
J 3626 C1 java.awt.EventQueue$3.run()Ljava/lang/Object; (5 bytes) @ 0x0000000004270954 [0x00000000042708c0+0x94]
v  ~StubRoutines::call_stub
J 1368  java.security.AccessController.doPrivileged(Ljava/security/PrivilegedAction;Ljava/security/AccessControlContext;)Ljava/lang/Object; (0 bytes) @ 0x0000000003cd86a6 [0x0000000003cd8640+0x66]
J 3185 C1 java.security.ProtectionDomain$1.doIntersectionPrivilege(Ljava/security/PrivilegedAction;Ljava/security/AccessControlContext;Ljava/security/AccessControlContext;)Ljava/lang/Object; (32 bytes) @ 0x0000000004152ecc [0x0000000004152bc0+0x30c]
J 4584 C1 java.awt.EventQueue$4.run()Ljava/lang/Object; (5 bytes) @ 0x00000000044f4f24 [0x00000000044f4b20+0x404]
v  ~StubRoutines::call_stub
J 1368  java.security.AccessController.doPrivileged(Ljava/security/PrivilegedAction;Ljava/security/AccessControlContext;)Ljava/lang/Object; (0 bytes) @ 0x0000000003cd86a6 [0x0000000003cd8640+0x66]
J 3624 C1 java.awt.EventQueue.dispatchEvent(Ljava/awt/AWTEvent;)V (80 bytes) @ 0x000000000426f57c [0x000000000426e8a0+0xcdc]
J 3845 C1 org.netbeans.core.TimableEventQueue.dispatchEvent(Ljava/awt/AWTEvent;)V (43 bytes) @ 0x0000000004321104 [0x0000000004321000+0x104]
J 3658 C1 java.awt.EventDispatchThread.pumpOneEventForFilters(I)V (295 bytes) @ 0x0000000004289c7c [0x0000000004287de0+0x1e9c]
j  java.awt.EventDispatchThread.pumpEventsForFilter(ILjava/awt/Conditional;Ljava/awt/EventFilter;)V+35
j  java.awt.EventDispatchThread.pumpEventsForHierarchy(ILjava/awt/Conditional;Ljava/awt/Component;)V+11
j  java.awt.EventDispatchThread.pumpEvents(ILjava/awt/Conditional;)V+4
j  java.awt.EventDispatchThread.pumpEvents(Ljava/awt/Conditional;)V+3
j  java.awt.EventDispatchThread.run()V+9
v  ~StubRoutines::call_stub

---------------  P R O C E S S  ---------------

Java Threads: ( => current thread )
  0x000000001bc41000 JavaThread "Prism Font Disposer" daemon [_thread_blocked, id=4968, stack(0x0000000021d60000,0x0000000021f60000)]
  0x000000001bc40000 JavaThread "Image Fetcher 1" daemon [_thread_blocked, id=4784, stack(0x000000001ff60000,0x0000000020160000)]
  0x000000001bc3f800 JavaThread "Flushing caches" [_thread_blocked, id=4268, stack(0x00000000204a0000,0x00000000206a0000)]
  0x000000001bc3e000 JavaThread "TimerQueue" daemon [_thread_blocked, id=3860, stack(0x000000001f960000,0x000000001fb60000)]
  0x000000001bc3d000 JavaThread "Thread-6" daemon [_thread_blocked, id=272, stack(0x000000001f560000,0x000000001f760000)]
  0x000000001bc3c800 JavaThread "IM-file-ingest-1" [_thread_blocked, id=3420, stack(0x000000001f360000,0x000000001f560000)]
  0x000000001b7bf800 JavaThread "IM-file-ingest-0" [_thread_blocked, id=5000, stack(0x000000001f160000,0x000000001f360000)]
  0x000000001b7bf000 JavaThread "IM-data-source-ingest-0" [_thread_blocked, id=5048, stack(0x000000001df90000,0x000000001e190000)]
  0x000000001b7be000 JavaThread "Thread-5" daemon [_thread_in_native, id=2732, stack(0x000000001dc90000,0x000000001de90000)]
  0x000000001b7bd800 JavaThread "JavaFX Application Thread" [_thread_in_native, id=3484, stack(0x000000001d890000,0x000000001da90000)]
  0x000000001b7bc800 JavaThread "Thread-4" daemon [_thread_blocked, id=2784, stack(0x000000001d430000,0x000000001d630000)]
  0x000000001b7bc000 JavaThread "File Watcher" daemon [_thread_blocked, id=1208, stack(0x000000001d230000,0x000000001d430000)]
  0x000000001b7bb000 JavaThread "QuantumRenderer-0" daemon [_thread_blocked, id=4980, stack(0x000000001c7e0000,0x000000001c9e0000)]
  0x000000001b7ba800 JavaThread "Inactive RequestProcessor thread [Was:System clipboard synchronizer/org.netbeans.NbClipboard$GetContents]" daemon [_thread_blocked, id=368, stack(0x000000001c3e0000,0x000000001c5e0000)]
  0x000000001b7b9800 JavaThread "Inactive RequestProcessor thread [Was:Explorer Views/org.openide.explorer.view.TreeView$TreePropertyListener$1Request]" daemon [_thread_blocked, id=2692, stack(0x000000001c1e0000,0x000000001c3e0000)]
  0x000000001b7b9000 JavaThread "Inactive RequestProcessor thread [Was:Logging Flush/org.netbeans.core.startup.logging.DispatchingHandler]" daemon [_thread_blocked, id=1284, stack(0x000000001bfe0000,0x000000001c1e0000)]
  0x00000000187de000 JavaThread "org.netbeans.modules.debugger.jpda.visual AWT Access Loop" daemon [_thread_blocked, id=5092, stack(0x000000001a910000,0x000000001ab10000)]
=>0x000000001868e000 JavaThread "AWT-EventQueue-0" [_thread_in_native, id=4416, stack(0x000000001a510000,0x000000001a710000)]
  0x00000000186ae000 JavaThread "AWT-Windows" daemon [_thread_in_native, id=4488, stack(0x000000001a310000,0x000000001a510000)]
  0x00000000186ab800 JavaThread "AWT-Shutdown" [_thread_blocked, id=4748, stack(0x000000001a110000,0x000000001a310000)]
  0x00000000186a9800 JavaThread "Java2D Disposer" daemon [_thread_blocked, id=4248, stack(0x0000000019f10000,0x000000001a110000)]
  0x0000000018499800 JavaThread "RequestProcessor queue manager" daemon [_thread_blocked, id=1680, stack(0x0000000019910000,0x0000000019b10000)]
  0x00000000184e6800 JavaThread "Inactive RequestProcessor thread [Was:Asynch children creator /org.openide.nodes.AsynchChildren]" daemon [_thread_blocked, id=2864, stack(0x0000000019110000,0x0000000019310000)]
  0x0000000018461000 JavaThread "CLI Requests Server" daemon [_thread_in_native, id=3916, stack(0x0000000018f10000,0x0000000019110000)]
  0x0000000018450000 JavaThread "Active Reference Queue Daemon" daemon [_thread_blocked, id=3676, stack(0x0000000018b50000,0x0000000018d50000)]
  0x000000001622d800 JavaThread "Service Thread" daemon [_thread_blocked, id=2704, stack(0x0000000017f50000,0x0000000018150000)]
  0x00000000161c3000 JavaThread "C1 CompilerThread1" daemon [_thread_blocked, id=1688, stack(0x0000000017d50000,0x0000000017f50000)]
  0x00000000161c1800 JavaThread "C2 CompilerThread0" daemon [_thread_blocked, id=4860, stack(0x0000000017b50000,0x0000000017d50000)]
  0x00000000161ae800 JavaThread "JDWP Command Reader" daemon [_thread_in_native, id=4572, stack(0x0000000017950000,0x0000000017b50000)]
  0x00000000161a5000 JavaThread "JDWP Event Helper Thread" daemon [_thread_blocked, id=740, stack(0x0000000017750000,0x0000000017950000)]
  0x00000000161a3800 JavaThread "JDWP Transport Listener: dt_socket" daemon [_thread_blocked, id=2236, stack(0x0000000017550000,0x0000000017750000)]
  0x0000000016192000 JavaThread "Attach Listener" daemon [_thread_blocked, id=1252, stack(0x0000000017230000,0x0000000017430000)]
  0x0000000002d2f000 JavaThread "Signal Dispatcher" daemon [_thread_blocked, id=1860, stack(0x0000000017030000,0x0000000017230000)]
  0x0000000002d20000 JavaThread "Finalizer" daemon [_thread_blocked, id=5056, stack(0x0000000016e30000,0x0000000017030000)]
  0x0000000002d17000 JavaThread "Reference Handler" daemon [_thread_blocked, id=4872, stack(0x0000000016c30000,0x0000000016e30000)]
  0x0000000002b2f000 JavaThread "main" [_thread_blocked, id=612, stack(0x0000000000030000,0x0000000000230000)]

Other Threads:
  0x0000000016142800 VMThread [stack: 0x0000000016a30000,0x0000000016c30000] [id=3848]
  0x0000000016230000 WatcherThread [stack: 0x0000000018150000,0x0000000018350000] [id=3940]

VM state:not at safepoint (normal execution)

VM Mutex/Monitor currently owned by a thread: None

Heap:
 PSYoungGen      total 188416K, used 65123K [0x00000000ead80000, 0x00000000f7180000, 0x0000000100000000)
  eden space 180224K, 32% used [0x00000000ead80000,0x00000000ee783d88,0x00000000f5d80000)
  from space 8192K, 69% used [0x00000000f6980000,0x00000000f6f14ea0,0x00000000f7180000)
  to   space 10240K, 0% used [0x00000000f5d80000,0x00000000f5d80000,0x00000000f6780000)
 ParOldGen       total 51200K, used 32132K [0x00000000c0800000, 0x00000000c3a00000, 0x00000000ead80000)
  object space 51200K, 62% used [0x00000000c0800000,0x00000000c27613d0,0x00000000c3a00000)
 Metaspace       used 47583K, capacity 49568K, committed 49840K, reserved 1091584K
  class space    used 6429K, capacity 7050K, committed 7088K, reserved 1048576K

Card table byte_map: [0x0000000012b80000,0x0000000012d80000] byte_map_base: 0x000000001257c000

Marking Bits: (ParMarkBitMap*) 0x00000000635a4040
 Begin Bits: [0x00000000132e0000, 0x00000000142c0000)
 End Bits:   [0x00000000142c0000, 0x00000000152a0000)

Polling page: 0x0000000000380000

CodeCache: size=245760Kb used=16087Kb max_used=16091Kb free=229672Kb
 bounds [0x00000000037c0000, 0x0000000004790000, 0x00000000127c0000]
 total_blobs=5523 nmethods=4717 adapters=726
 compilation: enabled

Compilation events (10 events):
Event: 19.106 Thread 0x00000000161c3000 nmethod 5405 0x0000000004782b90 code [0x0000000004782d60, 0x0000000004783528]
Event: 19.107 Thread 0x00000000161c3000 5406       3       org.sleuthkit.datamodel.AbstractFile::read (25 bytes)
Event: 19.108 Thread 0x00000000161c3000 nmethod 5406 0x0000000004783790 code [0x0000000004783900, 0x0000000004783c38]
Event: 19.137 Thread 0x00000000161c3000 5408  s    3       org.sqlite.DB::execute (191 bytes)
Event: 19.140 Thread 0x00000000161c1800 nmethod 5391 0x00000000047881d0 code [0x0000000004788420, 0x0000000004789900]
Event: 19.140 Thread 0x00000000161c3000 nmethod 5408 0x0000000004785790 code [0x0000000004785ae0, 0x0000000004787448]
Event: 19.148 Thread 0x00000000161c3000 5409       3       javax.swing.JComponent::setAlignmentX (31 bytes)
Event: 19.148 Thread 0x00000000161c3000 nmethod 5409 0x0000000004785350 code [0x00000000047854e0, 0x0000000004785730]
Event: 19.150 Thread 0x00000000161c3000 5410       3       sun.reflect.MethodAccessorImpl::<init> (5 bytes)
Event: 19.151 Thread 0x00000000161c3000 nmethod 5410 0x0000000004784ed0 code [0x0000000004785040, 0x0000000004785250]

GC Heap History (10 events):
Event: 9.859 GC heap before
{Heap before GC invocations=10 (full 1):
 PSYoungGen      total 104960K, used 104731K [0x00000000ead80000, 0x00000000f1980000, 0x0000000100000000)
  eden space 100352K, 100% used [0x00000000ead80000,0x00000000f0f80000,0x00000000f0f80000)
  from space 4608K, 95% used [0x00000000f1500000,0x00000000f1946f20,0x00000000f1980000)
  to   space 5120K, 0% used [0x00000000f0f80000,0x00000000f0f80000,0x00000000f1480000)
 ParOldGen       total 31232K, used 11936K [0x00000000c0800000, 0x00000000c2680000, 0x00000000ead80000)
  object space 31232K, 38% used [0x00000000c0800000,0x00000000c13a8010,0x00000000c2680000)
 Metaspace       used 33359K, capacity 35226K, committed 35496K, reserved 1079296K
  class space    used 4275K, capacity 4811K, committed 4912K, reserved 1048576K
Event: 9.888 GC heap after
Heap after GC invocations=10 (full 1):
 PSYoungGen      total 105472K, used 5099K [0x00000000ead80000, 0x00000000f3900000, 0x0000000100000000)
  eden space 100352K, 0% used [0x00000000ead80000,0x00000000ead80000,0x00000000f0f80000)
  from space 5120K, 99% used [0x00000000f0f80000,0x00000000f147af30,0x00000000f1480000)
  to   space 5632K, 0% used [0x00000000f3380000,0x00000000f3380000,0x00000000f3900000)
 ParOldGen       total 31232K, used 12532K [0x00000000c0800000, 0x00000000c2680000, 0x00000000ead80000)
  object space 31232K, 40% used [0x00000000c0800000,0x00000000c143d3d0,0x00000000c2680000)
 Metaspace       used 33359K, capacity 35226K, committed 35496K, reserved 1079296K
  class space    used 4275K, capacity 4811K, committed 4912K, reserved 1048576K
}
Event: 9.955 GC heap before
{Heap before GC invocations=11 (full 1):
 PSYoungGen      total 105472K, used 10459K [0x00000000ead80000, 0x00000000f3900000, 0x0000000100000000)
  eden space 100352K, 5% used [0x00000000ead80000,0x00000000eb2bbdb0,0x00000000f0f80000)
  from space 5120K, 99% used [0x00000000f0f80000,0x00000000f147af30,0x00000000f1480000)
  to   space 5632K, 0% used [0x00000000f3380000,0x00000000f3380000,0x00000000f3900000)
 ParOldGen       total 31232K, used 12532K [0x00000000c0800000, 0x00000000c2680000, 0x00000000ead80000)
  object space 31232K, 40% used [0x00000000c0800000,0x00000000c143d3d0,0x00000000c2680000)
 Metaspace       used 33463K, capacity 35290K, committed 35496K, reserved 1079296K
  class space    used 4287K, capacity 4811K, committed 4912K, reserved 1048576K
Event: 9.968 GC heap after
Heap after GC invocations=11 (full 1):
 PSYoungGen      total 136704K, used 1556K [0x00000000ead80000, 0x00000000f4980000, 0x0000000100000000)
  eden space 131072K, 0% used [0x00000000ead80000,0x00000000ead80000,0x00000000f2d80000)
  from space 5632K, 27% used [0x00000000f3380000,0x00000000f3505280,0x00000000f3900000)
  to   space 6144K, 0% used [0x00000000f2d80000,0x00000000f2d80000,0x00000000f3380000)
 ParOldGen       total 31232K, used 16311K [0x00000000c0800000, 0x00000000c2680000, 0x00000000ead80000)
  object space 31232K, 52% used [0x00000000c0800000,0x00000000c17edeb0,0x00000000c2680000)
 Metaspace       used 33463K, capacity 35290K, committed 35496K, reserved 1079296K
  class space    used 4287K, capacity 4811K, committed 4912K, reserved 1048576K
}
Event: 9.968 GC heap before
{Heap before GC invocations=12 (full 2):
 PSYoungGen      total 136704K, used 1556K [0x00000000ead80000, 0x00000000f4980000, 0x0000000100000000)
  eden space 131072K, 0% used [0x00000000ead80000,0x00000000ead80000,0x00000000f2d80000)
  from space 5632K, 27% used [0x00000000f3380000,0x00000000f3505280,0x00000000f3900000)
  to   space 6144K, 0% used [0x00000000f2d80000,0x00000000f2d80000,0x00000000f3380000)
 ParOldGen       total 31232K, used 16311K [0x00000000c0800000, 0x00000000c2680000, 0x00000000ead80000)
  object space 31232K, 52% used [0x00000000c0800000,0x00000000c17edeb0,0x00000000c2680000)
 Metaspace       used 33463K, capacity 35290K, committed 35496K, reserved 1079296K
  class space    used 4287K, capacity 4811K, committed 4912K, reserved 1048576K
Event: 10.132 GC heap after
Heap after GC invocations=12 (full 2):
 PSYoungGen      total 136704K, used 0K [0x00000000ead80000, 0x00000000f4980000, 0x0000000100000000)
  eden space 131072K, 0% used [0x00000000ead80000,0x00000000ead80000,0x00000000f2d80000)
  from space 5632K, 0% used [0x00000000f3380000,0x00000000f3380000,0x00000000f3900000)
  to   space 6144K, 0% used [0x00000000f2d80000,0x00000000f2d80000,0x00000000f3380000)
 ParOldGen       total 51200K, used 17042K [0x00000000c0800000, 0x00000000c3a00000, 0x00000000ead80000)
  object space 51200K, 33% used [0x00000000c0800000,0x00000000c18a4a78,0x00000000c3a00000)
 Metaspace       used 33463K, capacity 35290K, committed 35496K, reserved 1079296K
  class space    used 4287K, capacity 4811K, committed 4912K, reserved 1048576K
}
Event: 13.277 GC heap before
{Heap before GC invocations=13 (full 2):
 PSYoungGen      total 136704K, used 131072K [0x00000000ead80000, 0x00000000f4980000, 0x0000000100000000)
  eden space 131072K, 100% used [0x00000000ead80000,0x00000000f2d80000,0x00000000f2d80000)
  from space 5632K, 0% used [0x00000000f3380000,0x00000000f3380000,0x00000000f3900000)
  to   space 6144K, 0% used [0x00000000f2d80000,0x00000000f2d80000,0x00000000f3380000)
 ParOldGen       total 51200K, used 17042K [0x00000000c0800000, 0x00000000c3a00000, 0x00000000ead80000)
  object space 51200K, 33% used [0x00000000c0800000,0x00000000c18a4a78,0x00000000c3a00000)
 Metaspace       used 45110K, capacity 47068K, committed 47280K, reserved 1089536K
  class space    used 6161K, capacity 6713K, committed 6832K, reserved 1048576K
Event: 13.298 GC heap after
Heap after GC invocations=13 (full 2):
 PSYoungGen      total 137216K, used 6130K [0x00000000ead80000, 0x00000000f7380000, 0x0000000100000000)
  eden space 131072K, 0% used [0x00000000ead80000,0x00000000ead80000,0x00000000f2d80000)
  from space 6144K, 99% used [0x00000000f2d80000,0x00000000f337c860,0x00000000f3380000)
  to   space 10240K, 0% used [0x00000000f6980000,0x00000000f6980000,0x00000000f7380000)
 ParOldGen       total 51200K, used 26282K [0x00000000c0800000, 0x00000000c3a00000, 0x00000000ead80000)
  object space 51200K, 51% used [0x00000000c0800000,0x00000000c21aaa88,0x00000000c3a00000)
 Metaspace       used 45110K, capacity 47068K, committed 47280K, reserved 1089536K
  class space    used 6161K, capacity 6713K, committed 6832K, reserved 1048576K
}
Event: 14.065 GC heap before
{Heap before GC invocations=14 (full 2):
 PSYoungGen      total 137216K, used 135643K [0x00000000ead80000, 0x00000000f7380000, 0x0000000100000000)
  eden space 131072K, 98% used [0x00000000ead80000,0x00000000f2bfa688,0x00000000f2d80000)
  from space 6144K, 99% used [0x00000000f2d80000,0x00000000f337c860,0x00000000f3380000)
  to   space 10240K, 0% used [0x00000000f6980000,0x00000000f6980000,0x00000000f7380000)
 ParOldGen       total 51200K, used 26282K [0x00000000c0800000, 0x00000000c3a00000, 0x00000000ead80000)
  object space 51200K, 51% used [0x00000000c0800000,0x00000000c21aaa88,0x00000000c3a00000)
 Metaspace       used 46314K, capacity 48328K, committed 48432K, reserved 1091584K
  class space    used 6342K, capacity 6939K, committed 6960K, reserved 1048576K
Event: 14.085 GC heap after
Heap after GC invocations=14 (full 2):
 PSYoungGen      total 188416K, used 5715K [0x00000000ead80000, 0x00000000f7180000, 0x0000000100000000)
  eden space 180224K, 0% used [0x00000000ead80000,0x00000000ead80000,0x00000000f5d80000)
  from space 8192K, 69% used [0x00000000f6980000,0x00000000f6f14ea0,0x00000000f7180000)
  to   space 10240K, 0% used [0x00000000f5d80000,0x00000000f5d80000,0x00000000f6780000)
 ParOldGen       total 51200K, used 32132K [0x00000000c0800000, 0x00000000c3a00000, 0x00000000ead80000)
  object space 51200K, 62% used [0x00000000c0800000,0x00000000c27613d0,0x00000000c3a00000)
 Metaspace       used 46314K, capacity 48328K, committed 48432K, reserved 1091584K
  class space    used 6342K, capacity 6939K, committed 6960K, reserved 1048576K
}

Deoptimization events (10 events):
Event: 13.562 Thread 0x000000001868e000 Uncommon trap: reason=unstable_if action=reinterpret pc=0x0000000003b0fd9c method=java.util.IdentityHashMap.put(Ljava/lang/Object;Ljava/lang/Object;)Ljava/lang/Object; @ 90
Event: 15.410 Thread 0x000000001b7bb000 Uncommon trap: reason=unstable_if action=reinterpret pc=0x00000000042f51cc method=java.lang.Float.isNaN(F)Z @ 3
Event: 17.149 Thread 0x000000001868e000 Uncommon trap: reason=unstable_if action=reinterpret pc=0x0000000004390218 method=java.util.IdentityHashMap.containsKey(Ljava/lang/Object;)Z @ 38
Event: 17.297 Thread 0x000000001868e000 Uncommon trap: reason=unstable_if action=reinterpret pc=0x0000000004525ca4 method=javax.swing.text.StyleContext$SmallAttributeSet.getLocalAttribute(Ljava/lang/Object;)Ljava/lang/Object; @ 4
Event: 18.433 Thread 0x000000001b7b9000 Uncommon trap: reason=bimorphic action=maybe_recompile pc=0x0000000003b8d058 method=org.openide.util.Enumerations$FilEn.hasMoreElements()Z @ 17
Event: 18.434 Thread 0x000000001b7b9000 Uncommon trap: reason=bimorphic action=maybe_recompile pc=0x0000000003b8d058 method=org.openide.util.Enumerations$FilEn.hasMoreElements()Z @ 17
Event: 18.434 Thread 0x000000001b7b9000 Uncommon trap: reason=bimorphic action=maybe_recompile pc=0x0000000003b8d058 method=org.openide.util.Enumerations$FilEn.hasMoreElements()Z @ 17
Event: 18.434 Thread 0x000000001b7b9000 Uncommon trap: reason=bimorphic action=maybe_recompile pc=0x0000000003b8d058 method=org.openide.util.Enumerations$FilEn.hasMoreElements()Z @ 17
Event: 18.458 Thread 0x000000001b7b9000 Uncommon trap: reason=unstable_if action=reinterpret pc=0x0000000003cd33b4 method=java.net.URI.match(CJJ)Z @ 45
Event: 18.990 Thread 0x000000001868e000 Uncommon trap: reason=unstable_if action=reinterpret pc=0x0000000003cd1870 method=sun.nio.cs.UTF_8$Decoder.decode([BII[C)I @ 30

Internal exceptions (10 events):
Event: 15.795 Thread 0x000000001868e000 Exception <a 'java/lang/ClassNotFoundException': java/lang/StringEditor> (0x00000000ec6ece18) thrown at [C:\re\workspace\8-2-build-windows-amd64-cygwin\jdk8u51\3951\hotspot\src\share\vm\classfile\systemDictionary.cpp, line 210]
Event: 15.798 Thread 0x000000001868e000 Exception <a 'java/lang/ClassNotFoundException': java/lang/StringEditor> (0x00000000ec754f18) thrown at [C:\re\workspace\8-2-build-windows-amd64-cygwin\jdk8u51\3951\hotspot\src\share\vm\classfile\systemDictionary.cpp, line 210]
Event: 15.800 Thread 0x000000001868e000 Exception <a 'java/lang/ClassNotFoundException': java/lang/StringEditor> (0x00000000ec7bcff8) thrown at [C:\re\workspace\8-2-build-windows-amd64-cygwin\jdk8u51\3951\hotspot\src\share\vm\classfile\systemDictionary.cpp, line 210]
Event: 15.803 Thread 0x000000001868e000 Exception <a 'java/lang/ClassNotFoundException': java/lang/StringEditor> (0x00000000ec8250d8) thrown at [C:\re\workspace\8-2-build-windows-amd64-cygwin\jdk8u51\3951\hotspot\src\share\vm\classfile\systemDictionary.cpp, line 210]
Event: 15.806 Thread 0x000000001868e000 Exception <a 'java/lang/ClassNotFoundException': java/lang/LongEditor> (0x00000000ec88cff0) thrown at [C:\re\workspace\8-2-build-windows-amd64-cygwin\jdk8u51\3951\hotspot\src\share\vm\classfile\systemDictionary.cpp, line 210]
Event: 15.808 Thread 0x000000001868e000 Exception <a 'java/lang/ClassNotFoundException': java/lang/StringEditor> (0x00000000ec8f5048) thrown at [C:\re\workspace\8-2-build-windows-amd64-cygwin\jdk8u51\3951\hotspot\src\share\vm\classfile\systemDictionary.cpp, line 210]
Event: 15.811 Thread 0x000000001868e000 Exception <a 'java/lang/ClassNotFoundException': java/lang/StringEditor> (0x00000000ec95d018) thrown at [C:\re\workspace\8-2-build-windows-amd64-cygwin\jdk8u51\3951\hotspot\src\share\vm\classfile\systemDictionary.cpp, line 210]
Event: 15.814 Thread 0x000000001868e000 Exception <a 'java/lang/ClassNotFoundException': java/lang/StringEditor> (0x00000000ec9c7708) thrown at [C:\re\workspace\8-2-build-windows-amd64-cygwin\jdk8u51\3951\hotspot\src\share\vm\classfile\systemDictionary.cpp, line 210]
Event: 15.820 Thread 0x000000001868e000 Exception <a 'java/lang/ClassNotFoundException': java/lang/LongEditor> (0x00000000ecae3be0) thrown at [C:\re\workspace\8-2-build-windows-amd64-cygwin\jdk8u51\3951\hotspot\src\share\vm\classfile\systemDictionary.cpp, line 210]
Event: 17.159 Thread 0x000000001bc40000 Exception <a 'java/io/FileNotFoundException'> (0x00000000ed522bc8) thrown at [C:\re\workspace\8-2-build-windows-amd64-cygwin\jdk8u51\3951\hotspot\src\share\vm\prims\jni.cpp, line 709]

Events (10 events):
Event: 19.032 Thread 0x000000001868e000 DEOPT PACKING pc=0x000000000477371d sp=0x000000001a70c270
Event: 19.032 Thread 0x000000001868e000 DEOPT UNPACKING pc=0x00000000038071bf sp=0x000000001a70c190 mode 0
Event: 19.053 Thread 0x000000001868e000 DEOPT PACKING pc=0x000000000477371d sp=0x000000001a70c270
Event: 19.053 Thread 0x000000001868e000 DEOPT UNPACKING pc=0x00000000038071bf sp=0x000000001a70c190 mode 0
Event: 19.084 Thread 0x000000001868e000 DEOPT PACKING pc=0x000000000477371d sp=0x000000001a70c270
Event: 19.084 Thread 0x000000001868e000 DEOPT UNPACKING pc=0x00000000038071bf sp=0x000000001a70c190 mode 0
Event: 19.125 Executing VM operation: ChangeBreakpoints
Event: 19.128 Executing VM operation: ChangeBreakpoints done
Event: 19.143 Thread 0x000000001868e000 DEOPT PACKING pc=0x00000000042025dc sp=0x000000001a70b830
Event: 19.143 Thread 0x000000001868e000 DEOPT UNPACKING pc=0x00000000038071bf sp=0x000000001a70b5e8 mode 1


Dynamic libraries:
0x0000000000400000 - 0x000000000043a000 	C:\Program Files\Autopsy-3.1.3\platform\lib\nbexec64.exe
0x0000000076d90000 - 0x0000000076f16000 	C:\Windows\system32\ntdll.dll
0x0000000076c60000 - 0x0000000076d8d000 	C:\Windows\system32\kernel32.dll
0x000007fefd7e0000 - 0x000007fefd8e8000 	C:\Windows\system32\ADVAPI32.dll
0x000007fefdc50000 - 0x000007fefdd93000 	C:\Windows\system32\RPCRT4.dll
0x000007fefea00000 - 0x000007fefea9c000 	C:\Windows\system32\msvcrt.dll
0x00000000768d0000 - 0x000000007699d000 	C:\Windows\system32\USER32.dll
0x000007fefeaa0000 - 0x000007fefeb04000 	C:\Windows\system32\GDI32.dll
0x000007fefdc20000 - 0x000007fefdc4d000 	C:\Windows\system32\IMM32.DLL
0x000007fefed90000 - 0x000007fefee92000 	C:\Windows\system32\MSCTF.dll
0x000007fefd8f0000 - 0x000007fefd8fd000 	C:\Windows\system32\LPK.DLL
0x000007fefeea0000 - 0x000007fefef3b000 	C:\Windows\system32\USP10.dll
0x0000000063c80000 - 0x0000000063dd4000 	C:\Program Files\Autopsy-3.1.3\platform\lib\nbexec64.dll
0x0000000062da0000 - 0x0000000063623000 	C:\Program Files\Java\jdk1.8.0_51\jre\bin\server\jvm.dll
0x000007fef9e50000 - 0x000007fef9e59000 	C:\Windows\system32\WSOCK32.dll
0x000007fefdbd0000 - 0x000007fefdc14000 	C:\Windows\system32\WS2_32.dll
0x000007fefef40000 - 0x000007fefef47000 	C:\Windows\system32\NSI.dll
0x000007fefc310000 - 0x000007fefc349000 	C:\Windows\system32\WINMM.dll
0x000007fefd900000 - 0x000007fefdad8000 	C:\Windows\system32\ole32.dll
0x000007fefef50000 - 0x000007feff023000 	C:\Windows\system32\OLEAUT32.dll
0x000007fefc2b0000 - 0x000007fefc305000 	C:\Windows\system32\OLEACC.dll
0x000007fefcbf0000 - 0x000007fefcbfb000 	C:\Windows\system32\VERSION.dll
0x0000000076f30000 - 0x0000000076f39000 	C:\Windows\system32\PSAPI.DLL
0x000000006d2d0000 - 0x000000006d3a2000 	C:\Program Files\Java\jdk1.8.0_51\jre\bin\MSVCR100.dll
0x000000006f220000 - 0x000000006f259000 	C:\Program Files\Java\jdk1.8.0_51\jre\bin\splashscreen.dll
0x0000000070ee0000 - 0x0000000070eef000 	C:\Program Files\Java\jdk1.8.0_51\jre\bin\verify.dll
0x000000006e100000 - 0x000000006e129000 	C:\Program Files\Java\jdk1.8.0_51\jre\bin\java.dll
0x000007fefc410000 - 0x000007fefc461000 	C:\Windows\system32\uxtheme.dll
0x000000006dc50000 - 0x000000006dc85000 	C:\Program Files\Java\jdk1.8.0_51\jre\bin\jdwp.dll
0x0000000070a30000 - 0x0000000070a38000 	C:\Program Files\Java\jdk1.8.0_51\jre\bin\npt.dll
0x000000006fe20000 - 0x000000006fe36000 	C:\Program Files\Java\jdk1.8.0_51\jre\bin\zip.dll
0x000007fefdda0000 - 0x000007fefe9f3000 	C:\Windows\system32\SHELL32.dll
0x000007feff030000 - 0x000007feff0a3000 	C:\Windows\system32\SHLWAPI.dll
0x000007fefc070000 - 0x000007fefc269000 	C:\Windows\WinSxS\amd64_microsoft.windows.common-controls_6595b64144ccf1df_6.0.6002.19373_none_151129cef4086113\comctl32.dll
0x000007fefd630000 - 0x000007fefd656000 	C:\Windows\system32\USERENV.dll
0x000007fefd610000 - 0x000007fefd62c000 	C:\Windows\system32\Secur32.dll
0x0000000070700000 - 0x0000000070709000 	C:\Program Files\Java\jdk1.8.0_51\jre\bin\dt_socket.dll
0x000007fefcb60000 - 0x000007fefcbaf000 	C:\Windows\system32\mswsock.dll
0x000007fefcb50000 - 0x000007fefcb57000 	C:\Windows\System32\wshtcpip.dll
0x000000006ee90000 - 0x000000006eeaa000 	C:\Program Files\Java\jdk1.8.0_51\jre\bin\net.dll
0x000007fefcbe0000 - 0x000007fefcbe7000 	C:\Windows\System32\wship6.dll
0x000000006e970000 - 0x000000006e981000 	C:\Program Files\Java\jdk1.8.0_51\jre\bin\nio.dll
0x000007fefcdf0000 - 0x000007fefce13000 	C:\Windows\system32\IPHLPAPI.DLL
0x000007fefcda0000 - 0x000007fefcde5000 	C:\Windows\system32\dhcpcsvc.DLL
0x000007fefd0b0000 - 0x000007fefd0ea000 	C:\Windows\system32\DNSAPI.dll
0x000007fefcd90000 - 0x000007fefcd9a000 	C:\Windows\system32\WINNSI.DLL
0x000007fefcd60000 - 0x000007fefcd8b000 	C:\Windows\system32\dhcpcsvc6.DLL
0x000000006c250000 - 0x000000006c3e8000 	C:\Program Files\Java\jdk1.8.0_51\jre\bin\awt.dll
0x000007fefc840000 - 0x000007fefc888000 	C:\Windows\system32\rsaenh.dll
0x000007fefc590000 - 0x000007fefc5a1000 	C:\Windows\system32\DWMAPI.DLL
0x000007fefbc10000 - 0x000007fefbc23000 	C:\Windows\system32\NLAapi.dll
0x000007fefa160000 - 0x000007fefa173000 	C:\Windows\system32\napinsp.dll
0x000007fefa140000 - 0x000007fefa157000 	C:\Windows\system32\pnrpnsp.dll
0x000007fefa190000 - 0x000007fefa19b000 	C:\Windows\System32\winrnr.dll
0x000007fefdae0000 - 0x000007fefdb35000 	C:\Windows\system32\WLDAP32.dll
0x0000000072ea0000 - 0x0000000072ec6000 	C:\Program Files\Bonjour\mdnsNSP.dll
0x000007fefa7b0000 - 0x000007fefa7b8000 	C:\Windows\system32\rasadhlp.dll
0x000000006dfd0000 - 0x000000006e017000 	C:\Program Files\Java\jdk1.8.0_51\jre\bin\fontmanager.dll
0x000000006d3b0000 - 0x000000006d482000 	C:\Program Files\Autopsy-3.1.3\autopsy\modules\lib\amd64\msvcr100.dll
0x000000006d230000 - 0x000000006d2c8000 	C:\Program Files\Autopsy-3.1.3\autopsy\modules\lib\amd64\msvcp100.dll
0x0000000180000000 - 0x0000000180018000 	C:\Program Files\Autopsy-3.1.3\autopsy\modules\lib\amd64\zlib.dll
0x000000001bce0000 - 0x000000001bdd9000 	C:\Program Files\Autopsy-3.1.3\autopsy\modules\lib\amd64\libewf.dll
0x000007fef0a40000 - 0x000007fef0b7b000 	C:\Users\Stacey\AppData\Local\Temp\libtsk_jni.dll
0x00000000028b0000 - 0x00000000028e8000 	C:\Program Files\Autopsy-3.1.3\platform\modules\lib\amd64\jnidispatch-340.dll
0x000000006cb20000 - 0x000000006cb4c000 	C:\Program Files\Java\jdk1.8.0_51\jre\bin\prism_d3d.dll
0x000007fef6890000 - 0x000007fef6a6f000 	C:\Windows\system32\d3d9.dll
0x000007fefc580000 - 0x000007fefc587000 	C:\Windows\system32\d3d8thk.dll
0x000000006fde0000 - 0x000000006fdf2000 	C:\Program Files\Java\jdk1.8.0_51\jre\bin\prism_sw.dll
0x000000006ca80000 - 0x000000006cac1000 	C:\Program Files\Java\jdk1.8.0_51\jre\bin\glass.dll
0x000007fefdb40000 - 0x000007fefdbcc000 	C:\Windows\system32\COMDLG32.dll
0x0000000002e30000 - 0x0000000002ea0000 	C:\Program Files\Autopsy-3.1.3\autopsy\modules\lib\amd64\libsigar.dll
0x000007fef43d0000 - 0x000007fef4420000 	C:\Windows\system32\pdh.dll
0x000007fefd1c0000 - 0x000007fefd263000 	C:\Windows\system32\NETAPI32.dll
0x000007fefc7d0000 - 0x000007fefc7fc000 	C:\Windows\system32\NTMARTA.DLL
0x000007fefd090000 - 0x000007fefd0ac000 	C:\Windows\system32\SAMLIB.dll
0x000007fefc030000 - 0x000007fefc03e000 	C:\Windows\system32\perfproc.dll
0x000000006dce0000 - 0x000000006dd22000 	C:\Program Files\Java\jdk1.8.0_51\jre\bin\t2k.dll
0x000007fefeb10000 - 0x000007fefeba9000 	C:\Windows\system32\CLBCatQ.DLL
0x000007fefb320000 - 0x000007fefb44e000 	C:\Windows\system32\WindowsCodecs.dll
0x000007fefd540000 - 0x000007fefd575000 	C:\Windows\system32\apphelp.dll
0x000007fefbe10000 - 0x000007fefbe41000 	C:\Users\Stacey\AppData\Roaming\Dropbox\bin\DropboxExt64.25.dll
0x00000000704c0000 - 0x0000000070585000 	C:\Program Files\AVAST Software\Avast\ashShA64.dll
0x000007fefb9f0000 - 0x000007fefbc0c000 	C:\Windows\WinSxS\amd64_microsoft.windows.gdiplus_6595b64144ccf1df_1.0.6002.19386_none_56ab69c1b5946774\gdiplus.dll
0x000007fef4d50000 - 0x000007fef5054000 	C:\Windows\system32\msi.dll
0x000007fefb7c0000 - 0x000007fefb7e2000 	C:\Windows\system32\EhStorShell.dll
0x000007fefbcf0000 - 0x000007fefbdd5000 	C:\Windows\system32\PROPSYS.dll
0x000007fefaaf0000 - 0x000007fefab90000 	C:\Windows\WinSxS\amd64_microsoft.windows.common-controls_6595b64144ccf1df_5.82.6002.19373_none_4145c9465547549a\comctl32.dll
0x00000000708e0000 - 0x00000000708ed000 	C:\Program Files\Java\jdk1.8.0_51\jre\bin\management.dll
0x000000006d210000 - 0x000000006d225000 	C:\Program Files\Java\jdk1.8.0_51\jre\bin\javafx_font.dll
0x000000006cd10000 - 0x000000006ce92000 	C:\Windows\system32\dwrite.dll
0x000000006cb00000 - 0x000000006cb11000 	C:\Program Files\Java\jdk1.8.0_51\jre\bin\prism_common.dll
0x000000006cea0000 - 0x000000006cf71000 	C:\Windows\system32\d2d1.dll
0x000007fef7180000 - 0x000007fef71b4000 	C:\Windows\system32\d3d10_1.dll
0x000007fef42a0000 - 0x000007fef42f6000 	C:\Windows\system32\d3d10_1core.dll
0x000007fef25e0000 - 0x000007fef2685000 	C:\Windows\system32\dxgi.dll
0x000000006ae50000 - 0x000000006b049000 	C:\Windows\system32\D3D10Warp.dll
0x000007fefbc50000 - 0x000007fefbc89000 	C:\Windows\system32\WINTRUST.dll
0x000007fefcec0000 - 0x000007fefcffb000 	C:\Windows\system32\CRYPT32.dll
0x000007fefd070000 - 0x000007fefd089000 	C:\Windows\system32\MSASN1.dll
0x000007fefd7c0000 - 0x000007fefd7d8000 	C:\Windows\system32\imagehlp.dll
0x000000006cae0000 - 0x000000006caf7000 	C:\Program Files\Java\jdk1.8.0_51\jre\bin\decora_sse.dll
0x000000006e140000 - 0x000000006e1ed000 	C:\Users\Stacey\AppData\Local\Temp\sqlite-3.7.151-amd64-sqlitejdbc.dll
0x000007fef8070000 - 0x000007fef8183000 	C:\Windows\system32\dbghelp.dll

VM Arguments:
jvm_args: -Dnetbeans.logger.console=true -ea -Xdebug -Xrunjdwp:transport=dt_socket,suspend=y,server=n,address=127.0.0.1:50494 -Djdk.home=C:\Program Files\Java\jdk1.8.0_51 -splash:C:\Users\Stacey\Documents\NetBeansProjects\SqlGrab\build\testuserdir\var\cache\splash.png -Dnetbeans.home=C:\Program Files\Autopsy-3.1.3\platform -Dnetbeans.user=C:\Users\Stacey\Documents\NetBeansProjects\SqlGrab\build\testuserdir -Dnetbeans.default_userdir_root= -XX:+HeapDumpOnOutOfMemoryError -XX:HeapDumpPath=C:\Users\Stacey\Documents\NetBeansProjects\SqlGrab\build\testuserdir\var\log\heapdump.hprof -Dnetbeans.system_http_proxy=DIRECT -Dsun.awt.keepWorkingSetOnMinimize=true -Dnetbeans.dirs=C:\Users\Stacey\Documents\NetBeansProjects\SqlGrab\build\cluster;C:\Program Files\Autopsy-3.1.3\autopsy;C:\Program Files\Autopsy-3.1.3\harness;C:\Program Files\Autopsy-3.1.3\java;C:\Program Files\Autopsy-3.1.3\platform exit 
java_command: <unknown>
java_class_path (initial): C:\Program Files\Autopsy-3.1.3\platform\lib\boot.jar;C:\Program Files\Autopsy-3.1.3\platform\lib\org-openide-modules.jar;C:\Program Files\Autopsy-3.1.3\platform\lib\org-openide-util-lookup.jar;C:\Program Files\Autopsy-3.1.3\platform\lib\org-openide-util.jar;C:\Program Files\Autopsy-3.1.3\platform\lib\locale\boot_ja.jar;C:\Program Files\Autopsy-3.1.3\platform\lib\locale\boot_pt_BR.jar;C:\Program Files\Autopsy-3.1.3\platform\lib\locale\boot_ru.jar;C:\Program Files\Autopsy-3.1.3\platform\lib\locale\boot_zh_CN.jar;C:\Program Files\Autopsy-3.1.3\platform\lib\locale\org-openide-modules_ja.jar;C:\Program Files\Autopsy-3.1.3\platform\lib\locale\org-openide-modules_pt_BR.jar;C:\Program Files\Autopsy-3.1.3\platform\lib\locale\org-openide-modules_ru.jar;C:\Program Files\Autopsy-3.1.3\platform\lib\locale\org-openide-modules_zh_CN.jar;C:\Program Files\Autopsy-3.1.3\platform\lib\locale\org-openide-util-lookup_ja.jar;C:\Program Files\Autopsy-3.1.3\platform\lib\locale\org-openide-util-lookup_pt_BR.jar;C:\Program Files\Autopsy-3.1.3\platform\lib\locale\org-openide-util-lookup_ru.jar;C:\Program Files\Autopsy-3.1.3\platform\lib\locale\org-openide-util-lookup_zh_CN.jar;C:\Program Files\Autopsy-3.1.3\platform\lib\locale\org-openide-util_ja.jar;C:\Program Files\Autopsy-3.1.3\platform\lib\locale\org-openide-util_pt_BR.jar;C:\Program Files\Autopsy-3.1.3\platform\lib\locale\org-openide-util_ru.jar;C:\Program Files\Autopsy-3.1.3\platform\lib\locale\org-openide-util_zh_CN.jar;C:\Program Files\Java\jdk1.8.0_51\lib\dt.jar;C:\Program Files\Java\jdk1.8.0_51\lib\tools.jar
Launcher Type: generic

Environment Variables:
PATH=C:\ProgramData\Oracle\Java\javapath;C:\Windows\system32;C:\Windows;C:\Windows\System32\Wbem;C:\Program Files (x86)\Python;C:\Windows\System32\WindowsPowerShell\v1.0\;C:\Program Files (x86)\Skype\Phone\;C:\Program Files (x86)\QuickTime\QTSystem\
USERNAME=Stacey
OS=Windows_NT
PROCESSOR_IDENTIFIER=Intel64 Family 6 Model 23 Stepping 10, GenuineIntel



---------------  S Y S T E M  ---------------

OS: Windows Vista , 64 bit Build 6002 (6.0.6002.19381)

CPU:total 2 (2 cores per cpu, 1 threads per core) family 6 model 23 stepping 10, cmov, cx8, fxsr, mmx, sse, sse2, sse3, ssse3, tsc

Memory: 4k page, physical 4157708k(1145016k free), swap 8544048k(4840648k free)

vm_info: Java HotSpot(TM) 64-Bit Server VM (25.51-b03) for windows-amd64 JRE (1.8.0_51-b16), built on Jun  8 2015 18:03:07 by "java_re" with MS VC++ 10.0 (VS2010)

time: Sun Aug 09 12:07:37 2015
elapsed time: 19 seconds (0d 0h 0m 19s)

