#
# A fatal error has been detected by the Java Runtime Environment:
#
#  EXCEPTION_ACCESS_VIOLATION (0xc0000005) at pc=0x000000006e1482b8, pid=2272, tid=1012
#
# JRE version: Java(TM) SE Runtime Environment (8.0_51-b16) (build 1.8.0_51-b16)
# Java VM: Java HotSpot(TM) 64-Bit Server VM (25.51-b03 mixed mode windows-amd64 compressed oops)
# Problematic frame:
# C  [sqlite-3.7.151-amd64-sqlitejdbc.dll+0x82b8]
#
# Failed to write core dump. Minidumps are not enabled by default on client versions of Windows
#
# If you would like to submit a bug report, please visit:
#   http://bugreport.java.com/bugreport/crash.jsp
# The crash happened outside the Java Virtual Machine in native code.
# See problematic frame for where to report the bug.
#

---------------  T H R E A D  ---------------

Current thread (0x00000000186c4800):  JavaThread "AWT-EventQueue-0" [_thread_in_native, id=1012, stack(0x000000001a820000,0x000000001aa20000)]

siginfo: ExceptionCode=0xc0000005, reading address 0x0000000000000000

Registers:
RAX=0x000000006e142480, RBX=0x0000000000000000, RCX=0x0000000000000000, RDX=0x0000000000000000
RSP=0x000000001aa1c6e0, RBP=0x000000001aa1c7f0, RSI=0x0000000000000158, RDI=0x0000000000000474
R8 =0x000000006e16fd30, R9 =0x0000000000000000, R10=0x00000000032cb7e2, R11=0x0000000062fc7bb0
R12=0x0000000000000000, R13=0x0000000021ea8858, R14=0x000000001aa1c828, R15=0x00000000186c4800
RIP=0x000000006e1482b8, EFLAGS=0x0000000000010246

Top of Stack: (sp=0x000000001aa1c6e0)
0x000000001aa1c6e0:   000000001aa1db28 0000000062e56c52
0x000000001aa1c6f0:   0000000021ea8858 00000000186c4800
0x000000001aa1c700:   000000001aa1c7a0 00000000032cb393
0x000000001aa1c710:   00000000186c49f8 0000000000000158
0x000000001aa1c720:   0000000000000474 000000006e142493
0x000000001aa1c730:   000000001aa1c7a0 00000000032cb393
0x000000001aa1c740:   00000000032b5410 0000000000000000
0x000000001aa1c750:   0000000021ea8858 00000000032cb80e
0x000000001aa1c760:   000000001aa1c7f0 00000000032cb3cb
0x000000001aa1c770:   00000000186c4800 0000000021ea8858
0x000000001aa1c780:   0000000000000474 000000001aa1c7b8
0x000000001aa1c790:   0000000000000474 00000000032cb393
0x000000001aa1c7a0:   000000001aa1c888 00000000efca48a8
0x000000001aa1c7b0:   000000001aa1c7a0 0000000021ea8858
0x000000001aa1c7c0:   000000001aa1c828 0000000021eab3c8
0x000000001aa1c7d0:   0000000000000000 0000000021ea8858 

Instructions: (pc=0x000000006e1482b8)
0x000000006e148298:   c4 08 c3 0f 1f 44 00 00 48 83 ec 48 85 d2 48 89
0x000000006e1482a8:   5c 24 30 48 89 74 24 38 48 89 cb 48 89 7c 24 40
0x000000006e1482b8:   48 8b 31 0f b7 41 48 78 7f 39 c2 7d 7b 44 89 cf
0x000000006e1482c8:   48 8b 4e 18 0f af f8 01 d7 48 85 c9 74 10 4c 89 


Register to memory mapping:

RAX=0x000000006e142480 is an unknown value
RBX=0x0000000000000000 is an unknown value
RCX=0x0000000000000000 is an unknown value
RDX=0x0000000000000000 is an unknown value
RSP=0x000000001aa1c6e0 is pointing into the stack for thread: 0x00000000186c4800
RBP=0x000000001aa1c7f0 is pointing into the stack for thread: 0x00000000186c4800
RSI=0x0000000000000158 is an unknown value
RDI=0x0000000000000474 is an unknown value
R8 =0x000000006e16fd30 is an unknown value
R9 =0x0000000000000000 is an unknown value
R10=0x00000000032cb7e2 is at code_begin+2178 in an Interpreter codelet
method entry point (kind = native_synchronized)  [0x00000000032caf60, 0x00000000032cc1a0]  4672 bytes
R11=0x0000000062fc7bb0 is an unknown value
R12=0x0000000000000000 is an unknown value
R13={method} {0x0000000021ea8860} 'column_name' '(JI)Ljava/lang/String;' in 'org/sqlite/NativeDB'
R14=0x000000001aa1c828 is pointing into the stack for thread: 0x00000000186c4800
R15=0x00000000186c4800 is a thread


Stack: [0x000000001a820000,0x000000001aa20000],  sp=0x000000001aa1c6e0,  free space=2033k
Native frames: (J=compiled Java code, j=interpreted, Vv=VM code, C=native code)
C  [sqlite-3.7.151-amd64-sqlitejdbc.dll+0x82b8]

Java frames: (J=compiled Java code, j=interpreted, Vv=VM code)
j  org.sqlite.NativeDB.column_name(JI)Ljava/lang/String;+0
j  org.sqlite.RS.getColumnName(I)Ljava/lang/String;+16
j  SqlGrab.FillTable.setHeader(ILjava/sql/ResultSet;)V+11
j  SqlGrab.FillTable.setRS(Ljava/sql/ResultSet;)V+57
j  SqlGrab.FillTable.<init>(Ljava/sql/ResultSet;)V+28
j  SqlGrab.FullSQLParse.GetSqlDataInTable(Ljava/lang/String;)LSqlGrab/FillTable;+10
j  SqlGrab.GrabPanel.CreateDBTab(Ljava/lang/String;)V+40
j  SqlGrab.GrabPanel.FullParse(Ljava/lang/String;)V+32
j  SqlGrab.GrabPanel.setNode(Lorg/openide/nodes/Node;)V+82
j  org.sleuthkit.autopsy.corecomponents.DataContentPanel$UpdateWrapper.setNode(Lorg/openide/nodes/Node;)V+5
j  org.sleuthkit.autopsy.corecomponents.DataContentPanel.stateChanged(Ljavax/swing/event/ChangeEvent;)V+55
j  javax.swing.JTabbedPane.fireStateChanged()V+185
j  javax.swing.JTabbedPane$ModelListener.stateChanged(Ljavax/swing/event/ChangeEvent;)V+4
j  javax.swing.DefaultSingleSelectionModel.fireStateChanged()V+56
j  javax.swing.DefaultSingleSelectionModel.setSelectedIndex(I)V+14
j  javax.swing.JTabbedPane.setSelectedIndexImpl(IZ)V+97
j  javax.swing.JTabbedPane.setSelectedIndex(I)V+13
j  javax.swing.plaf.basic.BasicTabbedPaneUI$Handler.mousePressed(Ljava/awt/event/MouseEvent;)V+77
j  java.awt.AWTEventMulticaster.mousePressed(Ljava/awt/event/MouseEvent;)V+8
j  java.awt.Component.processMouseEvent(Ljava/awt/event/MouseEvent;)V+54
j  javax.swing.JComponent.processMouseEvent(Ljava/awt/event/MouseEvent;)V+23
j  java.awt.Component.processEvent(Ljava/awt/AWTEvent;)V+81
J 5052 C1 java.awt.Container.processEvent(Ljava/awt/AWTEvent;)V (22 bytes) @ 0x00000000040b8b2c [0x00000000040b87e0+0x34c]
J 2777 C1 java.awt.Component.dispatchEventImpl(Ljava/awt/AWTEvent;)V (883 bytes) @ 0x00000000036dd32c [0x00000000036d7de0+0x554c]
J 2690 C1 java.awt.Container.dispatchEventImpl(Ljava/awt/AWTEvent;)V (129 bytes) @ 0x0000000003942764 [0x0000000003942620+0x144]
J 5031 C1 java.awt.LightweightDispatcher.retargetMouseEvent(Ljava/awt/Component;ILjava/awt/event/MouseEvent;)V (350 bytes) @ 0x000000000409bcdc [0x0000000004099780+0x255c]
j  java.awt.LightweightDispatcher.processMouseEvent(Ljava/awt/event/MouseEvent;)Z+130
J 5044 C1 java.awt.LightweightDispatcher.dispatchEvent(Ljava/awt/AWTEvent;)Z (73 bytes) @ 0x00000000040aa134 [0x00000000040a9d00+0x434]
J 2690 C1 java.awt.Container.dispatchEventImpl(Ljava/awt/AWTEvent;)V (129 bytes) @ 0x0000000003942704 [0x0000000003942620+0xe4]
J 5033 C1 java.awt.Window.dispatchEventImpl(Ljava/awt/AWTEvent;)V (23 bytes) @ 0x00000000040982ec [0x0000000004097d00+0x5ec]
J 4200 C1 java.awt.EventQueue.dispatchEventImpl(Ljava/awt/AWTEvent;Ljava/lang/Object;)V (149 bytes) @ 0x0000000003e6747c [0x0000000003e65c00+0x187c]
J 4198 C1 java.awt.EventQueue$3.run()Ljava/lang/Void; (60 bytes) @ 0x0000000003e62ddc [0x0000000003e62bc0+0x21c]
J 4197 C1 java.awt.EventQueue$3.run()Ljava/lang/Object; (5 bytes) @ 0x0000000003e634d4 [0x0000000003e63440+0x94]
v  ~StubRoutines::call_stub
J 1410  java.security.AccessController.doPrivileged(Ljava/security/PrivilegedAction;Ljava/security/AccessControlContext;)Ljava/lang/Object; (0 bytes) @ 0x000000000381dda6 [0x000000000381dd40+0x66]
J 3054 C1 java.security.ProtectionDomain$1.doIntersectionPrivilege(Ljava/security/PrivilegedAction;Ljava/security/AccessControlContext;Ljava/security/AccessControlContext;)Ljava/lang/Object; (32 bytes) @ 0x0000000003b8264c [0x0000000003b82340+0x30c]
J 4875 C1 java.awt.EventQueue$4.run()Ljava/lang/Object; (5 bytes) @ 0x0000000004035064 [0x0000000004034c60+0x404]
v  ~StubRoutines::call_stub
J 1410  java.security.AccessController.doPrivileged(Ljava/security/PrivilegedAction;Ljava/security/AccessControlContext;)Ljava/lang/Object; (0 bytes) @ 0x000000000381dda6 [0x000000000381dd40+0x66]
J 3151 C1 java.awt.EventQueue.dispatchEvent(Ljava/awt/AWTEvent;)V (80 bytes) @ 0x0000000003bad0fc [0x0000000003bac420+0xcdc]
J 3172 C1 org.netbeans.core.TimableEventQueue.dispatchEvent(Ljava/awt/AWTEvent;)V (43 bytes) @ 0x0000000003bb3084 [0x0000000003bb2f80+0x104]
J 4228 C1 java.awt.EventDispatchThread.pumpOneEventForFilters(I)V (295 bytes) @ 0x0000000003e7d7bc [0x0000000003e7b920+0x1e9c]
j  java.awt.EventDispatchThread.pumpEventsForFilter(ILjava/awt/Conditional;Ljava/awt/EventFilter;)V+35
j  java.awt.EventDispatchThread.pumpEventsForHierarchy(ILjava/awt/Conditional;Ljava/awt/Component;)V+11
j  java.awt.EventDispatchThread.pumpEvents(ILjava/awt/Conditional;)V+4
j  java.awt.EventDispatchThread.pumpEvents(Ljava/awt/Conditional;)V+3
j  java.awt.EventDispatchThread.run()V+9
v  ~StubRoutines::call_stub

---------------  P R O C E S S  ---------------

Java Threads: ( => current thread )
  0x000000001ba73800 JavaThread "Prism Font Disposer" daemon [_thread_blocked, id=2432, stack(0x0000000022740000,0x0000000022940000)]
  0x000000001ba73000 JavaThread "Flushing caches" [_thread_blocked, id=2264, stack(0x0000000020650000,0x0000000020850000)]
  0x000000001ba70800 JavaThread "TimerQueue" daemon [_thread_blocked, id=2660, stack(0x000000001fe50000,0x0000000020050000)]
  0x000000001ba70000 JavaThread "Thread-6" daemon [_thread_blocked, id=5020, stack(0x000000001fa50000,0x000000001fc50000)]
  0x000000001ba6f000 JavaThread "IM-file-ingest-1" [_thread_blocked, id=2316, stack(0x000000001e880000,0x000000001ea80000)]
  0x000000001ba6e800 JavaThread "IM-file-ingest-0" [_thread_blocked, id=1860, stack(0x000000001e680000,0x000000001e880000)]
  0x000000001b373000 JavaThread "IM-data-source-ingest-0" [_thread_blocked, id=4156, stack(0x000000001e480000,0x000000001e680000)]
  0x000000001b372800 JavaThread "Thread-5" daemon [_thread_in_native, id=2632, stack(0x000000001dea0000,0x000000001e0a0000)]
  0x000000001b371800 JavaThread "File Watcher" daemon [_thread_blocked, id=4560, stack(0x000000001daa0000,0x000000001dca0000)]
  0x000000001b371000 JavaThread "JavaFX Application Thread" [_thread_in_native, id=1728, stack(0x000000001d640000,0x000000001d840000)]
  0x000000001b370000 JavaThread "Thread-4" daemon [_thread_blocked, id=4188, stack(0x000000001d440000,0x000000001d640000)]
  0x000000001b36f800 JavaThread "QuantumRenderer-0" daemon [_thread_blocked, id=296, stack(0x000000001cff0000,0x000000001d1f0000)]
  0x000000001b36e800 JavaThread "Inactive RequestProcessor thread [Was:Explorer Views/org.openide.explorer.view.TreeView$TreePropertyListener$1Request]" daemon [_thread_blocked, id=1268, stack(0x000000001cdf0000,0x000000001cff0000)]
  0x000000001b36e000 JavaThread "Inactive RequestProcessor thread [Was:Folder Instance Processor/org.openide.loaders.FolderInstance$1R]" daemon [_thread_blocked, id=4248, stack(0x000000001cbf0000,0x000000001cdf0000)]
  0x000000001b36d000 JavaThread "Inactive RequestProcessor thread [Was:Folder recognizer/org.openide.loaders.FolderList$ListTask]" daemon [_thread_blocked, id=3708, stack(0x000000001bff0000,0x000000001c1f0000)]
  0x000000001b4cf800 JavaThread "org.netbeans.modules.debugger.jpda.visual AWT Access Loop" daemon [_thread_blocked, id=4896, stack(0x000000001bdf0000,0x000000001bff0000)]
=>0x00000000186c4800 JavaThread "AWT-EventQueue-0" [_thread_in_native, id=1012, stack(0x000000001a820000,0x000000001aa20000)]
  0x0000000018692000 JavaThread "AWT-Windows" daemon [_thread_in_native, id=3528, stack(0x000000001a620000,0x000000001a820000)]
  0x0000000018690800 JavaThread "AWT-Shutdown" [_thread_blocked, id=4916, stack(0x000000001a420000,0x000000001a620000)]
  0x00000000186b6000 JavaThread "Java2D Disposer" daemon [_thread_blocked, id=5112, stack(0x000000001a220000,0x000000001a420000)]
  0x00000000184fe800 JavaThread "RequestProcessor queue manager" daemon [_thread_blocked, id=2872, stack(0x00000000198d0000,0x0000000019ad0000)]
  0x0000000018472000 JavaThread "Inactive RequestProcessor thread [Was:Logging Flush/org.netbeans.core.startup.logging.DispatchingHandler]" daemon [_thread_blocked, id=2688, stack(0x00000000190d0000,0x00000000192d0000)]
  0x000000001846e800 JavaThread "CLI Requests Server" daemon [_thread_in_native, id=4312, stack(0x0000000018ed0000,0x00000000190d0000)]
  0x000000001849b000 JavaThread "Active Reference Queue Daemon" daemon [_thread_blocked, id=3848, stack(0x0000000018b30000,0x0000000018d30000)]
  0x0000000016978800 JavaThread "Service Thread" daemon [_thread_blocked, id=4088, stack(0x0000000017f30000,0x0000000018130000)]
  0x000000001694d800 JavaThread "C1 CompilerThread1" daemon [_thread_blocked, id=4748, stack(0x0000000017d30000,0x0000000017f30000)]
  0x000000001690b800 JavaThread "C2 CompilerThread0" daemon [_thread_blocked, id=3660, stack(0x0000000017b30000,0x0000000017d30000)]
  0x0000000002caf000 JavaThread "JDWP Command Reader" daemon [_thread_in_native, id=4692, stack(0x0000000017930000,0x0000000017b30000)]
  0x0000000002ca7000 JavaThread "JDWP Event Helper Thread" daemon [_thread_blocked, id=4160, stack(0x0000000017730000,0x0000000017930000)]
  0x0000000002c9a000 JavaThread "JDWP Transport Listener: dt_socket" daemon [_thread_blocked, id=1124, stack(0x0000000017530000,0x0000000017730000)]
  0x0000000002c94000 JavaThread "Attach Listener" daemon [_thread_blocked, id=4416, stack(0x0000000017330000,0x0000000017530000)]
  0x0000000002c93000 JavaThread "Signal Dispatcher" daemon [_thread_blocked, id=4100, stack(0x0000000017130000,0x0000000017330000)]
  0x0000000002a78000 JavaThread "Finalizer" daemon [_thread_blocked, id=5048, stack(0x0000000016630000,0x0000000016830000)]
  0x0000000002a74800 JavaThread "Reference Handler" daemon [_thread_blocked, id=3868, stack(0x0000000016430000,0x0000000016630000)]
  0x0000000002aae800 JavaThread "main" [_thread_blocked, id=4928, stack(0x0000000000030000,0x0000000000230000)]

Other Threads:
  0x0000000002a6e800 VMThread [stack: 0x0000000016120000,0x0000000016320000] [id=1900]
  0x000000001697b800 WatcherThread [stack: 0x0000000018130000,0x0000000018330000] [id=3516]

VM state:not at safepoint (normal execution)

VM Mutex/Monitor currently owned by a thread: None

Heap:
 PSYoungGen      total 192000K, used 120017K [0x00000000ead80000, 0x00000000f7100000, 0x0000000100000000)
  eden space 186880K, 61% used [0x00000000ead80000,0x00000000f1e1bd50,0x00000000f6400000)
  from space 5120K, 91% used [0x00000000f6c00000,0x00000000f7098a80,0x00000000f7100000)
  to   space 6144K, 0% used [0x00000000f6500000,0x00000000f6500000,0x00000000f6b00000)
 ParOldGen       total 50176K, used 17649K [0x00000000c0800000, 0x00000000c3900000, 0x00000000ead80000)
  object space 50176K, 35% used [0x00000000c0800000,0x00000000c193c4d8,0x00000000c3900000)
 Metaspace       used 47655K, capacity 49648K, committed 49840K, reserved 1091584K
  class space    used 6456K, capacity 7050K, committed 7088K, reserved 1048576K

Card table byte_map: [0x0000000012670000,0x0000000012870000] byte_map_base: 0x000000001206c000

Marking Bits: (ParMarkBitMap*) 0x00000000635a4040
 Begin Bits: [0x0000000012dd0000, 0x0000000013db0000)
 End Bits:   [0x0000000013db0000, 0x0000000014d90000)

Polling page: 0x00000000003a0000

CodeCache: size=245760Kb used=15472Kb max_used=15484Kb free=230287Kb
 bounds [0x00000000032b0000, 0x00000000041f0000, 0x00000000122b0000]
 total_blobs=5472 nmethods=4663 adapters=728
 compilation: enabled

Compilation events (10 events):
Event: 25.503 Thread 0x000000001690b800 nmethod 5330 0x00000000041ce9d0 code [0x00000000041ceb40, 0x00000000041cefb8]
Event: 25.503 Thread 0x000000001690b800 5332       4       java.util.ArrayList::grow (45 bytes)
Event: 25.505 Thread 0x000000001690b800 nmethod 5332 0x00000000041cf510 code [0x00000000041cf660, 0x00000000041cf8d8]
Event: 25.506 Thread 0x000000001694d800 nmethod 5335 0x00000000041e0090 code [0x00000000041e05e0, 0x00000000041e3eb8]
Event: 25.507 Thread 0x000000001690b800 5336  s    4       java.io.BufferedOutputStream::write (67 bytes)
Event: 25.512 Thread 0x000000001690b800 nmethod 5336 0x00000000041c1f50 code [0x00000000041c20c0, 0x00000000041c2808]
Event: 26.049 Thread 0x000000001690b800 5337       4       java.util.ArrayList$SubList$1::hasNext (20 bytes)
Event: 26.050 Thread 0x000000001690b800 nmethod 5337 0x0000000004108f90 code [0x00000000041090c0, 0x0000000004109178]
Event: 26.057 Thread 0x000000001690b800 5338       4       java.util.regex.Matcher::find (69 bytes)
Event: 26.065 Thread 0x000000001690b800 nmethod 5338 0x00000000041c1490 code [0x00000000041c1600, 0x00000000041c1af8]

GC Heap History (10 events):
Event: 9.313 GC heap before
{Heap before GC invocations=10 (full 1):
 PSYoungGen      total 101888K, used 101803K [0x00000000ead80000, 0x00000000f1680000, 0x0000000100000000)
  eden space 97280K, 100% used [0x00000000ead80000,0x00000000f0c80000,0x00000000f0c80000)
  from space 4608K, 98% used [0x00000000f1200000,0x00000000f166af30,0x00000000f1680000)
  to   space 5120K, 0% used [0x00000000f0c80000,0x00000000f0c80000,0x00000000f1180000)
 ParOldGen       total 32256K, used 17240K [0x00000000c0800000, 0x00000000c2780000, 0x00000000ead80000)
  object space 32256K, 53% used [0x00000000c0800000,0x00000000c18d63d8,0x00000000c2780000)
 Metaspace       used 33357K, capacity 35158K, committed 35376K, reserved 1079296K
  class space    used 4286K, capacity 4807K, committed 4912K, reserved 1048576K
Event: 9.329 GC heap after
Heap after GC invocations=10 (full 1):
 PSYoungGen      total 102400K, used 5117K [0x00000000ead80000, 0x00000000f3400000, 0x0000000100000000)
  eden space 97280K, 0% used [0x00000000ead80000,0x00000000ead80000,0x00000000f0c80000)
  from space 5120K, 99% used [0x00000000f0c80000,0x00000000f117f6c8,0x00000000f1180000)
  to   space 6144K, 0% used [0x00000000f2e00000,0x00000000f2e00000,0x00000000f3400000)
 ParOldGen       total 32256K, used 17922K [0x00000000c0800000, 0x00000000c2780000, 0x00000000ead80000)
  object space 32256K, 55% used [0x00000000c0800000,0x00000000c1980b28,0x00000000c2780000)
 Metaspace       used 33357K, capacity 35158K, committed 35376K, reserved 1079296K
  class space    used 4286K, capacity 4807K, committed 4912K, reserved 1048576K
}
Event: 9.351 GC heap before
{Heap before GC invocations=11 (full 1):
 PSYoungGen      total 102400K, used 14321K [0x00000000ead80000, 0x00000000f3400000, 0x0000000100000000)
  eden space 97280K, 9% used [0x00000000ead80000,0x00000000eb67cd60,0x00000000f0c80000)
  from space 5120K, 99% used [0x00000000f0c80000,0x00000000f117f6c8,0x00000000f1180000)
  to   space 6144K, 0% used [0x00000000f2e00000,0x00000000f2e00000,0x00000000f3400000)
 ParOldGen       total 32256K, used 17922K [0x00000000c0800000, 0x00000000c2780000, 0x00000000ead80000)
  object space 32256K, 55% used [0x00000000c0800000,0x00000000c1980b28,0x00000000c2780000)
 Metaspace       used 33542K, capacity 35286K, committed 35496K, reserved 1079296K
  class space    used 4315K, capacity 4807K, committed 4912K, reserved 1048576K
Event: 9.368 GC heap after
Heap after GC invocations=11 (full 1):
 PSYoungGen      total 131584K, used 5277K [0x00000000ead80000, 0x00000000f4b00000, 0x0000000100000000)
  eden space 125440K, 0% used [0x00000000ead80000,0x00000000ead80000,0x00000000f2800000)
  from space 6144K, 85% used [0x00000000f2e00000,0x00000000f33276e8,0x00000000f3400000)
  to   space 6144K, 0% used [0x00000000f2800000,0x00000000f2800000,0x00000000f2e00000)
 ParOldGen       total 32256K, used 17930K [0x00000000c0800000, 0x00000000c2780000, 0x00000000ead80000)
  object space 32256K, 55% used [0x00000000c0800000,0x00000000c1982b28,0x00000000c2780000)
 Metaspace       used 33542K, capacity 35286K, committed 35496K, reserved 1079296K
  class space    used 4315K, capacity 4807K, committed 4912K, reserved 1048576K
}
Event: 9.368 GC heap before
{Heap before GC invocations=12 (full 2):
 PSYoungGen      total 131584K, used 5277K [0x00000000ead80000, 0x00000000f4b00000, 0x0000000100000000)
  eden space 125440K, 0% used [0x00000000ead80000,0x00000000ead80000,0x00000000f2800000)
  from space 6144K, 85% used [0x00000000f2e00000,0x00000000f33276e8,0x00000000f3400000)
  to   space 6144K, 0% used [0x00000000f2800000,0x00000000f2800000,0x00000000f2e00000)
 ParOldGen       total 32256K, used 17930K [0x00000000c0800000, 0x00000000c2780000, 0x00000000ead80000)
  object space 32256K, 55% used [0x00000000c0800000,0x00000000c1982b28,0x00000000c2780000)
 Metaspace       used 33542K, capacity 35286K, committed 35496K, reserved 1079296K
  class space    used 4315K, capacity 4807K, committed 4912K, reserved 1048576K
Event: 9.459 GC heap after
Heap after GC invocations=12 (full 2):
 PSYoungGen      total 131584K, used 0K [0x00000000ead80000, 0x00000000f4b00000, 0x0000000100000000)
  eden space 125440K, 0% used [0x00000000ead80000,0x00000000ead80000,0x00000000f2800000)
  from space 6144K, 0% used [0x00000000f2e00000,0x00000000f2e00000,0x00000000f3400000)
  to   space 6144K, 0% used [0x00000000f2800000,0x00000000f2800000,0x00000000f2e00000)
 ParOldGen       total 50176K, used 17633K [0x00000000c0800000, 0x00000000c3900000, 0x00000000ead80000)
  object space 50176K, 35% used [0x00000000c0800000,0x00000000c19384d8,0x00000000c3900000)
 Metaspace       used 33542K, capacity 35286K, committed 35496K, reserved 1079296K
  class space    used 4315K, capacity 4807K, committed 4912K, reserved 1048576K
}
Event: 10.932 GC heap before
{Heap before GC invocations=13 (full 2):
 PSYoungGen      total 131584K, used 125440K [0x00000000ead80000, 0x00000000f4b00000, 0x0000000100000000)
  eden space 125440K, 100% used [0x00000000ead80000,0x00000000f2800000,0x00000000f2800000)
  from space 6144K, 0% used [0x00000000f2e00000,0x00000000f2e00000,0x00000000f3400000)
  to   space 6144K, 0% used [0x00000000f2800000,0x00000000f2800000,0x00000000f2e00000)
 ParOldGen       total 50176K, used 17633K [0x00000000c0800000, 0x00000000c3900000, 0x00000000ead80000)
  object space 50176K, 35% used [0x00000000c0800000,0x00000000c19384d8,0x00000000c3900000)
 Metaspace       used 43597K, capacity 45542K, committed 46000K, reserved 1089536K
  class space    used 5915K, capacity 6472K, committed 6576K, reserved 1048576K
Event: 10.946 GC heap after
Heap after GC invocations=13 (full 2):
 PSYoungGen      total 131584K, used 4155K [0x00000000ead80000, 0x00000000f7200000, 0x0000000100000000)
  eden space 125440K, 0% used [0x00000000ead80000,0x00000000ead80000,0x00000000f2800000)
  from space 6144K, 67% used [0x00000000f2800000,0x00000000f2c0ec40,0x00000000f2e00000)
  to   space 6144K, 0% used [0x00000000f6c00000,0x00000000f6c00000,0x00000000f7200000)
 ParOldGen       total 50176K, used 17641K [0x00000000c0800000, 0x00000000c3900000, 0x00000000ead80000)
  object space 50176K, 35% used [0x00000000c0800000,0x00000000c193a4d8,0x00000000c3900000)
 Metaspace       used 43597K, capacity 45542K, committed 46000K, reserved 1089536K
  class space    used 5915K, capacity 6472K, committed 6576K, reserved 1048576K
}
Event: 11.450 GC heap before
{Heap before GC invocations=14 (full 2):
 PSYoungGen      total 131584K, used 129595K [0x00000000ead80000, 0x00000000f7200000, 0x0000000100000000)
  eden space 125440K, 100% used [0x00000000ead80000,0x00000000f2800000,0x00000000f2800000)
  from space 6144K, 67% used [0x00000000f2800000,0x00000000f2c0ec40,0x00000000f2e00000)
  to   space 6144K, 0% used [0x00000000f6c00000,0x00000000f6c00000,0x00000000f7200000)
 ParOldGen       total 50176K, used 17641K [0x00000000c0800000, 0x00000000c3900000, 0x00000000ead80000)
  object space 50176K, 35% used [0x00000000c0800000,0x00000000c193a4d8,0x00000000c3900000)
 Metaspace       used 44319K, capacity 46296K, committed 46640K, reserved 1089536K
  class space    used 6041K, capacity 6583K, committed 6704K, reserved 1048576K
Event: 11.463 GC heap after
Heap after GC invocations=14 (full 2):
 PSYoungGen      total 192000K, used 4706K [0x00000000ead80000, 0x00000000f7100000, 0x0000000100000000)
  eden space 186880K, 0% used [0x00000000ead80000,0x00000000ead80000,0x00000000f6400000)
  from space 5120K, 91% used [0x00000000f6c00000,0x00000000f7098a80,0x00000000f7100000)
  to   space 6144K, 0% used [0x00000000f6500000,0x00000000f6500000,0x00000000f6b00000)
 ParOldGen       total 50176K, used 17649K [0x00000000c0800000, 0x00000000c3900000, 0x00000000ead80000)
  object space 50176K, 35% used [0x00000000c0800000,0x00000000c193c4d8,0x00000000c3900000)
 Metaspace       used 44319K, capacity 46296K, committed 46640K, reserved 1089536K
  class space    used 6041K, capacity 6583K, committed 6704K, reserved 1048576K
}

Deoptimization events (10 events):
Event: 22.160 Thread 0x000000001ba73000 Uncommon trap: reason=bimorphic action=maybe_recompile pc=0x0000000003a6df34 method=java.io.DataOutputStream.write([BII)V @ 7
Event: 22.161 Thread 0x000000001ba73000 Uncommon trap: reason=unstable_if action=reinterpret pc=0x00000000039c25b0 method=org.netbeans.Stamps.doWritePath(Ljava/lang/String;Ljava/lang/String;Ljava/lang/Object;)V @ 4
Event: 22.161 Thread 0x000000001ba73000 Uncommon trap: reason=bimorphic action=maybe_recompile pc=0x0000000003a6df34 method=java.io.DataOutputStream.write([BII)V @ 7
Event: 22.161 Thread 0x000000001ba73000 Uncommon trap: reason=bimorphic action=maybe_recompile pc=0x0000000003a6df34 method=java.io.DataOutputStream.write([BII)V @ 7
Event: 22.161 Thread 0x000000001ba73000 Uncommon trap: reason=class_check action=maybe_recompile pc=0x000000000396dbe0 method=java.io.DataOutputStream.write([BII)V @ 7
Event: 22.163 Thread 0x000000001ba73000 Uncommon trap: reason=class_check action=maybe_recompile pc=0x000000000396dbe0 method=java.io.DataOutputStream.write([BII)V @ 7
Event: 22.163 Thread 0x000000001ba73000 Uncommon trap: reason=class_check action=maybe_recompile pc=0x000000000396dbe0 method=java.io.DataOutputStream.write([BII)V @ 7
Event: 22.163 Thread 0x000000001ba73000 Uncommon trap: reason=class_check action=maybe_recompile pc=0x000000000396dbe0 method=java.io.DataOutputStream.write([BII)V @ 7
Event: 23.244 Thread 0x000000001ba73000 Uncommon trap: reason=unstable_if action=reinterpret pc=0x00000000037545c4 method=org.netbeans.TopSecurityManager.checkPropertyAccess(Ljava/lang/String;)V @ 130
Event: 23.254 Thread 0x000000001ba73000 Uncommon trap: reason=unstable_if action=reinterpret pc=0x0000000003b0227c method=java.util.regex.Matcher.find()Z @ 10

Internal exceptions (10 events):
Event: 13.685 Thread 0x00000000186c4800 Exception <a 'java/lang/ClassNotFoundException': java/lang/StringEditor> (0x00000000eedbfa90) thrown at [C:\re\workspace\8-2-build-windows-amd64-cygwin\jdk8u51\3951\hotspot\src\share\vm\classfile\systemDictionary.cpp, line 210]
Event: 13.688 Thread 0x00000000186c4800 Exception <a 'java/lang/ClassNotFoundException': java/lang/StringEditor> (0x00000000eee27b68) thrown at [C:\re\workspace\8-2-build-windows-amd64-cygwin\jdk8u51\3951\hotspot\src\share\vm\classfile\systemDictionary.cpp, line 210]
Event: 13.691 Thread 0x00000000186c4800 Exception <a 'java/lang/ClassNotFoundException': java/lang/LongEditor> (0x00000000eee8fa80) thrown at [C:\re\workspace\8-2-build-windows-amd64-cygwin\jdk8u51\3951\hotspot\src\share\vm\classfile\systemDictionary.cpp, line 210]
Event: 13.694 Thread 0x00000000186c4800 Exception <a 'java/lang/ClassNotFoundException': java/lang/StringEditor> (0x00000000eeef85a8) thrown at [C:\re\workspace\8-2-build-windows-amd64-cygwin\jdk8u51\3951\hotspot\src\share\vm\classfile\systemDictionary.cpp, line 210]
Event: 13.697 Thread 0x00000000186c4800 Exception <a 'java/lang/ClassNotFoundException': java/lang/StringEditor> (0x00000000eef60570) thrown at [C:\re\workspace\8-2-build-windows-amd64-cygwin\jdk8u51\3951\hotspot\src\share\vm\classfile\systemDictionary.cpp, line 210]
Event: 13.701 Thread 0x00000000186c4800 Exception <a 'java/lang/ClassNotFoundException': java/lang/StringEditor> (0x00000000eefcac58) thrown at [C:\re\workspace\8-2-build-windows-amd64-cygwin\jdk8u51\3951\hotspot\src\share\vm\classfile\systemDictionary.cpp, line 210]
Event: 13.709 Thread 0x00000000186c4800 Exception <a 'java/lang/ClassNotFoundException': java/lang/LongEditor> (0x00000000ef0e7148) thrown at [C:\re\workspace\8-2-build-windows-amd64-cygwin\jdk8u51\3951\hotspot\src\share\vm\classfile\systemDictionary.cpp, line 210]
Event: 13.712 Thread 0x00000000186c4800 Exception <a 'java/lang/ClassNotFoundException': java/lang/StringEditor> (0x00000000ef14f030) thrown at [C:\re\workspace\8-2-build-windows-amd64-cygwin\jdk8u51\3951\hotspot\src\share\vm\classfile\systemDictionary.cpp, line 210]
Event: 14.336 Thread 0x000000001ba71800 Exception <a 'java/io/FileNotFoundException'> (0x00000000ef4d25b8) thrown at [C:\re\workspace\8-2-build-windows-amd64-cygwin\jdk8u51\3951\hotspot\src\share\vm\prims\jni.cpp, line 709]
Event: 22.171 Thread 0x000000001ba73000 Exception <a 'java/lang/NoSuchMethodError': <clinit>> (0x00000000f0b9f650) thrown at [C:\re\workspace\8-2-build-windows-amd64-cygwin\jdk8u51\3951\hotspot\src\share\vm\prims\jni.cpp, line 1598]

Events (10 events):
Event: 26.459 Executing VM operation: ChangeSingleStep
Event: 26.459 Executing VM operation: ChangeSingleStep done
Event: 26.467 Executing VM operation: ChangeSingleStep
Event: 26.467 Executing VM operation: ChangeSingleStep done
Event: 26.467 Executing VM operation: GetCurrentLocation
Event: 26.467 Executing VM operation: GetCurrentLocation done
Event: 26.467 Executing VM operation: ChangeSingleStep
Event: 26.467 Executing VM operation: ChangeSingleStep done
Event: 26.468 Executing VM operation: ChangeSingleStep
Event: 26.468 Executing VM operation: ChangeSingleStep done


Dynamic libraries:
0x0000000000400000 - 0x000000000043a000 	C:\Program Files\Autopsy-3.1.3\platform\lib\nbexec64.exe
0x0000000076d90000 - 0x0000000076f16000 	C:\Windows\system32\ntdll.dll
0x0000000076c60000 - 0x0000000076d8d000 	C:\Windows\system32\kernel32.dll
0x000007fefd7e0000 - 0x000007fefd8e8000 	C:\Windows\system32\ADVAPI32.dll
0x000007fefdc50000 - 0x000007fefdd93000 	C:\Windows\system32\RPCRT4.dll
0x000007fefea00000 - 0x000007fefea9c000 	C:\Windows\system32\msvcrt.dll
0x00000000768d0000 - 0x000000007699d000 	C:\Windows\system32\USER32.dll
0x000007fefeaa0000 - 0x000007fefeb04000 	C:\Windows\system32\GDI32.dll
0x000007fefdc20000 - 0x000007fefdc4d000 	C:\Windows\system32\IMM32.DLL
0x000007fefed90000 - 0x000007fefee92000 	C:\Windows\system32\MSCTF.dll
0x000007fefd8f0000 - 0x000007fefd8fd000 	C:\Windows\system32\LPK.DLL
0x000007fefeea0000 - 0x000007fefef3b000 	C:\Windows\system32\USP10.dll
0x0000000063c80000 - 0x0000000063dd4000 	C:\Program Files\Autopsy-3.1.3\platform\lib\nbexec64.dll
0x0000000062da0000 - 0x0000000063623000 	C:\Program Files\Java\jdk1.8.0_51\jre\bin\server\jvm.dll
0x000007fef9e50000 - 0x000007fef9e59000 	C:\Windows\system32\WSOCK32.dll
0x000007fefdbd0000 - 0x000007fefdc14000 	C:\Windows\system32\WS2_32.dll
0x000007fefef40000 - 0x000007fefef47000 	C:\Windows\system32\NSI.dll
0x000007fefc310000 - 0x000007fefc349000 	C:\Windows\system32\WINMM.dll
0x000007fefd900000 - 0x000007fefdad8000 	C:\Windows\system32\ole32.dll
0x000007fefef50000 - 0x000007feff023000 	C:\Windows\system32\OLEAUT32.dll
0x000007fefc2b0000 - 0x000007fefc305000 	C:\Windows\system32\OLEACC.dll
0x000007fefcbf0000 - 0x000007fefcbfb000 	C:\Windows\system32\VERSION.dll
0x0000000076f30000 - 0x0000000076f39000 	C:\Windows\system32\PSAPI.DLL
0x000000006d2d0000 - 0x000000006d3a2000 	C:\Program Files\Java\jdk1.8.0_51\jre\bin\MSVCR100.dll
0x000000006f220000 - 0x000000006f259000 	C:\Program Files\Java\jdk1.8.0_51\jre\bin\splashscreen.dll
0x0000000070ee0000 - 0x0000000070eef000 	C:\Program Files\Java\jdk1.8.0_51\jre\bin\verify.dll
0x000000006e100000 - 0x000000006e129000 	C:\Program Files\Java\jdk1.8.0_51\jre\bin\java.dll
0x000000006d450000 - 0x000000006d485000 	C:\Program Files\Java\jdk1.8.0_51\jre\bin\jdwp.dll
0x0000000070700000 - 0x0000000070708000 	C:\Program Files\Java\jdk1.8.0_51\jre\bin\npt.dll
0x000000006fe20000 - 0x000000006fe36000 	C:\Program Files\Java\jdk1.8.0_51\jre\bin\zip.dll
0x000007fefc410000 - 0x000007fefc461000 	C:\Windows\system32\uxtheme.dll
0x000007fefdda0000 - 0x000007fefe9f3000 	C:\Windows\system32\SHELL32.dll
0x000007feff030000 - 0x000007feff0a3000 	C:\Windows\system32\SHLWAPI.dll
0x000007fefc070000 - 0x000007fefc269000 	C:\Windows\WinSxS\amd64_microsoft.windows.common-controls_6595b64144ccf1df_6.0.6002.19373_none_151129cef4086113\comctl32.dll
0x000007fefd630000 - 0x000007fefd656000 	C:\Windows\system32\USERENV.dll
0x000007fefd610000 - 0x000007fefd62c000 	C:\Windows\system32\Secur32.dll
0x0000000070a30000 - 0x0000000070a39000 	C:\Program Files\Java\jdk1.8.0_51\jre\bin\dt_socket.dll
0x000007fefcb60000 - 0x000007fefcbaf000 	C:\Windows\system32\mswsock.dll
0x000007fefcb50000 - 0x000007fefcb57000 	C:\Windows\System32\wshtcpip.dll
0x000000006ee90000 - 0x000000006eeaa000 	C:\Program Files\Java\jdk1.8.0_51\jre\bin\net.dll
0x000007fefcbe0000 - 0x000007fefcbe7000 	C:\Windows\System32\wship6.dll
0x000000006e970000 - 0x000000006e981000 	C:\Program Files\Java\jdk1.8.0_51\jre\bin\nio.dll
0x000007fefcdf0000 - 0x000007fefce13000 	C:\Windows\system32\IPHLPAPI.DLL
0x000007fefcda0000 - 0x000007fefcde5000 	C:\Windows\system32\dhcpcsvc.DLL
0x000007fefd0b0000 - 0x000007fefd0ea000 	C:\Windows\system32\DNSAPI.dll
0x000007fefcd90000 - 0x000007fefcd9a000 	C:\Windows\system32\WINNSI.DLL
0x000007fefcd60000 - 0x000007fefcd8b000 	C:\Windows\system32\dhcpcsvc6.DLL
0x000000006c250000 - 0x000000006c3e8000 	C:\Program Files\Java\jdk1.8.0_51\jre\bin\awt.dll
0x000007fefc840000 - 0x000007fefc888000 	C:\Windows\system32\rsaenh.dll
0x000007fefc590000 - 0x000007fefc5a1000 	C:\Windows\system32\DWMAPI.DLL
0x000007fefbc10000 - 0x000007fefbc23000 	C:\Windows\system32\NLAapi.dll
0x000007fefa160000 - 0x000007fefa173000 	C:\Windows\system32\napinsp.dll
0x000007fefa140000 - 0x000007fefa157000 	C:\Windows\system32\pnrpnsp.dll
0x000007fefa190000 - 0x000007fefa19b000 	C:\Windows\System32\winrnr.dll
0x000007fefdae0000 - 0x000007fefdb35000 	C:\Windows\system32\WLDAP32.dll
0x0000000072ea0000 - 0x0000000072ec6000 	C:\Program Files\Bonjour\mdnsNSP.dll
0x000007fefa7b0000 - 0x000007fefa7b8000 	C:\Windows\system32\rasadhlp.dll
0x000000006dfd0000 - 0x000000006e017000 	C:\Program Files\Java\jdk1.8.0_51\jre\bin\fontmanager.dll
0x000000006ca70000 - 0x000000006cb42000 	C:\Program Files\Autopsy-3.1.3\autopsy\modules\lib\amd64\msvcr100.dll
0x000000006d3b0000 - 0x000000006d448000 	C:\Program Files\Autopsy-3.1.3\autopsy\modules\lib\amd64\msvcp100.dll
0x0000000180000000 - 0x0000000180018000 	C:\Program Files\Autopsy-3.1.3\autopsy\modules\lib\amd64\zlib.dll
0x000000001c570000 - 0x000000001c669000 	C:\Program Files\Autopsy-3.1.3\autopsy\modules\lib\amd64\libewf.dll
0x000007fef0a40000 - 0x000007fef0b7b000 	C:\Users\Stacey\AppData\Local\Temp\libtsk_jni.dll
0x0000000002800000 - 0x0000000002838000 	C:\Program Files\Autopsy-3.1.3\platform\modules\lib\amd64\jnidispatch-340.dll
0x000000006dc60000 - 0x000000006dc8c000 	C:\Program Files\Java\jdk1.8.0_51\jre\bin\prism_d3d.dll
0x000007fef6890000 - 0x000007fef6a6f000 	C:\Windows\system32\d3d9.dll
0x000007fefc580000 - 0x000007fefc587000 	C:\Windows\system32\d3d8thk.dll
0x000000006e020000 - 0x000000006e032000 	C:\Program Files\Java\jdk1.8.0_51\jre\bin\prism_sw.dll
0x000000006d280000 - 0x000000006d2c1000 	C:\Program Files\Java\jdk1.8.0_51\jre\bin\glass.dll
0x000007fefdb40000 - 0x000007fefdbcc000 	C:\Windows\system32\COMDLG32.dll
0x0000000002840000 - 0x00000000028b0000 	C:\Program Files\Autopsy-3.1.3\autopsy\modules\lib\amd64\libsigar.dll
0x000007fef4ba0000 - 0x000007fef4bf0000 	C:\Windows\system32\pdh.dll
0x000007fefd1c0000 - 0x000007fefd263000 	C:\Windows\system32\NETAPI32.dll
0x000007fefc7d0000 - 0x000007fefc7fc000 	C:\Windows\system32\NTMARTA.DLL
0x000007fefd090000 - 0x000007fefd0ac000 	C:\Windows\system32\SAMLIB.dll
0x000007fefc390000 - 0x000007fefc39e000 	C:\Windows\system32\perfproc.dll
0x000000006dce0000 - 0x000000006dd22000 	C:\Program Files\Java\jdk1.8.0_51\jre\bin\t2k.dll
0x000007fefeb10000 - 0x000007fefeba9000 	C:\Windows\system32\CLBCatQ.DLL
0x000007fefb320000 - 0x000007fefb44e000 	C:\Windows\system32\WindowsCodecs.dll
0x000007fefd540000 - 0x000007fefd575000 	C:\Windows\system32\apphelp.dll
0x000007fefbe10000 - 0x000007fefbe41000 	C:\Users\Stacey\AppData\Roaming\Dropbox\bin\DropboxExt64.25.dll
0x00000000704c0000 - 0x0000000070585000 	C:\Program Files\AVAST Software\Avast\ashShA64.dll
0x000007fefb9f0000 - 0x000007fefbc0c000 	C:\Windows\WinSxS\amd64_microsoft.windows.gdiplus_6595b64144ccf1df_1.0.6002.19386_none_56ab69c1b5946774\gdiplus.dll
0x000007fef4d50000 - 0x000007fef5054000 	C:\Windows\system32\msi.dll
0x000007fefb7c0000 - 0x000007fefb7e2000 	C:\Windows\system32\EhStorShell.dll
0x000007fefbcf0000 - 0x000007fefbdd5000 	C:\Windows\system32\PROPSYS.dll
0x000007fefaaf0000 - 0x000007fefab90000 	C:\Windows\WinSxS\amd64_microsoft.windows.common-controls_6595b64144ccf1df_5.82.6002.19373_none_4145c9465547549a\comctl32.dll
0x00000000708e0000 - 0x00000000708ed000 	C:\Program Files\Java\jdk1.8.0_51\jre\bin\management.dll
0x000000006e140000 - 0x000000006e1ed000 	C:\Users\Stacey\AppData\Local\Temp\sqlite-3.7.151-amd64-sqlitejdbc.dll
0x000000006d260000 - 0x000000006d275000 	C:\Program Files\Java\jdk1.8.0_51\jre\bin\javafx_font.dll
0x000000006cd10000 - 0x000000006ce92000 	C:\Windows\system32\dwrite.dll
0x000000006d240000 - 0x000000006d251000 	C:\Program Files\Java\jdk1.8.0_51\jre\bin\prism_common.dll
0x000000006cea0000 - 0x000000006cf71000 	C:\Windows\system32\d2d1.dll
0x000007fef7180000 - 0x000007fef71b4000 	C:\Windows\system32\d3d10_1.dll
0x000007fef42a0000 - 0x000007fef42f6000 	C:\Windows\system32\d3d10_1core.dll
0x000007fef25e0000 - 0x000007fef2685000 	C:\Windows\system32\dxgi.dll
0x000000006ae50000 - 0x000000006b049000 	C:\Windows\system32\D3D10Warp.dll
0x000007fefbc50000 - 0x000007fefbc89000 	C:\Windows\system32\WINTRUST.dll
0x000007fefcec0000 - 0x000007fefcffb000 	C:\Windows\system32\CRYPT32.dll
0x000007fefd070000 - 0x000007fefd089000 	C:\Windows\system32\MSASN1.dll
0x000007fefd7c0000 - 0x000007fefd7d8000 	C:\Windows\system32\imagehlp.dll
0x000000006fde0000 - 0x000000006fdf7000 	C:\Program Files\Java\jdk1.8.0_51\jre\bin\decora_sse.dll
0x000007fef8070000 - 0x000007fef8183000 	C:\Windows\system32\dbghelp.dll

VM Arguments:
jvm_args: -Dnetbeans.logger.console=true -ea -Xdebug -Xrunjdwp:transport=dt_socket,suspend=y,server=n,address=127.0.0.1:50520 -Djdk.home=C:\Program Files\Java\jdk1.8.0_51 -splash:C:\Users\Stacey\Documents\NetBeansProjects\SqlGrab\build\testuserdir\var\cache\splash.png -Dnetbeans.home=C:\Program Files\Autopsy-3.1.3\platform -Dnetbeans.user=C:\Users\Stacey\Documents\NetBeansProjects\SqlGrab\build\testuserdir -Dnetbeans.default_userdir_root= -XX:+HeapDumpOnOutOfMemoryError -XX:HeapDumpPath=C:\Users\Stacey\Documents\NetBeansProjects\SqlGrab\build\testuserdir\var\log\heapdump.hprof -Dnetbeans.system_http_proxy=DIRECT -Dsun.awt.keepWorkingSetOnMinimize=true -Dnetbeans.dirs=C:\Users\Stacey\Documents\NetBeansProjects\SqlGrab\build\cluster;C:\Program Files\Autopsy-3.1.3\autopsy;C:\Program Files\Autopsy-3.1.3\harness;C:\Program Files\Autopsy-3.1.3\java;C:\Program Files\Autopsy-3.1.3\platform exit 
java_command: <unknown>
java_class_path (initial): C:\Program Files\Autopsy-3.1.3\platform\lib\boot.jar;C:\Program Files\Autopsy-3.1.3\platform\lib\org-openide-modules.jar;C:\Program Files\Autopsy-3.1.3\platform\lib\org-openide-util-lookup.jar;C:\Program Files\Autopsy-3.1.3\platform\lib\org-openide-util.jar;C:\Program Files\Autopsy-3.1.3\platform\lib\locale\boot_ja.jar;C:\Program Files\Autopsy-3.1.3\platform\lib\locale\boot_pt_BR.jar;C:\Program Files\Autopsy-3.1.3\platform\lib\locale\boot_ru.jar;C:\Program Files\Autopsy-3.1.3\platform\lib\locale\boot_zh_CN.jar;C:\Program Files\Autopsy-3.1.3\platform\lib\locale\org-openide-modules_ja.jar;C:\Program Files\Autopsy-3.1.3\platform\lib\locale\org-openide-modules_pt_BR.jar;C:\Program Files\Autopsy-3.1.3\platform\lib\locale\org-openide-modules_ru.jar;C:\Program Files\Autopsy-3.1.3\platform\lib\locale\org-openide-modules_zh_CN.jar;C:\Program Files\Autopsy-3.1.3\platform\lib\locale\org-openide-util-lookup_ja.jar;C:\Program Files\Autopsy-3.1.3\platform\lib\locale\org-openide-util-lookup_pt_BR.jar;C:\Program Files\Autopsy-3.1.3\platform\lib\locale\org-openide-util-lookup_ru.jar;C:\Program Files\Autopsy-3.1.3\platform\lib\locale\org-openide-util-lookup_zh_CN.jar;C:\Program Files\Autopsy-3.1.3\platform\lib\locale\org-openide-util_ja.jar;C:\Program Files\Autopsy-3.1.3\platform\lib\locale\org-openide-util_pt_BR.jar;C:\Program Files\Autopsy-3.1.3\platform\lib\locale\org-openide-util_ru.jar;C:\Program Files\Autopsy-3.1.3\platform\lib\locale\org-openide-util_zh_CN.jar;C:\Program Files\Java\jdk1.8.0_51\lib\dt.jar;C:\Program Files\Java\jdk1.8.0_51\lib\tools.jar
Launcher Type: generic

Environment Variables:
PATH=C:\ProgramData\Oracle\Java\javapath;C:\Windows\system32;C:\Windows;C:\Windows\System32\Wbem;C:\Program Files (x86)\Python;C:\Windows\System32\WindowsPowerShell\v1.0\;C:\Program Files (x86)\Skype\Phone\;C:\Program Files (x86)\QuickTime\QTSystem\
USERNAME=Stacey
OS=Windows_NT
PROCESSOR_IDENTIFIER=Intel64 Family 6 Model 23 Stepping 10, GenuineIntel



---------------  S Y S T E M  ---------------

OS: Windows Vista , 64 bit Build 6002 (6.0.6002.19381)

CPU:total 2 (2 cores per cpu, 1 threads per core) family 6 model 23 stepping 10, cmov, cx8, fxsr, mmx, sse, sse2, sse3, ssse3, tsc

Memory: 4k page, physical 4157708k(1164912k free), swap 8544048k(4809064k free)

vm_info: Java HotSpot(TM) 64-Bit Server VM (25.51-b03) for windows-amd64 JRE (1.8.0_51-b16), built on Jun  8 2015 18:03:07 by "java_re" with MS VC++ 10.0 (VS2010)

time: Sun Aug 09 12:18:34 2015
elapsed time: 26 seconds (0d 0h 0m 26s)

