#
# A fatal error has been detected by the Java Runtime Environment:
#
#  EXCEPTION_ACCESS_VIOLATION (0xc0000005) at pc=0x000000006e1482b8, pid=2396, tid=3416
#
# JRE version: Java(TM) SE Runtime Environment (8.0_51-b16) (build 1.8.0_51-b16)
# Java VM: Java HotSpot(TM) 64-Bit Server VM (25.51-b03 mixed mode windows-amd64 compressed oops)
# Problematic frame:
# C  [sqlite-3.7.151-amd64-sqlitejdbc.dll+0x82b8]
#
# Failed to write core dump. Minidumps are not enabled by default on client versions of Windows
#
# If you would like to submit a bug report, please visit:
#   http://bugreport.java.com/bugreport/crash.jsp
# The crash happened outside the Java Virtual Machine in native code.
# See problematic frame for where to report the bug.
#

---------------  T H R E A D  ---------------

Current thread (0x000000001877c000):  JavaThread "AWT-EventQueue-0" [_thread_in_native, id=3416, stack(0x000000001a6c0000,0x000000001a8c0000)]

siginfo: ExceptionCode=0xc0000005, reading address 0x0000000000000000

Registers:
RAX=0x000000001877c005, RBX=0x0000000000000000, RCX=0x0000000000000000, RDX=0x0000000000000000
RSP=0x000000001a8bc910, RBP=0x000000001a8bc9f0, RSI=0x0000000000000158, RDI=0x0000000000000488
R8 =0x000000006e16fd30, R9 =0x0000000000000000, R10=0x0000000000000000, R11=0x000000000421de98
R12=0x0000000000000000, R13=0x000000001a8bc9e0, R14=0x000000001a8bc9b0, R15=0x000000001877c000
RIP=0x000000006e1482b8, EFLAGS=0x0000000000010246

Top of Stack: (sp=0x000000001a8bc910)
0x000000001a8bc910:   0000000022c14848 000000001877c000
0x000000001a8bc920:   0000000016215e58 0000000022c10cf0
0x000000001a8bc930:   00000000000000b6 0000000022c10d18
0x000000001a8bc940:   000000001877c1f8 0000000000000158
0x000000001a8bc950:   0000000000000488 000000006e142493
0x000000001a8bc960:   0000000022827550 000000001877c000
0x000000001a8bc970:   000000001874cd60 0000000022c10d18
0x000000001a8bc980:   00000000ee168a68 000000000421e007
0x000000001a8bc990:   0000000022c10d18 000000001877c000
0x000000001a8bc9a0:   000000001a8bca80 0000000022c10cf0
0x000000001a8bc9b0:   00000000ee168a68 0000000000000488
0x000000001a8bc9c0:   0000000000000158 00000000000000b6
0x000000001a8bc9d0:   000000001a8bca68 000000000382c32c
0x000000001a8bc9e0:   0000000000000300 00000000000000b6
0x000000001a8bc9f0:   000000001a8bca68 0000000003807850
0x000000001a8bca00:   0000000003807850 0000000000000000 

Instructions: (pc=0x000000006e1482b8)
0x000000006e148298:   c4 08 c3 0f 1f 44 00 00 48 83 ec 48 85 d2 48 89
0x000000006e1482a8:   5c 24 30 48 89 74 24 38 48 89 cb 48 89 7c 24 40
0x000000006e1482b8:   48 8b 31 0f b7 41 48 78 7f 39 c2 7d 7b 44 89 cf
0x000000006e1482c8:   48 8b 4e 18 0f af f8 01 d7 48 85 c9 74 10 4c 89 


Register to memory mapping:

RAX=0x000000001877c005 is an unknown value
RBX=0x0000000000000000 is an unknown value
RCX=0x0000000000000000 is an unknown value
RDX=0x0000000000000000 is an unknown value
RSP=0x000000001a8bc910 is pointing into the stack for thread: 0x000000001877c000
RBP=0x000000001a8bc9f0 is pointing into the stack for thread: 0x000000001877c000
RSI=0x0000000000000158 is an unknown value
RDI=0x0000000000000488 is an unknown value
R8 =0x000000006e16fd30 is an unknown value
R9 =0x0000000000000000 is an unknown value
R10=0x0000000000000000 is an unknown value
R11=0x000000000421de98 is at entry_point+24 in (nmethod*)0x000000000421dd10
R12=0x0000000000000000 is an unknown value
R13=0x000000001a8bc9e0 is pointing into the stack for thread: 0x000000001877c000
R14=0x000000001a8bc9b0 is pointing into the stack for thread: 0x000000001877c000
R15=0x000000001877c000 is a thread


Stack: [0x000000001a6c0000,0x000000001a8c0000],  sp=0x000000001a8bc910,  free space=2034k
Native frames: (J=compiled Java code, j=interpreted, Vv=VM code, C=native code)
C  [sqlite-3.7.151-amd64-sqlitejdbc.dll+0x82b8]

Java frames: (J=compiled Java code, j=interpreted, Vv=VM code)
J 3593  org.sqlite.NativeDB.column_name(JI)Ljava/lang/String; (0 bytes) @ 0x000000000421debb [0x000000000421de80+0x3b]
j  org.sqlite.RS.getColumnName(I)Ljava/lang/String;+16
j  SqlGrab.FillTable.setHeader(I)V+14
j  SqlGrab.FillTable.setRS(Ljava/sql/ResultSet;)V+61
j  SqlGrab.FillTable.<init>(Ljava/sql/ResultSet;)V+28
j  SqlGrab.FullSQLParse.GetSqlDataInTable(Ljava/lang/String;)LSqlGrab/FillTable;+10
j  SqlGrab.GrabPanel.CreateDBTab(Ljava/lang/String;)V+40
j  SqlGrab.GrabPanel.FullParse(Ljava/lang/String;)V+32
j  SqlGrab.GrabPanel.setNode(Lorg/openide/nodes/Node;)V+82
j  org.sleuthkit.autopsy.corecomponents.DataContentPanel$UpdateWrapper.setNode(Lorg/openide/nodes/Node;)V+5
j  org.sleuthkit.autopsy.corecomponents.DataContentPanel.stateChanged(Ljavax/swing/event/ChangeEvent;)V+55
j  javax.swing.JTabbedPane.fireStateChanged()V+185
j  javax.swing.JTabbedPane$ModelListener.stateChanged(Ljavax/swing/event/ChangeEvent;)V+4
j  javax.swing.DefaultSingleSelectionModel.fireStateChanged()V+56
j  javax.swing.DefaultSingleSelectionModel.setSelectedIndex(I)V+14
j  javax.swing.JTabbedPane.setSelectedIndexImpl(IZ)V+97
j  javax.swing.JTabbedPane.setSelectedIndex(I)V+13
j  javax.swing.plaf.basic.BasicTabbedPaneUI$Handler.mousePressed(Ljava/awt/event/MouseEvent;)V+77
j  java.awt.AWTEventMulticaster.mousePressed(Ljava/awt/event/MouseEvent;)V+8
j  java.awt.Component.processMouseEvent(Ljava/awt/event/MouseEvent;)V+54
j  javax.swing.JComponent.processMouseEvent(Ljava/awt/event/MouseEvent;)V+23
j  java.awt.Component.processEvent(Ljava/awt/AWTEvent;)V+81
j  java.awt.Container.processEvent(Ljava/awt/AWTEvent;)V+18
J 3930 C1 java.awt.Component.dispatchEventImpl(Ljava/awt/AWTEvent;)V (883 bytes) @ 0x000000000433b6ac [0x0000000004336160+0x554c]
J 2654 C1 java.awt.Container.dispatchEventImpl(Ljava/awt/AWTEvent;)V (129 bytes) @ 0x0000000003b18c8c [0x0000000003b18be0+0xac]
J 5223 C1 java.awt.LightweightDispatcher.retargetMouseEvent(Ljava/awt/Component;ILjava/awt/event/MouseEvent;)V (350 bytes) @ 0x000000000462f15c [0x000000000462cc00+0x255c]
j  java.awt.LightweightDispatcher.processMouseEvent(Ljava/awt/event/MouseEvent;)Z+130
j  java.awt.LightweightDispatcher.dispatchEvent(Ljava/awt/AWTEvent;)Z+50
J 2654 C1 java.awt.Container.dispatchEventImpl(Ljava/awt/AWTEvent;)V (129 bytes) @ 0x0000000003b18c6c [0x0000000003b18be0+0x8c]
j  java.awt.Window.dispatchEventImpl(Ljava/awt/AWTEvent;)V+19
J 4320 C1 java.awt.EventQueue.dispatchEventImpl(Ljava/awt/AWTEvent;Ljava/lang/Object;)V (149 bytes) @ 0x0000000004414efc [0x0000000004413680+0x187c]
J 4318 C1 java.awt.EventQueue$3.run()Ljava/lang/Void; (60 bytes) @ 0x0000000004412a5c [0x0000000004412840+0x21c]
J 4317 C1 java.awt.EventQueue$3.run()Ljava/lang/Object; (5 bytes) @ 0x0000000004411d54 [0x0000000004411cc0+0x94]
v  ~StubRoutines::call_stub
J 1338  java.security.AccessController.doPrivileged(Ljava/security/PrivilegedAction;Ljava/security/AccessControlContext;)Ljava/lang/Object; (0 bytes) @ 0x0000000003cf1ba6 [0x0000000003cf1b40+0x66]
J 3057 C1 java.security.ProtectionDomain$1.doIntersectionPrivilege(Ljava/security/PrivilegedAction;Ljava/security/AccessControlContext;Ljava/security/AccessControlContext;)Ljava/lang/Object; (32 bytes) @ 0x00000000040e664c [0x00000000040e6340+0x30c]
J 5191 C1 java.awt.EventQueue$4.run()Ljava/lang/Object; (5 bytes) @ 0x000000000461b464 [0x000000000461b060+0x404]
v  ~StubRoutines::call_stub
J 1338  java.security.AccessController.doPrivileged(Ljava/security/PrivilegedAction;Ljava/security/AccessControlContext;)Ljava/lang/Object; (0 bytes) @ 0x0000000003cf1ba6 [0x0000000003cf1b40+0x66]
J 3144 C1 java.awt.EventQueue.dispatchEvent(Ljava/awt/AWTEvent;)V (80 bytes) @ 0x000000000411863c [0x0000000004117960+0xcdc]
J 3222 C1 org.netbeans.core.TimableEventQueue.dispatchEvent(Ljava/awt/AWTEvent;)V (43 bytes) @ 0x0000000004148e84 [0x0000000004148d80+0x104]
J 3153 C1 java.awt.EventDispatchThread.pumpOneEventForFilters(I)V (295 bytes) @ 0x000000000411ebbc [0x000000000411cd20+0x1e9c]
j  java.awt.EventDispatchThread.pumpEventsForFilter(ILjava/awt/Conditional;Ljava/awt/EventFilter;)V+35
j  java.awt.EventDispatchThread.pumpEventsForHierarchy(ILjava/awt/Conditional;Ljava/awt/Component;)V+11
j  java.awt.EventDispatchThread.pumpEvents(ILjava/awt/Conditional;)V+4
j  java.awt.EventDispatchThread.pumpEvents(Ljava/awt/Conditional;)V+3
j  java.awt.EventDispatchThread.run()V+9
v  ~StubRoutines::call_stub

---------------  P R O C E S S  ---------------

Java Threads: ( => current thread )
  0x000000001adb8000 JavaThread "Inactive RequestProcessor thread [Was:Folder Instance Processor/org.openide.loaders.FolderInstance$1R]" daemon [_thread_blocked, id=2640, stack(0x00000000244b0000,0x00000000246b0000)]
  0x000000001b97f000 JavaThread "Prism Font Disposer" daemon [_thread_blocked, id=4760, stack(0x0000000023870000,0x0000000023a70000)]
  0x000000001b97e000 JavaThread "Inactive RequestProcessor thread [Was:Folder recognizer/org.openide.loaders.FolderList$ListTask]" daemon [_thread_blocked, id=5028, stack(0x0000000023470000,0x0000000023670000)]
  0x000000001b97d800 JavaThread "Inactive RequestProcessor thread [Was:Explorer Views/org.openide.explorer.view.TreeView$6]" daemon [_thread_blocked, id=2024, stack(0x0000000023270000,0x0000000023470000)]
  0x000000001b97c000 JavaThread "Flushing caches" [_thread_blocked, id=3672, stack(0x0000000020330000,0x0000000020530000)]
  0x000000001b97b000 JavaThread "Image Fetcher 1" daemon [_thread_blocked, id=4088, stack(0x000000001fda0000,0x000000001ffa0000)]
  0x000000001b979800 JavaThread "TimerQueue" daemon [_thread_blocked, id=2900, stack(0x000000001f9a0000,0x000000001fba0000)]
  0x000000001b979000 JavaThread "Thread-6" daemon [_thread_blocked, id=4148, stack(0x000000001f5a0000,0x000000001f7a0000)]
  0x000000001b978000 JavaThread "IM-file-ingest-1" [_thread_blocked, id=5008, stack(0x000000001f3a0000,0x000000001f5a0000)]
  0x0000000018a28000 JavaThread "IM-file-ingest-0" [_thread_blocked, id=3548, stack(0x000000001f1a0000,0x000000001f3a0000)]
  0x0000000018a27000 JavaThread "IM-data-source-ingest-0" [_thread_blocked, id=720, stack(0x000000001efa0000,0x000000001f1a0000)]
  0x0000000018a26800 JavaThread "Thread-5" daemon [_thread_in_native, id=3952, stack(0x000000001e940000,0x000000001eb40000)]
  0x0000000018a25800 JavaThread "File Watcher" daemon [_thread_blocked, id=3708, stack(0x000000001d410000,0x000000001d610000)]
  0x0000000018a25000 JavaThread "JavaFX Application Thread" [_thread_in_native, id=1176, stack(0x000000001d210000,0x000000001d410000)]
  0x0000000018a24000 JavaThread "Thread-4" daemon [_thread_blocked, id=3412, stack(0x000000001d010000,0x000000001d210000)]
  0x0000000018a23800 JavaThread "QuantumRenderer-0" daemon [_thread_blocked, id=3968, stack(0x000000001cd10000,0x000000001cf10000)]
  0x0000000018a22800 JavaThread "Inactive RequestProcessor thread [Was:OutlineView/org.openide.explorer.view.OutlineView$3]" daemon [_thread_blocked, id=4632, stack(0x000000001cb10000,0x000000001cd10000)]
  0x0000000018a21000 JavaThread "org.netbeans.modules.debugger.jpda.visual AWT Access Loop" daemon [_thread_blocked, id=3200, stack(0x000000001be90000,0x000000001c090000)]
  0x0000000018a04000 JavaThread "Inactive RequestProcessor thread [Was:OutlineView/org.openide.explorer.view.OutlineView$3]" daemon [_thread_blocked, id=2316, stack(0x000000001aac0000,0x000000001acc0000)]
=>0x000000001877c000 JavaThread "AWT-EventQueue-0" [_thread_in_native, id=3416, stack(0x000000001a6c0000,0x000000001a8c0000)]
  0x000000001861e000 JavaThread "AWT-Windows" daemon [_thread_in_native, id=2804, stack(0x000000001a4c0000,0x000000001a6c0000)]
  0x000000001861c800 JavaThread "AWT-Shutdown" [_thread_blocked, id=3320, stack(0x000000001a2c0000,0x000000001a4c0000)]
  0x000000001872e800 JavaThread "Java2D Disposer" daemon [_thread_blocked, id=4168, stack(0x000000001a0c0000,0x000000001a2c0000)]
  0x0000000018528000 JavaThread "RequestProcessor queue manager" daemon [_thread_blocked, id=2920, stack(0x00000000198d0000,0x0000000019ad0000)]
  0x0000000018535000 JavaThread "Inactive RequestProcessor thread [Was:Explorer Views/org.openide.explorer.view.TreeView$TreePropertyListener$1Request]" daemon [_thread_blocked, id=4496, stack(0x00000000190d0000,0x00000000192d0000)]
  0x000000001852e800 JavaThread "CLI Requests Server" daemon [_thread_in_native, id=4396, stack(0x0000000018ed0000,0x00000000190d0000)]
  0x00000000184d2800 JavaThread "Active Reference Queue Daemon" daemon [_thread_blocked, id=3516, stack(0x0000000018bd0000,0x0000000018dd0000)]
  0x0000000016256800 JavaThread "Service Thread" daemon [_thread_blocked, id=1096, stack(0x0000000017fd0000,0x00000000181d0000)]
  0x0000000016254800 JavaThread "C1 CompilerThread1" daemon [_thread_blocked, id=4284, stack(0x0000000017dd0000,0x0000000017fd0000)]
  0x00000000161f9800 JavaThread "C2 CompilerThread0" daemon [_thread_blocked, id=1324, stack(0x0000000017bd0000,0x0000000017dd0000)]
  0x00000000161ec800 JavaThread "JDWP Command Reader" daemon [_thread_in_native, id=3868, stack(0x00000000179d0000,0x0000000017bd0000)]
  0x00000000161e5000 JavaThread "JDWP Event Helper Thread" daemon [_thread_blocked, id=5020, stack(0x00000000177d0000,0x00000000179d0000)]
  0x00000000161e1800 JavaThread "JDWP Transport Listener: dt_socket" daemon [_thread_blocked, id=932, stack(0x00000000175d0000,0x00000000177d0000)]
  0x00000000161d0000 JavaThread "Attach Listener" daemon [_thread_blocked, id=3736, stack(0x0000000017270000,0x0000000017470000)]
  0x00000000161cf000 JavaThread "Signal Dispatcher" daemon [_thread_blocked, id=2400, stack(0x0000000017070000,0x0000000017270000)]
  0x0000000002dec800 JavaThread "Finalizer" daemon [_thread_blocked, id=4656, stack(0x0000000016e70000,0x0000000017070000)]
  0x0000000002de9000 JavaThread "Reference Handler" daemon [_thread_blocked, id=5064, stack(0x0000000016c70000,0x0000000016e70000)]
  0x000000000253f000 JavaThread "main" [_thread_blocked, id=276, stack(0x0000000000030000,0x0000000000230000)]

Other Threads:
  0x0000000016182800 VMThread [stack: 0x0000000016a70000,0x0000000016c70000] [id=3476]
  0x0000000016259000 WatcherThread [stack: 0x00000000181d0000,0x00000000183d0000] [id=4424]

VM state:not at safepoint (normal execution)

VM Mutex/Monitor currently owned by a thread: None

Heap:
 PSYoungGen      total 160256K, used 62491K [0x00000000ead80000, 0x00000000f6380000, 0x0000000100000000)
  eden space 152064K, 35% used [0x00000000ead80000,0x00000000ee28adc8,0x00000000f4200000)
  from space 8192K, 99% used [0x00000000f4f00000,0x00000000f56fc050,0x00000000f5700000)
  to   space 13312K, 0% used [0x00000000f4200000,0x00000000f4200000,0x00000000f4f00000)
 ParOldGen       total 62464K, used 27700K [0x00000000c0800000, 0x00000000c4500000, 0x00000000ead80000)
  object space 62464K, 44% used [0x00000000c0800000,0x00000000c230d030,0x00000000c4500000)
 Metaspace       used 47172K, capacity 49206K, committed 49328K, reserved 1091584K
  class space    used 6415K, capacity 7008K, committed 7088K, reserved 1048576K

Card table byte_map: [0x0000000012bc0000,0x0000000012dc0000] byte_map_base: 0x00000000125bc000

Marking Bits: (ParMarkBitMap*) 0x00000000635a4040
 Begin Bits: [0x0000000013320000, 0x0000000014300000)
 End Bits:   [0x0000000014300000, 0x00000000152e0000)

Polling page: 0x0000000000280000

CodeCache: size=245760Kb used=14610Kb max_used=14610Kb free=231149Kb
 bounds [0x0000000003800000, 0x0000000004660000, 0x0000000012800000]
 total_blobs=5353 nmethods=4549 adapters=723
 compilation: enabled

Compilation events (10 events):
Event: 17.385 Thread 0x0000000016254800 5256       3       java.awt.event.InvocationEvent::<init> (52 bytes)
Event: 17.385 Thread 0x0000000016254800 nmethod 5256 0x0000000004651510 code [0x0000000004651680, 0x00000000046518e8]
Event: 17.387 Thread 0x0000000016254800 5257  s    3       org.sqlite.DB::execute (191 bytes)
Event: 17.389 Thread 0x0000000016254800 nmethod 5257 0x0000000004653710 code [0x0000000004653a60, 0x00000000046553c8]
Event: 17.390 Thread 0x0000000016254800 5258   !   3       sun.reflect.GeneratedMethodAccessor9::invoke (65 bytes)
Event: 17.391 Thread 0x0000000016254800 nmethod 5258 0x0000000004656150 code [0x0000000004656360, 0x0000000004656af8]
Event: 17.392 Thread 0x0000000016254800 5259       3       javax.swing.JComponent::setInheritsPopupMenu (23 bytes)
Event: 17.393 Thread 0x0000000016254800 nmethod 5259 0x0000000004650ed0 code [0x0000000004651060, 0x0000000004651428]
Event: 17.395 Thread 0x0000000016254800 5260       3       javax.swing.JComponent::setAlignmentX (31 bytes)
Event: 17.396 Thread 0x0000000016254800 nmethod 5260 0x0000000004650a90 code [0x0000000004650c20, 0x0000000004650e70]

GC Heap History (10 events):
Event: 9.623 GC heap before
{Heap before GC invocations=8 (full 1):
 PSYoungGen      total 94720K, used 94388K [0x00000000ead80000, 0x00000000f3580000, 0x0000000100000000)
  eden space 91648K, 100% used [0x00000000ead80000,0x00000000f0700000,0x00000000f0700000)
  from space 3072K, 89% used [0x00000000f3280000,0x00000000f352d1c0,0x00000000f3580000)
  to   space 5120K, 0% used [0x00000000f2b80000,0x00000000f2b80000,0x00000000f3080000)
 ParOldGen       total 34816K, used 6583K [0x00000000c0800000, 0x00000000c2a00000, 0x00000000ead80000)
  object space 34816K, 18% used [0x00000000c0800000,0x00000000c0e6dca8,0x00000000c2a00000)
 Metaspace       used 32198K, capacity 33982K, committed 34352K, reserved 1079296K
  class space    used 4064K, capacity 4548K, committed 4656K, reserved 1048576K
Event: 9.640 GC heap after
Heap after GC invocations=8 (full 1):
 PSYoungGen      total 129536K, used 5098K [0x00000000ead80000, 0x00000000f3700000, 0x0000000100000000)
  eden space 124416K, 0% used [0x00000000ead80000,0x00000000ead80000,0x00000000f2700000)
  from space 5120K, 99% used [0x00000000f2b80000,0x00000000f307aa20,0x00000000f3080000)
  to   space 6656K, 0% used [0x00000000f3080000,0x00000000f3080000,0x00000000f3700000)
 ParOldGen       total 34816K, used 11967K [0x00000000c0800000, 0x00000000c2a00000, 0x00000000ead80000)
  object space 34816K, 34% used [0x00000000c0800000,0x00000000c13afeb8,0x00000000c2a00000)
 Metaspace       used 32198K, capacity 33982K, committed 34352K, reserved 1079296K
  class space    used 4064K, capacity 4548K, committed 4656K, reserved 1048576K
}
Event: 10.218 GC heap before
{Heap before GC invocations=9 (full 1):
 PSYoungGen      total 129536K, used 118596K [0x00000000ead80000, 0x00000000f3700000, 0x0000000100000000)
  eden space 124416K, 91% used [0x00000000ead80000,0x00000000f1c567d8,0x00000000f2700000)
  from space 5120K, 99% used [0x00000000f2b80000,0x00000000f307aa20,0x00000000f3080000)
  to   space 6656K, 0% used [0x00000000f3080000,0x00000000f3080000,0x00000000f3700000)
 ParOldGen       total 34816K, used 11967K [0x00000000c0800000, 0x00000000c2a00000, 0x00000000ead80000)
  object space 34816K, 34% used [0x00000000c0800000,0x00000000c13afeb8,0x00000000c2a00000)
 Metaspace       used 33546K, capacity 35350K, committed 35496K, reserved 1079296K
  class space    used 4308K, capacity 4807K, committed 4912K, reserved 1048576K
Event: 10.235 GC heap after
Heap after GC invocations=9 (full 1):
 PSYoungGen      total 132096K, used 5917K [0x00000000ead80000, 0x00000000f6d00000, 0x0000000100000000)
  eden space 125440K, 0% used [0x00000000ead80000,0x00000000ead80000,0x00000000f2800000)
  from space 6656K, 88% used [0x00000000f3080000,0x00000000f3647778,0x00000000f3700000)
  to   space 8704K, 0% used [0x00000000f2800000,0x00000000f2800000,0x00000000f3080000)
 ParOldGen       total 34816K, used 11975K [0x00000000c0800000, 0x00000000c2a00000, 0x00000000ead80000)
  object space 34816K, 34% used [0x00000000c0800000,0x00000000c13b1eb8,0x00000000c2a00000)
 Metaspace       used 33546K, capacity 35350K, committed 35496K, reserved 1079296K
  class space    used 4308K, capacity 4807K, committed 4912K, reserved 1048576K
}
Event: 10.235 GC heap before
{Heap before GC invocations=10 (full 2):
 PSYoungGen      total 132096K, used 5917K [0x00000000ead80000, 0x00000000f6d00000, 0x0000000100000000)
  eden space 125440K, 0% used [0x00000000ead80000,0x00000000ead80000,0x00000000f2800000)
  from space 6656K, 88% used [0x00000000f3080000,0x00000000f3647778,0x00000000f3700000)
  to   space 8704K, 0% used [0x00000000f2800000,0x00000000f2800000,0x00000000f3080000)
 ParOldGen       total 34816K, used 11975K [0x00000000c0800000, 0x00000000c2a00000, 0x00000000ead80000)
  object space 34816K, 34% used [0x00000000c0800000,0x00000000c13b1eb8,0x00000000c2a00000)
 Metaspace       used 33546K, capacity 35350K, committed 35496K, reserved 1079296K
  class space    used 4308K, capacity 4807K, committed 4912K, reserved 1048576K
Event: 10.350 GC heap after
Heap after GC invocations=10 (full 2):
 PSYoungGen      total 132096K, used 0K [0x00000000ead80000, 0x00000000f6d00000, 0x0000000100000000)
  eden space 125440K, 0% used [0x00000000ead80000,0x00000000ead80000,0x00000000f2800000)
  from space 6656K, 0% used [0x00000000f3080000,0x00000000f3080000,0x00000000f3700000)
  to   space 8704K, 0% used [0x00000000f2800000,0x00000000f2800000,0x00000000f3080000)
 ParOldGen       total 62464K, used 17123K [0x00000000c0800000, 0x00000000c4500000, 0x00000000ead80000)
  object space 62464K, 27% used [0x00000000c0800000,0x00000000c18b8f38,0x00000000c4500000)
 Metaspace       used 33546K, capacity 35350K, committed 35496K, reserved 1079296K
  class space    used 4308K, capacity 4807K, committed 4912K, reserved 1048576K
}
Event: 12.154 GC heap before
{Heap before GC invocations=11 (full 2):
 PSYoungGen      total 132096K, used 125440K [0x00000000ead80000, 0x00000000f6d00000, 0x0000000100000000)
  eden space 125440K, 100% used [0x00000000ead80000,0x00000000f2800000,0x00000000f2800000)
  from space 6656K, 0% used [0x00000000f3080000,0x00000000f3080000,0x00000000f3700000)
  to   space 8704K, 0% used [0x00000000f2800000,0x00000000f2800000,0x00000000f3080000)
 ParOldGen       total 62464K, used 17123K [0x00000000c0800000, 0x00000000c4500000, 0x00000000ead80000)
  object space 62464K, 27% used [0x00000000c0800000,0x00000000c18b8f38,0x00000000c4500000)
 Metaspace       used 44071K, capacity 45896K, committed 46256K, reserved 1089536K
  class space    used 6005K, capacity 6541K, committed 6576K, reserved 1048576K
Event: 12.172 GC heap after
Heap after GC invocations=11 (full 2):
 PSYoungGen      total 134144K, used 4373K [0x00000000ead80000, 0x00000000f5700000, 0x0000000100000000)
  eden space 125440K, 0% used [0x00000000ead80000,0x00000000ead80000,0x00000000f2800000)
  from space 8704K, 50% used [0x00000000f2800000,0x00000000f2c45460,0x00000000f3080000)
  to   space 8192K, 0% used [0x00000000f4f00000,0x00000000f4f00000,0x00000000f5700000)
 ParOldGen       total 62464K, used 17131K [0x00000000c0800000, 0x00000000c4500000, 0x00000000ead80000)
  object space 62464K, 27% used [0x00000000c0800000,0x00000000c18baf38,0x00000000c4500000)
 Metaspace       used 44071K, capacity 45896K, committed 46256K, reserved 1089536K
  class space    used 6005K, capacity 6541K, committed 6576K, reserved 1048576K
}
Event: 13.092 GC heap before
{Heap before GC invocations=12 (full 2):
 PSYoungGen      total 134144K, used 129813K [0x00000000ead80000, 0x00000000f5700000, 0x0000000100000000)
  eden space 125440K, 100% used [0x00000000ead80000,0x00000000f2800000,0x00000000f2800000)
  from space 8704K, 50% used [0x00000000f2800000,0x00000000f2c45460,0x00000000f3080000)
  to   space 8192K, 0% used [0x00000000f4f00000,0x00000000f4f00000,0x00000000f5700000)
 ParOldGen       total 62464K, used 17131K [0x00000000c0800000, 0x00000000c4500000, 0x00000000ead80000)
  object space 62464K, 27% used [0x00000000c0800000,0x00000000c18baf38,0x00000000c4500000)
 Metaspace       used 46209K, capacity 48260K, committed 48432K, reserved 1091584K
  class space    used 6358K, capacity 6935K, committed 6960K, reserved 1048576K
Event: 13.114 GC heap after
Heap after GC invocations=12 (full 2):
 PSYoungGen      total 160256K, used 8176K [0x00000000ead80000, 0x00000000f6380000, 0x0000000100000000)
  eden space 152064K, 0% used [0x00000000ead80000,0x00000000ead80000,0x00000000f4200000)
  from space 8192K, 99% used [0x00000000f4f00000,0x00000000f56fc050,0x00000000f5700000)
  to   space 13312K, 0% used [0x00000000f4200000,0x00000000f4200000,0x00000000f4f00000)
 ParOldGen       total 62464K, used 27700K [0x00000000c0800000, 0x00000000c4500000, 0x00000000ead80000)
  object space 62464K, 44% used [0x00000000c0800000,0x00000000c230d030,0x00000000c4500000)
 Metaspace       used 46209K, capacity 48260K, committed 48432K, reserved 1091584K
  class space    used 6358K, capacity 6935K, committed 6960K, reserved 1048576K
}

Deoptimization events (10 events):
Event: 12.100 Thread 0x000000001877c000 Uncommon trap: reason=bimorphic action=maybe_recompile pc=0x0000000004274db8 method=java.util.HashMap.putVal(ILjava/lang/Object;Ljava/lang/Object;ZZ)Ljava/lang/Object; @ 253
Event: 12.110 Thread 0x0000000018a25000 Uncommon trap: reason=unstable_if action=reinterpret pc=0x000000000398fc80 method=java.lang.CharacterData.of(I)Ljava/lang/CharacterData; @ 4
Event: 12.140 Thread 0x0000000018a25000 Uncommon trap: reason=class_check action=maybe_recompile pc=0x000000000423c22c method=java.util.HashMap.removeNode(ILjava/lang/Object;Ljava/lang/Object;ZZ)Ljava/util/HashMap$Node; @ 143
Event: 12.140 Thread 0x0000000018a25000 Uncommon trap: reason=class_check action=maybe_recompile pc=0x000000000423c22c method=java.util.HashMap.removeNode(ILjava/lang/Object;Ljava/lang/Object;ZZ)Ljava/util/HashMap$Node; @ 143
Event: 12.380 Thread 0x000000001877c000 Uncommon trap: reason=null_check action=make_not_entrant pc=0x00000000041e6b98 method=java.beans.PropertyChangeSupport.firePropertyChange(Ljava/beans/PropertyChangeEvent;)V @ 40
Event: 12.413 Thread 0x000000001877c000 Uncommon trap: reason=unstable_if action=reinterpret pc=0x00000000041c4468 method=java.util.IdentityHashMap.nextKeyIndex(II)I @ 4
Event: 12.697 Thread 0x000000001877c000 Uncommon trap: reason=unstable_if action=reinterpret pc=0x0000000004270c10 method=java.util.WeakHashMap.put(Ljava/lang/Object;Ljava/lang/Object;)Ljava/lang/Object; @ 72
Event: 12.832 Thread 0x000000001877c000 Uncommon trap: reason=unstable_if action=reinterpret pc=0x0000000004225e64 method=java.awt.Toolkit$SelectiveAWTEventListener.eventDispatched(Ljava/awt/AWTEvent;)V @ 675
Event: 12.947 Thread 0x000000001877c000 Uncommon trap: reason=unstable_if action=reinterpret pc=0x00000000041edc14 method=java.lang.String.valueOf(Ljava/lang/Object;)Ljava/lang/String; @ 1
Event: 17.301 Thread 0x000000001877c000 Uncommon trap: reason=unstable_if action=reinterpret pc=0x0000000003c79ef0 method=sun.nio.cs.UTF_8$Decoder.decode([BII[C)I @ 30

Internal exceptions (10 events):
Event: 15.362 Thread 0x000000001877c000 Exception <a 'java/lang/ClassNotFoundException': java/lang/StringEditor> (0x00000000ecc19f58) thrown at [C:\re\workspace\8-2-build-windows-amd64-cygwin\jdk8u51\3951\hotspot\src\share\vm\classfile\systemDictionary.cpp, line 210]
Event: 15.365 Thread 0x000000001877c000 Exception <a 'java/lang/ClassNotFoundException': java/lang/StringEditor> (0x00000000ecc82058) thrown at [C:\re\workspace\8-2-build-windows-amd64-cygwin\jdk8u51\3951\hotspot\src\share\vm\classfile\systemDictionary.cpp, line 210]
Event: 15.368 Thread 0x000000001877c000 Exception <a 'java/lang/ClassNotFoundException': java/lang/StringEditor> (0x00000000eccea138) thrown at [C:\re\workspace\8-2-build-windows-amd64-cygwin\jdk8u51\3951\hotspot\src\share\vm\classfile\systemDictionary.cpp, line 210]
Event: 15.371 Thread 0x000000001877c000 Exception <a 'java/lang/ClassNotFoundException': java/lang/StringEditor> (0x00000000ecd52218) thrown at [C:\re\workspace\8-2-build-windows-amd64-cygwin\jdk8u51\3951\hotspot\src\share\vm\classfile\systemDictionary.cpp, line 210]
Event: 15.375 Thread 0x000000001877c000 Exception <a 'java/lang/ClassNotFoundException': java/lang/LongEditor> (0x00000000ecdba1a0) thrown at [C:\re\workspace\8-2-build-windows-amd64-cygwin\jdk8u51\3951\hotspot\src\share\vm\classfile\systemDictionary.cpp, line 210]
Event: 15.378 Thread 0x000000001877c000 Exception <a 'java/lang/ClassNotFoundException': java/lang/StringEditor> (0x00000000ece22130) thrown at [C:\re\workspace\8-2-build-windows-amd64-cygwin\jdk8u51\3951\hotspot\src\share\vm\classfile\systemDictionary.cpp, line 210]
Event: 15.381 Thread 0x000000001877c000 Exception <a 'java/lang/ClassNotFoundException': java/lang/StringEditor> (0x00000000ece8a100) thrown at [C:\re\workspace\8-2-build-windows-amd64-cygwin\jdk8u51\3951\hotspot\src\share\vm\classfile\systemDictionary.cpp, line 210]
Event: 15.384 Thread 0x000000001877c000 Exception <a 'java/lang/ClassNotFoundException': java/lang/StringEditor> (0x00000000ecef47f0) thrown at [C:\re\workspace\8-2-build-windows-amd64-cygwin\jdk8u51\3951\hotspot\src\share\vm\classfile\systemDictionary.cpp, line 210]
Event: 15.391 Thread 0x000000001877c000 Exception <a 'java/lang/ClassNotFoundException': java/lang/LongEditor> (0x00000000ed010dd0) thrown at [C:\re\workspace\8-2-build-windows-amd64-cygwin\jdk8u51\3951\hotspot\src\share\vm\classfile\systemDictionary.cpp, line 210]
Event: 16.007 Thread 0x000000001b97b000 Exception <a 'java/io/FileNotFoundException'> (0x00000000ed2472f0) thrown at [C:\re\workspace\8-2-build-windows-amd64-cygwin\jdk8u51\3951\hotspot\src\share\vm\prims\jni.cpp, line 709]

Events (10 events):
Event: 17.325 Thread 0x000000001877c000 DEOPT PACKING pc=0x00000000046461ed sp=0x000000001a8bc480
Event: 17.325 Thread 0x000000001877c000 DEOPT UNPACKING pc=0x00000000038471bf sp=0x000000001a8bc3a0 mode 0
Event: 17.342 Thread 0x000000001877c000 DEOPT PACKING pc=0x00000000046461ed sp=0x000000001a8bc480
Event: 17.342 Thread 0x000000001877c000 DEOPT UNPACKING pc=0x00000000038471bf sp=0x000000001a8bc3a0 mode 0
Event: 17.379 Executing VM operation: ChangeBreakpoints
Event: 17.381 Executing VM operation: ChangeBreakpoints done
Event: 17.390 Thread 0x000000001877c000 DEOPT PACKING pc=0x000000000420571c sp=0x000000001a8bba40
Event: 17.390 Thread 0x000000001877c000 DEOPT UNPACKING pc=0x00000000038471bf sp=0x000000001a8bb7f8 mode 1
Event: 17.402 Executing VM operation: ChangeBreakpoints
Event: 17.404 Executing VM operation: ChangeBreakpoints done


Dynamic libraries:
0x0000000000400000 - 0x000000000043a000 	C:\Program Files\Autopsy-3.1.3\platform\lib\nbexec64.exe
0x0000000076d90000 - 0x0000000076f16000 	C:\Windows\system32\ntdll.dll
0x0000000076c60000 - 0x0000000076d8d000 	C:\Windows\system32\kernel32.dll
0x000007fefd7e0000 - 0x000007fefd8e8000 	C:\Windows\system32\ADVAPI32.dll
0x000007fefdc50000 - 0x000007fefdd93000 	C:\Windows\system32\RPCRT4.dll
0x000007fefea00000 - 0x000007fefea9c000 	C:\Windows\system32\msvcrt.dll
0x00000000768d0000 - 0x000000007699d000 	C:\Windows\system32\USER32.dll
0x000007fefeaa0000 - 0x000007fefeb04000 	C:\Windows\system32\GDI32.dll
0x000007fefdc20000 - 0x000007fefdc4d000 	C:\Windows\system32\IMM32.DLL
0x000007fefed90000 - 0x000007fefee92000 	C:\Windows\system32\MSCTF.dll
0x000007fefd8f0000 - 0x000007fefd8fd000 	C:\Windows\system32\LPK.DLL
0x000007fefeea0000 - 0x000007fefef3b000 	C:\Windows\system32\USP10.dll
0x0000000063c80000 - 0x0000000063dd4000 	C:\Program Files\Autopsy-3.1.3\platform\lib\nbexec64.dll
0x0000000062da0000 - 0x0000000063623000 	C:\Program Files\Java\jdk1.8.0_51\jre\bin\server\jvm.dll
0x000007fef9e50000 - 0x000007fef9e59000 	C:\Windows\system32\WSOCK32.dll
0x000007fefdbd0000 - 0x000007fefdc14000 	C:\Windows\system32\WS2_32.dll
0x000007fefef40000 - 0x000007fefef47000 	C:\Windows\system32\NSI.dll
0x000007fefc310000 - 0x000007fefc349000 	C:\Windows\system32\WINMM.dll
0x000007fefd900000 - 0x000007fefdad8000 	C:\Windows\system32\ole32.dll
0x000007fefef50000 - 0x000007feff023000 	C:\Windows\system32\OLEAUT32.dll
0x000007fefc2b0000 - 0x000007fefc305000 	C:\Windows\system32\OLEACC.dll
0x000007fefcbf0000 - 0x000007fefcbfb000 	C:\Windows\system32\VERSION.dll
0x0000000076f30000 - 0x0000000076f39000 	C:\Windows\system32\PSAPI.DLL
0x000000006d2d0000 - 0x000000006d3a2000 	C:\Program Files\Java\jdk1.8.0_51\jre\bin\MSVCR100.dll
0x000000006f220000 - 0x000000006f259000 	C:\Program Files\Java\jdk1.8.0_51\jre\bin\splashscreen.dll
0x0000000070ee0000 - 0x0000000070eef000 	C:\Program Files\Java\jdk1.8.0_51\jre\bin\verify.dll
0x000000006e100000 - 0x000000006e129000 	C:\Program Files\Java\jdk1.8.0_51\jre\bin\java.dll
0x000007fefc410000 - 0x000007fefc461000 	C:\Windows\system32\uxtheme.dll
0x000000006dc50000 - 0x000000006dc85000 	C:\Program Files\Java\jdk1.8.0_51\jre\bin\jdwp.dll
0x0000000070a30000 - 0x0000000070a38000 	C:\Program Files\Java\jdk1.8.0_51\jre\bin\npt.dll
0x000000006fe20000 - 0x000000006fe36000 	C:\Program Files\Java\jdk1.8.0_51\jre\bin\zip.dll
0x000007fefdda0000 - 0x000007fefe9f3000 	C:\Windows\system32\SHELL32.dll
0x000007feff030000 - 0x000007feff0a3000 	C:\Windows\system32\SHLWAPI.dll
0x000007fefc070000 - 0x000007fefc269000 	C:\Windows\WinSxS\amd64_microsoft.windows.common-controls_6595b64144ccf1df_6.0.6002.19373_none_151129cef4086113\comctl32.dll
0x000007fefd630000 - 0x000007fefd656000 	C:\Windows\system32\USERENV.dll
0x000007fefd610000 - 0x000007fefd62c000 	C:\Windows\system32\Secur32.dll
0x0000000070700000 - 0x0000000070709000 	C:\Program Files\Java\jdk1.8.0_51\jre\bin\dt_socket.dll
0x000007fefcb60000 - 0x000007fefcbaf000 	C:\Windows\system32\mswsock.dll
0x000007fefcb50000 - 0x000007fefcb57000 	C:\Windows\System32\wshtcpip.dll
0x000000006ee90000 - 0x000000006eeaa000 	C:\Program Files\Java\jdk1.8.0_51\jre\bin\net.dll
0x000007fefcbe0000 - 0x000007fefcbe7000 	C:\Windows\System32\wship6.dll
0x000000006e970000 - 0x000000006e981000 	C:\Program Files\Java\jdk1.8.0_51\jre\bin\nio.dll
0x000007fefcdf0000 - 0x000007fefce13000 	C:\Windows\system32\IPHLPAPI.DLL
0x000007fefcda0000 - 0x000007fefcde5000 	C:\Windows\system32\dhcpcsvc.DLL
0x000007fefd0b0000 - 0x000007fefd0ea000 	C:\Windows\system32\DNSAPI.dll
0x000007fefcd90000 - 0x000007fefcd9a000 	C:\Windows\system32\WINNSI.DLL
0x000007fefcd60000 - 0x000007fefcd8b000 	C:\Windows\system32\dhcpcsvc6.DLL
0x000000006c250000 - 0x000000006c3e8000 	C:\Program Files\Java\jdk1.8.0_51\jre\bin\awt.dll
0x000007fefc840000 - 0x000007fefc888000 	C:\Windows\system32\rsaenh.dll
0x000007fefc590000 - 0x000007fefc5a1000 	C:\Windows\system32\DWMAPI.DLL
0x000007fefbc10000 - 0x000007fefbc23000 	C:\Windows\system32\NLAapi.dll
0x000007fefa160000 - 0x000007fefa173000 	C:\Windows\system32\napinsp.dll
0x000007fefa140000 - 0x000007fefa157000 	C:\Windows\system32\pnrpnsp.dll
0x000007fefa190000 - 0x000007fefa19b000 	C:\Windows\System32\winrnr.dll
0x000007fefdae0000 - 0x000007fefdb35000 	C:\Windows\system32\WLDAP32.dll
0x0000000072ea0000 - 0x0000000072ec6000 	C:\Program Files\Bonjour\mdnsNSP.dll
0x000007fefa7b0000 - 0x000007fefa7b8000 	C:\Windows\system32\rasadhlp.dll
0x000000006dfd0000 - 0x000000006e017000 	C:\Program Files\Java\jdk1.8.0_51\jre\bin\fontmanager.dll
0x000000006d3b0000 - 0x000000006d482000 	C:\Program Files\Autopsy-3.1.3\autopsy\modules\lib\amd64\msvcr100.dll
0x000000006d230000 - 0x000000006d2c8000 	C:\Program Files\Autopsy-3.1.3\autopsy\modules\lib\amd64\msvcp100.dll
0x0000000180000000 - 0x0000000180018000 	C:\Program Files\Autopsy-3.1.3\autopsy\modules\lib\amd64\zlib.dll
0x000000001c090000 - 0x000000001c189000 	C:\Program Files\Autopsy-3.1.3\autopsy\modules\lib\amd64\libewf.dll
0x000007fef0a40000 - 0x000007fef0b7b000 	C:\Users\Stacey\AppData\Local\Temp\libtsk_jni.dll
0x0000000002990000 - 0x00000000029c8000 	C:\Program Files\Autopsy-3.1.3\platform\modules\lib\amd64\jnidispatch-340.dll
0x000000006cb20000 - 0x000000006cb4c000 	C:\Program Files\Java\jdk1.8.0_51\jre\bin\prism_d3d.dll
0x000007fef6890000 - 0x000007fef6a6f000 	C:\Windows\system32\d3d9.dll
0x000007fefc580000 - 0x000007fefc587000 	C:\Windows\system32\d3d8thk.dll
0x000000006fde0000 - 0x000000006fdf2000 	C:\Program Files\Java\jdk1.8.0_51\jre\bin\prism_sw.dll
0x000000006ca80000 - 0x000000006cac1000 	C:\Program Files\Java\jdk1.8.0_51\jre\bin\glass.dll
0x000007fefdb40000 - 0x000007fefdbcc000 	C:\Windows\system32\COMDLG32.dll
0x0000000002ae0000 - 0x0000000002b50000 	C:\Program Files\Autopsy-3.1.3\autopsy\modules\lib\amd64\libsigar.dll
0x000007fef4bf0000 - 0x000007fef4c40000 	C:\Windows\system32\pdh.dll
0x000007fefd1c0000 - 0x000007fefd263000 	C:\Windows\system32\NETAPI32.dll
0x000007fefc7d0000 - 0x000007fefc7fc000 	C:\Windows\system32\NTMARTA.DLL
0x000007fefd090000 - 0x000007fefd0ac000 	C:\Windows\system32\SAMLIB.dll
0x000007fefc030000 - 0x000007fefc03e000 	C:\Windows\system32\perfproc.dll
0x000000006dce0000 - 0x000000006dd22000 	C:\Program Files\Java\jdk1.8.0_51\jre\bin\t2k.dll
0x000007fefeb10000 - 0x000007fefeba9000 	C:\Windows\system32\CLBCatQ.DLL
0x000007fefb320000 - 0x000007fefb44e000 	C:\Windows\system32\WindowsCodecs.dll
0x000007fefd540000 - 0x000007fefd575000 	C:\Windows\system32\apphelp.dll
0x000007fefbe10000 - 0x000007fefbe41000 	C:\Users\Stacey\AppData\Roaming\Dropbox\bin\DropboxExt64.25.dll
0x00000000704c0000 - 0x0000000070585000 	C:\Program Files\AVAST Software\Avast\ashShA64.dll
0x000007fefb9f0000 - 0x000007fefbc0c000 	C:\Windows\WinSxS\amd64_microsoft.windows.gdiplus_6595b64144ccf1df_1.0.6002.19386_none_56ab69c1b5946774\gdiplus.dll
0x000007fef4d50000 - 0x000007fef5054000 	C:\Windows\system32\msi.dll
0x000007fefb7c0000 - 0x000007fefb7e2000 	C:\Windows\system32\EhStorShell.dll
0x000007fefbcf0000 - 0x000007fefbdd5000 	C:\Windows\system32\PROPSYS.dll
0x000007fefaaf0000 - 0x000007fefab90000 	C:\Windows\WinSxS\amd64_microsoft.windows.common-controls_6595b64144ccf1df_5.82.6002.19373_none_4145c9465547549a\comctl32.dll
0x00000000708e0000 - 0x00000000708ed000 	C:\Program Files\Java\jdk1.8.0_51\jre\bin\management.dll
0x000000006e140000 - 0x000000006e1ed000 	C:\Users\Stacey\AppData\Local\Temp\sqlite-3.7.151-amd64-sqlitejdbc.dll
0x000000006d210000 - 0x000000006d225000 	C:\Program Files\Java\jdk1.8.0_51\jre\bin\javafx_font.dll
0x000000006cd10000 - 0x000000006ce92000 	C:\Windows\system32\dwrite.dll
0x000000006cb00000 - 0x000000006cb11000 	C:\Program Files\Java\jdk1.8.0_51\jre\bin\prism_common.dll
0x000000006cea0000 - 0x000000006cf71000 	C:\Windows\system32\d2d1.dll
0x000007fef7180000 - 0x000007fef71b4000 	C:\Windows\system32\d3d10_1.dll
0x000007fef42a0000 - 0x000007fef42f6000 	C:\Windows\system32\d3d10_1core.dll
0x000007fef25e0000 - 0x000007fef2685000 	C:\Windows\system32\dxgi.dll
0x000000006ae50000 - 0x000000006b049000 	C:\Windows\system32\D3D10Warp.dll
0x000007fefbc50000 - 0x000007fefbc89000 	C:\Windows\system32\WINTRUST.dll
0x000007fefcec0000 - 0x000007fefcffb000 	C:\Windows\system32\CRYPT32.dll
0x000007fefd070000 - 0x000007fefd089000 	C:\Windows\system32\MSASN1.dll
0x000007fefd7c0000 - 0x000007fefd7d8000 	C:\Windows\system32\imagehlp.dll
0x000000006cae0000 - 0x000000006caf7000 	C:\Program Files\Java\jdk1.8.0_51\jre\bin\decora_sse.dll
0x000007fef8070000 - 0x000007fef8183000 	C:\Windows\system32\dbghelp.dll

VM Arguments:
jvm_args: -Dnetbeans.logger.console=true -ea -Xdebug -Xrunjdwp:transport=dt_socket,suspend=y,server=n,address=127.0.0.1:50499 -Djdk.home=C:\Program Files\Java\jdk1.8.0_51 -splash:C:\Users\Stacey\Documents\NetBeansProjects\SqlGrab\build\testuserdir\var\cache\splash.png -Dnetbeans.home=C:\Program Files\Autopsy-3.1.3\platform -Dnetbeans.user=C:\Users\Stacey\Documents\NetBeansProjects\SqlGrab\build\testuserdir -Dnetbeans.default_userdir_root= -XX:+HeapDumpOnOutOfMemoryError -XX:HeapDumpPath=C:\Users\Stacey\Documents\NetBeansProjects\SqlGrab\build\testuserdir\var\log\heapdump.hprof -Dnetbeans.system_http_proxy=DIRECT -Dsun.awt.keepWorkingSetOnMinimize=true -Dnetbeans.dirs=C:\Users\Stacey\Documents\NetBeansProjects\SqlGrab\build\cluster;C:\Program Files\Autopsy-3.1.3\autopsy;C:\Program Files\Autopsy-3.1.3\harness;C:\Program Files\Autopsy-3.1.3\java;C:\Program Files\Autopsy-3.1.3\platform exit 
java_command: <unknown>
java_class_path (initial): C:\Program Files\Autopsy-3.1.3\platform\lib\boot.jar;C:\Program Files\Autopsy-3.1.3\platform\lib\org-openide-modules.jar;C:\Program Files\Autopsy-3.1.3\platform\lib\org-openide-util-lookup.jar;C:\Program Files\Autopsy-3.1.3\platform\lib\org-openide-util.jar;C:\Program Files\Autopsy-3.1.3\platform\lib\locale\boot_ja.jar;C:\Program Files\Autopsy-3.1.3\platform\lib\locale\boot_pt_BR.jar;C:\Program Files\Autopsy-3.1.3\platform\lib\locale\boot_ru.jar;C:\Program Files\Autopsy-3.1.3\platform\lib\locale\boot_zh_CN.jar;C:\Program Files\Autopsy-3.1.3\platform\lib\locale\org-openide-modules_ja.jar;C:\Program Files\Autopsy-3.1.3\platform\lib\locale\org-openide-modules_pt_BR.jar;C:\Program Files\Autopsy-3.1.3\platform\lib\locale\org-openide-modules_ru.jar;C:\Program Files\Autopsy-3.1.3\platform\lib\locale\org-openide-modules_zh_CN.jar;C:\Program Files\Autopsy-3.1.3\platform\lib\locale\org-openide-util-lookup_ja.jar;C:\Program Files\Autopsy-3.1.3\platform\lib\locale\org-openide-util-lookup_pt_BR.jar;C:\Program Files\Autopsy-3.1.3\platform\lib\locale\org-openide-util-lookup_ru.jar;C:\Program Files\Autopsy-3.1.3\platform\lib\locale\org-openide-util-lookup_zh_CN.jar;C:\Program Files\Autopsy-3.1.3\platform\lib\locale\org-openide-util_ja.jar;C:\Program Files\Autopsy-3.1.3\platform\lib\locale\org-openide-util_pt_BR.jar;C:\Program Files\Autopsy-3.1.3\platform\lib\locale\org-openide-util_ru.jar;C:\Program Files\Autopsy-3.1.3\platform\lib\locale\org-openide-util_zh_CN.jar;C:\Program Files\Java\jdk1.8.0_51\lib\dt.jar;C:\Program Files\Java\jdk1.8.0_51\lib\tools.jar
Launcher Type: generic

Environment Variables:
PATH=C:\ProgramData\Oracle\Java\javapath;C:\Windows\system32;C:\Windows;C:\Windows\System32\Wbem;C:\Program Files (x86)\Python;C:\Windows\System32\WindowsPowerShell\v1.0\;C:\Program Files (x86)\Skype\Phone\;C:\Program Files (x86)\QuickTime\QTSystem\
USERNAME=Stacey
OS=Windows_NT
PROCESSOR_IDENTIFIER=Intel64 Family 6 Model 23 Stepping 10, GenuineIntel



---------------  S Y S T E M  ---------------

OS: Windows Vista , 64 bit Build 6002 (6.0.6002.19381)

CPU:total 2 (2 cores per cpu, 1 threads per core) family 6 model 23 stepping 10, cmov, cx8, fxsr, mmx, sse, sse2, sse3, ssse3, tsc

Memory: 4k page, physical 4157708k(1126160k free), swap 8544048k(4822524k free)

vm_info: Java HotSpot(TM) 64-Bit Server VM (25.51-b03) for windows-amd64 JRE (1.8.0_51-b16), built on Jun  8 2015 18:03:07 by "java_re" with MS VC++ 10.0 (VS2010)

time: Sun Aug 09 12:09:13 2015
elapsed time: 17 seconds (0d 0h 0m 17s)

